#
# A fatal error has been detected by the Java Runtime Environment:
#
#  EXCEPTION_ACCESS_VIOLATION (0xc0000005) at pc=0x00007ffebe16f475, pid=19660, tid=10928
#
# JRE version: Java(TM) SE Runtime Environment (11.0.6+8) (build 11.0.6+8-LTS)
# Java VM: Java HotSpot(TM) 64-Bit Server VM (11.0.6+8-LTS, mixed mode, tiered, compressed oops, g1 gc, windows-amd64)
# Problematic frame:
# V  [jvm.dll+0x65f475]
#
# No core dump will be written. Minidumps are not enabled by default on client versions of Windows
#
# If you would like to submit a bug report, please visit:
#   http://bugreport.java.com/bugreport/crash.jsp
#

---------------  S U M M A R Y ------------

Command Line: -Dcom.sun.management.jmxremote -Dcom.sun.management.jmxremote.port=49800 -Dcom.sun.management.jmxremote.authenticate=false -Dcom.sun.management.jmxremote.ssl=false -Djava.rmi.server.hostname=localhost -Dspring.jmx.enabled=true -Dspring.application.admin.enabled=true -Xverify:none -XX:TieredStopAtLevel=1 -Dspring.boot.project.name=woodstock -Dfile.encoding=UTF-8 com.hyperdrive.woodstock.WoodstockApplication --spring.output.ansi.enabled=always

Host: AMD FX(tm)-6300 Six-Core Processor             , 6 cores, 11G,  Windows 10 , 64 bit Build 18362 (10.0.18362.959)
Time: Fri Aug 21 16:02:55 2020 Hora oficial do Brasil elapsed time: 1 seconds (0d 0h 0m 1s)

---------------  T H R E A D  ---------------

Current thread (0x0000014996a31800):  WatcherThread [stack: 0x0000000364300000,0x0000000364400000] [id=10928]

Stack: [0x0000000364300000,0x0000000364400000],  sp=0x00000003643ff8a0,  free space=1022k
Native frames: (J=compiled Java code, j=interpreted, Vv=VM code, C=native code)
V  [jvm.dll+0x65f475]
V  [jvm.dll+0x6c885f]
V  [jvm.dll+0x714d0d]
V  [jvm.dll+0x73ab89]
V  [jvm.dll+0x733905]
V  [jvm.dll+0x635846]
C  [ucrtbase.dll+0x20e82]
C  [KERNEL32.DLL+0x17bd4]
C  [ntdll.dll+0x6ce51]


siginfo: EXCEPTION_ACCESS_VIOLATION (0xc0000005), reading address 0x00007ffe0000000f


Register to memory mapping:

RIP=0x00007ffebe16f475 jvm.dll
RAX=0x00007ffe0000000f is an unknown value
RBX=0x00000149969461f0 points into unknown readable memory: 50 ca 3d be fe 7f 00 00
RCX=0x00000149969714e0 points into unknown readable memory: 0f 00 00 00 fe 7f 00 00
RDX=0x0000000000000032 is an unknown value
RSP=0x00000003643ff8a0 points into unknown readable memory: 40 1d d1 f3 49 01 00 00
RBP=0x0000000000000002 is an unknown value
RSI=0x0000014996971380 points into unknown readable memory: e0 a0 9b 96 49 01 00 00
RDI=0x0 is NULL
R8 =0x0 is NULL
R9 =0x0000014980000b80 is at begin+0 in a stub
StubRoutines::atomic_cmpxchg_long [0x0000014980000b80, 0x0000014980000b89[ (9 bytes)
R10=0x00000000546c6148 is an unknown value
R11=0x000000e5a709d9fd is an unknown value
R12=0x0 is NULL
R13=0x0000014996a31800 points into unknown readable memory: a8 a3 3e be fe 7f 00 00
R14=0x0000000000000032 is an unknown value
R15=0x0000014995aa5750 points into unknown readable memory: 00 00 00 00 00 00 00 00


Registers:
RAX=0x00007ffe0000000f, RBX=0x00000149969461f0, RCX=0x00000149969714e0, RDX=0x0000000000000032
RSP=0x00000003643ff8a0, RBP=0x0000000000000002, RSI=0x0000014996971380, RDI=0x0000000000000000
R8 =0x0000000000000000, R9 =0x0000014980000b80, R10=0x00000000546c6148, R11=0x000000e5a709d9fd
R12=0x0000000000000000, R13=0x0000014996a31800, R14=0x0000000000000032, R15=0x0000014995aa5750
RIP=0x00007ffebe16f475, EFLAGS=0x0000000000010202

Top of Stack: (sp=0x00000003643ff8a0)
0x00000003643ff8a0:   00000149f3d11d40 0000000000000b30
0x00000003643ff8b0:   0000000000000001 00007ffebe118920
0x00000003643ff8c0:   0000000000000000 00007ffebe1d885f
0x00000003643ff8d0:   0000014996a31800 0000014996a31800
0x00000003643ff8e0:   00009c25670c708c 00007ffebe1193a9
0x00000003643ff8f0:   00007ffebe5857d8 00007ffebe224d0d
0x00000003643ff900:   0000000000000001 00000149f3d11d40
0x00000003643ff910:   00000149f3d11d40 431bde82d7b634db
0x00000003643ff920:   0000014995aa5750 00009c25670c708c
0x00000003643ff930:   00000149f3d11d40 00007ffebe24ab89
0x00000003643ff940:   0000000000000001 0000000000000032
0x00000003643ff950:   0000000000000032 0000000000000002
0x00000003643ff960:   0000000000000000 0000000000000000
0x00000003643ff970:   0000000000000000 0000000000000000
0x00000003643ff980:   0000000000000030 00000003643ff9b8
0x00000003643ff990:   0000000000100000 00007ffebe13ff7a 

Instructions: (pc=0x00007ffebe16f475)
0x00007ffebe16f455:   70 48 83 c4 50 5f c3 cc cc cc cc 40 53 48 83 ec
0x00007ffebe16f465:   20 48 8b d9 48 8b 49 38 48 85 c9 74 0c 48 8b 01
0x00007ffebe16f475:   ff 10 48 8b 4b 28 48 89 01 48 83 c4 20 5b c3 cc
0x00007ffebe16f485:   cc cc cc cc cc cc cc cc cc cc cc 48 89 5c 24 08 


Stack slot to memory mapping:
stack at sp + 0 slots: 0x00000149f3d11d40 points into unknown readable memory: 01 00 00 00 00 00 00 00
stack at sp + 1 slots: 0x0000000000000b30 is an unknown value
stack at sp + 2 slots: 0x0000000000000001 is an unknown value
stack at sp + 3 slots: 0x00007ffebe118920 jvm.dll
stack at sp + 4 slots: 0x0 is NULL
stack at sp + 5 slots: 0x00007ffebe1d885f jvm.dll
stack at sp + 6 slots: 0x0000014996a31800 points into unknown readable memory: a8 a3 3e be fe 7f 00 00
stack at sp + 7 slots: 0x0000014996a31800 points into unknown readable memory: a8 a3 3e be fe 7f 00 00


---------------  P R O C E S S  ---------------

Threads class SMR info:
_java_thread_list=0x00000149969b9de0, length=12, elements={
0x00000149f3d12800, 0x00000149fd5f8000, 0x00000149fd5fc000, 0x00000149958d3800,
0x00000149958d4800, 0x00000149958d6800, 0x00000149958ef800, 0x0000014995860800,
0x0000014995b24800, 0x000001499699c800, 0x0000014996999800, 0x0000014996994800
}

Java Threads: ( => current thread )
  0x00000149f3d12800 JavaThread "main" [_thread_in_Java, id=9044, stack(0x0000000362e00000,0x0000000362f00000)]
  0x00000149fd5f8000 JavaThread "Reference Handler" daemon [_thread_blocked, id=14704, stack(0x0000000363500000,0x0000000363600000)]
  0x00000149fd5fc000 JavaThread "Finalizer" daemon [_thread_blocked, id=12476, stack(0x0000000363600000,0x0000000363700000)]
  0x00000149958d3800 JavaThread "Signal Dispatcher" daemon [_thread_blocked, id=21500, stack(0x0000000363700000,0x0000000363800000)]
  0x00000149958d4800 JavaThread "Attach Listener" daemon [_thread_blocked, id=9212, stack(0x0000000363800000,0x0000000363900000)]
  0x00000149958d6800 JavaThread "C1 CompilerThread0" daemon [_thread_in_native, id=1276, stack(0x0000000363900000,0x0000000363a00000)]
  0x00000149958ef800 JavaThread "Sweeper thread" daemon [_thread_blocked, id=16720, stack(0x0000000363a00000,0x0000000363b00000)]
  0x0000014995860800 JavaThread "Common-Cleaner" daemon [_thread_blocked, id=22676, stack(0x0000000363b00000,0x0000000363c00000)]
  0x0000014995b24800 JavaThread "Service Thread" daemon [_thread_blocked, id=2184, stack(0x0000000363c00000,0x0000000363d00000)]
  0x000001499699c800 JavaThread "RMI TCP Accept-0" daemon [_thread_in_native, id=5936, stack(0x0000000364000000,0x0000000364100000)]
  0x0000014996999800 JavaThread "RMI TCP Accept-49800" daemon [_thread_in_native, id=21308, stack(0x0000000364100000,0x0000000364200000)]
  0x0000014996994800 JavaThread "RMI TCP Accept-0" daemon [_thread_in_native, id=10964, stack(0x0000000364200000,0x0000000364300000)]

Other Threads:
  0x00000149fd5f2800 VMThread "VM Thread" [stack: 0x0000000363400000,0x0000000363500000] [id=3020]
=>0x0000014996a31800 WatcherThread [stack: 0x0000000364300000,0x0000000364400000] [id=10928]
  0x00000149f3d27000 GCTaskThread "GC Thread#0" [stack: 0x0000000362f00000,0x0000000363000000] [id=21204]
  0x000001499693c800 GCTaskThread "GC Thread#1" [stack: 0x0000000363d00000,0x0000000363e00000] [id=23376]
  0x0000014996936800 GCTaskThread "GC Thread#2" [stack: 0x0000000363e00000,0x0000000363f00000] [id=15824]
  0x0000014996939800 GCTaskThread "GC Thread#3" [stack: 0x0000000363f00000,0x0000000364000000] [id=23792]
  0x00000149f3d6e000 ConcurrentGCThread "G1 Main Marker" [stack: 0x0000000363000000,0x0000000363100000] [id=24384]
  0x00000149fd400800 ConcurrentGCThread "G1 Conc#0" [stack: 0x0000000363100000,0x0000000363200000] [id=4180]
  0x00000149fd4db000 ConcurrentGCThread "G1 Refine#0" [stack: 0x0000000363200000,0x0000000363300000] [id=11436]
  0x00000149fd4dc000 ConcurrentGCThread "G1 Young RemSet Sampling" [stack: 0x0000000363300000,0x0000000363400000] [id=19928]

Threads with active compile tasks:
C1 CompilerThread01254       1       java.net.URLStreamHandler::parseURL (1201 bytes)

VM state:not at safepoint (normal execution)

VM Mutex/Monitor currently owned by a thread:  ([mutex/lock_event])
[0x00000149f3d0f3a0] Compile_lock - owner thread: 0x0000000000000000
[0x00000149f3d11d40] PeriodicTask_lock - owner thread: 0x0000014996a31800

Heap address: 0x0000000740400000, size: 3068 MB, Compressed Oops mode: Zero based, Oop shift amount: 3
Narrow klass base: 0x0000000800000000, Narrow klass shift: 0
Compressed class space size: 1073741824 Address: 0x0000000800000000

Heap:
 garbage-first heap   total 196608K, used 21155K [0x0000000740400000, 0x0000000800000000)
  region size 1024K, 4 young (4096K), 2 survivors (2048K)
 Metaspace       used 13470K, capacity 13851K, committed 14080K, reserved 1062912K
  class space    used 1409K, capacity 1536K, committed 1536K, reserved 1048576K
Heap Regions: E=young(eden), S=young(survivor), O=old, HS=humongous(starts), HC=humongous(continues), CS=collection set, F=free, A=archive, TAMS=top-at-mark-start (previous, next)
|   0|0x0000000740400000, 0x0000000740500000, 0x0000000740500000|100%|HS|  |TAMS 0x0000000740400000, 0x0000000740400000| Complete 
|   1|0x0000000740500000, 0x0000000740600000, 0x0000000740600000|100%| O|  |TAMS 0x0000000740500000, 0x0000000740500000| Untracked 
|   2|0x0000000740600000, 0x0000000740700000, 0x0000000740700000|100%| O|  |TAMS 0x0000000740600000, 0x0000000740600000| Untracked 
|   3|0x0000000740700000, 0x0000000740800000, 0x0000000740800000|100%| O|  |TAMS 0x0000000740700000, 0x0000000740700000| Untracked 
|   4|0x0000000740800000, 0x0000000740900000, 0x0000000740900000|100%| O|  |TAMS 0x0000000740800000, 0x0000000740800000| Untracked 
|   5|0x0000000740900000, 0x0000000740a00000, 0x0000000740a00000|100%| O|  |TAMS 0x0000000740900000, 0x0000000740900000| Untracked 
|   6|0x0000000740a00000, 0x0000000740b00000, 0x0000000740b00000|100%| O|  |TAMS 0x0000000740a00000, 0x0000000740a00000| Untracked 
|   7|0x0000000740b00000, 0x0000000740c00000, 0x0000000740c00000|100%| O|  |TAMS 0x0000000740b00000, 0x0000000740b00000| Untracked 
|   8|0x0000000740c00000, 0x0000000740d00000, 0x0000000740d00000|100%| O|  |TAMS 0x0000000740c00000, 0x0000000740c00000| Untracked 
|   9|0x0000000740d00000, 0x0000000740e00000, 0x0000000740e00000|100%| O|  |TAMS 0x0000000740d00000, 0x0000000740d00000| Untracked 
|  10|0x0000000740e00000, 0x0000000740f00000, 0x0000000740f00000|100%| O|  |TAMS 0x0000000740e00000, 0x0000000740e00000| Untracked 
|  11|0x0000000740f00000, 0x0000000741000000, 0x0000000741000000|100%| O|  |TAMS 0x0000000740f00000, 0x0000000740f00000| Untracked 
|  12|0x0000000741000000, 0x0000000741100000, 0x0000000741100000|100%| O|  |TAMS 0x0000000741000000, 0x0000000741000000| Untracked 
|  13|0x0000000741100000, 0x0000000741200000, 0x0000000741200000|100%| O|  |TAMS 0x0000000741100000, 0x0000000741100000| Untracked 
|  14|0x0000000741200000, 0x0000000741300000, 0x0000000741300000|100%| O|  |TAMS 0x0000000741200000, 0x0000000741200000| Untracked 
|  15|0x0000000741300000, 0x0000000741400000, 0x0000000741400000|100%| O|  |TAMS 0x0000000741300000, 0x0000000741300000| Untracked 
|  16|0x0000000741400000, 0x0000000741500000, 0x0000000741500000|100%| O|  |TAMS 0x0000000741400000, 0x0000000741400000| Untracked 
|  17|0x0000000741500000, 0x0000000741600000, 0x0000000741600000|100%| O|  |TAMS 0x0000000741500000, 0x0000000741500000| Untracked 
|  18|0x0000000741600000, 0x0000000741607800, 0x0000000741700000|  2%| O|  |TAMS 0x0000000741600000, 0x0000000741600000| Untracked 
|  19|0x0000000741700000, 0x0000000741700000, 0x0000000741800000|  0%| F|  |TAMS 0x0000000741700000, 0x0000000741700000| Untracked 
|  20|0x0000000741800000, 0x0000000741800000, 0x0000000741900000|  0%| F|  |TAMS 0x0000000741800000, 0x0000000741800000| Untracked 
|  21|0x0000000741900000, 0x0000000741900000, 0x0000000741a00000|  0%| F|  |TAMS 0x0000000741900000, 0x0000000741900000| Untracked 
|  22|0x0000000741a00000, 0x0000000741a00000, 0x0000000741b00000|  0%| F|  |TAMS 0x0000000741a00000, 0x0000000741a00000| Untracked 
|  23|0x0000000741b00000, 0x0000000741b00000, 0x0000000741c00000|  0%| F|  |TAMS 0x0000000741b00000, 0x0000000741b00000| Untracked 
|  24|0x0000000741c00000, 0x0000000741c00000, 0x0000000741d00000|  0%| F|  |TAMS 0x0000000741c00000, 0x0000000741c00000| Untracked 
|  25|0x0000000741d00000, 0x0000000741d00000, 0x0000000741e00000|  0%| F|  |TAMS 0x0000000741d00000, 0x0000000741d00000| Untracked 
|  26|0x0000000741e00000, 0x0000000741e00000, 0x0000000741f00000|  0%| F|  |TAMS 0x0000000741e00000, 0x0000000741e00000| Untracked 
|  27|0x0000000741f00000, 0x0000000741f00000, 0x0000000742000000|  0%| F|  |TAMS 0x0000000741f00000, 0x0000000741f00000| Untracked 
|  28|0x0000000742000000, 0x0000000742000000, 0x0000000742100000|  0%| F|  |TAMS 0x0000000742000000, 0x0000000742000000| Untracked 
|  29|0x0000000742100000, 0x0000000742100000, 0x0000000742200000|  0%| F|  |TAMS 0x0000000742100000, 0x0000000742100000| Untracked 
|  30|0x0000000742200000, 0x0000000742200000, 0x0000000742300000|  0%| F|  |TAMS 0x0000000742200000, 0x0000000742200000| Untracked 
|  31|0x0000000742300000, 0x0000000742300000, 0x0000000742400000|  0%| F|  |TAMS 0x0000000742300000, 0x0000000742300000| Untracked 
|  32|0x0000000742400000, 0x0000000742400000, 0x0000000742500000|  0%| F|  |TAMS 0x0000000742400000, 0x0000000742400000| Untracked 
|  33|0x0000000742500000, 0x0000000742500000, 0x0000000742600000|  0%| F|  |TAMS 0x0000000742500000, 0x0000000742500000| Untracked 
|  34|0x0000000742600000, 0x0000000742600000, 0x0000000742700000|  0%| F|  |TAMS 0x0000000742600000, 0x0000000742600000| Untracked 
|  35|0x0000000742700000, 0x0000000742700000, 0x0000000742800000|  0%| F|  |TAMS 0x0000000742700000, 0x0000000742700000| Untracked 
|  36|0x0000000742800000, 0x0000000742800000, 0x0000000742900000|  0%| F|  |TAMS 0x0000000742800000, 0x0000000742800000| Untracked 
|  37|0x0000000742900000, 0x0000000742900000, 0x0000000742a00000|  0%| F|  |TAMS 0x0000000742900000, 0x0000000742900000| Untracked 
|  38|0x0000000742a00000, 0x0000000742a00000, 0x0000000742b00000|  0%| F|  |TAMS 0x0000000742a00000, 0x0000000742a00000| Untracked 
|  39|0x0000000742b00000, 0x0000000742b00000, 0x0000000742c00000|  0%| F|  |TAMS 0x0000000742b00000, 0x0000000742b00000| Untracked 
|  40|0x0000000742c00000, 0x0000000742c00000, 0x0000000742d00000|  0%| F|  |TAMS 0x0000000742c00000, 0x0000000742c00000| Untracked 
|  41|0x0000000742d00000, 0x0000000742d00000, 0x0000000742e00000|  0%| F|  |TAMS 0x0000000742d00000, 0x0000000742d00000| Untracked 
|  42|0x0000000742e00000, 0x0000000742e00000, 0x0000000742f00000|  0%| F|  |TAMS 0x0000000742e00000, 0x0000000742e00000| Untracked 
|  43|0x0000000742f00000, 0x0000000742f00000, 0x0000000743000000|  0%| F|  |TAMS 0x0000000742f00000, 0x0000000742f00000| Untracked 
|  44|0x0000000743000000, 0x0000000743000000, 0x0000000743100000|  0%| F|  |TAMS 0x0000000743000000, 0x0000000743000000| Untracked 
|  45|0x0000000743100000, 0x0000000743100000, 0x0000000743200000|  0%| F|  |TAMS 0x0000000743100000, 0x0000000743100000| Untracked 
|  46|0x0000000743200000, 0x0000000743200000, 0x0000000743300000|  0%| F|  |TAMS 0x0000000743200000, 0x0000000743200000| Untracked 
|  47|0x0000000743300000, 0x0000000743300000, 0x0000000743400000|  0%| F|  |TAMS 0x0000000743300000, 0x0000000743300000| Untracked 
|  48|0x0000000743400000, 0x0000000743400000, 0x0000000743500000|  0%| F|  |TAMS 0x0000000743400000, 0x0000000743400000| Untracked 
|  49|0x0000000743500000, 0x0000000743500000, 0x0000000743600000|  0%| F|  |TAMS 0x0000000743500000, 0x0000000743500000| Untracked 
|  50|0x0000000743600000, 0x0000000743600000, 0x0000000743700000|  0%| F|  |TAMS 0x0000000743600000, 0x0000000743600000| Untracked 
|  51|0x0000000743700000, 0x0000000743700000, 0x0000000743800000|  0%| F|  |TAMS 0x0000000743700000, 0x0000000743700000| Untracked 
|  52|0x0000000743800000, 0x0000000743800000, 0x0000000743900000|  0%| F|  |TAMS 0x0000000743800000, 0x0000000743800000| Untracked 
|  53|0x0000000743900000, 0x0000000743900000, 0x0000000743a00000|  0%| F|  |TAMS 0x0000000743900000, 0x0000000743900000| Untracked 
|  54|0x0000000743a00000, 0x0000000743a00000, 0x0000000743b00000|  0%| F|  |TAMS 0x0000000743a00000, 0x0000000743a00000| Untracked 
|  55|0x0000000743b00000, 0x0000000743b00000, 0x0000000743c00000|  0%| F|  |TAMS 0x0000000743b00000, 0x0000000743b00000| Untracked 
|  56|0x0000000743c00000, 0x0000000743c00000, 0x0000000743d00000|  0%| F|  |TAMS 0x0000000743c00000, 0x0000000743c00000| Untracked 
|  57|0x0000000743d00000, 0x0000000743d00000, 0x0000000743e00000|  0%| F|  |TAMS 0x0000000743d00000, 0x0000000743d00000| Untracked 
|  58|0x0000000743e00000, 0x0000000743e00000, 0x0000000743f00000|  0%| F|  |TAMS 0x0000000743e00000, 0x0000000743e00000| Untracked 
|  59|0x0000000743f00000, 0x0000000743f00000, 0x0000000744000000|  0%| F|  |TAMS 0x0000000743f00000, 0x0000000743f00000| Untracked 
|  60|0x0000000744000000, 0x0000000744000000, 0x0000000744100000|  0%| F|  |TAMS 0x0000000744000000, 0x0000000744000000| Untracked 
|  61|0x0000000744100000, 0x0000000744100000, 0x0000000744200000|  0%| F|  |TAMS 0x0000000744100000, 0x0000000744100000| Untracked 
|  62|0x0000000744200000, 0x0000000744200000, 0x0000000744300000|  0%| F|  |TAMS 0x0000000744200000, 0x0000000744200000| Untracked 
|  63|0x0000000744300000, 0x0000000744300000, 0x0000000744400000|  0%| F|  |TAMS 0x0000000744300000, 0x0000000744300000| Untracked 
|  64|0x0000000744400000, 0x0000000744400000, 0x0000000744500000|  0%| F|  |TAMS 0x0000000744400000, 0x0000000744400000| Untracked 
|  65|0x0000000744500000, 0x0000000744500000, 0x0000000744600000|  0%| F|  |TAMS 0x0000000744500000, 0x0000000744500000| Untracked 
|  66|0x0000000744600000, 0x0000000744600000, 0x0000000744700000|  0%| F|  |TAMS 0x0000000744600000, 0x0000000744600000| Untracked 
|  67|0x0000000744700000, 0x0000000744700000, 0x0000000744800000|  0%| F|  |TAMS 0x0000000744700000, 0x0000000744700000| Untracked 
|  68|0x0000000744800000, 0x0000000744800000, 0x0000000744900000|  0%| F|  |TAMS 0x0000000744800000, 0x0000000744800000| Untracked 
|  69|0x0000000744900000, 0x0000000744900000, 0x0000000744a00000|  0%| F|  |TAMS 0x0000000744900000, 0x0000000744900000| Untracked 
|  70|0x0000000744a00000, 0x0000000744a00000, 0x0000000744b00000|  0%| F|  |TAMS 0x0000000744a00000, 0x0000000744a00000| Untracked 
|  71|0x0000000744b00000, 0x0000000744b00000, 0x0000000744c00000|  0%| F|  |TAMS 0x0000000744b00000, 0x0000000744b00000| Untracked 
|  72|0x0000000744c00000, 0x0000000744c00000, 0x0000000744d00000|  0%| F|  |TAMS 0x0000000744c00000, 0x0000000744c00000| Untracked 
|  73|0x0000000744d00000, 0x0000000744d00000, 0x0000000744e00000|  0%| F|  |TAMS 0x0000000744d00000, 0x0000000744d00000| Untracked 
|  74|0x0000000744e00000, 0x0000000744e00000, 0x0000000744f00000|  0%| F|  |TAMS 0x0000000744e00000, 0x0000000744e00000| Untracked 
|  75|0x0000000744f00000, 0x0000000744f00000, 0x0000000745000000|  0%| F|  |TAMS 0x0000000744f00000, 0x0000000744f00000| Untracked 
|  76|0x0000000745000000, 0x0000000745000000, 0x0000000745100000|  0%| F|  |TAMS 0x0000000745000000, 0x0000000745000000| Untracked 
|  77|0x0000000745100000, 0x0000000745100000, 0x0000000745200000|  0%| F|  |TAMS 0x0000000745100000, 0x0000000745100000| Untracked 
|  78|0x0000000745200000, 0x0000000745200000, 0x0000000745300000|  0%| F|  |TAMS 0x0000000745200000, 0x0000000745200000| Untracked 
|  79|0x0000000745300000, 0x0000000745300000, 0x0000000745400000|  0%| F|  |TAMS 0x0000000745300000, 0x0000000745300000| Untracked 
|  80|0x0000000745400000, 0x0000000745400000, 0x0000000745500000|  0%| F|  |TAMS 0x0000000745400000, 0x0000000745400000| Untracked 
|  81|0x0000000745500000, 0x0000000745500000, 0x0000000745600000|  0%| F|  |TAMS 0x0000000745500000, 0x0000000745500000| Untracked 
|  82|0x0000000745600000, 0x0000000745600000, 0x0000000745700000|  0%| F|  |TAMS 0x0000000745600000, 0x0000000745600000| Untracked 
|  83|0x0000000745700000, 0x0000000745700000, 0x0000000745800000|  0%| F|  |TAMS 0x0000000745700000, 0x0000000745700000| Untracked 
|  84|0x0000000745800000, 0x0000000745800000, 0x0000000745900000|  0%| F|  |TAMS 0x0000000745800000, 0x0000000745800000| Untracked 
|  85|0x0000000745900000, 0x0000000745900000, 0x0000000745a00000|  0%| F|  |TAMS 0x0000000745900000, 0x0000000745900000| Untracked 
|  86|0x0000000745a00000, 0x0000000745a00000, 0x0000000745b00000|  0%| F|  |TAMS 0x0000000745a00000, 0x0000000745a00000| Untracked 
|  87|0x0000000745b00000, 0x0000000745b00000, 0x0000000745c00000|  0%| F|  |TAMS 0x0000000745b00000, 0x0000000745b00000| Untracked 
|  88|0x0000000745c00000, 0x0000000745c00000, 0x0000000745d00000|  0%| F|  |TAMS 0x0000000745c00000, 0x0000000745c00000| Untracked 
|  89|0x0000000745d00000, 0x0000000745d00000, 0x0000000745e00000|  0%| F|  |TAMS 0x0000000745d00000, 0x0000000745d00000| Untracked 
|  90|0x0000000745e00000, 0x0000000745e00000, 0x0000000745f00000|  0%| F|  |TAMS 0x0000000745e00000, 0x0000000745e00000| Untracked 
|  91|0x0000000745f00000, 0x0000000745f00000, 0x0000000746000000|  0%| F|  |TAMS 0x0000000745f00000, 0x0000000745f00000| Untracked 
|  92|0x0000000746000000, 0x0000000746000000, 0x0000000746100000|  0%| F|  |TAMS 0x0000000746000000, 0x0000000746000000| Untracked 
|  93|0x0000000746100000, 0x0000000746100000, 0x0000000746200000|  0%| F|  |TAMS 0x0000000746100000, 0x0000000746100000| Untracked 
|  94|0x0000000746200000, 0x0000000746200000, 0x0000000746300000|  0%| F|  |TAMS 0x0000000746200000, 0x0000000746200000| Untracked 
|  95|0x0000000746300000, 0x0000000746300000, 0x0000000746400000|  0%| F|  |TAMS 0x0000000746300000, 0x0000000746300000| Untracked 
|  96|0x0000000746400000, 0x0000000746400000, 0x0000000746500000|  0%| F|  |TAMS 0x0000000746400000, 0x0000000746400000| Untracked 
|  97|0x0000000746500000, 0x0000000746500000, 0x0000000746600000|  0%| F|  |TAMS 0x0000000746500000, 0x0000000746500000| Untracked 
|  98|0x0000000746600000, 0x0000000746600000, 0x0000000746700000|  0%| F|  |TAMS 0x0000000746600000, 0x0000000746600000| Untracked 
|  99|0x0000000746700000, 0x0000000746700000, 0x0000000746800000|  0%| F|  |TAMS 0x0000000746700000, 0x0000000746700000| Untracked 
| 100|0x0000000746800000, 0x0000000746800000, 0x0000000746900000|  0%| F|  |TAMS 0x0000000746800000, 0x0000000746800000| Untracked 
| 101|0x0000000746900000, 0x0000000746900000, 0x0000000746a00000|  0%| F|  |TAMS 0x0000000746900000, 0x0000000746900000| Untracked 
| 102|0x0000000746a00000, 0x0000000746a00000, 0x0000000746b00000|  0%| F|  |TAMS 0x0000000746a00000, 0x0000000746a00000| Untracked 
| 103|0x0000000746b00000, 0x0000000746b00000, 0x0000000746c00000|  0%| F|  |TAMS 0x0000000746b00000, 0x0000000746b00000| Untracked 
| 104|0x0000000746c00000, 0x0000000746c00000, 0x0000000746d00000|  0%| F|  |TAMS 0x0000000746c00000, 0x0000000746c00000| Untracked 
| 105|0x0000000746d00000, 0x0000000746d00000, 0x0000000746e00000|  0%| F|  |TAMS 0x0000000746d00000, 0x0000000746d00000| Untracked 
| 106|0x0000000746e00000, 0x0000000746e00000, 0x0000000746f00000|  0%| F|  |TAMS 0x0000000746e00000, 0x0000000746e00000| Untracked 
| 107|0x0000000746f00000, 0x0000000746f00000, 0x0000000747000000|  0%| F|  |TAMS 0x0000000746f00000, 0x0000000746f00000| Untracked 
| 108|0x0000000747000000, 0x0000000747000000, 0x0000000747100000|  0%| F|  |TAMS 0x0000000747000000, 0x0000000747000000| Untracked 
| 109|0x0000000747100000, 0x0000000747100000, 0x0000000747200000|  0%| F|  |TAMS 0x0000000747100000, 0x0000000747100000| Untracked 
| 110|0x0000000747200000, 0x0000000747200000, 0x0000000747300000|  0%| F|  |TAMS 0x0000000747200000, 0x0000000747200000| Untracked 
| 111|0x0000000747300000, 0x0000000747300000, 0x0000000747400000|  0%| F|  |TAMS 0x0000000747300000, 0x0000000747300000| Untracked 
| 112|0x0000000747400000, 0x0000000747400000, 0x0000000747500000|  0%| F|  |TAMS 0x0000000747400000, 0x0000000747400000| Untracked 
| 113|0x0000000747500000, 0x0000000747500000, 0x0000000747600000|  0%| F|  |TAMS 0x0000000747500000, 0x0000000747500000| Untracked 
| 114|0x0000000747600000, 0x0000000747600000, 0x0000000747700000|  0%| F|  |TAMS 0x0000000747600000, 0x0000000747600000| Untracked 
| 115|0x0000000747700000, 0x0000000747700000, 0x0000000747800000|  0%| F|  |TAMS 0x0000000747700000, 0x0000000747700000| Untracked 
| 116|0x0000000747800000, 0x0000000747800000, 0x0000000747900000|  0%| F|  |TAMS 0x0000000747800000, 0x0000000747800000| Untracked 
| 117|0x0000000747900000, 0x0000000747900000, 0x0000000747a00000|  0%| F|  |TAMS 0x0000000747900000, 0x0000000747900000| Untracked 
| 118|0x0000000747a00000, 0x0000000747a00000, 0x0000000747b00000|  0%| F|  |TAMS 0x0000000747a00000, 0x0000000747a00000| Untracked 
| 119|0x0000000747b00000, 0x0000000747b00000, 0x0000000747c00000|  0%| F|  |TAMS 0x0000000747b00000, 0x0000000747b00000| Untracked 
| 120|0x0000000747c00000, 0x0000000747c00000, 0x0000000747d00000|  0%| F|  |TAMS 0x0000000747c00000, 0x0000000747c00000| Untracked 
| 121|0x0000000747d00000, 0x0000000747d00000, 0x0000000747e00000|  0%| F|  |TAMS 0x0000000747d00000, 0x0000000747d00000| Untracked 
| 122|0x0000000747e00000, 0x0000000747e00000, 0x0000000747f00000|  0%| F|  |TAMS 0x0000000747e00000, 0x0000000747e00000| Untracked 
| 123|0x0000000747f00000, 0x0000000747f00000, 0x0000000748000000|  0%| F|  |TAMS 0x0000000747f00000, 0x0000000747f00000| Untracked 
| 124|0x0000000748000000, 0x0000000748000000, 0x0000000748100000|  0%| F|  |TAMS 0x0000000748000000, 0x0000000748000000| Untracked 
| 125|0x0000000748100000, 0x0000000748100000, 0x0000000748200000|  0%| F|  |TAMS 0x0000000748100000, 0x0000000748100000| Untracked 
| 126|0x0000000748200000, 0x0000000748200000, 0x0000000748300000|  0%| F|  |TAMS 0x0000000748200000, 0x0000000748200000| Untracked 
| 127|0x0000000748300000, 0x0000000748300000, 0x0000000748400000|  0%| F|  |TAMS 0x0000000748300000, 0x0000000748300000| Untracked 
| 128|0x0000000748400000, 0x0000000748400000, 0x0000000748500000|  0%| F|  |TAMS 0x0000000748400000, 0x0000000748400000| Untracked 
| 129|0x0000000748500000, 0x0000000748500000, 0x0000000748600000|  0%| F|  |TAMS 0x0000000748500000, 0x0000000748500000| Untracked 
| 130|0x0000000748600000, 0x0000000748600000, 0x0000000748700000|  0%| F|  |TAMS 0x0000000748600000, 0x0000000748600000| Untracked 
| 131|0x0000000748700000, 0x0000000748700000, 0x0000000748800000|  0%| F|  |TAMS 0x0000000748700000, 0x0000000748700000| Untracked 
| 132|0x0000000748800000, 0x0000000748800000, 0x0000000748900000|  0%| F|  |TAMS 0x0000000748800000, 0x0000000748800000| Untracked 
| 133|0x0000000748900000, 0x0000000748900000, 0x0000000748a00000|  0%| F|  |TAMS 0x0000000748900000, 0x0000000748900000| Untracked 
| 134|0x0000000748a00000, 0x0000000748a00000, 0x0000000748b00000|  0%| F|  |TAMS 0x0000000748a00000, 0x0000000748a00000| Untracked 
| 135|0x0000000748b00000, 0x0000000748b00000, 0x0000000748c00000|  0%| F|  |TAMS 0x0000000748b00000, 0x0000000748b00000| Untracked 
| 136|0x0000000748c00000, 0x0000000748c00000, 0x0000000748d00000|  0%| F|  |TAMS 0x0000000748c00000, 0x0000000748c00000| Untracked 
| 137|0x0000000748d00000, 0x0000000748d00000, 0x0000000748e00000|  0%| F|  |TAMS 0x0000000748d00000, 0x0000000748d00000| Untracked 
| 138|0x0000000748e00000, 0x0000000748e00000, 0x0000000748f00000|  0%| F|  |TAMS 0x0000000748e00000, 0x0000000748e00000| Untracked 
| 139|0x0000000748f00000, 0x0000000748f00000, 0x0000000749000000|  0%| F|  |TAMS 0x0000000748f00000, 0x0000000748f00000| Untracked 
| 140|0x0000000749000000, 0x0000000749000000, 0x0000000749100000|  0%| F|  |TAMS 0x0000000749000000, 0x0000000749000000| Untracked 
| 141|0x0000000749100000, 0x0000000749100000, 0x0000000749200000|  0%| F|  |TAMS 0x0000000749100000, 0x0000000749100000| Untracked 
| 142|0x0000000749200000, 0x0000000749200000, 0x0000000749300000|  0%| F|  |TAMS 0x0000000749200000, 0x0000000749200000| Untracked 
| 143|0x0000000749300000, 0x0000000749300000, 0x0000000749400000|  0%| F|  |TAMS 0x0000000749300000, 0x0000000749300000| Untracked 
| 144|0x0000000749400000, 0x0000000749400000, 0x0000000749500000|  0%| F|  |TAMS 0x0000000749400000, 0x0000000749400000| Untracked 
| 145|0x0000000749500000, 0x0000000749500000, 0x0000000749600000|  0%| F|  |TAMS 0x0000000749500000, 0x0000000749500000| Untracked 
| 146|0x0000000749600000, 0x0000000749600000, 0x0000000749700000|  0%| F|  |TAMS 0x0000000749600000, 0x0000000749600000| Untracked 
| 147|0x0000000749700000, 0x0000000749700000, 0x0000000749800000|  0%| F|  |TAMS 0x0000000749700000, 0x0000000749700000| Untracked 
| 148|0x0000000749800000, 0x0000000749800000, 0x0000000749900000|  0%| F|  |TAMS 0x0000000749800000, 0x0000000749800000| Untracked 
| 149|0x0000000749900000, 0x0000000749900000, 0x0000000749a00000|  0%| F|  |TAMS 0x0000000749900000, 0x0000000749900000| Untracked 
| 150|0x0000000749a00000, 0x0000000749a00000, 0x0000000749b00000|  0%| F|  |TAMS 0x0000000749a00000, 0x0000000749a00000| Untracked 
| 151|0x0000000749b00000, 0x0000000749b00000, 0x0000000749c00000|  0%| F|  |TAMS 0x0000000749b00000, 0x0000000749b00000| Untracked 
| 152|0x0000000749c00000, 0x0000000749c00000, 0x0000000749d00000|  0%| F|  |TAMS 0x0000000749c00000, 0x0000000749c00000| Untracked 
| 153|0x0000000749d00000, 0x0000000749d00000, 0x0000000749e00000|  0%| F|  |TAMS 0x0000000749d00000, 0x0000000749d00000| Untracked 
| 154|0x0000000749e00000, 0x0000000749e00000, 0x0000000749f00000|  0%| F|  |TAMS 0x0000000749e00000, 0x0000000749e00000| Untracked 
| 155|0x0000000749f00000, 0x0000000749f00000, 0x000000074a000000|  0%| F|  |TAMS 0x0000000749f00000, 0x0000000749f00000| Untracked 
| 156|0x000000074a000000, 0x000000074a000000, 0x000000074a100000|  0%| F|  |TAMS 0x000000074a000000, 0x000000074a000000| Untracked 
| 157|0x000000074a100000, 0x000000074a100000, 0x000000074a200000|  0%| F|  |TAMS 0x000000074a100000, 0x000000074a100000| Untracked 
| 158|0x000000074a200000, 0x000000074a200000, 0x000000074a300000|  0%| F|  |TAMS 0x000000074a200000, 0x000000074a200000| Untracked 
| 159|0x000000074a300000, 0x000000074a300000, 0x000000074a400000|  0%| F|  |TAMS 0x000000074a300000, 0x000000074a300000| Untracked 
| 160|0x000000074a400000, 0x000000074a400000, 0x000000074a500000|  0%| F|  |TAMS 0x000000074a400000, 0x000000074a400000| Untracked 
| 161|0x000000074a500000, 0x000000074a500000, 0x000000074a600000|  0%| F|  |TAMS 0x000000074a500000, 0x000000074a500000| Untracked 
| 162|0x000000074a600000, 0x000000074a600000, 0x000000074a700000|  0%| F|  |TAMS 0x000000074a600000, 0x000000074a600000| Untracked 
| 163|0x000000074a700000, 0x000000074a700000, 0x000000074a800000|  0%| F|  |TAMS 0x000000074a700000, 0x000000074a700000| Untracked 
| 164|0x000000074a800000, 0x000000074a800000, 0x000000074a900000|  0%| F|  |TAMS 0x000000074a800000, 0x000000074a800000| Untracked 
| 165|0x000000074a900000, 0x000000074a900000, 0x000000074aa00000|  0%| F|  |TAMS 0x000000074a900000, 0x000000074a900000| Untracked 
| 166|0x000000074aa00000, 0x000000074aa00000, 0x000000074ab00000|  0%| F|  |TAMS 0x000000074aa00000, 0x000000074aa00000| Untracked 
| 167|0x000000074ab00000, 0x000000074ab00000, 0x000000074ac00000|  0%| F|  |TAMS 0x000000074ab00000, 0x000000074ab00000| Untracked 
| 168|0x000000074ac00000, 0x000000074ac00000, 0x000000074ad00000|  0%| F|  |TAMS 0x000000074ac00000, 0x000000074ac00000| Untracked 
| 169|0x000000074ad00000, 0x000000074ad00000, 0x000000074ae00000|  0%| F|  |TAMS 0x000000074ad00000, 0x000000074ad00000| Untracked 
| 170|0x000000074ae00000, 0x000000074ae00000, 0x000000074af00000|  0%| F|  |TAMS 0x000000074ae00000, 0x000000074ae00000| Untracked 
| 171|0x000000074af00000, 0x000000074af00000, 0x000000074b000000|  0%| F|  |TAMS 0x000000074af00000, 0x000000074af00000| Untracked 
| 172|0x000000074b000000, 0x000000074b000000, 0x000000074b100000|  0%| F|  |TAMS 0x000000074b000000, 0x000000074b000000| Untracked 
| 173|0x000000074b100000, 0x000000074b100000, 0x000000074b200000|  0%| F|  |TAMS 0x000000074b100000, 0x000000074b100000| Untracked 
| 174|0x000000074b200000, 0x000000074b200000, 0x000000074b300000|  0%| F|  |TAMS 0x000000074b200000, 0x000000074b200000| Untracked 
| 175|0x000000074b300000, 0x000000074b300000, 0x000000074b400000|  0%| F|  |TAMS 0x000000074b300000, 0x000000074b300000| Untracked 
| 176|0x000000074b400000, 0x000000074b400000, 0x000000074b500000|  0%| F|  |TAMS 0x000000074b400000, 0x000000074b400000| Untracked 
| 177|0x000000074b500000, 0x000000074b500000, 0x000000074b600000|  0%| F|  |TAMS 0x000000074b500000, 0x000000074b500000| Untracked 
| 178|0x000000074b600000, 0x000000074b600000, 0x000000074b700000|  0%| F|  |TAMS 0x000000074b600000, 0x000000074b600000| Untracked 
| 179|0x000000074b700000, 0x000000074b700000, 0x000000074b800000|  0%| F|  |TAMS 0x000000074b700000, 0x000000074b700000| Untracked 
| 180|0x000000074b800000, 0x000000074b800000, 0x000000074b900000|  0%| F|  |TAMS 0x000000074b800000, 0x000000074b800000| Untracked 
| 181|0x000000074b900000, 0x000000074b900000, 0x000000074ba00000|  0%| F|  |TAMS 0x000000074b900000, 0x000000074b900000| Untracked 
| 182|0x000000074ba00000, 0x000000074baa15b8, 0x000000074bb00000| 63%| S|CS|TAMS 0x000000074ba00000, 0x000000074ba00000| Complete 
| 183|0x000000074bb00000, 0x000000074bc00000, 0x000000074bc00000|100%| S|CS|TAMS 0x000000074bb00000, 0x000000074bb00000| Complete 
| 184|0x000000074bc00000, 0x000000074bc00000, 0x000000074bd00000|  0%| F|  |TAMS 0x000000074bc00000, 0x000000074bc00000| Untracked 
| 185|0x000000074bd00000, 0x000000074bd00000, 0x000000074be00000|  0%| F|  |TAMS 0x000000074bd00000, 0x000000074bd00000| Untracked 
| 186|0x000000074be00000, 0x000000074be00000, 0x000000074bf00000|  0%| F|  |TAMS 0x000000074be00000, 0x000000074be00000| Untracked 
| 187|0x000000074bf00000, 0x000000074bf00000, 0x000000074c000000|  0%| F|  |TAMS 0x000000074bf00000, 0x000000074bf00000| Untracked 
| 188|0x000000074c000000, 0x000000074c000000, 0x000000074c100000|  0%| F|  |TAMS 0x000000074c000000, 0x000000074c000000| Untracked 
| 189|0x000000074c100000, 0x000000074c17bbc0, 0x000000074c200000| 48%| E|  |TAMS 0x000000074c100000, 0x000000074c100000| Complete 
| 190|0x000000074c200000, 0x000000074c300000, 0x000000074c300000|100%| E|CS|TAMS 0x000000074c200000, 0x000000074c200000| Complete 
| 191|0x000000074c300000, 0x000000074c400000, 0x000000074c400000|100%| E|CS|TAMS 0x000000074c300000, 0x000000074c300000| Complete 

Card table byte_map: [0x00000149fc730000,0x00000149fcd30000] _byte_map_base: 0x00000149f8d2e000

Marking Bits (Prev, Next): (CMBitMap*) 0x00000149f3d61208, (CMBitMap*) 0x00000149f3d61240
 Prev Bits: [0x000001498f000000, 0x0000014991ff0000)
 Next Bits: [0x0000014991ff0000, 0x0000014994fe0000)

Polling page: 0x00000149f3470000

Metaspace:

Usage:
  Non-class:     12.15 MB capacity,    11.91 MB ( 98%) used,   215.17 KB (  2%) free+waste,    31.56 KB ( <1%) overhead. 
      Class:      1.53 MB capacity,     1.39 MB ( 91%) used,   130.77 KB (  8%) free+waste,    15.44 KB ( <1%) overhead. 
       Both:     13.69 MB capacity,    13.30 MB ( 97%) used,   345.95 KB (  2%) free+waste,    47.00 KB ( <1%) overhead. 

Virtual space:
  Non-class space:       14.00 MB reserved,      12.25 MB ( 88%) committed 
      Class space:        1.00 GB reserved,       1.63 MB ( <1%) committed 
             Both:        1.01 GB reserved,      13.88 MB (  1%) committed 

Chunk freelists:
   Non-Class:  4.38 KB
       Class:  0 bytes
        Both:  4.38 KB

CodeHeap 'non-profiled nmethods': size=238912Kb used=1892Kb max_used=1892Kb free=237019Kb
 bounds [0x00000149806b0000, 0x0000014980920000, 0x000001498f000000]
CodeHeap 'non-nmethods': size=6848Kb used=1116Kb max_used=1116Kb free=5731Kb
 bounds [0x0000014980000000, 0x0000014980270000, 0x00000149806b0000]
 total_blobs=1693 nmethods=1265 adapters=340
 compilation: enabled
              stopped_count=0, restarted_count=0
 full_count=0

Compilation events (10 events):
Event: 1.188 Thread 0x00000149958d6800 nmethod 1138 0x0000014980846390 code [0x0000014980846560, 0x00000149808468e0]
Event: 1.188 Thread 0x00000149958d6800 1136       1       java.util.zip.ZipUtils::LOCNAM (7 bytes)
Event: 1.188 Thread 0x00000149958d6800 nmethod 1136 0x0000014980846a90 code [0x0000014980846c40, 0x0000014980846d98]
Event: 1.188 Thread 0x00000149958d6800 1137       1       java.util.zip.ZipUtils::LOCEXT (7 bytes)
Event: 1.188 Thread 0x00000149958d6800 nmethod 1137 0x0000014980846e90 code [0x0000014980847040, 0x0000014980847198]
Event: 1.188 Thread 0x00000149958d6800 1139       1       java.net.URL::toString (5 bytes)
Event: 1.188 Thread 0x00000149958d6800 nmethod 1139 0x0000014980847290 code [0x0000014980847440, 0x0000014980847590]
Event: 1.188 Thread 0x00000149958d6800 1140       1       java.net.URL::toExternalForm (9 bytes)
Event: 1.188 Thread 0x00000149958d6800 nmethod 1140 0x0000014980847690 code [0x0000014980847840, 0x0000014980847990]
Event: 1.188 Thread 0x00000149958d6800 1141       1       java.net.URLStreamHandler::toExternalForm (156 bytes)

GC Heap History (2 events):
Event: 0.814 GC heap before
{Heap before GC invocations=0 (full 0):
 garbage-first heap   total 196608K, used 22528K [0x0000000740400000, 0x0000000800000000)
  region size 1024K, 22 young (22528K), 0 survivors (0K)
 Metaspace       used 8194K, capacity 8339K, committed 8576K, reserved 1056768K
  class space    used 793K, capacity 845K, committed 896K, reserved 1048576K
}
Event: 0.825 GC heap after
{Heap after GC invocations=1 (full 0):
 garbage-first heap   total 196608K, used 18628K [0x0000000740400000, 0x0000000800000000)
  region size 1024K, 3 young (3072K), 3 survivors (3072K)
 Metaspace       used 8194K, capacity 8339K, committed 8576K, reserved 1056768K
  class space    used 793K, capacity 845K, committed 896K, reserved 1048576K
}

Deoptimization events (0 events):
No events

Classes redefined (0 events):
No events

Internal exceptions (10 events):
Event: 0.942 Thread 0x00000149f3d12800 Exception <a 'java/lang/NoSuchMethodError'{0x000000074c1d9510}: java.lang.invoke.DirectMethodHandle$Holder.invokeStaticInit(Ljava/lang/Object;IIII)Ljava/lang/Object;> (0x000000074c1d9510) thrown at [t:/workspace/open/src/hotspot/share/interpreter/linkReso
Event: 1.078 Thread 0x00000149f3d12800 Exception <a 'java/lang/NoSuchMethodError'{0x000000074c027f80}: java.lang.invoke.DirectMethodHandle$Holder.invokeStatic(Ljava/lang/Object;Ljava/lang/Object;IIII)Ljava/lang/Object;> (0x000000074c027f80) thrown at [t:/workspace/open/src/hotspot/share/interp
Event: 1.079 Thread 0x00000149f3d12800 Exception <a 'java/lang/NoSuchMethodError'{0x000000074c02b2c8}: java.lang.invoke.DirectMethodHandle$Holder.invokeStaticInit(Ljava/lang/Object;Ljava/lang/Object;IIII)Ljava/lang/Object;> (0x000000074c02b2c8) thrown at [t:/workspace/open/src/hotspot/share/in
Event: 1.089 Thread 0x00000149f3d12800 Exception <a 'java/lang/ClassNotFoundException'{0x000000074c048a70}: javax/management/remote/rmi/RMIServerImpl_Skel> (0x000000074c048a70) thrown at [t:/workspace/open/src/hotspot/share/classfile/systemDictionary.cpp, line 231]
Event: 1.124 Thread 0x00000149f3d12800 Exception <a 'java/lang/ClassNotFoundException'{0x000000074c0f9e58}: jdk/internal/agent/resources/spi/agentProvider> (0x000000074c0f9e58) thrown at [t:/workspace/open/src/hotspot/share/classfile/systemDictionary.cpp, line 231]
Event: 1.131 Thread 0x00000149f3d12800 Exception <a 'java/lang/NoSuchMethodError'{0x000000074bf4f6f0}: java.lang.invoke.DirectMethodHandle$Holder.invokeStatic(Ljava/lang/Object;Ljava/lang/Object;Ljava/lang/Object;Ljava/lang/Object;Ljava/lang/Object;Ljava/lang/Object;Ljava/lang/Object;Ljava/lan
Event: 1.132 Thread 0x00000149f3d12800 Exception <a 'java/lang/NoSuchMethodError'{0x000000074bf5bf10}: java.lang.invoke.DirectMethodHandle$Holder.invokeStatic(Ljava/lang/Object;Ljava/lang/Object;Ljava/lang/Object;Ljava/lang/Object;Ljava/lang/Object;Ljava/lang/Object;Ljava/lang/Object;Ljava/lan
Event: 1.134 Thread 0x00000149f3d12800 Exception <a 'java/lang/NoSuchMethodError'{0x000000074bf759e8}: java.lang.invoke.DelegatingMethodHandle$Holder.reinvoke_L(Ljava/lang/Object;ILjava/lang/Object;)Ljava/lang/Object;> (0x000000074bf759e8) thrown at [t:/workspace/open/src/hotspot/share/interpr
Event: 1.170 Thread 0x00000149f3d12800 Exception <a 'java/lang/ClassNotFoundException'{0x000000074bd47d38}: javax/smartcardio/CardPermission> (0x000000074bd47d38) thrown at [t:/workspace/open/src/hotspot/share/classfile/systemDictionary.cpp, line 231]
Event: 1.174 Thread 0x00000149f3d12800 Exception <a 'java/io/FileNotFoundException'{0x000000074bd560e0}> (0x000000074bd560e0) thrown at [t:/workspace/open/src/hotspot/share/prims/jni.cpp, line 615]

Events (10 events):
Event: 1.186 loading class ch/qos/logback/core/joran/spi/ConsoleTarget$1
Event: 1.186 loading class ch/qos/logback/core/joran/spi/ConsoleTarget$1 done
Event: 1.187 loading class ch/qos/logback/core/joran/spi/ConsoleTarget$2
Event: 1.187 loading class ch/qos/logback/core/joran/spi/ConsoleTarget$2 done
Event: 1.187 loading class ch/qos/logback/core/encoder/LayoutWrappingEncoder
Event: 1.187 loading class ch/qos/logback/core/encoder/LayoutWrappingEncoder done
Event: 1.187 loading class ch/qos/logback/core/encoder/EncoderBase
Event: 1.187 loading class ch/qos/logback/core/encoder/EncoderBase done
Event: 1.187 loading class ch/qos/logback/core/encoder/Encoder
Event: 1.187 loading class ch/qos/logback/core/encoder/Encoder done


Dynamic libraries:
0x00007ff6a5db0000 - 0x00007ff6a5df7000 	C:\Program Files\Java\jdk-11.0.6\bin\javaw.exe
0x00007fff0fb00000 - 0x00007fff0fcf0000 	C:\WINDOWS\SYSTEM32\ntdll.dll
0x00007fff0ed40000 - 0x00007fff0edf2000 	C:\WINDOWS\System32\KERNEL32.DLL
0x00007fff0cab0000 - 0x00007fff0cd54000 	C:\WINDOWS\System32\KERNELBASE.dll
0x00007fff0abf0000 - 0x00007fff0ac7f000 	C:\WINDOWS\SYSTEM32\apphelp.dll
0x00007ffeebaf0000 - 0x00007ffeebb4d000 	C:\WINDOWS\SYSTEM32\AcGenral.DLL
0x00007fff0ee00000 - 0x00007fff0ee9e000 	C:\WINDOWS\System32\msvcrt.dll
0x00007fff0e870000 - 0x00007fff0e907000 	C:\WINDOWS\System32\sechost.dll
0x00007fff0f110000 - 0x00007fff0f230000 	C:\WINDOWS\System32\RPCRT4.dll
0x00007fff0fa60000 - 0x00007fff0fab2000 	C:\WINDOWS\System32\SHLWAPI.dll
0x00007fff0e950000 - 0x00007fff0ec85000 	C:\WINDOWS\System32\combase.dll
0x00007fff0da90000 - 0x00007fff0db8a000 	C:\WINDOWS\System32\ucrtbase.dll
0x00007fff0cd60000 - 0x00007fff0cde0000 	C:\WINDOWS\System32\bcryptPrimitives.dll
0x00007fff0f860000 - 0x00007fff0f886000 	C:\WINDOWS\System32\GDI32.dll
0x00007fff0da60000 - 0x00007fff0da81000 	C:\WINDOWS\System32\win32u.dll
0x00007fff0cde0000 - 0x00007fff0cf76000 	C:\WINDOWS\System32\gdi32full.dll
0x00007fff0d080000 - 0x00007fff0d11e000 	C:\WINDOWS\System32\msvcp_win.dll
0x00007fff0ef70000 - 0x00007fff0f105000 	C:\WINDOWS\System32\USER32.dll
0x00007fff0e710000 - 0x00007fff0e867000 	C:\WINDOWS\System32\ole32.dll
0x00007fff0f340000 - 0x00007fff0f3e3000 	C:\WINDOWS\System32\advapi32.dll
0x00007fff0ddd0000 - 0x00007fff0e4b7000 	C:\WINDOWS\System32\SHELL32.dll
0x00007fff0d030000 - 0x00007fff0d07a000 	C:\WINDOWS\System32\cfgmgr32.dll
0x00007fff0ec90000 - 0x00007fff0ed39000 	C:\WINDOWS\System32\shcore.dll
0x00007fff0d180000 - 0x00007fff0d902000 	C:\WINDOWS\System32\windows.storage.dll
0x00007fff0ca50000 - 0x00007fff0ca73000 	C:\WINDOWS\System32\profapi.dll
0x00007fff0c9c0000 - 0x00007fff0ca0a000 	C:\WINDOWS\System32\powrprof.dll
0x00007fff0c9b0000 - 0x00007fff0c9c0000 	C:\WINDOWS\System32\UMPDC.dll
0x00007fff0ca10000 - 0x00007fff0ca21000 	C:\WINDOWS\System32\kernel.appcore.dll
0x00007fff0db90000 - 0x00007fff0dba7000 	C:\WINDOWS\System32\cryptsp.dll
0x00007fff0c8a0000 - 0x00007fff0c8c5000 	C:\WINDOWS\SYSTEM32\USERENV.dll
0x00007ffef50f0000 - 0x00007ffef510b000 	C:\WINDOWS\SYSTEM32\MPR.dll
0x00007fff0c8d0000 - 0x00007fff0c8ff000 	C:\WINDOWS\SYSTEM32\SspiCli.dll
0x00007fff0e910000 - 0x00007fff0e93e000 	C:\WINDOWS\System32\IMM32.DLL
0x00007fff02fb0000 - 0x00007fff03234000 	C:\WINDOWS\WinSxS\amd64_microsoft.windows.common-controls_6595b64144ccf1df_6.0.18362.1016_none_9e7a36bbe461dae4\COMCTL32.dll
0x00007fff08530000 - 0x00007fff0853a000 	C:\WINDOWS\SYSTEM32\VERSION.dll
0x00007ffef36f0000 - 0x00007ffef3706000 	C:\Program Files\Java\jdk-11.0.6\bin\vcruntime140.dll
0x00007ffedf320000 - 0x00007ffedf3ca000 	C:\Program Files\Java\jdk-11.0.6\bin\msvcp140.dll
0x00007ffebdb10000 - 0x00007ffebe639000 	C:\Program Files\Java\jdk-11.0.6\bin\server\jvm.dll
0x00007fff0e940000 - 0x00007fff0e948000 	C:\WINDOWS\System32\PSAPI.DLL
0x00007fff0a970000 - 0x00007fff0a994000 	C:\WINDOWS\SYSTEM32\WINMM.dll
0x00007ffefaed0000 - 0x00007ffefaed9000 	C:\WINDOWS\SYSTEM32\WSOCK32.dll
0x00007fff0f240000 - 0x00007fff0f2af000 	C:\WINDOWS\System32\WS2_32.dll
0x00007fff0a940000 - 0x00007fff0a96d000 	C:\WINDOWS\SYSTEM32\WINMMBASE.dll
0x00007ffefc500000 - 0x00007ffefc511000 	C:\Program Files\Java\jdk-11.0.6\bin\verify.dll
0x00007ffefaf30000 - 0x00007ffefb124000 	C:\WINDOWS\SYSTEM32\DBGHELP.DLL
0x00007ffefac70000 - 0x00007ffefac9a000 	C:\WINDOWS\SYSTEM32\dbgcore.DLL
0x00007ffef4050000 - 0x00007ffef4079000 	C:\Program Files\Java\jdk-11.0.6\bin\java.dll
0x00007ffef7a00000 - 0x00007ffef7a16000 	C:\Program Files\Java\jdk-11.0.6\bin\zip.dll
0x00007fff09320000 - 0x00007fff0932a000 	C:\Program Files\Java\jdk-11.0.6\bin\jimage.dll
0x00007ffef7960000 - 0x00007ffef7979000 	C:\Program Files\Java\jdk-11.0.6\bin\net.dll
0x00007fff05e90000 - 0x00007fff05f80000 	C:\WINDOWS\SYSTEM32\WINHTTP.dll
0x00007fff0c1b0000 - 0x00007fff0c217000 	C:\WINDOWS\system32\mswsock.dll
0x00007ffef5c40000 - 0x00007ffef5c53000 	C:\Program Files\Java\jdk-11.0.6\bin\nio.dll
0x00007fff05d20000 - 0x00007fff05d29000 	C:\Program Files\Java\jdk-11.0.6\bin\management.dll
0x00007fff03d90000 - 0x00007fff03d9c000 	C:\Program Files\Java\jdk-11.0.6\bin\management_ext.dll
0x00007ffef7190000 - 0x00007ffef71a6000 	C:\WINDOWS\system32\napinsp.dll
0x00007ffef7170000 - 0x00007ffef718a000 	C:\WINDOWS\system32\pnrpnsp.dll
0x00007fff0bf00000 - 0x00007fff0bfcb000 	C:\WINDOWS\SYSTEM32\DNSAPI.dll
0x00007fff0f330000 - 0x00007fff0f338000 	C:\WINDOWS\System32\NSI.dll
0x00007fff0bec0000 - 0x00007fff0befa000 	C:\WINDOWS\SYSTEM32\IPHLPAPI.DLL
0x00007ffef9730000 - 0x00007ffef973e000 	C:\WINDOWS\System32\winrnr.dll
0x00007fff09270000 - 0x00007fff0928c000 	C:\WINDOWS\system32\NLAapi.dll
0x00007ffef78e0000 - 0x00007ffef78f5000 	C:\WINDOWS\system32\wshbth.dll
0x00007fff05c90000 - 0x00007fff05c9a000 	C:\Windows\System32\rasadhlp.dll
0x00007fff06d70000 - 0x00007fff06de7000 	C:\WINDOWS\System32\fwpuclnt.dll
0x00007fff0ca80000 - 0x00007fff0caa6000 	C:\WINDOWS\System32\bcrypt.dll
0x00007fff0bd20000 - 0x00007fff0bd53000 	C:\WINDOWS\system32\rsaenh.dll
0x00007fff0c380000 - 0x00007fff0c38c000 	C:\WINDOWS\SYSTEM32\CRYPTBASE.dll
0x00007fff072f0000 - 0x00007fff07306000 	C:\WINDOWS\SYSTEM32\dhcpcsvc6.DLL
0x00007fff074a0000 - 0x00007fff074bc000 	C:\WINDOWS\SYSTEM32\dhcpcsvc.DLL

dbghelp: loaded successfully - version: 4.0.5 - missing functions: none
symbol engine: initialized successfully - sym options: 0x614 - pdb path: .;C:\Program Files\Java\jdk-11.0.6\bin;C:\WINDOWS\SYSTEM32;C:\WINDOWS\WinSxS\amd64_microsoft.windows.common-controls_6595b64144ccf1df_6.0.18362.1016_none_9e7a36bbe461dae4;C:\Program Files\Java\jdk-11.0.6\bin\server

VM Arguments:
jvm_args: -Dcom.sun.management.jmxremote -Dcom.sun.management.jmxremote.port=49800 -Dcom.sun.management.jmxremote.authenticate=false -Dcom.sun.management.jmxremote.ssl=false -Djava.rmi.server.hostname=localhost -Dspring.jmx.enabled=true -Dspring.application.admin.enabled=true -Xverify:none -XX:TieredStopAtLevel=1 -Dspring.boot.project.name=woodstock -Dfile.encoding=UTF-8 
java_command: com.hyperdrive.woodstock.WoodstockApplication --spring.output.ansi.enabled=always
java_class_path (initial): C:\Users\Hugo\Documents\GitHub\Curso Java\ws-sts\woodstock\target\classes;C:\Users\Hugo\.m2\repository\org\springframework\boot\spring-boot-starter-web\2.3.2.RELEASE\spring-boot-starter-web-2.3.2.RELEASE.jar;C:\Users\Hugo\.m2\repository\org\springframework\boot\spring-boot-starter\2.3.2.RELEASE\spring-boot-starter-2.3.2.RELEASE.jar;C:\Users\Hugo\.m2\repository\org\springframework\boot\spring-boot\2.3.2.RELEASE\spring-boot-2.3.2.RELEASE.jar;C:\Users\Hugo\.m2\repository\org\springframework\boot\spring-boot-autoconfigure\2.3.2.RELEASE\spring-boot-autoconfigure-2.3.2.RELEASE.jar;C:\Users\Hugo\.m2\repository\org\springframework\boot\spring-boot-starter-logging\2.3.2.RELEASE\spring-boot-starter-logging-2.3.2.RELEASE.jar;C:\Users\Hugo\.m2\repository\ch\qos\logback\logback-classic\1.2.3\logback-classic-1.2.3.jar;C:\Users\Hugo\.m2\repository\ch\qos\logback\logback-core\1.2.3\logback-core-1.2.3.jar;C:\Users\Hugo\.m2\repository\org\apache\logging\log4j\log4j-to-slf4j\2.13.3\log4j-to-slf4j-2.13.3.jar;C:\Users\Hugo\.m2\repository\org\apache\logging\log4j\log4j-api\2.13.3\log4j-api-2.13.3.jar;C:\Users\Hugo\.m2\repository\org\slf4j\jul-to-slf4j\1.7.30\jul-to-slf4j-1.7.30.jar;C:\Users\Hugo\.m2\repository\jakarta\annotation\jakarta.annotation-api\1.3.5\jakarta.annotation-api-1.3.5.jar;C:\Users\Hugo\.m2\repository\org\yaml\snakeyaml\1.26\snakeyaml-1.26.jar;C:\Users\Hugo\.m2\repository\org\springframework\boot\spring-boot-starter-json\2.3.2.RELEASE\spring-boot-starter-json-2.3.2.RELEASE.jar;C:\Users\Hugo\.m2\repository\com\fasterxml\jackson\datatype\jackson-datatype-jdk8\2.11.1\jackson-datatype-jdk8-2.11.1.jar;C:\Users\Hugo\.m2\repository\com\fasterxml\jackson\datatype\jackson-datatype-jsr310\2.11.1\jackson-datatype-jsr310-2.11.1.jar;C:\Users\Hugo\.m2\repository\com\fasterxml\jackson\module\jackson-module-parameter-names\2.11.1\jackson-module-parameter-names-2.11.1.jar;C:\Users\Hugo\.m2\repository\org\springframework\boot\spring-boot-starter-tomcat\2.3.2.R
Launcher Type: SUN_STANDARD

[Global flags]
     bool BytecodeVerificationLocal                = false                                     {product} {command line}
     bool BytecodeVerificationRemote               = false                                     {product} {command line}
     intx CICompilerCount                          = 3                                         {product} {ergonomic}
     uint ConcGCThreads                            = 2                                         {product} {ergonomic}
     uint G1ConcRefinementThreads                  = 6                                         {product} {ergonomic}
   size_t G1HeapRegionSize                         = 1048576                                   {product} {ergonomic}
    uintx GCDrainStackTargetSize                   = 64                                        {product} {ergonomic}
   size_t InitialHeapSize                          = 201326592                                 {product} {ergonomic}
     bool ManagementServer                         = true                                      {product} {command line}
   size_t MarkStackSize                            = 4194304                                   {product} {ergonomic}
   size_t MaxHeapSize                              = 3217031168                                {product} {ergonomic}
   size_t MaxNewSize                               = 1929379840                                {product} {ergonomic}
   size_t MinHeapDeltaBytes                        = 1048576                                   {product} {ergonomic}
    uintx NonNMethodCodeHeapSize                   = 6973028                                {pd product} {ergonomic}
    uintx NonProfiledCodeHeapSize                  = 244685212                              {pd product} {ergonomic}
    uintx ProfiledCodeHeapSize                     = 0                                      {pd product} {ergonomic}
    uintx ReservedCodeCacheSize                    = 251658240                              {pd product} {ergonomic}
     bool SegmentedCodeCache                       = true                                      {product} {ergonomic}
     intx TieredStopAtLevel                        = 1                                         {product} {command line}
     bool UseCompressedClassPointers               = true                                 {lp64_product} {ergonomic}
     bool UseCompressedOops                        = true                                 {lp64_product} {ergonomic}
     bool UseG1GC                                  = true                                      {product} {ergonomic}
     bool UseLargePagesIndividualAllocation        = false                                  {pd product} {ergonomic}

Logging:
Log output configuration:
 #0: stdout all=warning uptime,level,tags
 #1: stderr all=off uptime,level,tags

Environment Variables:
JAVA_HOME=C:\Program Files\Java\jdk-11.0.6
PATH=C:/Program Files/Java/jdk-11.0.6/bin/server;C:/Program Files/Java/jdk-11.0.6/bin;C:\Python27\;C:\Python27\Scripts;C:\WINDOWS\system32;C:\WINDOWS;C:\WINDOWS\System32\Wbem;C:\WINDOWS\System32\WindowsPowerShell\v1.0\;C:\WINDOWS\System32\OpenSSH\;C:\Program Files\dotnet\;C:\ProgramData\chocolatey\bin;C:\Program Files\Git\cmd;C:\Program Files\Java\jdk-11.0.6\bin;C:\Program Files\MySQL\MySQL Shell 8.0\bin\;C:\Users\Hugo\AppData\Local\Microsoft\WindowsApps;C:\Users\Hugo\AppData\Local\GitHubDesktop\bin;C:\Users\Hugo\AppData\Local\Programs\Microsoft VS Code\bin;C:\Users\Hugo\AppData\Local\Microsoft\WindowsApps;C:\Program Files\heroku\bin;C:\sts-4.6.2.RELEASE;
USERNAME=Hugo
OS=Windows_NT
PROCESSOR_IDENTIFIER=AMD64 Family 21 Model 2 Stepping 0, AuthenticAMD



---------------  S Y S T E M  ---------------

OS: Windows 10 , 64 bit Build 18362 (10.0.18362.959)

CPU:total 6 (initial active 6) (6 cores per cpu, 1 threads per core) family 21 model 2 stepping 0, cmov, cx8, fxsr, mmx, sse, sse2, sse3, ssse3, sse4.1, sse4.2, popcnt, avx, aes, clmul, mmxext, 3dnowpref, lzcnt, sse4a, tsc, tscinvbit, tscinv, bmi1, fma

Memory: 4k page, system-wide physical 12270M (5209M free)
TotalPageFile size 15081M (AvailPageFile size 2010M)
current process WorkingSet (physical memory assigned to process): 99M, peak: 99M
current process commit charge ("private bytes"): 293M, peak: 293M

vm_info: Java HotSpot(TM) 64-Bit Server VM (11.0.6+8-LTS) for windows-amd64 JRE (11.0.6+8-LTS), built on Dec 11 2019 09:17:57 by "mach5one" with MS VC++ 15.5 (VS2017)

END.
