#
# A fatal error has been detected by the Java Runtime Environment:
#
#  EXCEPTION_ACCESS_VIOLATION (0xc0000005) at pc=0x00007ffebe1d8859, pid=9212, tid=14812
#
# JRE version: Java(TM) SE Runtime Environment (11.0.6+8) (build 11.0.6+8-LTS)
# Java VM: Java HotSpot(TM) 64-Bit Server VM (11.0.6+8-LTS, mixed mode, tiered, compressed oops, g1 gc, windows-amd64)
# Problematic frame:
# V  [jvm.dll+0x6c8859]
#
# No core dump will be written. Minidumps are not enabled by default on client versions of Windows
#
# If you would like to submit a bug report, please visit:
#   http://bugreport.java.com/bugreport/crash.jsp
#

---------------  S U M M A R Y ------------

Command Line: -Dcom.sun.management.jmxremote -Dcom.sun.management.jmxremote.port=65130 -Dcom.sun.management.jmxremote.authenticate=false -Dcom.sun.management.jmxremote.ssl=false -Djava.rmi.server.hostname=localhost -Dspring.jmx.enabled=true -Dspring.application.admin.enabled=true -Xverify:none -XX:TieredStopAtLevel=1 -Dspring.boot.project.name=woodstock -Dfile.encoding=UTF-8 com.hyperdrive.woodstock.WoodstockApplication --spring.output.ansi.enabled=always

Host: AMD FX(tm)-6300 Six-Core Processor             , 6 cores, 11G,  Windows 10 , 64 bit Build 18362 (10.0.18362.959)
Time: Fri Aug 21 13:46:02 2020 Hora oficial do Brasil elapsed time: 1 seconds (0d 0h 0m 1s)

---------------  T H R E A D  ---------------

Current thread (0x00000207e4b10000):  WatcherThread [stack: 0x000000769d500000,0x000000769d600000] [id=14812]

Stack: [0x000000769d500000,0x000000769d600000],  sp=0x000000769d5ff580,  free space=1021k
Native frames: (J=compiled Java code, j=interpreted, Vv=VM code, C=native code)
V  [jvm.dll+0x6c8859]
V  [jvm.dll+0x714d0d]
V  [jvm.dll+0x73ab89]
V  [jvm.dll+0x733905]
V  [jvm.dll+0x635846]
C  [ucrtbase.dll+0x20e82]
C  [KERNEL32.DLL+0x17bd4]
C  [ntdll.dll+0x6ce51]


siginfo: EXCEPTION_ACCESS_VIOLATION (0xc0000005), reading address 0x0000000c0000000b


Register to memory mapping:

RIP=0x00007ffebe1d8859 jvm.dll
RAX=0x00000207e4a37510 points into unknown readable memory: 0b 00 00 00 0c 00 00 00
RBX=0x0 is NULL
RCX=0x0000000c0000000b is an unknown value
RDX=0x0000000000000032 is an unknown value
RSP=0x000000769d5ff580 points into unknown readable memory: 00 00 b1 e4 07 02 00 00
RBP=0x0000000000000002 is an unknown value
RSI=0x00000207e4a375d0 points into unknown readable memory: e0 d9 aa e4 07 02 00 00
RDI=0x0 is NULL
R8 =0x0 is NULL
R9 =0x00000207c9c50b80 is at begin+0 in a stub
StubRoutines::atomic_cmpxchg_long [0x00000207c9c50b80, 0x00000207c9c50b89[ (9 bytes)
R10=0x00000000546c6148 is an unknown value
R11=0x000000e5a709d9fd is an unknown value
R12=0x0 is NULL
R13=0x00000207e4b10000 points into unknown readable memory: a8 a3 3e be fe 7f 00 00
R14=0x0000000000000032 is an unknown value
R15=0x00000207e3aa9460 points into unknown readable memory: 00 00 00 00 00 00 00 00


Registers:
RAX=0x00000207e4a37510, RBX=0x0000000000000000, RCX=0x0000000c0000000b, RDX=0x0000000000000032
RSP=0x000000769d5ff580, RBP=0x0000000000000002, RSI=0x00000207e4a375d0, RDI=0x0000000000000000
R8 =0x0000000000000000, R9 =0x00000207c9c50b80, R10=0x00000000546c6148, R11=0x000000e5a709d9fd
R12=0x0000000000000000, R13=0x00000207e4b10000, R14=0x0000000000000032, R15=0x00000207e3aa9460
RIP=0x00007ffebe1d8859, EFLAGS=0x0000000000010202

Top of Stack: (sp=0x000000769d5ff580)
0x000000769d5ff580:   00000207e4b10000 00000207e4b10000
0x000000769d5ff590:   000094ad01e659a4 00007ffebe1193a9
0x000000769d5ff5a0:   00007ffebe5857d8 00007ffebe224d0d
0x000000769d5ff5b0:   0000000000000001 00000207c01701c0
0x000000769d5ff5c0:   00000207c01701c0 431bde82d7b634db
0x000000769d5ff5d0:   00000207e3aa9460 000094ad01e659a4
0x000000769d5ff5e0:   00000207c01701c0 00007ffebe24ab89
0x000000769d5ff5f0:   0000000000000001 0000000000000032
0x000000769d5ff600:   0000000000000032 0000000000000002
0x000000769d5ff610:   0000000000000000 0000000000000000
0x000000769d5ff620:   0000000000000000 0000000000000000
0x000000769d5ff630:   0000000000000000 0000000000000000
0x000000769d5ff640:   0000000000000000 0000000000000000
0x000000769d5ff650:   00000207e4b10000 0000000000000000
0x000000769d5ff660:   0000000000100000 000000769d5ff7b0
0x000000769d5ff670:   000000769d500000 00007ffebe243905 

Instructions: (pc=0x00007ffebe1d8859)
0x00007ffebe1d8839:   20 48 8b 35 47 7e 3a 00 33 db 48 8b 06 39 18 7e
0x00007ffebe1d8849:   27 48 89 7c 24 30 8b fb 48 8b 40 18 48 8b 0c 07
0x00007ffebe1d8859:   48 8b 01 ff 50 08 48 8b 06 48 8d 7f 08 ff c3 3b
0x00007ffebe1d8869:   18 7c e5 48 8b 7c 24 30 48 8b 5c 24 38 48 83 c4 


Stack slot to memory mapping:
stack at sp + 0 slots: 0x00000207e4b10000 points into unknown readable memory: a8 a3 3e be fe 7f 00 00
stack at sp + 1 slots: 0x00000207e4b10000 points into unknown readable memory: a8 a3 3e be fe 7f 00 00
stack at sp + 2 slots: 0x000094ad01e659a4 is an unknown value
stack at sp + 3 slots: 0x00007ffebe1193a9 jvm.dll
stack at sp + 4 slots: 0x00007ffebe5857d8 jvm.dll
stack at sp + 5 slots: 0x00007ffebe224d0d jvm.dll
stack at sp + 6 slots: 0x0000000000000001 is an unknown value
stack at sp + 7 slots: 0x00000207c01701c0 points into unknown readable memory: 01 00 00 00 00 00 00 00


---------------  P R O C E S S  ---------------

Threads class SMR info:
_java_thread_list=0x00000207e4aad710, length=12, elements={
0x00000207c0171800, 0x00000207e0938000, 0x00000207e0939800, 0x00000207e3896800,
0x00000207e3899800, 0x00000207e389c800, 0x00000207e38a7800, 0x00000207e3a48000,
0x00000207e3ae6800, 0x00000207e4aa8800, 0x00000207e4a89800, 0x00000207e4b0f800
}

Java Threads: ( => current thread )
  0x00000207c0171800 JavaThread "main" [_thread_in_vm, id=19876, stack(0x000000769bf00000,0x000000769c000000)]
  0x00000207e0938000 JavaThread "Reference Handler" daemon [_thread_blocked, id=23828, stack(0x000000769c600000,0x000000769c700000)]
  0x00000207e0939800 JavaThread "Finalizer" daemon [_thread_blocked, id=15784, stack(0x000000769c700000,0x000000769c800000)]
  0x00000207e3896800 JavaThread "Signal Dispatcher" daemon [_thread_blocked, id=20820, stack(0x000000769c800000,0x000000769c900000)]
  0x00000207e3899800 JavaThread "Attach Listener" daemon [_thread_blocked, id=13728, stack(0x000000769c900000,0x000000769ca00000)]
  0x00000207e389c800 JavaThread "C1 CompilerThread0" daemon [_thread_in_vm, id=16472, stack(0x000000769ca00000,0x000000769cb00000)]
  0x00000207e38a7800 JavaThread "Sweeper thread" daemon [_thread_blocked, id=2584, stack(0x000000769cb00000,0x000000769cc00000)]
  0x00000207e3a48000 JavaThread "Common-Cleaner" daemon [_thread_blocked, id=8048, stack(0x000000769cc00000,0x000000769cd00000)]
  0x00000207e3ae6800 JavaThread "Service Thread" daemon [_thread_blocked, id=18672, stack(0x000000769cd00000,0x000000769ce00000)]
  0x00000207e4aa8800 JavaThread "RMI TCP Accept-0" daemon [_thread_in_native, id=12720, stack(0x000000769d200000,0x000000769d300000)]
  0x00000207e4a89800 JavaThread "RMI TCP Accept-65130" daemon [_thread_in_native, id=1824, stack(0x000000769d300000,0x000000769d400000)]
  0x00000207e4b0f800 JavaThread "RMI TCP Accept-0" daemon [_thread_in_native, id=10660, stack(0x000000769d400000,0x000000769d500000)]

Other Threads:
  0x00000207e0932000 VMThread "VM Thread" [stack: 0x000000769c500000,0x000000769c600000] [id=18948]
=>0x00000207e4b10000 WatcherThread [stack: 0x000000769d500000,0x000000769d600000] [id=14812]
  0x00000207c0186000 GCTaskThread "GC Thread#0" [stack: 0x000000769c000000,0x000000769c100000] [id=20824]
  0x00000207e4950000 GCTaskThread "GC Thread#1" [stack: 0x000000769ce00000,0x000000769cf00000] [id=11904]
  0x00000207e4951000 GCTaskThread "GC Thread#2" [stack: 0x000000769cf00000,0x000000769d000000] [id=15800]
  0x00000207e4951800 GCTaskThread "GC Thread#3" [stack: 0x000000769d000000,0x000000769d100000] [id=15120]
  0x00000207c01cd000 ConcurrentGCThread "G1 Main Marker" [stack: 0x000000769c100000,0x000000769c200000] [id=7484]
  0x00000207c01ce800 ConcurrentGCThread "G1 Conc#0" [stack: 0x000000769c200000,0x000000769c300000] [id=15412]
  0x00000207e081a000 ConcurrentGCThread "G1 Refine#0" [stack: 0x000000769c300000,0x000000769c400000] [id=17940]
  0x00000207e3ae3800 ConcurrentGCThread "G1 Refine#1" [stack: 0x000000769d100000,0x000000769d200000] [id=23332]
  0x00000207e081b000 ConcurrentGCThread "G1 Young RemSet Sampling" [stack: 0x000000769c400000,0x000000769c500000] [id=18728]

Threads with active compile tasks:
C1 CompilerThread01266       1       java.net.URLStreamHandler::parseURL (1201 bytes)

VM state:not at safepoint (normal execution)

VM Mutex/Monitor currently owned by a thread:  ([mutex/lock_event])
[0x00000207c016f0e0] SymbolTable_lock - owner thread: 0x0000000000000000
[0x00000207c01701c0] PeriodicTask_lock - owner thread: 0x00000207e4b10000

Heap address: 0x0000000740400000, size: 3068 MB, Compressed Oops mode: Zero based, Oop shift amount: 3
Narrow klass base: 0x0000000800000000, Narrow klass shift: 0
Compressed class space size: 1073741824 Address: 0x0000000800000000

Heap:
 garbage-first heap   total 196608K, used 23929K [0x0000000740400000, 0x0000000800000000)
  region size 1024K, 7 young (7168K), 2 survivors (2048K)
 Metaspace       used 13572K, capacity 13958K, committed 14208K, reserved 1062912K
  class space    used 1415K, capacity 1573K, committed 1664K, reserved 1048576K
Heap Regions: E=young(eden), S=young(survivor), O=old, HS=humongous(starts), HC=humongous(continues), CS=collection set, F=free, A=archive, TAMS=top-at-mark-start (previous, next)
|   0|0x0000000740400000, 0x0000000740500000, 0x0000000740500000|100%|HS|  |TAMS 0x0000000740400000, 0x0000000740400000| Complete 
|   1|0x0000000740500000, 0x0000000740600000, 0x0000000740600000|100%| O|  |TAMS 0x0000000740500000, 0x0000000740500000| Untracked 
|   2|0x0000000740600000, 0x0000000740700000, 0x0000000740700000|100%| O|  |TAMS 0x0000000740600000, 0x0000000740600000| Untracked 
|   3|0x0000000740700000, 0x0000000740800000, 0x0000000740800000|100%| O|  |TAMS 0x0000000740700000, 0x0000000740700000| Untracked 
|   4|0x0000000740800000, 0x0000000740900000, 0x0000000740900000|100%| O|  |TAMS 0x0000000740800000, 0x0000000740800000| Untracked 
|   5|0x0000000740900000, 0x0000000740a00000, 0x0000000740a00000|100%| O|  |TAMS 0x0000000740900000, 0x0000000740900000| Untracked 
|   6|0x0000000740a00000, 0x0000000740b00000, 0x0000000740b00000|100%| O|  |TAMS 0x0000000740a00000, 0x0000000740a00000| Untracked 
|   7|0x0000000740b00000, 0x0000000740c00000, 0x0000000740c00000|100%| O|  |TAMS 0x0000000740b00000, 0x0000000740b00000| Untracked 
|   8|0x0000000740c00000, 0x0000000740d00000, 0x0000000740d00000|100%| O|  |TAMS 0x0000000740c00000, 0x0000000740c00000| Untracked 
|   9|0x0000000740d00000, 0x0000000740e00000, 0x0000000740e00000|100%| O|  |TAMS 0x0000000740d00000, 0x0000000740d00000| Untracked 
|  10|0x0000000740e00000, 0x0000000740f00000, 0x0000000740f00000|100%| O|  |TAMS 0x0000000740e00000, 0x0000000740e00000| Untracked 
|  11|0x0000000740f00000, 0x0000000741000000, 0x0000000741000000|100%| O|  |TAMS 0x0000000740f00000, 0x0000000740f00000| Untracked 
|  12|0x0000000741000000, 0x0000000741100000, 0x0000000741100000|100%| O|  |TAMS 0x0000000741000000, 0x0000000741000000| Untracked 
|  13|0x0000000741100000, 0x0000000741200000, 0x0000000741200000|100%| O|  |TAMS 0x0000000741100000, 0x0000000741100000| Untracked 
|  14|0x0000000741200000, 0x0000000741300000, 0x0000000741300000|100%| O|  |TAMS 0x0000000741200000, 0x0000000741200000| Untracked 
|  15|0x0000000741300000, 0x0000000741400000, 0x0000000741400000|100%| O|  |TAMS 0x0000000741300000, 0x0000000741300000| Untracked 
|  16|0x0000000741400000, 0x0000000741500000, 0x0000000741500000|100%| O|  |TAMS 0x0000000741400000, 0x0000000741400000| Untracked 
|  17|0x0000000741500000, 0x0000000741600000, 0x0000000741600000|100%| O|  |TAMS 0x0000000741500000, 0x0000000741500000| Untracked 
|  18|0x0000000741600000, 0x0000000741610200, 0x0000000741700000|  6%| O|  |TAMS 0x0000000741600000, 0x0000000741600000| Untracked 
|  19|0x0000000741700000, 0x0000000741700000, 0x0000000741800000|  0%| F|  |TAMS 0x0000000741700000, 0x0000000741700000| Untracked 
|  20|0x0000000741800000, 0x0000000741800000, 0x0000000741900000|  0%| F|  |TAMS 0x0000000741800000, 0x0000000741800000| Untracked 
|  21|0x0000000741900000, 0x0000000741900000, 0x0000000741a00000|  0%| F|  |TAMS 0x0000000741900000, 0x0000000741900000| Untracked 
|  22|0x0000000741a00000, 0x0000000741a00000, 0x0000000741b00000|  0%| F|  |TAMS 0x0000000741a00000, 0x0000000741a00000| Untracked 
|  23|0x0000000741b00000, 0x0000000741b00000, 0x0000000741c00000|  0%| F|  |TAMS 0x0000000741b00000, 0x0000000741b00000| Untracked 
|  24|0x0000000741c00000, 0x0000000741c00000, 0x0000000741d00000|  0%| F|  |TAMS 0x0000000741c00000, 0x0000000741c00000| Untracked 
|  25|0x0000000741d00000, 0x0000000741d00000, 0x0000000741e00000|  0%| F|  |TAMS 0x0000000741d00000, 0x0000000741d00000| Untracked 
|  26|0x0000000741e00000, 0x0000000741e00000, 0x0000000741f00000|  0%| F|  |TAMS 0x0000000741e00000, 0x0000000741e00000| Untracked 
|  27|0x0000000741f00000, 0x0000000741f00000, 0x0000000742000000|  0%| F|  |TAMS 0x0000000741f00000, 0x0000000741f00000| Untracked 
|  28|0x0000000742000000, 0x0000000742000000, 0x0000000742100000|  0%| F|  |TAMS 0x0000000742000000, 0x0000000742000000| Untracked 
|  29|0x0000000742100000, 0x0000000742100000, 0x0000000742200000|  0%| F|  |TAMS 0x0000000742100000, 0x0000000742100000| Untracked 
|  30|0x0000000742200000, 0x0000000742200000, 0x0000000742300000|  0%| F|  |TAMS 0x0000000742200000, 0x0000000742200000| Untracked 
|  31|0x0000000742300000, 0x0000000742300000, 0x0000000742400000|  0%| F|  |TAMS 0x0000000742300000, 0x0000000742300000| Untracked 
|  32|0x0000000742400000, 0x0000000742400000, 0x0000000742500000|  0%| F|  |TAMS 0x0000000742400000, 0x0000000742400000| Untracked 
|  33|0x0000000742500000, 0x0000000742500000, 0x0000000742600000|  0%| F|  |TAMS 0x0000000742500000, 0x0000000742500000| Untracked 
|  34|0x0000000742600000, 0x0000000742600000, 0x0000000742700000|  0%| F|  |TAMS 0x0000000742600000, 0x0000000742600000| Untracked 
|  35|0x0000000742700000, 0x0000000742700000, 0x0000000742800000|  0%| F|  |TAMS 0x0000000742700000, 0x0000000742700000| Untracked 
|  36|0x0000000742800000, 0x0000000742800000, 0x0000000742900000|  0%| F|  |TAMS 0x0000000742800000, 0x0000000742800000| Untracked 
|  37|0x0000000742900000, 0x0000000742900000, 0x0000000742a00000|  0%| F|  |TAMS 0x0000000742900000, 0x0000000742900000| Untracked 
|  38|0x0000000742a00000, 0x0000000742a00000, 0x0000000742b00000|  0%| F|  |TAMS 0x0000000742a00000, 0x0000000742a00000| Untracked 
|  39|0x0000000742b00000, 0x0000000742b00000, 0x0000000742c00000|  0%| F|  |TAMS 0x0000000742b00000, 0x0000000742b00000| Untracked 
|  40|0x0000000742c00000, 0x0000000742c00000, 0x0000000742d00000|  0%| F|  |TAMS 0x0000000742c00000, 0x0000000742c00000| Untracked 
|  41|0x0000000742d00000, 0x0000000742d00000, 0x0000000742e00000|  0%| F|  |TAMS 0x0000000742d00000, 0x0000000742d00000| Untracked 
|  42|0x0000000742e00000, 0x0000000742e00000, 0x0000000742f00000|  0%| F|  |TAMS 0x0000000742e00000, 0x0000000742e00000| Untracked 
|  43|0x0000000742f00000, 0x0000000742f00000, 0x0000000743000000|  0%| F|  |TAMS 0x0000000742f00000, 0x0000000742f00000| Untracked 
|  44|0x0000000743000000, 0x0000000743000000, 0x0000000743100000|  0%| F|  |TAMS 0x0000000743000000, 0x0000000743000000| Untracked 
|  45|0x0000000743100000, 0x0000000743100000, 0x0000000743200000|  0%| F|  |TAMS 0x0000000743100000, 0x0000000743100000| Untracked 
|  46|0x0000000743200000, 0x0000000743200000, 0x0000000743300000|  0%| F|  |TAMS 0x0000000743200000, 0x0000000743200000| Untracked 
|  47|0x0000000743300000, 0x0000000743300000, 0x0000000743400000|  0%| F|  |TAMS 0x0000000743300000, 0x0000000743300000| Untracked 
|  48|0x0000000743400000, 0x0000000743400000, 0x0000000743500000|  0%| F|  |TAMS 0x0000000743400000, 0x0000000743400000| Untracked 
|  49|0x0000000743500000, 0x0000000743500000, 0x0000000743600000|  0%| F|  |TAMS 0x0000000743500000, 0x0000000743500000| Untracked 
|  50|0x0000000743600000, 0x0000000743600000, 0x0000000743700000|  0%| F|  |TAMS 0x0000000743600000, 0x0000000743600000| Untracked 
|  51|0x0000000743700000, 0x0000000743700000, 0x0000000743800000|  0%| F|  |TAMS 0x0000000743700000, 0x0000000743700000| Untracked 
|  52|0x0000000743800000, 0x0000000743800000, 0x0000000743900000|  0%| F|  |TAMS 0x0000000743800000, 0x0000000743800000| Untracked 
|  53|0x0000000743900000, 0x0000000743900000, 0x0000000743a00000|  0%| F|  |TAMS 0x0000000743900000, 0x0000000743900000| Untracked 
|  54|0x0000000743a00000, 0x0000000743a00000, 0x0000000743b00000|  0%| F|  |TAMS 0x0000000743a00000, 0x0000000743a00000| Untracked 
|  55|0x0000000743b00000, 0x0000000743b00000, 0x0000000743c00000|  0%| F|  |TAMS 0x0000000743b00000, 0x0000000743b00000| Untracked 
|  56|0x0000000743c00000, 0x0000000743c00000, 0x0000000743d00000|  0%| F|  |TAMS 0x0000000743c00000, 0x0000000743c00000| Untracked 
|  57|0x0000000743d00000, 0x0000000743d00000, 0x0000000743e00000|  0%| F|  |TAMS 0x0000000743d00000, 0x0000000743d00000| Untracked 
|  58|0x0000000743e00000, 0x0000000743e00000, 0x0000000743f00000|  0%| F|  |TAMS 0x0000000743e00000, 0x0000000743e00000| Untracked 
|  59|0x0000000743f00000, 0x0000000743f00000, 0x0000000744000000|  0%| F|  |TAMS 0x0000000743f00000, 0x0000000743f00000| Untracked 
|  60|0x0000000744000000, 0x0000000744000000, 0x0000000744100000|  0%| F|  |TAMS 0x0000000744000000, 0x0000000744000000| Untracked 
|  61|0x0000000744100000, 0x0000000744100000, 0x0000000744200000|  0%| F|  |TAMS 0x0000000744100000, 0x0000000744100000| Untracked 
|  62|0x0000000744200000, 0x0000000744200000, 0x0000000744300000|  0%| F|  |TAMS 0x0000000744200000, 0x0000000744200000| Untracked 
|  63|0x0000000744300000, 0x0000000744300000, 0x0000000744400000|  0%| F|  |TAMS 0x0000000744300000, 0x0000000744300000| Untracked 
|  64|0x0000000744400000, 0x0000000744400000, 0x0000000744500000|  0%| F|  |TAMS 0x0000000744400000, 0x0000000744400000| Untracked 
|  65|0x0000000744500000, 0x0000000744500000, 0x0000000744600000|  0%| F|  |TAMS 0x0000000744500000, 0x0000000744500000| Untracked 
|  66|0x0000000744600000, 0x0000000744600000, 0x0000000744700000|  0%| F|  |TAMS 0x0000000744600000, 0x0000000744600000| Untracked 
|  67|0x0000000744700000, 0x0000000744700000, 0x0000000744800000|  0%| F|  |TAMS 0x0000000744700000, 0x0000000744700000| Untracked 
|  68|0x0000000744800000, 0x0000000744800000, 0x0000000744900000|  0%| F|  |TAMS 0x0000000744800000, 0x0000000744800000| Untracked 
|  69|0x0000000744900000, 0x0000000744900000, 0x0000000744a00000|  0%| F|  |TAMS 0x0000000744900000, 0x0000000744900000| Untracked 
|  70|0x0000000744a00000, 0x0000000744a00000, 0x0000000744b00000|  0%| F|  |TAMS 0x0000000744a00000, 0x0000000744a00000| Untracked 
|  71|0x0000000744b00000, 0x0000000744b00000, 0x0000000744c00000|  0%| F|  |TAMS 0x0000000744b00000, 0x0000000744b00000| Untracked 
|  72|0x0000000744c00000, 0x0000000744c00000, 0x0000000744d00000|  0%| F|  |TAMS 0x0000000744c00000, 0x0000000744c00000| Untracked 
|  73|0x0000000744d00000, 0x0000000744d00000, 0x0000000744e00000|  0%| F|  |TAMS 0x0000000744d00000, 0x0000000744d00000| Untracked 
|  74|0x0000000744e00000, 0x0000000744e00000, 0x0000000744f00000|  0%| F|  |TAMS 0x0000000744e00000, 0x0000000744e00000| Untracked 
|  75|0x0000000744f00000, 0x0000000744f00000, 0x0000000745000000|  0%| F|  |TAMS 0x0000000744f00000, 0x0000000744f00000| Untracked 
|  76|0x0000000745000000, 0x0000000745000000, 0x0000000745100000|  0%| F|  |TAMS 0x0000000745000000, 0x0000000745000000| Untracked 
|  77|0x0000000745100000, 0x0000000745100000, 0x0000000745200000|  0%| F|  |TAMS 0x0000000745100000, 0x0000000745100000| Untracked 
|  78|0x0000000745200000, 0x0000000745200000, 0x0000000745300000|  0%| F|  |TAMS 0x0000000745200000, 0x0000000745200000| Untracked 
|  79|0x0000000745300000, 0x0000000745300000, 0x0000000745400000|  0%| F|  |TAMS 0x0000000745300000, 0x0000000745300000| Untracked 
|  80|0x0000000745400000, 0x0000000745400000, 0x0000000745500000|  0%| F|  |TAMS 0x0000000745400000, 0x0000000745400000| Untracked 
|  81|0x0000000745500000, 0x0000000745500000, 0x0000000745600000|  0%| F|  |TAMS 0x0000000745500000, 0x0000000745500000| Untracked 
|  82|0x0000000745600000, 0x0000000745600000, 0x0000000745700000|  0%| F|  |TAMS 0x0000000745600000, 0x0000000745600000| Untracked 
|  83|0x0000000745700000, 0x0000000745700000, 0x0000000745800000|  0%| F|  |TAMS 0x0000000745700000, 0x0000000745700000| Untracked 
|  84|0x0000000745800000, 0x0000000745800000, 0x0000000745900000|  0%| F|  |TAMS 0x0000000745800000, 0x0000000745800000| Untracked 
|  85|0x0000000745900000, 0x0000000745900000, 0x0000000745a00000|  0%| F|  |TAMS 0x0000000745900000, 0x0000000745900000| Untracked 
|  86|0x0000000745a00000, 0x0000000745a00000, 0x0000000745b00000|  0%| F|  |TAMS 0x0000000745a00000, 0x0000000745a00000| Untracked 
|  87|0x0000000745b00000, 0x0000000745b00000, 0x0000000745c00000|  0%| F|  |TAMS 0x0000000745b00000, 0x0000000745b00000| Untracked 
|  88|0x0000000745c00000, 0x0000000745c00000, 0x0000000745d00000|  0%| F|  |TAMS 0x0000000745c00000, 0x0000000745c00000| Untracked 
|  89|0x0000000745d00000, 0x0000000745d00000, 0x0000000745e00000|  0%| F|  |TAMS 0x0000000745d00000, 0x0000000745d00000| Untracked 
|  90|0x0000000745e00000, 0x0000000745e00000, 0x0000000745f00000|  0%| F|  |TAMS 0x0000000745e00000, 0x0000000745e00000| Untracked 
|  91|0x0000000745f00000, 0x0000000745f00000, 0x0000000746000000|  0%| F|  |TAMS 0x0000000745f00000, 0x0000000745f00000| Untracked 
|  92|0x0000000746000000, 0x0000000746000000, 0x0000000746100000|  0%| F|  |TAMS 0x0000000746000000, 0x0000000746000000| Untracked 
|  93|0x0000000746100000, 0x0000000746100000, 0x0000000746200000|  0%| F|  |TAMS 0x0000000746100000, 0x0000000746100000| Untracked 
|  94|0x0000000746200000, 0x0000000746200000, 0x0000000746300000|  0%| F|  |TAMS 0x0000000746200000, 0x0000000746200000| Untracked 
|  95|0x0000000746300000, 0x0000000746300000, 0x0000000746400000|  0%| F|  |TAMS 0x0000000746300000, 0x0000000746300000| Untracked 
|  96|0x0000000746400000, 0x0000000746400000, 0x0000000746500000|  0%| F|  |TAMS 0x0000000746400000, 0x0000000746400000| Untracked 
|  97|0x0000000746500000, 0x0000000746500000, 0x0000000746600000|  0%| F|  |TAMS 0x0000000746500000, 0x0000000746500000| Untracked 
|  98|0x0000000746600000, 0x0000000746600000, 0x0000000746700000|  0%| F|  |TAMS 0x0000000746600000, 0x0000000746600000| Untracked 
|  99|0x0000000746700000, 0x0000000746700000, 0x0000000746800000|  0%| F|  |TAMS 0x0000000746700000, 0x0000000746700000| Untracked 
| 100|0x0000000746800000, 0x0000000746800000, 0x0000000746900000|  0%| F|  |TAMS 0x0000000746800000, 0x0000000746800000| Untracked 
| 101|0x0000000746900000, 0x0000000746900000, 0x0000000746a00000|  0%| F|  |TAMS 0x0000000746900000, 0x0000000746900000| Untracked 
| 102|0x0000000746a00000, 0x0000000746a00000, 0x0000000746b00000|  0%| F|  |TAMS 0x0000000746a00000, 0x0000000746a00000| Untracked 
| 103|0x0000000746b00000, 0x0000000746b00000, 0x0000000746c00000|  0%| F|  |TAMS 0x0000000746b00000, 0x0000000746b00000| Untracked 
| 104|0x0000000746c00000, 0x0000000746c00000, 0x0000000746d00000|  0%| F|  |TAMS 0x0000000746c00000, 0x0000000746c00000| Untracked 
| 105|0x0000000746d00000, 0x0000000746d00000, 0x0000000746e00000|  0%| F|  |TAMS 0x0000000746d00000, 0x0000000746d00000| Untracked 
| 106|0x0000000746e00000, 0x0000000746e00000, 0x0000000746f00000|  0%| F|  |TAMS 0x0000000746e00000, 0x0000000746e00000| Untracked 
| 107|0x0000000746f00000, 0x0000000746f00000, 0x0000000747000000|  0%| F|  |TAMS 0x0000000746f00000, 0x0000000746f00000| Untracked 
| 108|0x0000000747000000, 0x0000000747000000, 0x0000000747100000|  0%| F|  |TAMS 0x0000000747000000, 0x0000000747000000| Untracked 
| 109|0x0000000747100000, 0x0000000747100000, 0x0000000747200000|  0%| F|  |TAMS 0x0000000747100000, 0x0000000747100000| Untracked 
| 110|0x0000000747200000, 0x0000000747200000, 0x0000000747300000|  0%| F|  |TAMS 0x0000000747200000, 0x0000000747200000| Untracked 
| 111|0x0000000747300000, 0x0000000747300000, 0x0000000747400000|  0%| F|  |TAMS 0x0000000747300000, 0x0000000747300000| Untracked 
| 112|0x0000000747400000, 0x0000000747400000, 0x0000000747500000|  0%| F|  |TAMS 0x0000000747400000, 0x0000000747400000| Untracked 
| 113|0x0000000747500000, 0x0000000747500000, 0x0000000747600000|  0%| F|  |TAMS 0x0000000747500000, 0x0000000747500000| Untracked 
| 114|0x0000000747600000, 0x0000000747600000, 0x0000000747700000|  0%| F|  |TAMS 0x0000000747600000, 0x0000000747600000| Untracked 
| 115|0x0000000747700000, 0x0000000747700000, 0x0000000747800000|  0%| F|  |TAMS 0x0000000747700000, 0x0000000747700000| Untracked 
| 116|0x0000000747800000, 0x0000000747800000, 0x0000000747900000|  0%| F|  |TAMS 0x0000000747800000, 0x0000000747800000| Untracked 
| 117|0x0000000747900000, 0x0000000747900000, 0x0000000747a00000|  0%| F|  |TAMS 0x0000000747900000, 0x0000000747900000| Untracked 
| 118|0x0000000747a00000, 0x0000000747a00000, 0x0000000747b00000|  0%| F|  |TAMS 0x0000000747a00000, 0x0000000747a00000| Untracked 
| 119|0x0000000747b00000, 0x0000000747b00000, 0x0000000747c00000|  0%| F|  |TAMS 0x0000000747b00000, 0x0000000747b00000| Untracked 
| 120|0x0000000747c00000, 0x0000000747c00000, 0x0000000747d00000|  0%| F|  |TAMS 0x0000000747c00000, 0x0000000747c00000| Untracked 
| 121|0x0000000747d00000, 0x0000000747d00000, 0x0000000747e00000|  0%| F|  |TAMS 0x0000000747d00000, 0x0000000747d00000| Untracked 
| 122|0x0000000747e00000, 0x0000000747e00000, 0x0000000747f00000|  0%| F|  |TAMS 0x0000000747e00000, 0x0000000747e00000| Untracked 
| 123|0x0000000747f00000, 0x0000000747f00000, 0x0000000748000000|  0%| F|  |TAMS 0x0000000747f00000, 0x0000000747f00000| Untracked 
| 124|0x0000000748000000, 0x0000000748000000, 0x0000000748100000|  0%| F|  |TAMS 0x0000000748000000, 0x0000000748000000| Untracked 
| 125|0x0000000748100000, 0x0000000748100000, 0x0000000748200000|  0%| F|  |TAMS 0x0000000748100000, 0x0000000748100000| Untracked 
| 126|0x0000000748200000, 0x0000000748200000, 0x0000000748300000|  0%| F|  |TAMS 0x0000000748200000, 0x0000000748200000| Untracked 
| 127|0x0000000748300000, 0x0000000748300000, 0x0000000748400000|  0%| F|  |TAMS 0x0000000748300000, 0x0000000748300000| Untracked 
| 128|0x0000000748400000, 0x0000000748400000, 0x0000000748500000|  0%| F|  |TAMS 0x0000000748400000, 0x0000000748400000| Untracked 
| 129|0x0000000748500000, 0x0000000748500000, 0x0000000748600000|  0%| F|  |TAMS 0x0000000748500000, 0x0000000748500000| Untracked 
| 130|0x0000000748600000, 0x0000000748600000, 0x0000000748700000|  0%| F|  |TAMS 0x0000000748600000, 0x0000000748600000| Untracked 
| 131|0x0000000748700000, 0x0000000748700000, 0x0000000748800000|  0%| F|  |TAMS 0x0000000748700000, 0x0000000748700000| Untracked 
| 132|0x0000000748800000, 0x0000000748800000, 0x0000000748900000|  0%| F|  |TAMS 0x0000000748800000, 0x0000000748800000| Untracked 
| 133|0x0000000748900000, 0x0000000748900000, 0x0000000748a00000|  0%| F|  |TAMS 0x0000000748900000, 0x0000000748900000| Untracked 
| 134|0x0000000748a00000, 0x0000000748a00000, 0x0000000748b00000|  0%| F|  |TAMS 0x0000000748a00000, 0x0000000748a00000| Untracked 
| 135|0x0000000748b00000, 0x0000000748b00000, 0x0000000748c00000|  0%| F|  |TAMS 0x0000000748b00000, 0x0000000748b00000| Untracked 
| 136|0x0000000748c00000, 0x0000000748c00000, 0x0000000748d00000|  0%| F|  |TAMS 0x0000000748c00000, 0x0000000748c00000| Untracked 
| 137|0x0000000748d00000, 0x0000000748d00000, 0x0000000748e00000|  0%| F|  |TAMS 0x0000000748d00000, 0x0000000748d00000| Untracked 
| 138|0x0000000748e00000, 0x0000000748e00000, 0x0000000748f00000|  0%| F|  |TAMS 0x0000000748e00000, 0x0000000748e00000| Untracked 
| 139|0x0000000748f00000, 0x0000000748f00000, 0x0000000749000000|  0%| F|  |TAMS 0x0000000748f00000, 0x0000000748f00000| Untracked 
| 140|0x0000000749000000, 0x0000000749000000, 0x0000000749100000|  0%| F|  |TAMS 0x0000000749000000, 0x0000000749000000| Untracked 
| 141|0x0000000749100000, 0x0000000749100000, 0x0000000749200000|  0%| F|  |TAMS 0x0000000749100000, 0x0000000749100000| Untracked 
| 142|0x0000000749200000, 0x0000000749200000, 0x0000000749300000|  0%| F|  |TAMS 0x0000000749200000, 0x0000000749200000| Untracked 
| 143|0x0000000749300000, 0x0000000749300000, 0x0000000749400000|  0%| F|  |TAMS 0x0000000749300000, 0x0000000749300000| Untracked 
| 144|0x0000000749400000, 0x0000000749400000, 0x0000000749500000|  0%| F|  |TAMS 0x0000000749400000, 0x0000000749400000| Untracked 
| 145|0x0000000749500000, 0x0000000749500000, 0x0000000749600000|  0%| F|  |TAMS 0x0000000749500000, 0x0000000749500000| Untracked 
| 146|0x0000000749600000, 0x0000000749600000, 0x0000000749700000|  0%| F|  |TAMS 0x0000000749600000, 0x0000000749600000| Untracked 
| 147|0x0000000749700000, 0x0000000749700000, 0x0000000749800000|  0%| F|  |TAMS 0x0000000749700000, 0x0000000749700000| Untracked 
| 148|0x0000000749800000, 0x0000000749800000, 0x0000000749900000|  0%| F|  |TAMS 0x0000000749800000, 0x0000000749800000| Untracked 
| 149|0x0000000749900000, 0x0000000749900000, 0x0000000749a00000|  0%| F|  |TAMS 0x0000000749900000, 0x0000000749900000| Untracked 
| 150|0x0000000749a00000, 0x0000000749a00000, 0x0000000749b00000|  0%| F|  |TAMS 0x0000000749a00000, 0x0000000749a00000| Untracked 
| 151|0x0000000749b00000, 0x0000000749b00000, 0x0000000749c00000|  0%| F|  |TAMS 0x0000000749b00000, 0x0000000749b00000| Untracked 
| 152|0x0000000749c00000, 0x0000000749c00000, 0x0000000749d00000|  0%| F|  |TAMS 0x0000000749c00000, 0x0000000749c00000| Untracked 
| 153|0x0000000749d00000, 0x0000000749d00000, 0x0000000749e00000|  0%| F|  |TAMS 0x0000000749d00000, 0x0000000749d00000| Untracked 
| 154|0x0000000749e00000, 0x0000000749e00000, 0x0000000749f00000|  0%| F|  |TAMS 0x0000000749e00000, 0x0000000749e00000| Untracked 
| 155|0x0000000749f00000, 0x0000000749f00000, 0x000000074a000000|  0%| F|  |TAMS 0x0000000749f00000, 0x0000000749f00000| Untracked 
| 156|0x000000074a000000, 0x000000074a000000, 0x000000074a100000|  0%| F|  |TAMS 0x000000074a000000, 0x000000074a000000| Untracked 
| 157|0x000000074a100000, 0x000000074a100000, 0x000000074a200000|  0%| F|  |TAMS 0x000000074a100000, 0x000000074a100000| Untracked 
| 158|0x000000074a200000, 0x000000074a200000, 0x000000074a300000|  0%| F|  |TAMS 0x000000074a200000, 0x000000074a200000| Untracked 
| 159|0x000000074a300000, 0x000000074a300000, 0x000000074a400000|  0%| F|  |TAMS 0x000000074a300000, 0x000000074a300000| Untracked 
| 160|0x000000074a400000, 0x000000074a400000, 0x000000074a500000|  0%| F|  |TAMS 0x000000074a400000, 0x000000074a400000| Untracked 
| 161|0x000000074a500000, 0x000000074a500000, 0x000000074a600000|  0%| F|  |TAMS 0x000000074a500000, 0x000000074a500000| Untracked 
| 162|0x000000074a600000, 0x000000074a600000, 0x000000074a700000|  0%| F|  |TAMS 0x000000074a600000, 0x000000074a600000| Untracked 
| 163|0x000000074a700000, 0x000000074a700000, 0x000000074a800000|  0%| F|  |TAMS 0x000000074a700000, 0x000000074a700000| Untracked 
| 164|0x000000074a800000, 0x000000074a800000, 0x000000074a900000|  0%| F|  |TAMS 0x000000074a800000, 0x000000074a800000| Untracked 
| 165|0x000000074a900000, 0x000000074a900000, 0x000000074aa00000|  0%| F|  |TAMS 0x000000074a900000, 0x000000074a900000| Untracked 
| 166|0x000000074aa00000, 0x000000074aa00000, 0x000000074ab00000|  0%| F|  |TAMS 0x000000074aa00000, 0x000000074aa00000| Untracked 
| 167|0x000000074ab00000, 0x000000074ab00000, 0x000000074ac00000|  0%| F|  |TAMS 0x000000074ab00000, 0x000000074ab00000| Untracked 
| 168|0x000000074ac00000, 0x000000074ac00000, 0x000000074ad00000|  0%| F|  |TAMS 0x000000074ac00000, 0x000000074ac00000| Untracked 
| 169|0x000000074ad00000, 0x000000074ad00000, 0x000000074ae00000|  0%| F|  |TAMS 0x000000074ad00000, 0x000000074ad00000| Untracked 
| 170|0x000000074ae00000, 0x000000074ae00000, 0x000000074af00000|  0%| F|  |TAMS 0x000000074ae00000, 0x000000074ae00000| Untracked 
| 171|0x000000074af00000, 0x000000074af00000, 0x000000074b000000|  0%| F|  |TAMS 0x000000074af00000, 0x000000074af00000| Untracked 
| 172|0x000000074b000000, 0x000000074b000000, 0x000000074b100000|  0%| F|  |TAMS 0x000000074b000000, 0x000000074b000000| Untracked 
| 173|0x000000074b100000, 0x000000074b100000, 0x000000074b200000|  0%| F|  |TAMS 0x000000074b100000, 0x000000074b100000| Untracked 
| 174|0x000000074b200000, 0x000000074b200000, 0x000000074b300000|  0%| F|  |TAMS 0x000000074b200000, 0x000000074b200000| Untracked 
| 175|0x000000074b300000, 0x000000074b300000, 0x000000074b400000|  0%| F|  |TAMS 0x000000074b300000, 0x000000074b300000| Untracked 
| 176|0x000000074b400000, 0x000000074b400000, 0x000000074b500000|  0%| F|  |TAMS 0x000000074b400000, 0x000000074b400000| Untracked 
| 177|0x000000074b500000, 0x000000074b500000, 0x000000074b600000|  0%| F|  |TAMS 0x000000074b500000, 0x000000074b500000| Untracked 
| 178|0x000000074b600000, 0x000000074b600000, 0x000000074b700000|  0%| F|  |TAMS 0x000000074b600000, 0x000000074b600000| Untracked 
| 179|0x000000074b700000, 0x000000074b700000, 0x000000074b800000|  0%| F|  |TAMS 0x000000074b700000, 0x000000074b700000| Untracked 
| 180|0x000000074b800000, 0x000000074b800000, 0x000000074b900000|  0%| F|  |TAMS 0x000000074b800000, 0x000000074b800000| Untracked 
| 181|0x000000074b900000, 0x000000074b900000, 0x000000074ba00000|  0%| F|  |TAMS 0x000000074b900000, 0x000000074b900000| Untracked 
| 182|0x000000074ba00000, 0x000000074ba00000, 0x000000074bb00000|  0%| F|  |TAMS 0x000000074ba00000, 0x000000074ba00000| Untracked 
| 183|0x000000074bb00000, 0x000000074bb00000, 0x000000074bc00000|  0%| F|  |TAMS 0x000000074bb00000, 0x000000074bb00000| Untracked 
| 184|0x000000074bc00000, 0x000000074bc4e210, 0x000000074bd00000| 30%| S|CS|TAMS 0x000000074bc00000, 0x000000074bc00000| Complete 
| 185|0x000000074bd00000, 0x000000074be00000, 0x000000074be00000|100%| S|CS|TAMS 0x000000074bd00000, 0x000000074bd00000| Complete 
| 186|0x000000074be00000, 0x000000074beda1d0, 0x000000074bf00000| 85%| E|  |TAMS 0x000000074be00000, 0x000000074be00000| Complete 
| 187|0x000000074bf00000, 0x000000074c000000, 0x000000074c000000|100%| E|CS|TAMS 0x000000074bf00000, 0x000000074bf00000| Complete 
| 188|0x000000074c000000, 0x000000074c100000, 0x000000074c100000|100%| E|CS|TAMS 0x000000074c000000, 0x000000074c000000| Complete 
| 189|0x000000074c100000, 0x000000074c200000, 0x000000074c200000|100%| E|CS|TAMS 0x000000074c100000, 0x000000074c100000| Complete 
| 190|0x000000074c200000, 0x000000074c300000, 0x000000074c300000|100%| E|CS|TAMS 0x000000074c200000, 0x000000074c200000| Complete 
| 191|0x000000074c300000, 0x000000074c400000, 0x000000074c400000|100%| E|CS|TAMS 0x000000074c300000, 0x000000074c300000| Complete 

Card table byte_map: [0x00000207d9a90000,0x00000207da090000] _byte_map_base: 0x00000207d608e000

Marking Bits (Prev, Next): (CMBitMap*) 0x00000207c01c0398, (CMBitMap*) 0x00000207c01c03d0
 Prev Bits: [0x00000207da690000, 0x00000207dd680000)
 Next Bits: [0x00000207dd680000, 0x00000207e0670000)

Polling page: 0x00000207bffb0000

Metaspace:

Usage:
  Non-class:     12.28 MB capacity,    12.03 MB ( 98%) used,   226.32 KB (  2%) free+waste,    31.94 KB ( <1%) overhead. 
      Class:      1.54 MB capacity,     1.40 MB ( 91%) used,   127.78 KB (  8%) free+waste,    15.63 KB ( <1%) overhead. 
       Both:     13.82 MB capacity,    13.43 MB ( 97%) used,   354.10 KB (  3%) free+waste,    47.56 KB ( <1%) overhead. 

Virtual space:
  Non-class space:       14.00 MB reserved,      12.50 MB ( 89%) committed 
      Class space:        1.00 GB reserved,       1.63 MB ( <1%) committed 
             Both:        1.01 GB reserved,      14.13 MB (  1%) committed 

Chunk freelists:
   Non-Class:  3.88 KB
       Class:  3.38 KB
        Both:  7.25 KB

CodeHeap 'non-profiled nmethods': size=238912Kb used=1906Kb max_used=1906Kb free=237006Kb
 bounds [0x00000207ca300000, 0x00000207ca570000, 0x00000207d8c50000]
CodeHeap 'non-nmethods': size=6848Kb used=1111Kb max_used=1111Kb free=5736Kb
 bounds [0x00000207c9c50000, 0x00000207c9ec0000, 0x00000207ca300000]
 total_blobs=1693 nmethods=1266 adapters=339
 compilation: enabled
              stopped_count=0, restarted_count=0
 full_count=0

Compilation events (10 events):
Event: 1.124 Thread 0x00000207e389c800 nmethod 1114 0x00000207ca48fc10 code [0x00000207ca48fdc0, 0x00000207ca48ff58]
Event: 1.124 Thread 0x00000207e389c800 1116       1       java.lang.String::indexOf (65 bytes)
Event: 1.125 Thread 0x00000207e389c800 nmethod 1116 0x00000207ca490090 code [0x00000207ca490260, 0x00000207ca490550]
Event: 1.125 Thread 0x00000207e389c800 1115       1       java.util.Collections$UnmodifiableCollection::<init> (22 bytes)
Event: 1.125 Thread 0x00000207e389c800 nmethod 1115 0x00000207ca490710 code [0x00000207ca4908e0, 0x00000207ca490b10]
Event: 1.125 Thread 0x00000207e389c800 1117       1       java.lang.Class::forName (47 bytes)
Event: 1.125 Thread 0x00000207e389c800 nmethod 1117 0x00000207ca490c10 code [0x00000207ca490de0, 0x00000207ca491010]
Event: 1.126 Thread 0x00000207e389c800 1118       1       java.util.Properties::saveConvert (434 bytes)
Event: 1.127 Thread 0x00000207e389c800 nmethod 1118 0x00000207ca491110 code [0x00000207ca491420, 0x00000207ca491eb0]
Event: 1.128 Thread 0x00000207e389c800 1119 %     1       java.util.Properties::saveConvert @ 35 (434 bytes)

GC Heap History (4 events):
Event: 0.746 GC heap before
{Heap before GC invocations=0 (full 0):
 garbage-first heap   total 196608K, used 22528K [0x0000000740400000, 0x0000000800000000)
  region size 1024K, 22 young (22528K), 0 survivors (0K)
 Metaspace       used 8192K, capacity 8339K, committed 8576K, reserved 1056768K
  class space    used 791K, capacity 845K, committed 896K, reserved 1048576K
}
Event: 0.758 GC heap after
{Heap after GC invocations=1 (full 0):
 garbage-first heap   total 196608K, used 18493K [0x0000000740400000, 0x0000000800000000)
  region size 1024K, 3 young (3072K), 3 survivors (3072K)
 Metaspace       used 8192K, capacity 8339K, committed 8576K, reserved 1056768K
  class space    used 791K, capacity 845K, committed 896K, reserved 1048576K
}
Event: 1.099 GC heap before
{Heap before GC invocations=1 (full 0):
 garbage-first heap   total 196608K, used 24637K [0x0000000740400000, 0x0000000800000000)
  region size 1024K, 9 young (9216K), 3 survivors (3072K)
 Metaspace       used 12283K, capacity 12655K, committed 12800K, reserved 1060864K
  class space    used 1283K, capacity 1436K, committed 1536K, reserved 1048576K
}
Event: 1.104 GC heap after
{Heap after GC invocations=2 (full 0):
 garbage-first heap   total 196608K, used 19833K [0x0000000740400000, 0x0000000800000000)
  region size 1024K, 2 young (2048K), 2 survivors (2048K)
 Metaspace       used 12283K, capacity 12655K, committed 12800K, reserved 1060864K
  class space    used 1283K, capacity 1436K, committed 1536K, reserved 1048576K
}

Deoptimization events (0 events):
No events

Classes redefined (0 events):
No events

Internal exceptions (10 events):
Event: 0.875 Thread 0x00000207c0171800 Exception <a 'java/lang/NoSuchMethodError'{0x000000074c1d9f20}: java.lang.invoke.DirectMethodHandle$Holder.invokeStaticInit(Ljava/lang/Object;IIII)Ljava/lang/Object;> (0x000000074c1d9f20) thrown at [t:/workspace/open/src/hotspot/share/interpreter/linkReso
Event: 1.015 Thread 0x00000207c0171800 Exception <a 'java/lang/NoSuchMethodError'{0x000000074c026750}: java.lang.invoke.DirectMethodHandle$Holder.invokeStatic(Ljava/lang/Object;Ljava/lang/Object;IIII)Ljava/lang/Object;> (0x000000074c026750) thrown at [t:/workspace/open/src/hotspot/share/interp
Event: 1.015 Thread 0x00000207c0171800 Exception <a 'java/lang/NoSuchMethodError'{0x000000074c029a98}: java.lang.invoke.DirectMethodHandle$Holder.invokeStaticInit(Ljava/lang/Object;Ljava/lang/Object;IIII)Ljava/lang/Object;> (0x000000074c029a98) thrown at [t:/workspace/open/src/hotspot/share/in
Event: 1.026 Thread 0x00000207c0171800 Exception <a 'java/lang/ClassNotFoundException'{0x000000074c047240}: javax/management/remote/rmi/RMIServerImpl_Skel> (0x000000074c047240) thrown at [t:/workspace/open/src/hotspot/share/classfile/systemDictionary.cpp, line 231]
Event: 1.064 Thread 0x00000207c0171800 Exception <a 'java/lang/ClassNotFoundException'{0x000000074c0ee240}: jdk/internal/agent/resources/spi/agentProvider> (0x000000074c0ee240) thrown at [t:/workspace/open/src/hotspot/share/classfile/systemDictionary.cpp, line 231]
Event: 1.071 Thread 0x00000207c0171800 Exception <a 'java/lang/NoSuchMethodError'{0x000000074bf43ac8}: java.lang.invoke.DirectMethodHandle$Holder.invokeStatic(Ljava/lang/Object;Ljava/lang/Object;Ljava/lang/Object;Ljava/lang/Object;Ljava/lang/Object;Ljava/lang/Object;Ljava/lang/Object;Ljava/lan
Event: 1.072 Thread 0x00000207c0171800 Exception <a 'java/lang/NoSuchMethodError'{0x000000074bf502e8}: java.lang.invoke.DirectMethodHandle$Holder.invokeStatic(Ljava/lang/Object;Ljava/lang/Object;Ljava/lang/Object;Ljava/lang/Object;Ljava/lang/Object;Ljava/lang/Object;Ljava/lang/Object;Ljava/lan
Event: 1.074 Thread 0x00000207c0171800 Exception <a 'java/lang/NoSuchMethodError'{0x000000074bf69dc0}: java.lang.invoke.DelegatingMethodHandle$Holder.reinvoke_L(Ljava/lang/Object;ILjava/lang/Object;)Ljava/lang/Object;> (0x000000074bf69dc0) thrown at [t:/workspace/open/src/hotspot/share/interpr
Event: 1.122 Thread 0x00000207c0171800 Exception <a 'java/lang/ClassNotFoundException'{0x000000074c3e5dd8}: javax/smartcardio/CardPermission> (0x000000074c3e5dd8) thrown at [t:/workspace/open/src/hotspot/share/classfile/systemDictionary.cpp, line 231]
Event: 1.125 Thread 0x00000207c0171800 Exception <a 'java/io/FileNotFoundException'{0x000000074c3f4180}> (0x000000074c3f4180) thrown at [t:/workspace/open/src/hotspot/share/prims/jni.cpp, line 615]

Events (10 events):
Event: 1.127 loading class java/util/PropertyPermissionCollection done
Event: 1.127 loading class java/util/PropertyPermissionCollection$1
Event: 1.128 loading class java/util/PropertyPermissionCollection$1 done
Event: 1.128 loading class sun/net/www/protocol/file/FileURLConnection
Event: 1.128 loading class sun/net/www/URLConnection
Event: 1.128 loading class java/net/URLConnection
Event: 1.128 loading class java/net/URLConnection done
Event: 1.128 loading class sun/net/www/URLConnection done
Event: 1.128 loading class sun/net/www/protocol/file/FileURLConnection done
Event: 1.128 loading class sun/net/www/MessageHeader


Dynamic libraries:
0x00007ff6a5db0000 - 0x00007ff6a5df7000 	C:\Program Files\Java\jdk-11.0.6\bin\javaw.exe
0x00007fff0fb00000 - 0x00007fff0fcf0000 	C:\WINDOWS\SYSTEM32\ntdll.dll
0x00007fff0ed40000 - 0x00007fff0edf2000 	C:\WINDOWS\System32\KERNEL32.DLL
0x00007fff0cab0000 - 0x00007fff0cd54000 	C:\WINDOWS\System32\KERNELBASE.dll
0x00007fff0abf0000 - 0x00007fff0ac7f000 	C:\WINDOWS\SYSTEM32\apphelp.dll
0x00007ffeebaf0000 - 0x00007ffeebb4d000 	C:\WINDOWS\SYSTEM32\AcGenral.DLL
0x00007fff0ee00000 - 0x00007fff0ee9e000 	C:\WINDOWS\System32\msvcrt.dll
0x00007fff0e870000 - 0x00007fff0e907000 	C:\WINDOWS\System32\sechost.dll
0x00007fff0f110000 - 0x00007fff0f230000 	C:\WINDOWS\System32\RPCRT4.dll
0x00007fff0fa60000 - 0x00007fff0fab2000 	C:\WINDOWS\System32\SHLWAPI.dll
0x00007fff0e950000 - 0x00007fff0ec85000 	C:\WINDOWS\System32\combase.dll
0x00007fff0da90000 - 0x00007fff0db8a000 	C:\WINDOWS\System32\ucrtbase.dll
0x00007fff0cd60000 - 0x00007fff0cde0000 	C:\WINDOWS\System32\bcryptPrimitives.dll
0x00007fff0f860000 - 0x00007fff0f886000 	C:\WINDOWS\System32\GDI32.dll
0x00007fff0da60000 - 0x00007fff0da81000 	C:\WINDOWS\System32\win32u.dll
0x00007fff0cde0000 - 0x00007fff0cf76000 	C:\WINDOWS\System32\gdi32full.dll
0x00007fff0d080000 - 0x00007fff0d11e000 	C:\WINDOWS\System32\msvcp_win.dll
0x00007fff0ef70000 - 0x00007fff0f105000 	C:\WINDOWS\System32\USER32.dll
0x00007fff0e710000 - 0x00007fff0e867000 	C:\WINDOWS\System32\ole32.dll
0x00007fff0f340000 - 0x00007fff0f3e3000 	C:\WINDOWS\System32\advapi32.dll
0x00007fff0ddd0000 - 0x00007fff0e4b7000 	C:\WINDOWS\System32\SHELL32.dll
0x00007fff0d030000 - 0x00007fff0d07a000 	C:\WINDOWS\System32\cfgmgr32.dll
0x00007fff0ec90000 - 0x00007fff0ed39000 	C:\WINDOWS\System32\shcore.dll
0x00007fff0d180000 - 0x00007fff0d902000 	C:\WINDOWS\System32\windows.storage.dll
0x00007fff0ca50000 - 0x00007fff0ca73000 	C:\WINDOWS\System32\profapi.dll
0x00007fff0c9c0000 - 0x00007fff0ca0a000 	C:\WINDOWS\System32\powrprof.dll
0x00007fff0c9b0000 - 0x00007fff0c9c0000 	C:\WINDOWS\System32\UMPDC.dll
0x00007fff0ca10000 - 0x00007fff0ca21000 	C:\WINDOWS\System32\kernel.appcore.dll
0x00007fff0db90000 - 0x00007fff0dba7000 	C:\WINDOWS\System32\cryptsp.dll
0x00007fff0c8a0000 - 0x00007fff0c8c5000 	C:\WINDOWS\SYSTEM32\USERENV.dll
0x00007ffef50f0000 - 0x00007ffef510b000 	C:\WINDOWS\SYSTEM32\MPR.dll
0x00007fff0c8d0000 - 0x00007fff0c8ff000 	C:\WINDOWS\SYSTEM32\SspiCli.dll
0x00007fff0e910000 - 0x00007fff0e93e000 	C:\WINDOWS\System32\IMM32.DLL
0x00007fff02fb0000 - 0x00007fff03234000 	C:\WINDOWS\WinSxS\amd64_microsoft.windows.common-controls_6595b64144ccf1df_6.0.18362.1016_none_9e7a36bbe461dae4\COMCTL32.dll
0x00007fff08530000 - 0x00007fff0853a000 	C:\WINDOWS\SYSTEM32\VERSION.dll
0x00007ffef36f0000 - 0x00007ffef3706000 	C:\Program Files\Java\jdk-11.0.6\bin\vcruntime140.dll
0x00007ffedf320000 - 0x00007ffedf3ca000 	C:\Program Files\Java\jdk-11.0.6\bin\msvcp140.dll
0x00007ffebdb10000 - 0x00007ffebe639000 	C:\Program Files\Java\jdk-11.0.6\bin\server\jvm.dll
0x00007fff0e940000 - 0x00007fff0e948000 	C:\WINDOWS\System32\PSAPI.DLL
0x00007ffefaed0000 - 0x00007ffefaed9000 	C:\WINDOWS\SYSTEM32\WSOCK32.dll
0x00007fff0a970000 - 0x00007fff0a994000 	C:\WINDOWS\SYSTEM32\WINMM.dll
0x00007fff0f240000 - 0x00007fff0f2af000 	C:\WINDOWS\System32\WS2_32.dll
0x00007fff0a940000 - 0x00007fff0a96d000 	C:\WINDOWS\SYSTEM32\winmmbase.dll
0x00007ffefc500000 - 0x00007ffefc511000 	C:\Program Files\Java\jdk-11.0.6\bin\verify.dll
0x00007ffefaf30000 - 0x00007ffefb124000 	C:\WINDOWS\SYSTEM32\DBGHELP.DLL
0x00007ffefac70000 - 0x00007ffefac9a000 	C:\WINDOWS\SYSTEM32\dbgcore.DLL
0x00007ffef4050000 - 0x00007ffef4079000 	C:\Program Files\Java\jdk-11.0.6\bin\java.dll
0x00007ffef7a00000 - 0x00007ffef7a16000 	C:\Program Files\Java\jdk-11.0.6\bin\zip.dll
0x00007fff09320000 - 0x00007fff0932a000 	C:\Program Files\Java\jdk-11.0.6\bin\jimage.dll
0x00007ffef7960000 - 0x00007ffef7979000 	C:\Program Files\Java\jdk-11.0.6\bin\net.dll
0x00007fff05e90000 - 0x00007fff05f80000 	C:\WINDOWS\SYSTEM32\WINHTTP.dll
0x00007fff0c1b0000 - 0x00007fff0c217000 	C:\WINDOWS\system32\mswsock.dll
0x00007ffef5c40000 - 0x00007ffef5c53000 	C:\Program Files\Java\jdk-11.0.6\bin\nio.dll
0x00007fff05d20000 - 0x00007fff05d29000 	C:\Program Files\Java\jdk-11.0.6\bin\management.dll
0x00007fff03d90000 - 0x00007fff03d9c000 	C:\Program Files\Java\jdk-11.0.6\bin\management_ext.dll
0x00007ffef7190000 - 0x00007ffef71a6000 	C:\WINDOWS\system32\napinsp.dll
0x00007ffef7170000 - 0x00007ffef718a000 	C:\WINDOWS\system32\pnrpnsp.dll
0x00007fff0bf00000 - 0x00007fff0bfcb000 	C:\WINDOWS\SYSTEM32\DNSAPI.dll
0x00007fff0f330000 - 0x00007fff0f338000 	C:\WINDOWS\System32\NSI.dll
0x00007fff0bec0000 - 0x00007fff0befa000 	C:\WINDOWS\SYSTEM32\IPHLPAPI.DLL
0x00007ffef9730000 - 0x00007ffef973e000 	C:\WINDOWS\System32\winrnr.dll
0x00007fff09270000 - 0x00007fff0928c000 	C:\WINDOWS\system32\NLAapi.dll
0x00007ffef78e0000 - 0x00007ffef78f5000 	C:\WINDOWS\system32\wshbth.dll
0x00007fff05c90000 - 0x00007fff05c9a000 	C:\Windows\System32\rasadhlp.dll
0x00007fff06d70000 - 0x00007fff06de7000 	C:\WINDOWS\System32\fwpuclnt.dll
0x00007fff0ca80000 - 0x00007fff0caa6000 	C:\WINDOWS\System32\bcrypt.dll
0x00007fff0bd20000 - 0x00007fff0bd53000 	C:\WINDOWS\system32\rsaenh.dll
0x00007fff0c380000 - 0x00007fff0c38c000 	C:\WINDOWS\SYSTEM32\CRYPTBASE.dll
0x00007fff072f0000 - 0x00007fff07306000 	C:\WINDOWS\SYSTEM32\dhcpcsvc6.DLL
0x00007fff074a0000 - 0x00007fff074bc000 	C:\WINDOWS\SYSTEM32\dhcpcsvc.DLL

dbghelp: loaded successfully - version: 4.0.5 - missing functions: none
symbol engine: initialized successfully - sym options: 0x614 - pdb path: .;C:\Program Files\Java\jdk-11.0.6\bin;C:\WINDOWS\SYSTEM32;C:\WINDOWS\WinSxS\amd64_microsoft.windows.common-controls_6595b64144ccf1df_6.0.18362.1016_none_9e7a36bbe461dae4;C:\Program Files\Java\jdk-11.0.6\bin\server

VM Arguments:
jvm_args: -Dcom.sun.management.jmxremote -Dcom.sun.management.jmxremote.port=65130 -Dcom.sun.management.jmxremote.authenticate=false -Dcom.sun.management.jmxremote.ssl=false -Djava.rmi.server.hostname=localhost -Dspring.jmx.enabled=true -Dspring.application.admin.enabled=true -Xverify:none -XX:TieredStopAtLevel=1 -Dspring.boot.project.name=woodstock -Dfile.encoding=UTF-8 
java_command: com.hyperdrive.woodstock.WoodstockApplication --spring.output.ansi.enabled=always
java_class_path (initial): C:\Users\Hugo\Documents\GitHub\Curso Java\ws-sts\woodstock\target\classes;C:\Users\Hugo\.m2\repository\org\springframework\boot\spring-boot-starter-web\2.3.2.RELEASE\spring-boot-starter-web-2.3.2.RELEASE.jar;C:\Users\Hugo\.m2\repository\org\springframework\boot\spring-boot-starter\2.3.2.RELEASE\spring-boot-starter-2.3.2.RELEASE.jar;C:\Users\Hugo\.m2\repository\org\springframework\boot\spring-boot\2.3.2.RELEASE\spring-boot-2.3.2.RELEASE.jar;C:\Users\Hugo\.m2\repository\org\springframework\boot\spring-boot-autoconfigure\2.3.2.RELEASE\spring-boot-autoconfigure-2.3.2.RELEASE.jar;C:\Users\Hugo\.m2\repository\org\springframework\boot\spring-boot-starter-logging\2.3.2.RELEASE\spring-boot-starter-logging-2.3.2.RELEASE.jar;C:\Users\Hugo\.m2\repository\ch\qos\logback\logback-classic\1.2.3\logback-classic-1.2.3.jar;C:\Users\Hugo\.m2\repository\ch\qos\logback\logback-core\1.2.3\logback-core-1.2.3.jar;C:\Users\Hugo\.m2\repository\org\apache\logging\log4j\log4j-to-slf4j\2.13.3\log4j-to-slf4j-2.13.3.jar;C:\Users\Hugo\.m2\repository\org\apache\logging\log4j\log4j-api\2.13.3\log4j-api-2.13.3.jar;C:\Users\Hugo\.m2\repository\org\slf4j\jul-to-slf4j\1.7.30\jul-to-slf4j-1.7.30.jar;C:\Users\Hugo\.m2\repository\jakarta\annotation\jakarta.annotation-api\1.3.5\jakarta.annotation-api-1.3.5.jar;C:\Users\Hugo\.m2\repository\org\yaml\snakeyaml\1.26\snakeyaml-1.26.jar;C:\Users\Hugo\.m2\repository\org\springframework\boot\spring-boot-starter-json\2.3.2.RELEASE\spring-boot-starter-json-2.3.2.RELEASE.jar;C:\Users\Hugo\.m2\repository\com\fasterxml\jackson\datatype\jackson-datatype-jdk8\2.11.1\jackson-datatype-jdk8-2.11.1.jar;C:\Users\Hugo\.m2\repository\com\fasterxml\jackson\datatype\jackson-datatype-jsr310\2.11.1\jackson-datatype-jsr310-2.11.1.jar;C:\Users\Hugo\.m2\repository\com\fasterxml\jackson\module\jackson-module-parameter-names\2.11.1\jackson-module-parameter-names-2.11.1.jar;C:\Users\Hugo\.m2\repository\org\springframework\boot\spring-boot-starter-tomcat\2.3.2.R
Launcher Type: SUN_STANDARD

[Global flags]
     bool BytecodeVerificationLocal                = false                                     {product} {command line}
     bool BytecodeVerificationRemote               = false                                     {product} {command line}
     intx CICompilerCount                          = 3                                         {product} {ergonomic}
     uint ConcGCThreads                            = 2                                         {product} {ergonomic}
     uint G1ConcRefinementThreads                  = 6                                         {product} {ergonomic}
   size_t G1HeapRegionSize                         = 1048576                                   {product} {ergonomic}
    uintx GCDrainStackTargetSize                   = 64                                        {product} {ergonomic}
   size_t InitialHeapSize                          = 201326592                                 {product} {ergonomic}
     bool ManagementServer                         = true                                      {product} {command line}
   size_t MarkStackSize                            = 4194304                                   {product} {ergonomic}
   size_t MaxHeapSize                              = 3217031168                                {product} {ergonomic}
   size_t MaxNewSize                               = 1929379840                                {product} {ergonomic}
   size_t MinHeapDeltaBytes                        = 1048576                                   {product} {ergonomic}
    uintx NonNMethodCodeHeapSize                   = 6973028                                {pd product} {ergonomic}
    uintx NonProfiledCodeHeapSize                  = 244685212                              {pd product} {ergonomic}
    uintx ProfiledCodeHeapSize                     = 0                                      {pd product} {ergonomic}
    uintx ReservedCodeCacheSize                    = 251658240                              {pd product} {ergonomic}
     bool SegmentedCodeCache                       = true                                      {product} {ergonomic}
     intx TieredStopAtLevel                        = 1                                         {product} {command line}
     bool UseCompressedClassPointers               = true                                 {lp64_product} {ergonomic}
     bool UseCompressedOops                        = true                                 {lp64_product} {ergonomic}
     bool UseG1GC                                  = true                                      {product} {ergonomic}
     bool UseLargePagesIndividualAllocation        = false                                  {pd product} {ergonomic}

Logging:
Log output configuration:
 #0: stdout all=warning uptime,level,tags
 #1: stderr all=off uptime,level,tags

Environment Variables:
JAVA_HOME=C:\Program Files\Java\jdk-11.0.6
PATH=C:/Program Files/Java/jdk-11.0.6/bin/server;C:/Program Files/Java/jdk-11.0.6/bin;C:\Python27\;C:\Python27\Scripts;C:\WINDOWS\system32;C:\WINDOWS;C:\WINDOWS\System32\Wbem;C:\WINDOWS\System32\WindowsPowerShell\v1.0\;C:\WINDOWS\System32\OpenSSH\;C:\Program Files\dotnet\;C:\ProgramData\chocolatey\bin;C:\Program Files\Git\cmd;C:\Program Files\Java\jdk-11.0.6\bin;C:\Program Files\MySQL\MySQL Shell 8.0\bin\;C:\Users\Hugo\AppData\Local\Microsoft\WindowsApps;C:\Users\Hugo\AppData\Local\GitHubDesktop\bin;C:\Users\Hugo\AppData\Local\Programs\Microsoft VS Code\bin;C:\Users\Hugo\AppData\Local\Microsoft\WindowsApps;C:\Program Files\heroku\bin;C:\sts-4.6.2.RELEASE;
USERNAME=Hugo
OS=Windows_NT
PROCESSOR_IDENTIFIER=AMD64 Family 21 Model 2 Stepping 0, AuthenticAMD



---------------  S Y S T E M  ---------------

OS: Windows 10 , 64 bit Build 18362 (10.0.18362.959)

CPU:total 6 (initial active 6) (6 cores per cpu, 1 threads per core) family 21 model 2 stepping 0, cmov, cx8, fxsr, mmx, sse, sse2, sse3, ssse3, sse4.1, sse4.2, popcnt, avx, aes, clmul, mmxext, 3dnowpref, lzcnt, sse4a, tsc, tscinvbit, tscinv, bmi1, fma

Memory: 4k page, system-wide physical 12270M (6199M free)
TotalPageFile size 14446M (AvailPageFile size 2633M)
current process WorkingSet (physical memory assigned to process): 99M, peak: 99M
current process commit charge ("private bytes"): 293M, peak: 293M

vm_info: Java HotSpot(TM) 64-Bit Server VM (11.0.6+8-LTS) for windows-amd64 JRE (11.0.6+8-LTS), built on Dec 11 2019 09:17:57 by "mach5one" with MS VC++ 15.5 (VS2017)

END.
