#
# A fatal error has been detected by the Java Runtime Environment:
#
#  EXCEPTION_ACCESS_VIOLATION (0xc0000005) at pc=0x00007ffad4e8f15d, pid=6748, tid=11176
#
# JRE version: Java(TM) SE Runtime Environment (11.0.6+8) (build 11.0.6+8-LTS)
# Java VM: Java HotSpot(TM) 64-Bit Server VM (11.0.6+8-LTS, mixed mode, tiered, compressed oops, g1 gc, windows-amd64)
# Problematic frame:
# V  [jvm.dll+0x65f15d]
#
# No core dump will be written. Minidumps are not enabled by default on client versions of Windows
#
# If you would like to submit a bug report, please visit:
#   http://bugreport.java.com/bugreport/crash.jsp
#

---------------  S U M M A R Y ------------

Command Line: -Dcom.sun.management.jmxremote -Dcom.sun.management.jmxremote.port=63241 -Dcom.sun.management.jmxremote.authenticate=false -Dcom.sun.management.jmxremote.ssl=false -Djava.rmi.server.hostname=localhost -Dspring.jmx.enabled=true -Dspring.application.admin.enabled=true -Xverify:none -XX:TieredStopAtLevel=1 -Dspring.boot.project.name=woodstock -Dfile.encoding=UTF-8 com.hyperdrive.woodstock.WoodstockApplication --spring.output.ansi.enabled=always

Host: AMD FX(tm)-6300 Six-Core Processor             , 6 cores, 11G,  Windows 10 , 64 bit Build 18362 (10.0.18362.959)
Time: Mon Aug 17 15:24:37 2020 Hora oficial do Brasil elapsed time: 107 seconds (0d 0h 1m 47s)

---------------  T H R E A D  ---------------

Current thread (0x000001ed842d7000):  JavaThread "DestroyJavaVM" [_thread_in_vm, id=11176, stack(0x0000002680d00000,0x0000002680e00000)]

Stack: [0x0000002680d00000,0x0000002680e00000],  sp=0x0000002680dff5f0,  free space=1021k
Native frames: (J=compiled Java code, j=interpreted, Vv=VM code, C=native code)
V  [jvm.dll+0x65f15d]
V  [jvm.dll+0x65f70a]
V  [jvm.dll+0x3732a9]
V  [jvm.dll+0x735a83]
V  [jvm.dll+0x3dded8]
C  [javaw.exe+0x367e]
C  [javaw.exe+0x17e2c]
C  [KERNEL32.DLL+0x17bd4]
C  [ntdll.dll+0x6ce51]


siginfo: EXCEPTION_ACCESS_VIOLATION (0xc0000005), reading address 0x000000040000000b


Register to memory mapping:

RIP=0x00007ffad4e8f15d jvm.dll
RAX=0x0000000000000001 is an unknown value
RBX=0x0000000400000003 is an unknown value
RCX=0x000001eddaaf0000 points into unknown readable memory: 00 00 00 00 00 00 00 00
RDX=0x000001eddaaf0000 points into unknown readable memory: 00 00 00 00 00 00 00 00
RSP=0x0000002680dff5f0 points into unknown readable memory: cd 00 00 00 00 00 00 00
RBP=0x0 is NULL
RSI=0x0 is NULL
RDI=0x000001ed8056bca0 points into unknown readable memory: 03 00 00 00 04 00 00 00
R8 =0x000001ed84213880 points into unknown readable memory: 80 56 7f 80 ed 01 00 00
R9 =0x0000000000000001 is an unknown value
R10=0x000001eddaa60cc0 points into unknown readable memory: 04 00 23 08 00 00 00 00
R11=0x0000002680dff550 points into unknown readable memory: 00 00 00 00 00 00 00 00
R12=0x000001eddcd62a48 points into unknown readable memory: 80 0a 49 4b 07 00 00 00
R13=0x000001eddab1a8b0 points into unknown readable memory: 63 6f 6d 2e 68 79 70 65
R14=0x000001eddcd62a38 points into unknown readable memory: 30 0a 49 4b 07 00 00 00
R15=0x000001eddcd62a30 points into unknown readable memory: 00 0a 49 4b 07 00 00 00


Registers:
RAX=0x0000000000000001, RBX=0x0000000400000003, RCX=0x000001eddaaf0000, RDX=0x000001eddaaf0000
RSP=0x0000002680dff5f0, RBP=0x0000000000000000, RSI=0x0000000000000000, RDI=0x000001ed8056bca0
R8 =0x000001ed84213880, R9 =0x0000000000000001, R10=0x000001eddaa60cc0, R11=0x0000002680dff550
R12=0x000001eddcd62a48, R13=0x000001eddab1a8b0, R14=0x000001eddcd62a38, R15=0x000001eddcd62a30
RIP=0x00007ffad4e8f15d, EFLAGS=0x0000000000010206

Top of Stack: (sp=0x0000002680dff5f0)
0x0000002680dff5f0:   00000000000000cd 00007ffa00000000
0x0000002680dff600:   000001ed00000000 0000000000000000
0x0000002680dff610:   000001ed842d7000 00007ffad4e8f70a
0x0000002680dff620:   000001eddcd5dc40 0000002680dff7d8
0x0000002680dff630:   0000000000000000 000001ed842d7000
0x0000002680dff640:   000001ed82640b60 00007ffad4ba32a9
0x0000002680dff650:   0000000000000000 0000002680dff7d8
0x0000002680dff660:   0000000000000000 000001ed00000010
0x0000002680dff670:   000001ed842d7000 00007ffad4f65a83
0x0000002680dff680:   000001eddcd5dc40 000001ed842d7000
0x0000002680dff690:   0000000000000000 0000002680dff7d8
0x0000002680dff6a0:   000001ed842d7000 000001eddcd62a38
0x0000002680dff6b0:   000000000000000e 0000000000000000
0x0000002680dff6c0:   000001ed8456cd00 000001eddcd62180
0x0000002680dff6d0:   000001ed842d7000 000001ed8456cd30
0x0000002680dff6e0:   000001eddcd62180 000001eddcd62190 

Instructions: (pc=0x00007ffad4e8f15d)
0x00007ffad4e8f13d:   8b ce e8 bc a2 a5 ff 48 8b 3d 35 03 41 00 48 8b
0x00007ffad4e8f14d:   74 24 40 48 85 ff 74 39 48 8b 1f 48 85 db 74 29
0x00007ffad4e8f15d:   48 83 7b 08 01 75 1a 48 8b 53 18 89 2b 48 85 d2
0x00007ffad4e8f16d:   74 0f 39 6b 04 48 8b cb e8 06 ea b8 ff 48 89 6b 


Stack slot to memory mapping:
stack at sp + 0 slots: 0x00000000000000cd is an unknown value
stack at sp + 1 slots: 0x00007ffa00000000 is an unknown value
stack at sp + 2 slots: 0x000001ed00000000 is an unknown value
stack at sp + 3 slots: 0x0 is NULL
stack at sp + 4 slots: 0x000001ed842d7000 points into unknown readable memory: e8 a4 10 d5 fa 7f 00 00
stack at sp + 5 slots: 0x00007ffad4e8f70a jvm.dll
stack at sp + 6 slots: 0x000001eddcd5dc40 points into unknown readable memory: 00 00 00 00 00 00 00 00
stack at sp + 7 slots: 0x0000002680dff7d8 points into unknown readable memory: 00 00 00 00 00 00 00 00


---------------  P R O C E S S  ---------------

Threads class SMR info:
_java_thread_list=0x000001ed82640b60, length=16, elements={
0x000001edfb629000, 0x000001edfe53b800, 0x000001edfe589000, 0x000001edfe58a000,
0x000001edfe58b000, 0x000001edfe599800, 0x000001edfe510800, 0x000001edfe7b4800,
0x000001ed805a2800, 0x000001ed8058d000, 0x000001ed805a7000, 0x000001ed842d8000,
0x000001ed842db000, 0x000001ed842d9000, 0x000001ed845ec000, 0x000001ed845e8000
}

Java Threads: ( => current thread )
  0x000001edfb629000 JavaThread "Reference Handler" daemon [_thread_blocked, id=6464, stack(0x0000002681400000,0x0000002681500000)]
  0x000001edfe53b800 JavaThread "Finalizer" daemon [_thread_blocked, id=15056, stack(0x0000002681500000,0x0000002681600000)]
  0x000001edfe589000 JavaThread "Signal Dispatcher" daemon [_thread_blocked, id=15008, stack(0x0000002681600000,0x0000002681700000)]
  0x000001edfe58a000 JavaThread "Attach Listener" daemon [_thread_blocked, id=10112, stack(0x0000002681700000,0x0000002681800000)]
  0x000001edfe58b000 JavaThread "C1 CompilerThread0" daemon [_thread_blocked, id=5468, stack(0x0000002681800000,0x0000002681900000)]
  0x000001edfe599800 JavaThread "Sweeper thread" daemon [_thread_blocked, id=10480, stack(0x0000002681900000,0x0000002681a00000)]
  0x000001edfe510800 JavaThread "Common-Cleaner" daemon [_thread_blocked, id=11020, stack(0x0000002681a00000,0x0000002681b00000)]
  0x000001edfe7b4800 JavaThread "Service Thread" daemon [_thread_blocked, id=9760, stack(0x0000002681b00000,0x0000002681c00000)]
  0x000001ed805a2800 JavaThread "RMI TCP Accept-0" daemon [_thread_in_native, id=15660, stack(0x0000002681f00000,0x0000002682000000)]
  0x000001ed8058d000 JavaThread "RMI TCP Accept-63241" daemon [_thread_in_native, id=4960, stack(0x0000002682000000,0x0000002682100000)]
  0x000001ed805a7000 JavaThread "RMI TCP Accept-0" daemon [_thread_in_native, id=15252, stack(0x0000002682100000,0x0000002682200000)]
  0x000001ed842d8000 JavaThread "Java2D Disposer" daemon [_thread_blocked, id=12732, stack(0x0000002682900000,0x0000002682a00000)]
  0x000001ed842db000 JavaThread "RMI TCP Connection(1)-127.0.0.1" daemon [_thread_in_native, id=5652, stack(0x0000002680a00000,0x0000002680b00000)]
  0x000001ed842d9000 JavaThread "RMI Scheduler(0)" daemon [_thread_blocked, id=324, stack(0x0000002680b00000,0x0000002680c00000)]
  0x000001ed845ec000 JavaThread "RMI TCP Connection(2)-127.0.0.1" daemon [_thread_in_native, id=12784, stack(0x0000002680c00000,0x0000002680d00000)]
  0x000001ed845e8000 JavaThread "JMX server connection timeout 48" daemon [_thread_blocked, id=8660, stack(0x0000002682a00000,0x0000002682b00000)]

Other Threads:
  0x000001eddcd76000 GCTaskThread "GC Thread#0" [stack: 0x0000002680e00000,0x0000002680f00000] [id=13868]
  0x000001ed8053f800 GCTaskThread "GC Thread#1" [stack: 0x0000002681c00000,0x0000002681d00000] [id=11460]
  0x000001ed80540000 GCTaskThread "GC Thread#2" [stack: 0x0000002681d00000,0x0000002681e00000] [id=8232]
  0x000001ed80548800 GCTaskThread "GC Thread#3" [stack: 0x0000002681e00000,0x0000002681f00000] [id=4248]
  0x000001ed820a2000 GCTaskThread "GC Thread#4" [stack: 0x0000002682300000,0x0000002682400000] [id=2104]
  0x000001ed8196c800 GCTaskThread "GC Thread#5" [stack: 0x0000002682b00000,0x0000002682c00000] [id=16168]
  0x000001eddcdbc800 ConcurrentGCThread "G1 Main Marker" [stack: 0x0000002680f00000,0x0000002681000000] [id=9692]
  0x000001eddcdbe000 ConcurrentGCThread "G1 Conc#0" [stack: 0x0000002681000000,0x0000002681100000] [id=7288]
  0x000001ed80c4a000 ConcurrentGCThread "G1 Conc#1" [stack: 0x0000002682400000,0x0000002682500000] [id=12256]
  0x000001edfb50a000 ConcurrentGCThread "G1 Refine#0" [stack: 0x0000002681100000,0x0000002681200000] [id=11632]
  0x000001edfb50b000 ConcurrentGCThread "G1 Young RemSet Sampling" [stack: 0x0000002681200000,0x0000002681300000] [id=13396]

=>0x000001ed842d7000 (exited) JavaThread "DestroyJavaVM" [_thread_in_vm, id=11176, stack(0x0000002680d00000,0x0000002680e00000)]

Threads with active compile tasks:

VM state:at safepoint (shutting down)

VM Mutex/Monitor currently owned by a thread:  ([mutex/lock_event])
[0x000001eddcd5d3d0] Threads_lock - owner thread: 0x000001edfb623800

Heap address: 0x0000000740400000, size: 3068 MB, Compressed Oops mode: Zero based, Oop shift amount: 3
Narrow klass base: 0x0000000800000000, Narrow klass shift: 0
Compressed class space size: 1073741824 Address: 0x0000000800000000

Heap:
 garbage-first heap   total 284672K, used 157187K [0x0000000740400000, 0x0000000800000000)
  region size 1024K, 121 young (123904K), 15 survivors (15360K)
 Metaspace       used 77422K, capacity 79340K, committed 79580K, reserved 1118208K
  class space    used 10066K, capacity 10826K, committed 10880K, reserved 1048576K
Heap Regions: E=young(eden), S=young(survivor), O=old, HS=humongous(starts), HC=humongous(continues), CS=collection set, F=free, A=archive, TAMS=top-at-mark-start (previous, next)
|   0|0x0000000740400000, 0x0000000740500000, 0x0000000740500000|100%|HS|  |TAMS 0x0000000740500000, 0x0000000740400000| Complete 
|   1|0x0000000740500000, 0x0000000740600000, 0x0000000740600000|100%| O|  |TAMS 0x0000000740600000, 0x0000000740500000| Untracked 
|   2|0x0000000740600000, 0x0000000740700000, 0x0000000740700000|100%| O|  |TAMS 0x0000000740700000, 0x0000000740600000| Untracked 
|   3|0x0000000740700000, 0x0000000740800000, 0x0000000740800000|100%| O|  |TAMS 0x0000000740800000, 0x0000000740700000| Untracked 
|   4|0x0000000740800000, 0x0000000740900000, 0x0000000740900000|100%| O|  |TAMS 0x0000000740900000, 0x0000000740800000| Untracked 
|   5|0x0000000740900000, 0x0000000740a00000, 0x0000000740a00000|100%| O|  |TAMS 0x0000000740a00000, 0x0000000740900000| Untracked 
|   6|0x0000000740a00000, 0x0000000740b00000, 0x0000000740b00000|100%| O|  |TAMS 0x0000000740b00000, 0x0000000740a00000| Untracked 
|   7|0x0000000740b00000, 0x0000000740c00000, 0x0000000740c00000|100%| O|  |TAMS 0x0000000740c00000, 0x0000000740b00000| Untracked 
|   8|0x0000000740c00000, 0x0000000740d00000, 0x0000000740d00000|100%| O|  |TAMS 0x0000000740d00000, 0x0000000740c00000| Untracked 
|   9|0x0000000740d00000, 0x0000000740e00000, 0x0000000740e00000|100%| O|  |TAMS 0x0000000740e00000, 0x0000000740d00000| Untracked 
|  10|0x0000000740e00000, 0x0000000740f00000, 0x0000000740f00000|100%| O|  |TAMS 0x0000000740f00000, 0x0000000740e00000| Untracked 
|  11|0x0000000740f00000, 0x0000000741000000, 0x0000000741000000|100%| O|  |TAMS 0x0000000741000000, 0x0000000740f00000| Untracked 
|  12|0x0000000741000000, 0x0000000741100000, 0x0000000741100000|100%| O|  |TAMS 0x0000000741100000, 0x0000000741000000| Untracked 
|  13|0x0000000741100000, 0x0000000741200000, 0x0000000741200000|100%| O|  |TAMS 0x0000000741200000, 0x0000000741100000| Untracked 
|  14|0x0000000741200000, 0x0000000741300000, 0x0000000741300000|100%| O|  |TAMS 0x0000000741300000, 0x0000000741200000| Untracked 
|  15|0x0000000741300000, 0x0000000741400000, 0x0000000741400000|100%| O|  |TAMS 0x0000000741400000, 0x0000000741300000| Untracked 
|  16|0x0000000741400000, 0x0000000741500000, 0x0000000741500000|100%| O|  |TAMS 0x0000000741500000, 0x0000000741400000| Untracked 
|  17|0x0000000741500000, 0x0000000741600000, 0x0000000741600000|100%| O|  |TAMS 0x0000000741600000, 0x0000000741500000| Untracked 
|  18|0x0000000741600000, 0x0000000741700000, 0x0000000741700000|100%| O|  |TAMS 0x0000000741700000, 0x0000000741600000| Untracked 
|  19|0x0000000741700000, 0x0000000741800000, 0x0000000741800000|100%| O|  |TAMS 0x0000000741800000, 0x0000000741700000| Untracked 
|  20|0x0000000741800000, 0x0000000741900000, 0x0000000741900000|100%| O|  |TAMS 0x0000000741900000, 0x0000000741800000| Untracked 
|  21|0x0000000741900000, 0x0000000741a00000, 0x0000000741a00000|100%| O|  |TAMS 0x0000000741a00000, 0x0000000741900000| Untracked 
|  22|0x0000000741a00000, 0x0000000741b00000, 0x0000000741b00000|100%| O|  |TAMS 0x0000000741b00000, 0x0000000741a00000| Untracked 
|  23|0x0000000741b00000, 0x0000000741c00000, 0x0000000741c00000|100%| O|  |TAMS 0x0000000741c00000, 0x0000000741b00000| Untracked 
|  24|0x0000000741c00000, 0x0000000741d00000, 0x0000000741d00000|100%| O|  |TAMS 0x0000000741d00000, 0x0000000741c00000| Untracked 
|  25|0x0000000741d00000, 0x0000000741e00000, 0x0000000741e00000|100%| O|  |TAMS 0x0000000741e00000, 0x0000000741d00000| Untracked 
|  26|0x0000000741e00000, 0x0000000741f00000, 0x0000000741f00000|100%| O|  |TAMS 0x0000000741f00000, 0x0000000741e00000| Untracked 
|  27|0x0000000741f00000, 0x0000000742000000, 0x0000000742000000|100%| O|  |TAMS 0x0000000742000000, 0x0000000741f00000| Untracked 
|  28|0x0000000742000000, 0x0000000742080c00, 0x0000000742100000| 50%| O|  |TAMS 0x0000000742080c00, 0x0000000742000000| Untracked 
|  29|0x0000000742100000, 0x0000000742200000, 0x0000000742200000|100%|HS|  |TAMS 0x0000000742100000, 0x0000000742100000| Complete 
|  30|0x0000000742200000, 0x0000000742300000, 0x0000000742300000|100%|HC|  |TAMS 0x0000000742200000, 0x0000000742200000| Complete 
|  31|0x0000000742300000, 0x0000000742400000, 0x0000000742400000|100%|HC|  |TAMS 0x0000000742300000, 0x0000000742300000| Complete 
|  32|0x0000000742400000, 0x0000000742500000, 0x0000000742500000|100%|HC|  |TAMS 0x0000000742400000, 0x0000000742400000| Complete 
|  33|0x0000000742500000, 0x0000000742600000, 0x0000000742600000|100%|HC|  |TAMS 0x0000000742500000, 0x0000000742500000| Complete 
|  34|0x0000000742600000, 0x0000000742600000, 0x0000000742700000|  0%| F|  |TAMS 0x0000000742600000, 0x0000000742600000| Untracked 
|  35|0x0000000742700000, 0x0000000742700000, 0x0000000742800000|  0%| F|  |TAMS 0x0000000742700000, 0x0000000742700000| Untracked 
|  36|0x0000000742800000, 0x0000000742800000, 0x0000000742900000|  0%| F|  |TAMS 0x0000000742800000, 0x0000000742800000| Untracked 
|  37|0x0000000742900000, 0x0000000742900000, 0x0000000742a00000|  0%| F|  |TAMS 0x0000000742900000, 0x0000000742900000| Untracked 
|  38|0x0000000742a00000, 0x0000000742a00000, 0x0000000742b00000|  0%| F|  |TAMS 0x0000000742a00000, 0x0000000742a00000| Untracked 
|  39|0x0000000742b00000, 0x0000000742b00000, 0x0000000742c00000|  0%| F|  |TAMS 0x0000000742b00000, 0x0000000742b00000| Untracked 
|  40|0x0000000742c00000, 0x0000000742c00000, 0x0000000742d00000|  0%| F|  |TAMS 0x0000000742c00000, 0x0000000742c00000| Untracked 
|  41|0x0000000742d00000, 0x0000000742d00000, 0x0000000742e00000|  0%| F|  |TAMS 0x0000000742d00000, 0x0000000742d00000| Untracked 
|  42|0x0000000742e00000, 0x0000000742e00000, 0x0000000742f00000|  0%| F|  |TAMS 0x0000000742e00000, 0x0000000742e00000| Untracked 
|  43|0x0000000742f00000, 0x0000000742f00000, 0x0000000743000000|  0%| F|  |TAMS 0x0000000742f00000, 0x0000000742f00000| Untracked 
|  44|0x0000000743000000, 0x0000000743000000, 0x0000000743100000|  0%| F|  |TAMS 0x0000000743000000, 0x0000000743000000| Untracked 
|  45|0x0000000743100000, 0x0000000743100000, 0x0000000743200000|  0%| F|  |TAMS 0x0000000743100000, 0x0000000743100000| Untracked 
|  46|0x0000000743200000, 0x0000000743200000, 0x0000000743300000|  0%| F|  |TAMS 0x0000000743200000, 0x0000000743200000| Untracked 
|  47|0x0000000743300000, 0x0000000743300000, 0x0000000743400000|  0%| F|  |TAMS 0x0000000743300000, 0x0000000743300000| Untracked 
|  48|0x0000000743400000, 0x0000000743400000, 0x0000000743500000|  0%| F|  |TAMS 0x0000000743400000, 0x0000000743400000| Untracked 
|  49|0x0000000743500000, 0x0000000743500000, 0x0000000743600000|  0%| F|  |TAMS 0x0000000743500000, 0x0000000743500000| Untracked 
|  50|0x0000000743600000, 0x0000000743600000, 0x0000000743700000|  0%| F|  |TAMS 0x0000000743600000, 0x0000000743600000| Untracked 
|  51|0x0000000743700000, 0x0000000743700000, 0x0000000743800000|  0%| F|  |TAMS 0x0000000743700000, 0x0000000743700000| Untracked 
|  52|0x0000000743800000, 0x0000000743800000, 0x0000000743900000|  0%| F|  |TAMS 0x0000000743800000, 0x0000000743800000| Untracked 
|  53|0x0000000743900000, 0x0000000743900000, 0x0000000743a00000|  0%| F|  |TAMS 0x0000000743900000, 0x0000000743900000| Untracked 
|  54|0x0000000743a00000, 0x0000000743a00000, 0x0000000743b00000|  0%| F|  |TAMS 0x0000000743a00000, 0x0000000743a00000| Untracked 
|  55|0x0000000743b00000, 0x0000000743b00000, 0x0000000743c00000|  0%| F|  |TAMS 0x0000000743b00000, 0x0000000743b00000| Untracked 
|  56|0x0000000743c00000, 0x0000000743c00000, 0x0000000743d00000|  0%| F|  |TAMS 0x0000000743c00000, 0x0000000743c00000| Untracked 
|  57|0x0000000743d00000, 0x0000000743d00000, 0x0000000743e00000|  0%| F|  |TAMS 0x0000000743d00000, 0x0000000743d00000| Untracked 
|  58|0x0000000743e00000, 0x0000000743e00000, 0x0000000743f00000|  0%| F|  |TAMS 0x0000000743e00000, 0x0000000743e00000| Untracked 
|  59|0x0000000743f00000, 0x0000000743f00000, 0x0000000744000000|  0%| F|  |TAMS 0x0000000743f00000, 0x0000000743f00000| Untracked 
|  60|0x0000000744000000, 0x0000000744000000, 0x0000000744100000|  0%| F|  |TAMS 0x0000000744000000, 0x0000000744000000| Untracked 
|  61|0x0000000744100000, 0x0000000744100000, 0x0000000744200000|  0%| F|  |TAMS 0x0000000744100000, 0x0000000744100000| Untracked 
|  62|0x0000000744200000, 0x0000000744200000, 0x0000000744300000|  0%| F|  |TAMS 0x0000000744200000, 0x0000000744200000| Untracked 
|  63|0x0000000744300000, 0x0000000744300000, 0x0000000744400000|  0%| F|  |TAMS 0x0000000744300000, 0x0000000744300000| Untracked 
|  64|0x0000000744400000, 0x0000000744400000, 0x0000000744500000|  0%| F|  |TAMS 0x0000000744400000, 0x0000000744400000| Untracked 
|  65|0x0000000744500000, 0x0000000744500000, 0x0000000744600000|  0%| F|  |TAMS 0x0000000744500000, 0x0000000744500000| Untracked 
|  66|0x0000000744600000, 0x0000000744600000, 0x0000000744700000|  0%| F|  |TAMS 0x0000000744600000, 0x0000000744600000| Untracked 
|  67|0x0000000744700000, 0x0000000744700000, 0x0000000744800000|  0%| F|  |TAMS 0x0000000744700000, 0x0000000744700000| Untracked 
|  68|0x0000000744800000, 0x0000000744800000, 0x0000000744900000|  0%| F|  |TAMS 0x0000000744800000, 0x0000000744800000| Untracked 
|  69|0x0000000744900000, 0x0000000744900000, 0x0000000744a00000|  0%| F|  |TAMS 0x0000000744900000, 0x0000000744900000| Untracked 
|  70|0x0000000744a00000, 0x0000000744a00000, 0x0000000744b00000|  0%| F|  |TAMS 0x0000000744a00000, 0x0000000744a00000| Untracked 
|  71|0x0000000744b00000, 0x0000000744b00000, 0x0000000744c00000|  0%| F|  |TAMS 0x0000000744b00000, 0x0000000744b00000| Untracked 
|  72|0x0000000744c00000, 0x0000000744c00000, 0x0000000744d00000|  0%| F|  |TAMS 0x0000000744c00000, 0x0000000744c00000| Untracked 
|  73|0x0000000744d00000, 0x0000000744d00000, 0x0000000744e00000|  0%| F|  |TAMS 0x0000000744d00000, 0x0000000744d00000| Untracked 
|  74|0x0000000744e00000, 0x0000000744e00000, 0x0000000744f00000|  0%| F|  |TAMS 0x0000000744e00000, 0x0000000744e00000| Untracked 
|  75|0x0000000744f00000, 0x0000000744f00000, 0x0000000745000000|  0%| F|  |TAMS 0x0000000744f00000, 0x0000000744f00000| Untracked 
|  76|0x0000000745000000, 0x0000000745000000, 0x0000000745100000|  0%| F|  |TAMS 0x0000000745000000, 0x0000000745000000| Untracked 
|  77|0x0000000745100000, 0x0000000745100000, 0x0000000745200000|  0%| F|  |TAMS 0x0000000745100000, 0x0000000745100000| Untracked 
|  78|0x0000000745200000, 0x0000000745200000, 0x0000000745300000|  0%| F|  |TAMS 0x0000000745200000, 0x0000000745200000| Untracked 
|  79|0x0000000745300000, 0x0000000745300000, 0x0000000745400000|  0%| F|  |TAMS 0x0000000745300000, 0x0000000745300000| Untracked 
|  80|0x0000000745400000, 0x0000000745400000, 0x0000000745500000|  0%| F|  |TAMS 0x0000000745400000, 0x0000000745400000| Untracked 
|  81|0x0000000745500000, 0x0000000745500000, 0x0000000745600000|  0%| F|  |TAMS 0x0000000745500000, 0x0000000745500000| Untracked 
|  82|0x0000000745600000, 0x0000000745600000, 0x0000000745700000|  0%| F|  |TAMS 0x0000000745600000, 0x0000000745600000| Untracked 
|  83|0x0000000745700000, 0x0000000745700000, 0x0000000745800000|  0%| F|  |TAMS 0x0000000745700000, 0x0000000745700000| Untracked 
|  84|0x0000000745800000, 0x0000000745800000, 0x0000000745900000|  0%| F|  |TAMS 0x0000000745800000, 0x0000000745800000| Untracked 
|  85|0x0000000745900000, 0x0000000745900000, 0x0000000745a00000|  0%| F|  |TAMS 0x0000000745900000, 0x0000000745900000| Untracked 
|  86|0x0000000745a00000, 0x0000000745a00000, 0x0000000745b00000|  0%| F|  |TAMS 0x0000000745a00000, 0x0000000745a00000| Untracked 
|  87|0x0000000745b00000, 0x0000000745b00000, 0x0000000745c00000|  0%| F|  |TAMS 0x0000000745b00000, 0x0000000745b00000| Untracked 
|  88|0x0000000745c00000, 0x0000000745c00000, 0x0000000745d00000|  0%| F|  |TAMS 0x0000000745c00000, 0x0000000745c00000| Untracked 
|  89|0x0000000745d00000, 0x0000000745d00000, 0x0000000745e00000|  0%| F|  |TAMS 0x0000000745d00000, 0x0000000745d00000| Untracked 
|  90|0x0000000745e00000, 0x0000000745e00000, 0x0000000745f00000|  0%| F|  |TAMS 0x0000000745e00000, 0x0000000745e00000| Untracked 
|  91|0x0000000745f00000, 0x0000000745f00000, 0x0000000746000000|  0%| F|  |TAMS 0x0000000745f00000, 0x0000000745f00000| Untracked 
|  92|0x0000000746000000, 0x0000000746000000, 0x0000000746100000|  0%| F|  |TAMS 0x0000000746000000, 0x0000000746000000| Untracked 
|  93|0x0000000746100000, 0x0000000746100000, 0x0000000746200000|  0%| F|  |TAMS 0x0000000746100000, 0x0000000746100000| Untracked 
|  94|0x0000000746200000, 0x0000000746200000, 0x0000000746300000|  0%| F|  |TAMS 0x0000000746200000, 0x0000000746200000| Untracked 
|  95|0x0000000746300000, 0x0000000746300000, 0x0000000746400000|  0%| F|  |TAMS 0x0000000746300000, 0x0000000746300000| Untracked 
|  96|0x0000000746400000, 0x0000000746400000, 0x0000000746500000|  0%| F|  |TAMS 0x0000000746400000, 0x0000000746400000| Untracked 
|  97|0x0000000746500000, 0x0000000746500000, 0x0000000746600000|  0%| F|  |TAMS 0x0000000746500000, 0x0000000746500000| Untracked 
|  98|0x0000000746600000, 0x0000000746600000, 0x0000000746700000|  0%| F|  |TAMS 0x0000000746600000, 0x0000000746600000| Untracked 
|  99|0x0000000746700000, 0x0000000746700000, 0x0000000746800000|  0%| F|  |TAMS 0x0000000746700000, 0x0000000746700000| Untracked 
| 100|0x0000000746800000, 0x0000000746800000, 0x0000000746900000|  0%| F|  |TAMS 0x0000000746800000, 0x0000000746800000| Untracked 
| 101|0x0000000746900000, 0x0000000746900000, 0x0000000746a00000|  0%| F|  |TAMS 0x0000000746900000, 0x0000000746900000| Untracked 
| 102|0x0000000746a00000, 0x0000000746a00000, 0x0000000746b00000|  0%| F|  |TAMS 0x0000000746a00000, 0x0000000746a00000| Untracked 
| 103|0x0000000746b00000, 0x0000000746b00000, 0x0000000746c00000|  0%| F|  |TAMS 0x0000000746b00000, 0x0000000746b00000| Untracked 
| 104|0x0000000746c00000, 0x0000000746c00000, 0x0000000746d00000|  0%| F|  |TAMS 0x0000000746c00000, 0x0000000746c00000| Untracked 
| 105|0x0000000746d00000, 0x0000000746e00000, 0x0000000746e00000|100%| S|CS|TAMS 0x0000000746d00000, 0x0000000746d00000| Complete 
| 106|0x0000000746e00000, 0x0000000746f00000, 0x0000000746f00000|100%| S|CS|TAMS 0x0000000746e00000, 0x0000000746e00000| Complete 
| 107|0x0000000746f00000, 0x0000000747000000, 0x0000000747000000|100%| S|CS|TAMS 0x0000000746f00000, 0x0000000746f00000| Complete 
| 108|0x0000000747000000, 0x0000000747100000, 0x0000000747100000|100%| S|CS|TAMS 0x0000000747000000, 0x0000000747000000| Complete 
| 109|0x0000000747100000, 0x0000000747200000, 0x0000000747200000|100%| S|CS|TAMS 0x0000000747100000, 0x0000000747100000| Complete 
| 110|0x0000000747200000, 0x0000000747300000, 0x0000000747300000|100%| S|CS|TAMS 0x0000000747200000, 0x0000000747200000| Complete 
| 111|0x0000000747300000, 0x0000000747400000, 0x0000000747400000|100%| S|CS|TAMS 0x0000000747300000, 0x0000000747300000| Complete 
| 112|0x0000000747400000, 0x0000000747500000, 0x0000000747500000|100%| S|CS|TAMS 0x0000000747400000, 0x0000000747400000| Complete 
| 113|0x0000000747500000, 0x0000000747600000, 0x0000000747600000|100%| S|CS|TAMS 0x0000000747500000, 0x0000000747500000| Complete 
| 114|0x0000000747600000, 0x0000000747700000, 0x0000000747700000|100%| S|CS|TAMS 0x0000000747600000, 0x0000000747600000| Complete 
| 115|0x0000000747700000, 0x0000000747800000, 0x0000000747800000|100%| S|CS|TAMS 0x0000000747700000, 0x0000000747700000| Complete 
| 116|0x0000000747800000, 0x0000000747900000, 0x0000000747900000|100%| S|CS|TAMS 0x0000000747800000, 0x0000000747800000| Complete 
| 117|0x0000000747900000, 0x0000000747a00000, 0x0000000747a00000|100%| S|CS|TAMS 0x0000000747900000, 0x0000000747900000| Complete 
| 118|0x0000000747a00000, 0x0000000747b00000, 0x0000000747b00000|100%| S|CS|TAMS 0x0000000747a00000, 0x0000000747a00000| Complete 
| 119|0x0000000747b00000, 0x0000000747c00000, 0x0000000747c00000|100%| S|CS|TAMS 0x0000000747b00000, 0x0000000747b00000| Complete 
| 120|0x0000000747c00000, 0x0000000747c00000, 0x0000000747d00000|  0%| F|  |TAMS 0x0000000747c00000, 0x0000000747c00000| Untracked 
| 121|0x0000000747d00000, 0x0000000747d00000, 0x0000000747e00000|  0%| F|  |TAMS 0x0000000747d00000, 0x0000000747d00000| Untracked 
| 122|0x0000000747e00000, 0x0000000747e00000, 0x0000000747f00000|  0%| F|  |TAMS 0x0000000747e00000, 0x0000000747e00000| Untracked 
| 123|0x0000000747f00000, 0x0000000747f00000, 0x0000000748000000|  0%| F|  |TAMS 0x0000000747f00000, 0x0000000747f00000| Untracked 
| 124|0x0000000748000000, 0x0000000748000000, 0x0000000748100000|  0%| F|  |TAMS 0x0000000748000000, 0x0000000748000000| Untracked 
| 125|0x0000000748100000, 0x0000000748100000, 0x0000000748200000|  0%| F|  |TAMS 0x0000000748100000, 0x0000000748100000| Untracked 
| 126|0x0000000748200000, 0x0000000748200000, 0x0000000748300000|  0%| F|  |TAMS 0x0000000748200000, 0x0000000748200000| Untracked 
| 127|0x0000000748300000, 0x0000000748300000, 0x0000000748400000|  0%| F|  |TAMS 0x0000000748300000, 0x0000000748300000| Untracked 
| 128|0x0000000748400000, 0x0000000748400000, 0x0000000748500000|  0%| F|  |TAMS 0x0000000748400000, 0x0000000748400000| Untracked 
| 129|0x0000000748500000, 0x0000000748500000, 0x0000000748600000|  0%| F|  |TAMS 0x0000000748500000, 0x0000000748500000| Untracked 
| 130|0x0000000748600000, 0x0000000748600000, 0x0000000748700000|  0%| F|  |TAMS 0x0000000748600000, 0x0000000748600000| Untracked 
| 131|0x0000000748700000, 0x0000000748700000, 0x0000000748800000|  0%| F|  |TAMS 0x0000000748700000, 0x0000000748700000| Untracked 
| 132|0x0000000748800000, 0x0000000748800000, 0x0000000748900000|  0%| F|  |TAMS 0x0000000748800000, 0x0000000748800000| Untracked 
| 133|0x0000000748900000, 0x0000000748900000, 0x0000000748a00000|  0%| F|  |TAMS 0x0000000748900000, 0x0000000748900000| Untracked 
| 134|0x0000000748a00000, 0x0000000748a00000, 0x0000000748b00000|  0%| F|  |TAMS 0x0000000748a00000, 0x0000000748a00000| Untracked 
| 135|0x0000000748b00000, 0x0000000748b00000, 0x0000000748c00000|  0%| F|  |TAMS 0x0000000748b00000, 0x0000000748b00000| Untracked 
| 136|0x0000000748c00000, 0x0000000748c00000, 0x0000000748d00000|  0%| F|  |TAMS 0x0000000748c00000, 0x0000000748c00000| Untracked 
| 137|0x0000000748d00000, 0x0000000748d00000, 0x0000000748e00000|  0%| F|  |TAMS 0x0000000748d00000, 0x0000000748d00000| Untracked 
| 138|0x0000000748e00000, 0x0000000748e00000, 0x0000000748f00000|  0%| F|  |TAMS 0x0000000748e00000, 0x0000000748e00000| Untracked 
| 139|0x0000000748f00000, 0x0000000748f00000, 0x0000000749000000|  0%| F|  |TAMS 0x0000000748f00000, 0x0000000748f00000| Untracked 
| 140|0x0000000749000000, 0x0000000749000000, 0x0000000749100000|  0%| F|  |TAMS 0x0000000749000000, 0x0000000749000000| Untracked 
| 141|0x0000000749100000, 0x0000000749100000, 0x0000000749200000|  0%| F|  |TAMS 0x0000000749100000, 0x0000000749100000| Untracked 
| 142|0x0000000749200000, 0x0000000749200000, 0x0000000749300000|  0%| F|  |TAMS 0x0000000749200000, 0x0000000749200000| Untracked 
| 143|0x0000000749300000, 0x0000000749300000, 0x0000000749400000|  0%| F|  |TAMS 0x0000000749300000, 0x0000000749300000| Untracked 
| 144|0x0000000749400000, 0x0000000749400000, 0x0000000749500000|  0%| F|  |TAMS 0x0000000749400000, 0x0000000749400000| Untracked 
| 145|0x0000000749500000, 0x0000000749500000, 0x0000000749600000|  0%| F|  |TAMS 0x0000000749500000, 0x0000000749500000| Untracked 
| 146|0x0000000749600000, 0x0000000749600000, 0x0000000749700000|  0%| F|  |TAMS 0x0000000749600000, 0x0000000749600000| Untracked 
| 147|0x0000000749700000, 0x0000000749700000, 0x0000000749800000|  0%| F|  |TAMS 0x0000000749700000, 0x0000000749700000| Untracked 
| 148|0x0000000749800000, 0x0000000749800000, 0x0000000749900000|  0%| F|  |TAMS 0x0000000749800000, 0x0000000749800000| Untracked 
| 149|0x0000000749900000, 0x0000000749900000, 0x0000000749a00000|  0%| F|  |TAMS 0x0000000749900000, 0x0000000749900000| Untracked 
| 150|0x0000000749a00000, 0x0000000749a00000, 0x0000000749b00000|  0%| F|  |TAMS 0x0000000749a00000, 0x0000000749a00000| Untracked 
| 151|0x0000000749b00000, 0x0000000749b00000, 0x0000000749c00000|  0%| F|  |TAMS 0x0000000749b00000, 0x0000000749b00000| Untracked 
| 152|0x0000000749c00000, 0x0000000749c00000, 0x0000000749d00000|  0%| F|  |TAMS 0x0000000749c00000, 0x0000000749c00000| Untracked 
| 153|0x0000000749d00000, 0x0000000749d00000, 0x0000000749e00000|  0%| F|  |TAMS 0x0000000749d00000, 0x0000000749d00000| Untracked 
| 154|0x0000000749e00000, 0x0000000749e00000, 0x0000000749f00000|  0%| F|  |TAMS 0x0000000749e00000, 0x0000000749e00000| Untracked 
| 155|0x0000000749f00000, 0x0000000749f00000, 0x000000074a000000|  0%| F|  |TAMS 0x0000000749f00000, 0x0000000749f00000| Untracked 
| 156|0x000000074a000000, 0x000000074a000000, 0x000000074a100000|  0%| F|  |TAMS 0x000000074a000000, 0x000000074a000000| Untracked 
| 157|0x000000074a100000, 0x000000074a100000, 0x000000074a200000|  0%| F|  |TAMS 0x000000074a100000, 0x000000074a100000| Untracked 
| 158|0x000000074a200000, 0x000000074a200000, 0x000000074a300000|  0%| F|  |TAMS 0x000000074a200000, 0x000000074a200000| Untracked 
| 159|0x000000074a300000, 0x000000074a300000, 0x000000074a400000|  0%| F|  |TAMS 0x000000074a300000, 0x000000074a300000| Untracked 
| 160|0x000000074a400000, 0x000000074a400000, 0x000000074a500000|  0%| F|  |TAMS 0x000000074a400000, 0x000000074a400000| Untracked 
| 161|0x000000074a500000, 0x000000074a500000, 0x000000074a600000|  0%| F|  |TAMS 0x000000074a500000, 0x000000074a500000| Untracked 
| 162|0x000000074a600000, 0x000000074a600000, 0x000000074a700000|  0%| F|  |TAMS 0x000000074a600000, 0x000000074a600000| Untracked 
| 163|0x000000074a700000, 0x000000074a700000, 0x000000074a800000|  0%| F|  |TAMS 0x000000074a700000, 0x000000074a700000| Untracked 
| 164|0x000000074a800000, 0x000000074a800000, 0x000000074a900000|  0%| F|  |TAMS 0x000000074a800000, 0x000000074a800000| Untracked 
| 165|0x000000074a900000, 0x000000074a900000, 0x000000074aa00000|  0%| F|  |TAMS 0x000000074a900000, 0x000000074a900000| Untracked 
| 166|0x000000074aa00000, 0x000000074aa00000, 0x000000074ab00000|  0%| F|  |TAMS 0x000000074aa00000, 0x000000074aa00000| Untracked 
| 167|0x000000074ab00000, 0x000000074ab00000, 0x000000074ac00000|  0%| F|  |TAMS 0x000000074ab00000, 0x000000074ab00000| Untracked 
| 168|0x000000074ac00000, 0x000000074ac00000, 0x000000074ad00000|  0%| F|  |TAMS 0x000000074ac00000, 0x000000074ac00000| Untracked 
| 169|0x000000074ad00000, 0x000000074ad00000, 0x000000074ae00000|  0%| F|  |TAMS 0x000000074ad00000, 0x000000074ad00000| Untracked 
| 170|0x000000074ae00000, 0x000000074ae00000, 0x000000074af00000|  0%| F|  |TAMS 0x000000074ae00000, 0x000000074ae00000| Untracked 
| 171|0x000000074af00000, 0x000000074af00000, 0x000000074b000000|  0%| F|  |TAMS 0x000000074af00000, 0x000000074af00000| Untracked 
| 172|0x000000074b000000, 0x000000074b100000, 0x000000074b100000|100%| E|  |TAMS 0x000000074b000000, 0x000000074b000000| Complete 
| 173|0x000000074b100000, 0x000000074b200000, 0x000000074b200000|100%| E|CS|TAMS 0x000000074b100000, 0x000000074b100000| Complete 
| 174|0x000000074b200000, 0x000000074b300000, 0x000000074b300000|100%| E|CS|TAMS 0x000000074b200000, 0x000000074b200000| Complete 
| 175|0x000000074b300000, 0x000000074b400000, 0x000000074b400000|100%| E|CS|TAMS 0x000000074b300000, 0x000000074b300000| Complete 
| 176|0x000000074b400000, 0x000000074b500000, 0x000000074b500000|100%| E|CS|TAMS 0x000000074b400000, 0x000000074b400000| Complete 
| 177|0x000000074b500000, 0x000000074b600000, 0x000000074b600000|100%| E|CS|TAMS 0x000000074b500000, 0x000000074b500000| Complete 
| 178|0x000000074b600000, 0x000000074b700000, 0x000000074b700000|100%| E|CS|TAMS 0x000000074b600000, 0x000000074b600000| Complete 
| 179|0x000000074b700000, 0x000000074b800000, 0x000000074b800000|100%| E|CS|TAMS 0x000000074b700000, 0x000000074b700000| Complete 
| 180|0x000000074b800000, 0x000000074b900000, 0x000000074b900000|100%| E|CS|TAMS 0x000000074b800000, 0x000000074b800000| Complete 
| 181|0x000000074b900000, 0x000000074ba00000, 0x000000074ba00000|100%| E|CS|TAMS 0x000000074b900000, 0x000000074b900000| Complete 
| 182|0x000000074ba00000, 0x000000074bb00000, 0x000000074bb00000|100%| E|CS|TAMS 0x000000074ba00000, 0x000000074ba00000| Complete 
| 183|0x000000074bb00000, 0x000000074bc00000, 0x000000074bc00000|100%| E|CS|TAMS 0x000000074bb00000, 0x000000074bb00000| Complete 
| 184|0x000000074bc00000, 0x000000074bd00000, 0x000000074bd00000|100%| E|CS|TAMS 0x000000074bc00000, 0x000000074bc00000| Complete 
| 185|0x000000074bd00000, 0x000000074be00000, 0x000000074be00000|100%| E|CS|TAMS 0x000000074bd00000, 0x000000074bd00000| Complete 
| 186|0x000000074be00000, 0x000000074bf00000, 0x000000074bf00000|100%| E|CS|TAMS 0x000000074be00000, 0x000000074be00000| Complete 
| 187|0x000000074bf00000, 0x000000074c000000, 0x000000074c000000|100%| E|CS|TAMS 0x000000074bf00000, 0x000000074bf00000| Complete 
| 188|0x000000074c000000, 0x000000074c100000, 0x000000074c100000|100%| E|CS|TAMS 0x000000074c000000, 0x000000074c000000| Complete 
| 189|0x000000074c100000, 0x000000074c200000, 0x000000074c200000|100%| E|CS|TAMS 0x000000074c100000, 0x000000074c100000| Complete 
| 190|0x000000074c200000, 0x000000074c300000, 0x000000074c300000|100%| E|CS|TAMS 0x000000074c200000, 0x000000074c200000| Complete 
| 191|0x000000074c300000, 0x000000074c400000, 0x000000074c400000|100%| E|CS|TAMS 0x000000074c300000, 0x000000074c300000| Complete 
| 192|0x000000074c400000, 0x000000074c500000, 0x000000074c500000|100%| E|CS|TAMS 0x000000074c400000, 0x000000074c400000| Complete 
| 193|0x000000074c500000, 0x000000074c600000, 0x000000074c600000|100%| E|CS|TAMS 0x000000074c500000, 0x000000074c500000| Complete 
| 194|0x000000074c600000, 0x000000074c700000, 0x000000074c700000|100%| E|CS|TAMS 0x000000074c600000, 0x000000074c600000| Complete 
| 195|0x000000074c700000, 0x000000074c800000, 0x000000074c800000|100%| E|CS|TAMS 0x000000074c700000, 0x000000074c700000| Complete 
| 196|0x000000074c800000, 0x000000074c900000, 0x000000074c900000|100%| E|CS|TAMS 0x000000074c800000, 0x000000074c800000| Complete 
| 197|0x000000074c900000, 0x000000074ca00000, 0x000000074ca00000|100%| E|CS|TAMS 0x000000074c900000, 0x000000074c900000| Complete 
| 198|0x000000074ca00000, 0x000000074cb00000, 0x000000074cb00000|100%| E|CS|TAMS 0x000000074ca00000, 0x000000074ca00000| Complete 
| 199|0x000000074cb00000, 0x000000074cc00000, 0x000000074cc00000|100%| E|CS|TAMS 0x000000074cb00000, 0x000000074cb00000| Complete 
| 200|0x000000074cc00000, 0x000000074cd00000, 0x000000074cd00000|100%| E|CS|TAMS 0x000000074cc00000, 0x000000074cc00000| Complete 
| 201|0x000000074cd00000, 0x000000074ce00000, 0x000000074ce00000|100%| E|CS|TAMS 0x000000074cd00000, 0x000000074cd00000| Complete 
| 202|0x000000074ce00000, 0x000000074cf00000, 0x000000074cf00000|100%| E|CS|TAMS 0x000000074ce00000, 0x000000074ce00000| Complete 
| 203|0x000000074cf00000, 0x000000074d000000, 0x000000074d000000|100%| E|CS|TAMS 0x000000074cf00000, 0x000000074cf00000| Complete 
| 204|0x000000074d000000, 0x000000074d100000, 0x000000074d100000|100%| E|CS|TAMS 0x000000074d000000, 0x000000074d000000| Complete 
| 205|0x000000074d100000, 0x000000074d200000, 0x000000074d200000|100%| E|CS|TAMS 0x000000074d100000, 0x000000074d100000| Complete 
| 206|0x000000074d200000, 0x000000074d300000, 0x000000074d300000|100%| E|CS|TAMS 0x000000074d200000, 0x000000074d200000| Complete 
| 207|0x000000074d300000, 0x000000074d400000, 0x000000074d400000|100%| E|CS|TAMS 0x000000074d300000, 0x000000074d300000| Complete 
| 208|0x000000074d400000, 0x000000074d500000, 0x000000074d500000|100%| E|CS|TAMS 0x000000074d400000, 0x000000074d400000| Complete 
| 209|0x000000074d500000, 0x000000074d600000, 0x000000074d600000|100%| E|CS|TAMS 0x000000074d500000, 0x000000074d500000| Complete 
| 210|0x000000074d600000, 0x000000074d700000, 0x000000074d700000|100%| E|CS|TAMS 0x000000074d600000, 0x000000074d600000| Complete 
| 211|0x000000074d700000, 0x000000074d800000, 0x000000074d800000|100%| E|CS|TAMS 0x000000074d700000, 0x000000074d700000| Complete 
| 212|0x000000074d800000, 0x000000074d900000, 0x000000074d900000|100%| E|CS|TAMS 0x000000074d800000, 0x000000074d800000| Complete 
| 213|0x000000074d900000, 0x000000074da00000, 0x000000074da00000|100%| E|CS|TAMS 0x000000074d900000, 0x000000074d900000| Complete 
| 214|0x000000074da00000, 0x000000074db00000, 0x000000074db00000|100%| E|CS|TAMS 0x000000074da00000, 0x000000074da00000| Complete 
| 215|0x000000074db00000, 0x000000074dc00000, 0x000000074dc00000|100%| E|CS|TAMS 0x000000074db00000, 0x000000074db00000| Complete 
| 216|0x000000074dc00000, 0x000000074dd00000, 0x000000074dd00000|100%| E|CS|TAMS 0x000000074dc00000, 0x000000074dc00000| Complete 
| 217|0x000000074dd00000, 0x000000074de00000, 0x000000074de00000|100%| E|CS|TAMS 0x000000074dd00000, 0x000000074dd00000| Complete 
| 218|0x000000074de00000, 0x000000074df00000, 0x000000074df00000|100%| E|CS|TAMS 0x000000074de00000, 0x000000074de00000| Complete 
| 219|0x000000074df00000, 0x000000074e000000, 0x000000074e000000|100%| E|CS|TAMS 0x000000074df00000, 0x000000074df00000| Complete 
| 220|0x000000074e000000, 0x000000074e100000, 0x000000074e100000|100%| E|CS|TAMS 0x000000074e000000, 0x000000074e000000| Complete 
| 221|0x000000074e100000, 0x000000074e200000, 0x000000074e200000|100%| E|CS|TAMS 0x000000074e100000, 0x000000074e100000| Complete 
| 222|0x000000074e200000, 0x000000074e300000, 0x000000074e300000|100%| E|CS|TAMS 0x000000074e200000, 0x000000074e200000| Complete 
| 223|0x000000074e300000, 0x000000074e400000, 0x000000074e400000|100%| E|CS|TAMS 0x000000074e300000, 0x000000074e300000| Complete 
| 224|0x000000074e400000, 0x000000074e500000, 0x000000074e500000|100%| E|CS|TAMS 0x000000074e400000, 0x000000074e400000| Complete 
| 225|0x000000074e500000, 0x000000074e600000, 0x000000074e600000|100%| E|CS|TAMS 0x000000074e500000, 0x000000074e500000| Complete 
| 226|0x000000074e600000, 0x000000074e700000, 0x000000074e700000|100%| E|CS|TAMS 0x000000074e600000, 0x000000074e600000| Complete 
| 227|0x000000074e700000, 0x000000074e800000, 0x000000074e800000|100%| E|CS|TAMS 0x000000074e700000, 0x000000074e700000| Complete 
| 228|0x000000074e800000, 0x000000074e900000, 0x000000074e900000|100%| E|CS|TAMS 0x000000074e800000, 0x000000074e800000| Complete 
| 229|0x000000074e900000, 0x000000074ea00000, 0x000000074ea00000|100%| E|CS|TAMS 0x000000074e900000, 0x000000074e900000| Complete 
| 230|0x000000074ea00000, 0x000000074eb00000, 0x000000074eb00000|100%| E|CS|TAMS 0x000000074ea00000, 0x000000074ea00000| Complete 
| 231|0x000000074eb00000, 0x000000074ec00000, 0x000000074ec00000|100%| E|CS|TAMS 0x000000074eb00000, 0x000000074eb00000| Complete 
| 232|0x000000074ec00000, 0x000000074ed00000, 0x000000074ed00000|100%| E|CS|TAMS 0x000000074ec00000, 0x000000074ec00000| Complete 
| 233|0x000000074ed00000, 0x000000074ee00000, 0x000000074ee00000|100%| E|CS|TAMS 0x000000074ed00000, 0x000000074ed00000| Complete 
| 234|0x000000074ee00000, 0x000000074ef00000, 0x000000074ef00000|100%| E|CS|TAMS 0x000000074ee00000, 0x000000074ee00000| Complete 
| 235|0x000000074ef00000, 0x000000074f000000, 0x000000074f000000|100%| E|CS|TAMS 0x000000074ef00000, 0x000000074ef00000| Complete 
| 236|0x000000074f000000, 0x000000074f100000, 0x000000074f100000|100%| E|CS|TAMS 0x000000074f000000, 0x000000074f000000| Complete 
| 237|0x000000074f100000, 0x000000074f200000, 0x000000074f200000|100%| E|CS|TAMS 0x000000074f100000, 0x000000074f100000| Complete 
| 238|0x000000074f200000, 0x000000074f300000, 0x000000074f300000|100%| E|CS|TAMS 0x000000074f200000, 0x000000074f200000| Complete 
| 239|0x000000074f300000, 0x000000074f400000, 0x000000074f400000|100%| E|CS|TAMS 0x000000074f300000, 0x000000074f300000| Complete 
| 240|0x000000074f400000, 0x000000074f500000, 0x000000074f500000|100%| E|CS|TAMS 0x000000074f400000, 0x000000074f400000| Complete 
| 241|0x000000074f500000, 0x000000074f600000, 0x000000074f600000|100%| E|CS|TAMS 0x000000074f500000, 0x000000074f500000| Complete 
| 242|0x000000074f600000, 0x000000074f700000, 0x000000074f700000|100%| E|CS|TAMS 0x000000074f600000, 0x000000074f600000| Complete 
| 243|0x000000074f700000, 0x000000074f800000, 0x000000074f800000|100%| E|CS|TAMS 0x000000074f700000, 0x000000074f700000| Complete 
| 244|0x000000074f800000, 0x000000074f900000, 0x000000074f900000|100%| E|CS|TAMS 0x000000074f800000, 0x000000074f800000| Complete 
| 245|0x000000074f900000, 0x000000074fa00000, 0x000000074fa00000|100%| E|CS|TAMS 0x000000074f900000, 0x000000074f900000| Complete 
| 246|0x000000074fa00000, 0x000000074fb00000, 0x000000074fb00000|100%| E|CS|TAMS 0x000000074fa00000, 0x000000074fa00000| Complete 
| 247|0x000000074fb00000, 0x000000074fc00000, 0x000000074fc00000|100%| E|CS|TAMS 0x000000074fb00000, 0x000000074fb00000| Complete 
| 248|0x000000074fc00000, 0x000000074fd00000, 0x000000074fd00000|100%| E|CS|TAMS 0x000000074fc00000, 0x000000074fc00000| Complete 
| 249|0x000000074fd00000, 0x000000074fe00000, 0x000000074fe00000|100%| E|CS|TAMS 0x000000074fd00000, 0x000000074fd00000| Complete 
| 250|0x000000074fe00000, 0x000000074ff00000, 0x000000074ff00000|100%| E|CS|TAMS 0x000000074fe00000, 0x000000074fe00000| Complete 
| 251|0x000000074ff00000, 0x0000000750000000, 0x0000000750000000|100%| E|CS|TAMS 0x000000074ff00000, 0x000000074ff00000| Complete 
| 252|0x0000000750000000, 0x0000000750100000, 0x0000000750100000|100%| E|CS|TAMS 0x0000000750000000, 0x0000000750000000| Complete 
| 253|0x0000000750100000, 0x0000000750200000, 0x0000000750200000|100%| E|CS|TAMS 0x0000000750100000, 0x0000000750100000| Complete 
| 254|0x0000000750200000, 0x0000000750300000, 0x0000000750300000|100%| E|CS|TAMS 0x0000000750200000, 0x0000000750200000| Complete 
| 255|0x0000000750300000, 0x0000000750400000, 0x0000000750400000|100%| E|CS|TAMS 0x0000000750300000, 0x0000000750300000| Complete 
| 256|0x0000000750400000, 0x0000000750500000, 0x0000000750500000|100%| E|CS|TAMS 0x0000000750400000, 0x0000000750400000| Complete 
| 257|0x0000000750500000, 0x0000000750600000, 0x0000000750600000|100%| E|CS|TAMS 0x0000000750500000, 0x0000000750500000| Complete 
| 258|0x0000000750600000, 0x0000000750700000, 0x0000000750700000|100%| E|CS|TAMS 0x0000000750600000, 0x0000000750600000| Complete 
| 259|0x0000000750700000, 0x0000000750800000, 0x0000000750800000|100%| E|CS|TAMS 0x0000000750700000, 0x0000000750700000| Complete 
| 260|0x0000000750800000, 0x0000000750900000, 0x0000000750900000|100%| E|CS|TAMS 0x0000000750800000, 0x0000000750800000| Complete 
| 261|0x0000000750900000, 0x0000000750a00000, 0x0000000750a00000|100%| E|CS|TAMS 0x0000000750900000, 0x0000000750900000| Complete 
| 262|0x0000000750a00000, 0x0000000750b00000, 0x0000000750b00000|100%| E|CS|TAMS 0x0000000750a00000, 0x0000000750a00000| Complete 
| 263|0x0000000750b00000, 0x0000000750c00000, 0x0000000750c00000|100%| E|CS|TAMS 0x0000000750b00000, 0x0000000750b00000| Complete 
| 264|0x0000000750c00000, 0x0000000750d00000, 0x0000000750d00000|100%| E|CS|TAMS 0x0000000750c00000, 0x0000000750c00000| Complete 
| 265|0x0000000750d00000, 0x0000000750e00000, 0x0000000750e00000|100%| E|CS|TAMS 0x0000000750d00000, 0x0000000750d00000| Complete 
| 266|0x0000000750e00000, 0x0000000750f00000, 0x0000000750f00000|100%| E|CS|TAMS 0x0000000750e00000, 0x0000000750e00000| Complete 
| 267|0x0000000750f00000, 0x0000000751000000, 0x0000000751000000|100%| E|CS|TAMS 0x0000000750f00000, 0x0000000750f00000| Complete 
| 268|0x0000000751000000, 0x0000000751100000, 0x0000000751100000|100%| E|CS|TAMS 0x0000000751000000, 0x0000000751000000| Complete 
| 269|0x0000000751100000, 0x0000000751200000, 0x0000000751200000|100%| E|CS|TAMS 0x0000000751100000, 0x0000000751100000| Complete 
| 270|0x0000000751200000, 0x0000000751300000, 0x0000000751300000|100%| E|CS|TAMS 0x0000000751200000, 0x0000000751200000| Complete 
| 271|0x0000000751300000, 0x0000000751400000, 0x0000000751400000|100%| E|CS|TAMS 0x0000000751300000, 0x0000000751300000| Complete 
| 272|0x0000000751400000, 0x0000000751500000, 0x0000000751500000|100%| E|CS|TAMS 0x0000000751400000, 0x0000000751400000| Complete 
| 273|0x0000000751500000, 0x0000000751600000, 0x0000000751600000|100%| E|CS|TAMS 0x0000000751500000, 0x0000000751500000| Complete 
| 274|0x0000000751600000, 0x0000000751700000, 0x0000000751700000|100%| E|CS|TAMS 0x0000000751600000, 0x0000000751600000| Complete 
| 275|0x0000000751700000, 0x0000000751800000, 0x0000000751800000|100%| E|CS|TAMS 0x0000000751700000, 0x0000000751700000| Complete 
| 276|0x0000000751800000, 0x0000000751900000, 0x0000000751900000|100%| E|CS|TAMS 0x0000000751800000, 0x0000000751800000| Complete 
| 277|0x0000000751900000, 0x0000000751a00000, 0x0000000751a00000|100%| E|CS|TAMS 0x0000000751900000, 0x0000000751900000| Complete 

Card table byte_map: [0x000001edf4780000,0x000001edf4d80000] _byte_map_base: 0x000001edf0d7e000

Marking Bits (Prev, Next): (CMBitMap*) 0x000001eddcdafc00, (CMBitMap*) 0x000001eddcdafbc8
 Prev Bits: [0x000001edf8370000, 0x000001edfb360000)
 Next Bits: [0x000001edf5380000, 0x000001edf8370000)

Polling page: 0x000001eddacd0000

Metaspace:

Usage:
  Non-class:     66.91 MB capacity,    65.78 MB ( 98%) used,   920.14 KB (  1%) free+waste,   237.75 KB ( <1%) overhead. 
      Class:     10.57 MB capacity,     9.83 MB ( 93%) used,   646.51 KB (  6%) free+waste,   113.19 KB (  1%) overhead. 
       Both:     77.48 MB capacity,    75.61 MB ( 98%) used,     1.53 MB (  2%) free+waste,   350.94 KB ( <1%) overhead. 

Virtual space:
  Non-class space:       68.00 MB reserved,      67.09 MB ( 99%) committed 
      Class space:        1.00 GB reserved,      10.63 MB (  1%) committed 
             Both:        1.07 GB reserved,      77.71 MB (  7%) committed 

Chunk freelists:
   Non-Class:  0 bytes
       Class:  2.75 KB
        Both:  2.75 KB

CodeHeap 'non-profiled nmethods': size=238912Kb used=13143Kb max_used=13143Kb free=225768Kb
 bounds [0x000001ede5720000, 0x000001ede6400000, 0x000001edf4070000]
CodeHeap 'non-nmethods': size=6848Kb used=1332Kb max_used=1332Kb free=5515Kb
 bounds [0x000001ede5070000, 0x000001ede52e0000, 0x000001ede5720000]
 total_blobs=8512 nmethods=7738 adapters=657
 compilation: enabled
              stopped_count=0, restarted_count=0
 full_count=0

Compilation events (10 events):
Event: 107.568 Thread 0x000001edfe58b000 7762       1       org.h2.value.ValueLong::get (36 bytes)
Event: 107.568 Thread 0x000001edfe58b000 nmethod 7762 0x000001ede63f3b10 code [0x000001ede63f3ce0, 0x000001ede63f3f30]
Event: 107.568 Thread 0x000001edfe58b000 7763       1       org.h2.mvstore.tx.Snapshot::<init> (15 bytes)
Event: 107.568 Thread 0x000001edfe58b000 nmethod 7763 0x000001ede63f4090 code [0x000001ede63f4240, 0x000001ede63f43f8]
Event: 107.568 Thread 0x000001edfe58b000 7764       1       org.h2.engine.Database::unlockMetaDebug (38 bytes)
Event: 107.568 Thread 0x000001edfe58b000 nmethod 7764 0x000001ede63f4490 code [0x000001ede63f4640, 0x000001ede63f4758]
Event: 107.568 Thread 0x000001edfe58b000 7765       1       org.h2.mvstore.db.MVTable::traceLock (67 bytes)
Event: 107.569 Thread 0x000001edfe58b000 nmethod 7765 0x000001ede63f4810 code [0x000001ede63f4a80, 0x000001ede63f5520]
Event: 107.569 Thread 0x000001edfe58b000 7766       1       org.h2.mvstore.Page$PageReference::getPage (5 bytes)
Event: 107.569 Thread 0x000001edfe58b000 nmethod 7766 0x000001ede63f5a10 code [0x000001ede63f5bc0, 0x000001ede63f5cd8]

GC Heap History (10 events):
Event: 3.519 GC heap before
{Heap before GC invocations=7 (full 0):
 garbage-first heap   total 236544K, used 57770K [0x0000000740400000, 0x0000000800000000)
  region size 1024K, 38 young (38912K), 8 survivors (8192K)
 Metaspace       used 34873K, capacity 35984K, committed 36048K, reserved 1081344K
  class space    used 4381K, capacity 4850K, committed 4864K, reserved 1048576K
}
Event: 3.533 GC heap after
{Heap after GC invocations=8 (full 0):
 garbage-first heap   total 236544K, used 29945K [0x0000000740400000, 0x0000000800000000)
  region size 1024K, 10 young (10240K), 10 survivors (10240K)
 Metaspace       used 34873K, capacity 35984K, committed 36048K, reserved 1081344K
  class space    used 4381K, capacity 4850K, committed 4864K, reserved 1048576K
}
Event: 4.380 GC heap before
{Heap before GC invocations=9 (full 0):
 garbage-first heap   total 236544K, used 159993K [0x0000000740400000, 0x0000000800000000)
  region size 1024K, 138 young (141312K), 10 survivors (10240K)
 Metaspace       used 44851K, capacity 46035K, committed 46288K, reserved 1089536K
  class space    used 5607K, capacity 6091K, committed 6144K, reserved 1048576K
}
Event: 4.395 GC heap after
{Heap after GC invocations=10 (full 0):
 garbage-first heap   total 236544K, used 33792K [0x0000000740400000, 0x0000000800000000)
  region size 1024K, 13 young (13312K), 13 survivors (13312K)
 Metaspace       used 44851K, capacity 46035K, committed 46288K, reserved 1089536K
  class space    used 5607K, capacity 6091K, committed 6144K, reserved 1048576K
}
Event: 5.309 GC heap before
{Heap before GC invocations=10 (full 0):
 garbage-first heap   total 236544K, used 160768K [0x0000000740400000, 0x0000000800000000)
  region size 1024K, 138 young (141312K), 13 survivors (13312K)
 Metaspace       used 58071K, capacity 59407K, committed 59728K, reserved 1101824K
  class space    used 7421K, capacity 7950K, committed 8064K, reserved 1048576K
}
Event: 5.329 GC heap after
{Heap after GC invocations=11 (full 0):
 garbage-first heap   total 284672K, used 39431K [0x0000000740400000, 0x0000000800000000)
  region size 1024K, 15 young (15360K), 15 survivors (15360K)
 Metaspace       used 58071K, capacity 59407K, committed 59728K, reserved 1101824K
  class space    used 7421K, capacity 7950K, committed 8064K, reserved 1048576K
}
Event: 5.447 GC heap before
{Heap before GC invocations=11 (full 0):
 garbage-first heap   total 284672K, used 53767K [0x0000000740400000, 0x0000000800000000)
  region size 1024K, 30 young (30720K), 15 survivors (15360K)
 Metaspace       used 58978K, capacity 60342K, committed 60508K, reserved 1101824K
  class space    used 7574K, capacity 8091K, committed 8192K, reserved 1048576K
}
Event: 5.480 GC heap after
{Heap after GC invocations=12 (full 0):
 garbage-first heap   total 284672K, used 40451K [0x0000000740400000, 0x0000000800000000)
  region size 1024K, 11 young (11264K), 11 survivors (11264K)
 Metaspace       used 58978K, capacity 60342K, committed 60508K, reserved 1101824K
  class space    used 7574K, capacity 8091K, committed 8192K, reserved 1048576K
}
Event: 6.989 GC heap before
{Heap before GC invocations=13 (full 0):
 garbage-first heap   total 284672K, used 190979K [0x0000000740400000, 0x0000000800000000)
  region size 1024K, 158 young (161792K), 11 survivors (11264K)
 Metaspace       used 68012K, capacity 69753K, committed 69852K, reserved 1110016K
  class space    used 8882K, capacity 9554K, committed 9600K, reserved 1048576K
}
Event: 7.002 GC heap after
{Heap after GC invocations=14 (full 0):
 garbage-first heap   total 284672K, used 44547K [0x0000000740400000, 0x0000000800000000)
  region size 1024K, 15 young (15360K), 15 survivors (15360K)
 Metaspace       used 68012K, capacity 69753K, committed 69852K, reserved 1110016K
  class space    used 8882K, capacity 9554K, committed 9600K, reserved 1048576K
}

Deoptimization events (0 events):
No events

Classes redefined (0 events):
No events

Internal exceptions (10 events):
Event: 7.101 Thread 0x000001eddcd61800 Exception <a 'java/lang/ClassNotFoundException'{0x00000007515d9d40}: com/hyperdrive/woodstock/entities/ProjectCustomizer> (0x00000007515d9d40) thrown at [t:/workspace/open/src/hotspot/share/classfile/systemDictionary.cpp, line 231]
Event: 23.814 Thread 0x000001ed82183800 Exception <a 'java/lang/ClassNotFoundException'{0x0000000750bbe380}: sun/awt/resources/spi/awtProvider> (0x0000000750bbe380) thrown at [t:/workspace/open/src/hotspot/share/classfile/systemDictionary.cpp, line 231]
Event: 23.821 Thread 0x000001ed82183800 Exception <a 'java/io/FileNotFoundException'{0x0000000750bfe698}> (0x0000000750bfe698) thrown at [t:/workspace/open/src/hotspot/share/prims/jni.cpp, line 615]
Event: 23.821 Thread 0x000001ed82183800 Exception <a 'java/io/FileNotFoundException'{0x0000000750a02c70}> (0x0000000750a02c70) thrown at [t:/workspace/open/src/hotspot/share/prims/jni.cpp, line 615]
Event: 25.012 Thread 0x000001ed82183800 Exception <a 'java/lang/NullPointerException'{0x000000074bc4c860}> (0x000000074bc4c860) thrown at [t:/workspace/open/src/hotspot/share/interpreter/linkResolver.cpp, line 1436]
Event: 107.264 Thread 0x000001ed845ec000 Exception <a 'java/lang/NoSuchMethodError'{0x000000074b5a3f48}: <clinit>> (0x000000074b5a3f48) thrown at [t:/workspace/open/src/hotspot/share/prims/jni.cpp, line 1364]
Event: 107.271 Thread 0x000001ed845ec000 Exception <a 'java/lang/ClassNotFoundException'{0x000000074b5e6d28}: javax/management/remote/rmi/RMIConnectionImpl_Skel> (0x000000074b5e6d28) thrown at [t:/workspace/open/src/hotspot/share/classfile/systemDictionary.cpp, line 231]
Event: 107.273 Thread 0x000001ed845e8000 Exception <a 'java/lang/NoSuchMethodError'{0x000000074b441f48}: java.lang.invoke.Invokers$Holder.linkToTargetMethod(Ljava/lang/Object;JLjava/lang/Object;)Ljava/lang/Object;> (0x000000074b441f48) thrown at [t:/workspace/open/src/hotspot/share/interpreter/l
Event: 107.366 Thread 0x000001ed80fb7000 Exception <a 'java/lang/InterruptedException'{0x000000074b242440}: sleep interrupted> (0x000000074b242440) thrown at [t:/workspace/open/src/hotspot/share/prims/jvm.cpp, line 3106]
Event: 107.373 Thread 0x000001ed82182000 Exception <a 'java/lang/InterruptedException'{0x000000074b7008f0}: sleep interrupted> (0x000000074b7008f0) thrown at [t:/workspace/open/src/hotspot/share/prims/jvm.cpp, line 3106]

Events (10 events):
Event: 107.391 Executing VM operation: BulkRevokeBias done
Event: 107.391 Executing VM operation: RevokeBias
Event: 107.392 Executing VM operation: RevokeBias done
Event: 107.392 Thread 0x000001ed845eb000 Thread exited: 0x000001ed845eb000
Event: 107.392 Thread 0x000001ed845ea800 Thread exited: 0x000001ed845ea800
Event: 107.404 Executing VM operation: RevokeBias
Event: 107.404 Executing VM operation: RevokeBias done
Event: 107.404 Thread 0x000001ed842da800 Thread exited: 0x000001ed842da800
Event: 107.569 Thread 0x000001ed845e7000 Thread exited: 0x000001ed845e7000
Event: 107.570 Thread 0x000001ed842d7000 Thread exited: 0x000001ed842d7000


Dynamic libraries:
0x00007ff6fdb20000 - 0x00007ff6fdb67000 	C:\Program Files\Java\jdk-11.0.6\bin\javaw.exe
0x00007ffb1cba0000 - 0x00007ffb1cd90000 	C:\WINDOWS\SYSTEM32\ntdll.dll
0x00007ffb1c1c0000 - 0x00007ffb1c272000 	C:\WINDOWS\System32\KERNEL32.DLL
0x00007ffb19c90000 - 0x00007ffb19f34000 	C:\WINDOWS\System32\KERNELBASE.dll
0x00007ffb17c80000 - 0x00007ffb17d0f000 	C:\WINDOWS\SYSTEM32\apphelp.dll
0x00007ffaff1b0000 - 0x00007ffaff20d000 	C:\WINDOWS\SYSTEM32\AcGenral.DLL
0x00007ffb1c280000 - 0x00007ffb1c31e000 	C:\WINDOWS\System32\msvcrt.dll
0x00007ffb1bb70000 - 0x00007ffb1bc07000 	C:\WINDOWS\System32\sechost.dll
0x00007ffb1b840000 - 0x00007ffb1b960000 	C:\WINDOWS\System32\RPCRT4.dll
0x00007ffb1c160000 - 0x00007ffb1c1b2000 	C:\WINDOWS\System32\SHLWAPI.dll
0x00007ffb1ae20000 - 0x00007ffb1b155000 	C:\WINDOWS\System32\combase.dll
0x00007ffb1a9f0000 - 0x00007ffb1aaea000 	C:\WINDOWS\System32\ucrtbase.dll
0x00007ffb1abd0000 - 0x00007ffb1ac50000 	C:\WINDOWS\System32\bcryptPrimitives.dll
0x00007ffb1c440000 - 0x00007ffb1c466000 	C:\WINDOWS\System32\GDI32.dll
0x00007ffb1a9c0000 - 0x00007ffb1a9e1000 	C:\WINDOWS\System32\win32u.dll
0x00007ffb1a6d0000 - 0x00007ffb1a866000 	C:\WINDOWS\System32\gdi32full.dll
0x00007ffb1a920000 - 0x00007ffb1a9be000 	C:\WINDOWS\System32\msvcp_win.dll
0x00007ffb1b960000 - 0x00007ffb1baf5000 	C:\WINDOWS\System32\USER32.dll
0x00007ffb1bd70000 - 0x00007ffb1bec7000 	C:\WINDOWS\System32\ole32.dll
0x00007ffb1b780000 - 0x00007ffb1b823000 	C:\WINDOWS\System32\advapi32.dll
0x00007ffb1c470000 - 0x00007ffb1cb57000 	C:\WINDOWS\System32\SHELL32.dll
0x00007ffb1a8d0000 - 0x00007ffb1a91a000 	C:\WINDOWS\System32\cfgmgr32.dll
0x00007ffb1bef0000 - 0x00007ffb1bf99000 	C:\WINDOWS\System32\shcore.dll
0x00007ffb19f40000 - 0x00007ffb1a6c2000 	C:\WINDOWS\System32\windows.storage.dll
0x00007ffb19a80000 - 0x00007ffb19aa3000 	C:\WINDOWS\System32\profapi.dll
0x00007ffb19ad0000 - 0x00007ffb19b1a000 	C:\WINDOWS\System32\powrprof.dll
0x00007ffb19a50000 - 0x00007ffb19a60000 	C:\WINDOWS\System32\UMPDC.dll
0x00007ffb19a60000 - 0x00007ffb19a71000 	C:\WINDOWS\System32\kernel.appcore.dll
0x00007ffb19c70000 - 0x00007ffb19c87000 	C:\WINDOWS\System32\cryptsp.dll
0x00007ffb19940000 - 0x00007ffb19965000 	C:\WINDOWS\SYSTEM32\USERENV.dll
0x00007ffb0a870000 - 0x00007ffb0a88b000 	C:\WINDOWS\SYSTEM32\MPR.dll
0x00007ffb19970000 - 0x00007ffb1999f000 	C:\WINDOWS\SYSTEM32\SspiCli.dll
0x00007ffb1ad80000 - 0x00007ffb1adae000 	C:\WINDOWS\System32\IMM32.DLL
0x00007ffb0beb0000 - 0x00007ffb0c134000 	C:\WINDOWS\WinSxS\amd64_microsoft.windows.common-controls_6595b64144ccf1df_6.0.18362.1016_none_9e7a36bbe461dae4\COMCTL32.dll
0x00007ffb15fb0000 - 0x00007ffb15fba000 	C:\WINDOWS\SYSTEM32\VERSION.dll
0x00007ffb0a630000 - 0x00007ffb0a646000 	C:\Program Files\Java\jdk-11.0.6\bin\vcruntime140.dll
0x00007ffaf4660000 - 0x00007ffaf470a000 	C:\Program Files\Java\jdk-11.0.6\bin\msvcp140.dll
0x00007ffad4830000 - 0x00007ffad5359000 	C:\Program Files\Java\jdk-11.0.6\bin\server\jvm.dll
0x00007ffb1ae10000 - 0x00007ffb1ae18000 	C:\WINDOWS\System32\PSAPI.DLL
0x00007ffb0b7d0000 - 0x00007ffb0b7f4000 	C:\WINDOWS\SYSTEM32\WINMM.dll
0x00007ffb0a290000 - 0x00007ffb0a299000 	C:\WINDOWS\SYSTEM32\WSOCK32.dll
0x00007ffb1bb00000 - 0x00007ffb1bb6f000 	C:\WINDOWS\System32\WS2_32.dll
0x00007ffb0b6d0000 - 0x00007ffb0b6fd000 	C:\WINDOWS\SYSTEM32\winmmbase.dll
0x00007ffb14900000 - 0x00007ffb14911000 	C:\Program Files\Java\jdk-11.0.6\bin\verify.dll
0x00007ffb14b40000 - 0x00007ffb14d34000 	C:\WINDOWS\SYSTEM32\DBGHELP.DLL
0x00007ffb14830000 - 0x00007ffb1485a000 	C:\WINDOWS\SYSTEM32\dbgcore.DLL
0x00007ffb09250000 - 0x00007ffb09279000 	C:\Program Files\Java\jdk-11.0.6\bin\java.dll
0x00007ffb0ee20000 - 0x00007ffb0ee36000 	C:\Program Files\Java\jdk-11.0.6\bin\zip.dll
0x00007ffb15050000 - 0x00007ffb1505a000 	C:\Program Files\Java\jdk-11.0.6\bin\jimage.dll
0x00007ffb0ac40000 - 0x00007ffb0ac59000 	C:\Program Files\Java\jdk-11.0.6\bin\net.dll
0x00007ffb141d0000 - 0x00007ffb142c0000 	C:\WINDOWS\SYSTEM32\WINHTTP.dll
0x00007ffb19250000 - 0x00007ffb192b7000 	C:\WINDOWS\system32\mswsock.dll
0x00007ffb0a610000 - 0x00007ffb0a623000 	C:\Program Files\Java\jdk-11.0.6\bin\nio.dll
0x00007ffb14480000 - 0x00007ffb14489000 	C:\Program Files\Java\jdk-11.0.6\bin\management.dll
0x00007ffb0f9c0000 - 0x00007ffb0f9cc000 	C:\Program Files\Java\jdk-11.0.6\bin\management_ext.dll
0x00007ffb08b10000 - 0x00007ffb08b26000 	C:\WINDOWS\system32\napinsp.dll
0x00007ffb08af0000 - 0x00007ffb08b0a000 	C:\WINDOWS\system32\pnrpnsp.dll
0x00007ffb18fa0000 - 0x00007ffb1906b000 	C:\WINDOWS\SYSTEM32\DNSAPI.dll
0x00007ffb1b830000 - 0x00007ffb1b838000 	C:\WINDOWS\System32\NSI.dll
0x00007ffb18f60000 - 0x00007ffb18f9a000 	C:\WINDOWS\SYSTEM32\IPHLPAPI.DLL
0x00007ffb08e80000 - 0x00007ffb08e8e000 	C:\WINDOWS\System32\winrnr.dll
0x00007ffb15bf0000 - 0x00007ffb15c0c000 	C:\WINDOWS\system32\NLAapi.dll
0x00007ffb08ad0000 - 0x00007ffb08ae5000 	C:\WINDOWS\system32\wshbth.dll
0x00007ffb13ff0000 - 0x00007ffb13ffa000 	C:\Windows\System32\rasadhlp.dll
0x00007ffb150a0000 - 0x00007ffb15117000 	C:\WINDOWS\System32\fwpuclnt.dll
0x00007ffb1aba0000 - 0x00007ffb1abc6000 	C:\WINDOWS\System32\bcrypt.dll
0x00007ffb18dc0000 - 0x00007ffb18df3000 	C:\WINDOWS\system32\rsaenh.dll
0x00007ffb19420000 - 0x00007ffb1942c000 	C:\WINDOWS\SYSTEM32\CRYPTBASE.dll
0x00007ffb15820000 - 0x00007ffb15836000 	C:\WINDOWS\SYSTEM32\dhcpcsvc6.DLL
0x00007ffb156f0000 - 0x00007ffb1570c000 	C:\WINDOWS\SYSTEM32\dhcpcsvc.DLL
0x00007ffb08ec0000 - 0x00007ffb08ee7000 	C:\Program Files\Java\jdk-11.0.6\bin\sunec.dll
0x00007ffb07c90000 - 0x00007ffb07e2f000 	C:\Program Files\Java\jdk-11.0.6\bin\awt.dll
0x00007ffb1bc10000 - 0x00007ffb1bcd5000 	C:\WINDOWS\System32\OLEAUT32.dll
0x00007ffb143e0000 - 0x00007ffb1440d000 	C:\Program Files\Java\jdk-11.0.6\bin\javajpeg.dll
0x00007ffb14320000 - 0x00007ffb1435f000 	C:\Program Files\Java\jdk-11.0.6\bin\lcms.dll
0x00007ffb144e0000 - 0x00007ffb144ed000 	C:\Program Files\Java\jdk-11.0.6\bin\sunmscapi.dll
0x00007ffb19b20000 - 0x00007ffb19c69000 	C:\WINDOWS\System32\CRYPT32.dll
0x00007ffb19ab0000 - 0x00007ffb19ac2000 	C:\WINDOWS\System32\MSASN1.dll
0x00007ffb19580000 - 0x00007ffb195a6000 	C:\WINDOWS\SYSTEM32\ncrypt.dll
0x00007ffb19540000 - 0x00007ffb1957b000 	C:\WINDOWS\SYSTEM32\NTASN1.dll

dbghelp: loaded successfully - version: 4.0.5 - missing functions: none
symbol engine: initialized successfully - sym options: 0x614 - pdb path: .;C:\Program Files\Java\jdk-11.0.6\bin;C:\WINDOWS\SYSTEM32;C:\WINDOWS\WinSxS\amd64_microsoft.windows.common-controls_6595b64144ccf1df_6.0.18362.1016_none_9e7a36bbe461dae4;C:\Program Files\Java\jdk-11.0.6\bin\server

VM Arguments:
jvm_args: -Dcom.sun.management.jmxremote -Dcom.sun.management.jmxremote.port=63241 -Dcom.sun.management.jmxremote.authenticate=false -Dcom.sun.management.jmxremote.ssl=false -Djava.rmi.server.hostname=localhost -Dspring.jmx.enabled=true -Dspring.application.admin.enabled=true -Xverify:none -XX:TieredStopAtLevel=1 -Dspring.boot.project.name=woodstock -Dfile.encoding=UTF-8 
java_command: com.hyperdrive.woodstock.WoodstockApplication --spring.output.ansi.enabled=always
java_class_path (initial): C:\Users\Hugo\Documents\GitHub\Curso Java\ws-sts\woodstock\target\classes;C:\Users\Hugo\.m2\repository\org\springframework\boot\spring-boot-starter-web\2.3.2.RELEASE\spring-boot-starter-web-2.3.2.RELEASE.jar;C:\Users\Hugo\.m2\repository\org\springframework\boot\spring-boot-starter\2.3.2.RELEASE\spring-boot-starter-2.3.2.RELEASE.jar;C:\Users\Hugo\.m2\repository\org\springframework\boot\spring-boot\2.3.2.RELEASE\spring-boot-2.3.2.RELEASE.jar;C:\Users\Hugo\.m2\repository\org\springframework\boot\spring-boot-autoconfigure\2.3.2.RELEASE\spring-boot-autoconfigure-2.3.2.RELEASE.jar;C:\Users\Hugo\.m2\repository\org\springframework\boot\spring-boot-starter-logging\2.3.2.RELEASE\spring-boot-starter-logging-2.3.2.RELEASE.jar;C:\Users\Hugo\.m2\repository\ch\qos\logback\logback-classic\1.2.3\logback-classic-1.2.3.jar;C:\Users\Hugo\.m2\repository\ch\qos\logback\logback-core\1.2.3\logback-core-1.2.3.jar;C:\Users\Hugo\.m2\repository\org\apache\logging\log4j\log4j-to-slf4j\2.13.3\log4j-to-slf4j-2.13.3.jar;C:\Users\Hugo\.m2\repository\org\apache\logging\log4j\log4j-api\2.13.3\log4j-api-2.13.3.jar;C:\Users\Hugo\.m2\repository\org\slf4j\jul-to-slf4j\1.7.30\jul-to-slf4j-1.7.30.jar;C:\Users\Hugo\.m2\repository\jakarta\annotation\jakarta.annotation-api\1.3.5\jakarta.annotation-api-1.3.5.jar;C:\Users\Hugo\.m2\repository\org\yaml\snakeyaml\1.26\snakeyaml-1.26.jar;C:\Users\Hugo\.m2\repository\org\springframework\boot\spring-boot-starter-json\2.3.2.RELEASE\spring-boot-starter-json-2.3.2.RELEASE.jar;C:\Users\Hugo\.m2\repository\com\fasterxml\jackson\core\jackson-databind\2.11.1\jackson-databind-2.11.1.jar;C:\Users\Hugo\.m2\repository\com\fasterxml\jackson\core\jackson-core\2.11.1\jackson-core-2.11.1.jar;C:\Users\Hugo\.m2\repository\com\fasterxml\jackson\datatype\jackson-datatype-jdk8\2.11.1\jackson-datatype-jdk8-2.11.1.jar;C:\Users\Hugo\.m2\repository\com\fasterxml\jackson\datatype\jackson-datatype-jsr310\2.11.1\jackson-datatype-jsr310-2.11.1.jar;C:\Users\Hugo\.m2\
Launcher Type: SUN_STANDARD

[Global flags]
     bool BytecodeVerificationLocal                = false                                     {product} {command line}
     bool BytecodeVerificationRemote               = false                                     {product} {command line}
     intx CICompilerCount                          = 3                                         {product} {ergonomic}
     uint ConcGCThreads                            = 2                                         {product} {ergonomic}
     uint G1ConcRefinementThreads                  = 6                                         {product} {ergonomic}
   size_t G1HeapRegionSize                         = 1048576                                   {product} {ergonomic}
    uintx GCDrainStackTargetSize                   = 64                                        {product} {ergonomic}
   size_t InitialHeapSize                          = 201326592                                 {product} {ergonomic}
     bool ManagementServer                         = true                                      {product} {command line}
   size_t MarkStackSize                            = 4194304                                   {product} {ergonomic}
   size_t MaxHeapSize                              = 3217031168                                {product} {ergonomic}
   size_t MaxNewSize                               = 1929379840                                {product} {ergonomic}
   size_t MinHeapDeltaBytes                        = 1048576                                   {product} {ergonomic}
    uintx NonNMethodCodeHeapSize                   = 6973028                                {pd product} {ergonomic}
    uintx NonProfiledCodeHeapSize                  = 244685212                              {pd product} {ergonomic}
    uintx ProfiledCodeHeapSize                     = 0                                      {pd product} {ergonomic}
    uintx ReservedCodeCacheSize                    = 251658240                              {pd product} {ergonomic}
     bool SegmentedCodeCache                       = true                                      {product} {ergonomic}
     intx TieredStopAtLevel                        = 1                                         {product} {command line}
     bool UseCompressedClassPointers               = true                                 {lp64_product} {ergonomic}
     bool UseCompressedOops                        = true                                 {lp64_product} {ergonomic}
     bool UseG1GC                                  = true                                      {product} {ergonomic}
     bool UseLargePagesIndividualAllocation        = false                                  {pd product} {ergonomic}

Logging:
Log output configuration:
 #0: stdout all=warning uptime,level,tags
 #1: stderr all=off uptime,level,tags

Environment Variables:
JAVA_HOME=C:\Program Files\Java\jdk-11.0.6
PATH=C:/Program Files/Java/jdk-11.0.6/bin/server;C:/Program Files/Java/jdk-11.0.6/bin;C:\Python27\;C:\Python27\Scripts;C:\WINDOWS\system32;C:\WINDOWS;C:\WINDOWS\System32\Wbem;C:\WINDOWS\System32\WindowsPowerShell\v1.0\;C:\WINDOWS\System32\OpenSSH\;C:\Program Files\dotnet\;C:\ProgramData\chocolatey\bin;C:\Program Files\nodejs\;C:\Program Files\Git\cmd;C:\Program Files\Java\jdk-11.0.6\bin;C:\Program Files\MySQL\MySQL Shell 8.0\bin\;C:\Users\Hugo\AppData\Local\Microsoft\WindowsApps;C:\Users\Hugo\AppData\Local\GitHubDesktop\bin;C:\Users\Hugo\AppData\Local\Programs\Microsoft VS Code\bin;C:\Users\Hugo\AppData\Roaming\npm;C:\Users\Hugo\AppData\Local\Microsoft\WindowsApps;C:\Program Files\heroku\bin;C:\sts-4.6.2.RELEASE;
USERNAME=Hugo
OS=Windows_NT
PROCESSOR_IDENTIFIER=AMD64 Family 21 Model 2 Stepping 0, AuthenticAMD



---------------  S Y S T E M  ---------------

OS: Windows 10 , 64 bit Build 18362 (10.0.18362.959)

CPU:total 6 (initial active 6) (6 cores per cpu, 1 threads per core) family 21 model 2 stepping 0, cmov, cx8, fxsr, mmx, sse, sse2, sse3, ssse3, sse4.1, sse4.2, popcnt, avx, aes, clmul, mmxext, 3dnowpref, lzcnt, sse4a, tsc, tscinvbit, tscinv, bmi1, fma

Memory: 4k page, system-wide physical 12270M (5495M free)
TotalPageFile size 14318M (AvailPageFile size 3015M)
current process WorkingSet (physical memory assigned to process): 395M, peak: 396M
current process commit charge ("private bytes"): 484M, peak: 486M

vm_info: Java HotSpot(TM) 64-Bit Server VM (11.0.6+8-LTS) for windows-amd64 JRE (11.0.6+8-LTS), built on Dec 11 2019 09:17:57 by "mach5one" with MS VC++ 15.5 (VS2017)

END.
