#
# A fatal error has been detected by the Java Runtime Environment:
#
#  EXCEPTION_ACCESS_VIOLATION (0xc0000005) at pc=0x00007fff5cc18846, pid=3988, tid=3652
#
# JRE version: Java(TM) SE Runtime Environment (11.0.6+8) (build 11.0.6+8-LTS)
# Java VM: Java HotSpot(TM) 64-Bit Server VM (11.0.6+8-LTS, mixed mode, tiered, compressed oops, g1 gc, windows-amd64)
# Problematic frame:
# V  [jvm.dll+0x6c8846]
#
# No core dump will be written. Minidumps are not enabled by default on client versions of Windows
#
# If you would like to submit a bug report, please visit:
#   http://bugreport.java.com/bugreport/crash.jsp
#

---------------  S U M M A R Y ------------

Command Line: -Dcom.sun.management.jmxremote -Dcom.sun.management.jmxremote.port=50966 -Dcom.sun.management.jmxremote.authenticate=false -Dcom.sun.management.jmxremote.ssl=false -Djava.rmi.server.hostname=localhost -Dspring.jmx.enabled=true -Dspring.application.admin.enabled=true -Xverify:none -XX:TieredStopAtLevel=1 -Dspring.boot.project.name=woodstock -Dfile.encoding=UTF-8 com.hyperdrive.woodstock.WoodstockApplication --spring.output.ansi.enabled=always

Host: AMD FX(tm)-6300 Six-Core Processor             , 6 cores, 11G,  Windows 10 , 64 bit Build 18362 (10.0.18362.959)
Time: Sun Aug 23 15:43:41 2020 Hora oficial do Brasil elapsed time: 1 seconds (0d 0h 0m 1s)

---------------  T H R E A D  ---------------

Current thread (0x000001c4a00df000):  WatcherThread [stack: 0x0000004b81100000,0x0000004b81200000] [id=3652]

Stack: [0x0000004b81100000,0x0000004b81200000],  sp=0x0000004b811ff830,  free space=1022k
Native frames: (J=compiled Java code, j=interpreted, Vv=VM code, C=native code)
V  [jvm.dll+0x6c8846]
V  [jvm.dll+0x714d0d]
V  [jvm.dll+0x73ab89]
V  [jvm.dll+0x733905]
V  [jvm.dll+0x635846]
C  [ucrtbase.dll+0x20e82]
C  [KERNEL32.DLL+0x17bd4]
C  [ntdll.dll+0x6ce51]


siginfo: EXCEPTION_ACCESS_VIOLATION (0xc0000005), reading address 0x000001c40000000f


Register to memory mapping:

RIP=0x00007fff5cc18846 jvm.dll
RAX=0x000001c40000000f is an unknown value
RBX=0x0 is NULL
RCX=0x000001c4a00ca130 points into unknown readable memory: 48 5b e2 5c ff 7f 00 00
RDX=0x0000000000000032 is an unknown value
RSP=0x0000004b811ff830 points into unknown readable memory: 00 f0 0d a0 c4 01 00 00
RBP=0x0000000000000002 is an unknown value
RSI=0x000001c4fe3d4130 points into unknown readable memory: 0f 00 00 00 c4 01 00 00
RDI=0x0000000000000001 is an unknown value
R8 =0x0 is NULL
R9 =0x000001c4882b0b80 is at begin+0 in a stub
StubRoutines::atomic_cmpxchg_long [0x000001c4882b0b80, 0x000001c4882b0b89[ (9 bytes)
R10=0x00000000546c6148 is an unknown value
R11=0x000001066b5da056 is an unknown value
R12=0x0 is NULL
R13=0x000001c4a00df000 points into unknown readable memory: a8 a3 e2 5c ff 7f 00 00
R14=0x0000000000000032 is an unknown value
R15=0x000001c4ff6645d0 points into unknown readable memory: 00 00 00 00 00 00 00 00


Registers:
RAX=0x000001c40000000f, RBX=0x0000000000000000, RCX=0x000001c4a00ca130, RDX=0x0000000000000032
RSP=0x0000004b811ff830, RBP=0x0000000000000002, RSI=0x000001c4fe3d4130, RDI=0x0000000000000001
R8 =0x0000000000000000, R9 =0x000001c4882b0b80, R10=0x00000000546c6148, R11=0x000001066b5da056
R12=0x0000000000000000, R13=0x000001c4a00df000, R14=0x0000000000000032, R15=0x000001c4ff6645d0
RIP=0x00007fff5cc18846, EFLAGS=0x0000000000010246

Top of Stack: (sp=0x0000004b811ff830)
0x0000004b811ff830:   000001c4a00df000 000001c4a00df000
0x0000004b811ff840:   000087e1110b1308 00007fff5cb593a9
0x0000004b811ff850:   00007fff5cfc57d8 00007fff5cc64d0d
0x0000004b811ff860:   000001c4fcf826b0 000001c4fcf826b0
0x0000004b811ff870:   000001c4fcf826b0 431bde82d7b634db
0x0000004b811ff880:   000001c4ff6645d0 000087e1110b1308
0x0000004b811ff890:   000001c4fcf826b0 00007fff5cc8ab89
0x0000004b811ff8a0:   0000000000000001 0000000000000032
0x0000004b811ff8b0:   0000000000000032 0000000000000002
0x0000004b811ff8c0:   0000000000000000 0000000000000000
0x0000004b811ff8d0:   0000000000000000 0000000000000000
0x0000004b811ff8e0:   0000000000000030 0000004b811ff918
0x0000004b811ff8f0:   0000000000100000 00007fff5cb7ff7a
0x0000004b811ff900:   000001c4a00df000 0000000000000000
0x0000004b811ff910:   0000000000100000 0000004b811ff9e0
0x0000004b811ff920:   0000004b81100000 00007fff5cc83905 

Instructions: (pc=0x00007fff5cc18846)
0x00007fff5cc18826:   cc cc cc cc cc cc cc cc cc cc 48 89 5c 24 10 56
0x00007fff5cc18836:   48 83 ec 20 48 8b 35 47 7e 3a 00 33 db 48 8b 06
0x00007fff5cc18846:   39 18 7e 27 48 89 7c 24 30 8b fb 48 8b 40 18 48
0x00007fff5cc18856:   8b 0c 07 48 8b 01 ff 50 08 48 8b 06 48 8d 7f 08 


Stack slot to memory mapping:
stack at sp + 0 slots: 0x000001c4a00df000 points into unknown readable memory: a8 a3 e2 5c ff 7f 00 00
stack at sp + 1 slots: 0x000001c4a00df000 points into unknown readable memory: a8 a3 e2 5c ff 7f 00 00
stack at sp + 2 slots: 0x000087e1110b1308 is an unknown value
stack at sp + 3 slots: 0x00007fff5cb593a9 jvm.dll
stack at sp + 4 slots: 0x00007fff5cfc57d8 jvm.dll
stack at sp + 5 slots: 0x00007fff5cc64d0d jvm.dll
stack at sp + 6 slots: 0x000001c4fcf826b0 points into unknown readable memory: 01 00 00 00 00 00 00 00
stack at sp + 7 slots: 0x000001c4fcf826b0 points into unknown readable memory: 01 00 00 00 00 00 00 00


---------------  P R O C E S S  ---------------

Threads class SMR info:
_java_thread_list=0x000001c4a00cf9e0, length=12, elements={
0x000001c4fcf83800, 0x000001c4fe4e9000, 0x000001c4ff3fc800, 0x000001c4fe4ee000,
0x000001c4ff445800, 0x000001c4ff446800, 0x000001c4ff45b800, 0x000001c4ff3d1000,
0x000001c4ff69d800, 0x000001c4a005b800, 0x000001c4a007b000, 0x000001c4a00d1000
}

Java Threads: ( => current thread )
  0x000001c4fcf83800 JavaThread "main" [_thread_in_Java, id=936, stack(0x0000004bffc00000,0x0000004bffd00000)]
  0x000001c4fe4e9000 JavaThread "Reference Handler" daemon [_thread_blocked, id=10164, stack(0x0000004b80300000,0x0000004b80400000)]
  0x000001c4ff3fc800 JavaThread "Finalizer" daemon [_thread_blocked, id=8660, stack(0x0000004b80400000,0x0000004b80500000)]
  0x000001c4fe4ee000 JavaThread "Signal Dispatcher" daemon [_thread_blocked, id=10336, stack(0x0000004b80500000,0x0000004b80600000)]
  0x000001c4ff445800 JavaThread "Attach Listener" daemon [_thread_blocked, id=1760, stack(0x0000004b80600000,0x0000004b80700000)]
  0x000001c4ff446800 JavaThread "C1 CompilerThread0" daemon [_thread_in_vm, id=8188, stack(0x0000004b80700000,0x0000004b80800000)]
  0x000001c4ff45b800 JavaThread "Sweeper thread" daemon [_thread_blocked, id=10132, stack(0x0000004b80800000,0x0000004b80900000)]
  0x000001c4ff3d1000 JavaThread "Common-Cleaner" daemon [_thread_blocked, id=10188, stack(0x0000004b80900000,0x0000004b80a00000)]
  0x000001c4ff69d800 JavaThread "Service Thread" daemon [_thread_blocked, id=11016, stack(0x0000004b80a00000,0x0000004b80b00000)]
  0x000001c4a005b800 JavaThread "RMI TCP Accept-0" daemon [_thread_in_native, id=4640, stack(0x0000004b80e00000,0x0000004b80f00000)]
  0x000001c4a007b000 JavaThread "RMI TCP Accept-50966" daemon [_thread_in_native, id=9836, stack(0x0000004b80f00000,0x0000004b81000000)]
  0x000001c4a00d1000 JavaThread "RMI TCP Accept-0" daemon [_thread_in_native, id=10852, stack(0x0000004b81000000,0x0000004b81100000)]

Other Threads:
  0x000001c4fe4e3000 VMThread "VM Thread" [stack: 0x0000004b80200000,0x0000004b80300000] [id=6528]
=>0x000001c4a00df000 WatcherThread [stack: 0x0000004b81100000,0x0000004b81200000] [id=3652]
  0x000001c4fcf98000 GCTaskThread "GC Thread#0" [stack: 0x0000004bffd00000,0x0000004bffe00000] [id=6012]
  0x000001c49fff6800 GCTaskThread "GC Thread#1" [stack: 0x0000004b80b00000,0x0000004b80c00000] [id=2940]
  0x000001c49fa8c000 GCTaskThread "GC Thread#2" [stack: 0x0000004b80c00000,0x0000004b80d00000] [id=10784]
  0x000001c49fa8d000 GCTaskThread "GC Thread#3" [stack: 0x0000004b80d00000,0x0000004b80e00000] [id=6032]
  0x000001c4fcfde000 ConcurrentGCThread "G1 Main Marker" [stack: 0x0000004bffe00000,0x0000004bfff00000] [id=5784]
  0x000001c4fe2f0800 ConcurrentGCThread "G1 Conc#0" [stack: 0x0000004bfff00000,0x0000004c00000000] [id=5968]
  0x000001c4fe3cb000 ConcurrentGCThread "G1 Refine#0" [stack: 0x0000004b80000000,0x0000004b80100000] [id=2444]
  0x000001c4fe3cc000 ConcurrentGCThread "G1 Young RemSet Sampling" [stack: 0x0000004b80100000,0x0000004b80200000] [id=3400]

Threads with active compile tasks:
C1 CompilerThread01070       1       java.util.concurrent.ConcurrentHashMap$ValueIterator::next (34 bytes)

VM state:not at safepoint (normal execution)

VM Mutex/Monitor currently owned by a thread:  ([mutex/lock_event])
[0x000001c4fcf826b0] PeriodicTask_lock - owner thread: 0x000001c4a00df000

Heap address: 0x0000000740400000, size: 3068 MB, Compressed Oops mode: Zero based, Oop shift amount: 3
Narrow klass base: 0x0000000800000000, Narrow klass shift: 0
Compressed class space size: 1073741824 Address: 0x0000000800000000

Heap:
 garbage-first heap   total 196608K, used 25828K [0x0000000740400000, 0x0000000800000000)
  region size 1024K, 11 young (11264K), 3 survivors (3072K)
 Metaspace       used 13004K, capacity 13365K, committed 13568K, reserved 1060864K
  class space    used 1360K, capacity 1502K, committed 1536K, reserved 1048576K
Heap Regions: E=young(eden), S=young(survivor), O=old, HS=humongous(starts), HC=humongous(continues), CS=collection set, F=free, A=archive, TAMS=top-at-mark-start (previous, next)
|   0|0x0000000740400000, 0x0000000740500000, 0x0000000740500000|100%|HS|  |TAMS 0x0000000740400000, 0x0000000740400000| Complete 
|   1|0x0000000740500000, 0x0000000740600000, 0x0000000740600000|100%| O|  |TAMS 0x0000000740500000, 0x0000000740500000| Untracked 
|   2|0x0000000740600000, 0x0000000740700000, 0x0000000740700000|100%| O|  |TAMS 0x0000000740600000, 0x0000000740600000| Untracked 
|   3|0x0000000740700000, 0x0000000740800000, 0x0000000740800000|100%| O|  |TAMS 0x0000000740700000, 0x0000000740700000| Untracked 
|   4|0x0000000740800000, 0x0000000740900000, 0x0000000740900000|100%| O|  |TAMS 0x0000000740800000, 0x0000000740800000| Untracked 
|   5|0x0000000740900000, 0x0000000740a00000, 0x0000000740a00000|100%| O|  |TAMS 0x0000000740900000, 0x0000000740900000| Untracked 
|   6|0x0000000740a00000, 0x0000000740b00000, 0x0000000740b00000|100%| O|  |TAMS 0x0000000740a00000, 0x0000000740a00000| Untracked 
|   7|0x0000000740b00000, 0x0000000740c00000, 0x0000000740c00000|100%| O|  |TAMS 0x0000000740b00000, 0x0000000740b00000| Untracked 
|   8|0x0000000740c00000, 0x0000000740d00000, 0x0000000740d00000|100%| O|  |TAMS 0x0000000740c00000, 0x0000000740c00000| Untracked 
|   9|0x0000000740d00000, 0x0000000740e00000, 0x0000000740e00000|100%| O|  |TAMS 0x0000000740d00000, 0x0000000740d00000| Untracked 
|  10|0x0000000740e00000, 0x0000000740f00000, 0x0000000740f00000|100%| O|  |TAMS 0x0000000740e00000, 0x0000000740e00000| Untracked 
|  11|0x0000000740f00000, 0x0000000741000000, 0x0000000741000000|100%| O|  |TAMS 0x0000000740f00000, 0x0000000740f00000| Untracked 
|  12|0x0000000741000000, 0x0000000741100000, 0x0000000741100000|100%| O|  |TAMS 0x0000000741000000, 0x0000000741000000| Untracked 
|  13|0x0000000741100000, 0x0000000741200000, 0x0000000741200000|100%| O|  |TAMS 0x0000000741100000, 0x0000000741100000| Untracked 
|  14|0x0000000741200000, 0x0000000741300000, 0x0000000741300000|100%| O|  |TAMS 0x0000000741200000, 0x0000000741200000| Untracked 
|  15|0x0000000741300000, 0x0000000741339200, 0x0000000741400000| 22%| O|  |TAMS 0x0000000741300000, 0x0000000741300000| Untracked 
|  16|0x0000000741400000, 0x0000000741400000, 0x0000000741500000|  0%| F|  |TAMS 0x0000000741400000, 0x0000000741400000| Untracked 
|  17|0x0000000741500000, 0x0000000741500000, 0x0000000741600000|  0%| F|  |TAMS 0x0000000741500000, 0x0000000741500000| Untracked 
|  18|0x0000000741600000, 0x0000000741600000, 0x0000000741700000|  0%| F|  |TAMS 0x0000000741600000, 0x0000000741600000| Untracked 
|  19|0x0000000741700000, 0x0000000741700000, 0x0000000741800000|  0%| F|  |TAMS 0x0000000741700000, 0x0000000741700000| Untracked 
|  20|0x0000000741800000, 0x0000000741800000, 0x0000000741900000|  0%| F|  |TAMS 0x0000000741800000, 0x0000000741800000| Untracked 
|  21|0x0000000741900000, 0x0000000741900000, 0x0000000741a00000|  0%| F|  |TAMS 0x0000000741900000, 0x0000000741900000| Untracked 
|  22|0x0000000741a00000, 0x0000000741a00000, 0x0000000741b00000|  0%| F|  |TAMS 0x0000000741a00000, 0x0000000741a00000| Untracked 
|  23|0x0000000741b00000, 0x0000000741b00000, 0x0000000741c00000|  0%| F|  |TAMS 0x0000000741b00000, 0x0000000741b00000| Untracked 
|  24|0x0000000741c00000, 0x0000000741c00000, 0x0000000741d00000|  0%| F|  |TAMS 0x0000000741c00000, 0x0000000741c00000| Untracked 
|  25|0x0000000741d00000, 0x0000000741d00000, 0x0000000741e00000|  0%| F|  |TAMS 0x0000000741d00000, 0x0000000741d00000| Untracked 
|  26|0x0000000741e00000, 0x0000000741e00000, 0x0000000741f00000|  0%| F|  |TAMS 0x0000000741e00000, 0x0000000741e00000| Untracked 
|  27|0x0000000741f00000, 0x0000000741f00000, 0x0000000742000000|  0%| F|  |TAMS 0x0000000741f00000, 0x0000000741f00000| Untracked 
|  28|0x0000000742000000, 0x0000000742000000, 0x0000000742100000|  0%| F|  |TAMS 0x0000000742000000, 0x0000000742000000| Untracked 
|  29|0x0000000742100000, 0x0000000742100000, 0x0000000742200000|  0%| F|  |TAMS 0x0000000742100000, 0x0000000742100000| Untracked 
|  30|0x0000000742200000, 0x0000000742200000, 0x0000000742300000|  0%| F|  |TAMS 0x0000000742200000, 0x0000000742200000| Untracked 
|  31|0x0000000742300000, 0x0000000742300000, 0x0000000742400000|  0%| F|  |TAMS 0x0000000742300000, 0x0000000742300000| Untracked 
|  32|0x0000000742400000, 0x0000000742400000, 0x0000000742500000|  0%| F|  |TAMS 0x0000000742400000, 0x0000000742400000| Untracked 
|  33|0x0000000742500000, 0x0000000742500000, 0x0000000742600000|  0%| F|  |TAMS 0x0000000742500000, 0x0000000742500000| Untracked 
|  34|0x0000000742600000, 0x0000000742600000, 0x0000000742700000|  0%| F|  |TAMS 0x0000000742600000, 0x0000000742600000| Untracked 
|  35|0x0000000742700000, 0x0000000742700000, 0x0000000742800000|  0%| F|  |TAMS 0x0000000742700000, 0x0000000742700000| Untracked 
|  36|0x0000000742800000, 0x0000000742800000, 0x0000000742900000|  0%| F|  |TAMS 0x0000000742800000, 0x0000000742800000| Untracked 
|  37|0x0000000742900000, 0x0000000742900000, 0x0000000742a00000|  0%| F|  |TAMS 0x0000000742900000, 0x0000000742900000| Untracked 
|  38|0x0000000742a00000, 0x0000000742a00000, 0x0000000742b00000|  0%| F|  |TAMS 0x0000000742a00000, 0x0000000742a00000| Untracked 
|  39|0x0000000742b00000, 0x0000000742b00000, 0x0000000742c00000|  0%| F|  |TAMS 0x0000000742b00000, 0x0000000742b00000| Untracked 
|  40|0x0000000742c00000, 0x0000000742c00000, 0x0000000742d00000|  0%| F|  |TAMS 0x0000000742c00000, 0x0000000742c00000| Untracked 
|  41|0x0000000742d00000, 0x0000000742d00000, 0x0000000742e00000|  0%| F|  |TAMS 0x0000000742d00000, 0x0000000742d00000| Untracked 
|  42|0x0000000742e00000, 0x0000000742e00000, 0x0000000742f00000|  0%| F|  |TAMS 0x0000000742e00000, 0x0000000742e00000| Untracked 
|  43|0x0000000742f00000, 0x0000000742f00000, 0x0000000743000000|  0%| F|  |TAMS 0x0000000742f00000, 0x0000000742f00000| Untracked 
|  44|0x0000000743000000, 0x0000000743000000, 0x0000000743100000|  0%| F|  |TAMS 0x0000000743000000, 0x0000000743000000| Untracked 
|  45|0x0000000743100000, 0x0000000743100000, 0x0000000743200000|  0%| F|  |TAMS 0x0000000743100000, 0x0000000743100000| Untracked 
|  46|0x0000000743200000, 0x0000000743200000, 0x0000000743300000|  0%| F|  |TAMS 0x0000000743200000, 0x0000000743200000| Untracked 
|  47|0x0000000743300000, 0x0000000743300000, 0x0000000743400000|  0%| F|  |TAMS 0x0000000743300000, 0x0000000743300000| Untracked 
|  48|0x0000000743400000, 0x0000000743400000, 0x0000000743500000|  0%| F|  |TAMS 0x0000000743400000, 0x0000000743400000| Untracked 
|  49|0x0000000743500000, 0x0000000743500000, 0x0000000743600000|  0%| F|  |TAMS 0x0000000743500000, 0x0000000743500000| Untracked 
|  50|0x0000000743600000, 0x0000000743600000, 0x0000000743700000|  0%| F|  |TAMS 0x0000000743600000, 0x0000000743600000| Untracked 
|  51|0x0000000743700000, 0x0000000743700000, 0x0000000743800000|  0%| F|  |TAMS 0x0000000743700000, 0x0000000743700000| Untracked 
|  52|0x0000000743800000, 0x0000000743800000, 0x0000000743900000|  0%| F|  |TAMS 0x0000000743800000, 0x0000000743800000| Untracked 
|  53|0x0000000743900000, 0x0000000743900000, 0x0000000743a00000|  0%| F|  |TAMS 0x0000000743900000, 0x0000000743900000| Untracked 
|  54|0x0000000743a00000, 0x0000000743a00000, 0x0000000743b00000|  0%| F|  |TAMS 0x0000000743a00000, 0x0000000743a00000| Untracked 
|  55|0x0000000743b00000, 0x0000000743b00000, 0x0000000743c00000|  0%| F|  |TAMS 0x0000000743b00000, 0x0000000743b00000| Untracked 
|  56|0x0000000743c00000, 0x0000000743c00000, 0x0000000743d00000|  0%| F|  |TAMS 0x0000000743c00000, 0x0000000743c00000| Untracked 
|  57|0x0000000743d00000, 0x0000000743d00000, 0x0000000743e00000|  0%| F|  |TAMS 0x0000000743d00000, 0x0000000743d00000| Untracked 
|  58|0x0000000743e00000, 0x0000000743e00000, 0x0000000743f00000|  0%| F|  |TAMS 0x0000000743e00000, 0x0000000743e00000| Untracked 
|  59|0x0000000743f00000, 0x0000000743f00000, 0x0000000744000000|  0%| F|  |TAMS 0x0000000743f00000, 0x0000000743f00000| Untracked 
|  60|0x0000000744000000, 0x0000000744000000, 0x0000000744100000|  0%| F|  |TAMS 0x0000000744000000, 0x0000000744000000| Untracked 
|  61|0x0000000744100000, 0x0000000744100000, 0x0000000744200000|  0%| F|  |TAMS 0x0000000744100000, 0x0000000744100000| Untracked 
|  62|0x0000000744200000, 0x0000000744200000, 0x0000000744300000|  0%| F|  |TAMS 0x0000000744200000, 0x0000000744200000| Untracked 
|  63|0x0000000744300000, 0x0000000744300000, 0x0000000744400000|  0%| F|  |TAMS 0x0000000744300000, 0x0000000744300000| Untracked 
|  64|0x0000000744400000, 0x0000000744400000, 0x0000000744500000|  0%| F|  |TAMS 0x0000000744400000, 0x0000000744400000| Untracked 
|  65|0x0000000744500000, 0x0000000744500000, 0x0000000744600000|  0%| F|  |TAMS 0x0000000744500000, 0x0000000744500000| Untracked 
|  66|0x0000000744600000, 0x0000000744600000, 0x0000000744700000|  0%| F|  |TAMS 0x0000000744600000, 0x0000000744600000| Untracked 
|  67|0x0000000744700000, 0x0000000744700000, 0x0000000744800000|  0%| F|  |TAMS 0x0000000744700000, 0x0000000744700000| Untracked 
|  68|0x0000000744800000, 0x0000000744800000, 0x0000000744900000|  0%| F|  |TAMS 0x0000000744800000, 0x0000000744800000| Untracked 
|  69|0x0000000744900000, 0x0000000744900000, 0x0000000744a00000|  0%| F|  |TAMS 0x0000000744900000, 0x0000000744900000| Untracked 
|  70|0x0000000744a00000, 0x0000000744a00000, 0x0000000744b00000|  0%| F|  |TAMS 0x0000000744a00000, 0x0000000744a00000| Untracked 
|  71|0x0000000744b00000, 0x0000000744b00000, 0x0000000744c00000|  0%| F|  |TAMS 0x0000000744b00000, 0x0000000744b00000| Untracked 
|  72|0x0000000744c00000, 0x0000000744c00000, 0x0000000744d00000|  0%| F|  |TAMS 0x0000000744c00000, 0x0000000744c00000| Untracked 
|  73|0x0000000744d00000, 0x0000000744d00000, 0x0000000744e00000|  0%| F|  |TAMS 0x0000000744d00000, 0x0000000744d00000| Untracked 
|  74|0x0000000744e00000, 0x0000000744e00000, 0x0000000744f00000|  0%| F|  |TAMS 0x0000000744e00000, 0x0000000744e00000| Untracked 
|  75|0x0000000744f00000, 0x0000000744f00000, 0x0000000745000000|  0%| F|  |TAMS 0x0000000744f00000, 0x0000000744f00000| Untracked 
|  76|0x0000000745000000, 0x0000000745000000, 0x0000000745100000|  0%| F|  |TAMS 0x0000000745000000, 0x0000000745000000| Untracked 
|  77|0x0000000745100000, 0x0000000745100000, 0x0000000745200000|  0%| F|  |TAMS 0x0000000745100000, 0x0000000745100000| Untracked 
|  78|0x0000000745200000, 0x0000000745200000, 0x0000000745300000|  0%| F|  |TAMS 0x0000000745200000, 0x0000000745200000| Untracked 
|  79|0x0000000745300000, 0x0000000745300000, 0x0000000745400000|  0%| F|  |TAMS 0x0000000745300000, 0x0000000745300000| Untracked 
|  80|0x0000000745400000, 0x0000000745400000, 0x0000000745500000|  0%| F|  |TAMS 0x0000000745400000, 0x0000000745400000| Untracked 
|  81|0x0000000745500000, 0x0000000745500000, 0x0000000745600000|  0%| F|  |TAMS 0x0000000745500000, 0x0000000745500000| Untracked 
|  82|0x0000000745600000, 0x0000000745600000, 0x0000000745700000|  0%| F|  |TAMS 0x0000000745600000, 0x0000000745600000| Untracked 
|  83|0x0000000745700000, 0x0000000745700000, 0x0000000745800000|  0%| F|  |TAMS 0x0000000745700000, 0x0000000745700000| Untracked 
|  84|0x0000000745800000, 0x0000000745800000, 0x0000000745900000|  0%| F|  |TAMS 0x0000000745800000, 0x0000000745800000| Untracked 
|  85|0x0000000745900000, 0x0000000745900000, 0x0000000745a00000|  0%| F|  |TAMS 0x0000000745900000, 0x0000000745900000| Untracked 
|  86|0x0000000745a00000, 0x0000000745a00000, 0x0000000745b00000|  0%| F|  |TAMS 0x0000000745a00000, 0x0000000745a00000| Untracked 
|  87|0x0000000745b00000, 0x0000000745b00000, 0x0000000745c00000|  0%| F|  |TAMS 0x0000000745b00000, 0x0000000745b00000| Untracked 
|  88|0x0000000745c00000, 0x0000000745c00000, 0x0000000745d00000|  0%| F|  |TAMS 0x0000000745c00000, 0x0000000745c00000| Untracked 
|  89|0x0000000745d00000, 0x0000000745d00000, 0x0000000745e00000|  0%| F|  |TAMS 0x0000000745d00000, 0x0000000745d00000| Untracked 
|  90|0x0000000745e00000, 0x0000000745e00000, 0x0000000745f00000|  0%| F|  |TAMS 0x0000000745e00000, 0x0000000745e00000| Untracked 
|  91|0x0000000745f00000, 0x0000000745f00000, 0x0000000746000000|  0%| F|  |TAMS 0x0000000745f00000, 0x0000000745f00000| Untracked 
|  92|0x0000000746000000, 0x0000000746000000, 0x0000000746100000|  0%| F|  |TAMS 0x0000000746000000, 0x0000000746000000| Untracked 
|  93|0x0000000746100000, 0x0000000746100000, 0x0000000746200000|  0%| F|  |TAMS 0x0000000746100000, 0x0000000746100000| Untracked 
|  94|0x0000000746200000, 0x0000000746200000, 0x0000000746300000|  0%| F|  |TAMS 0x0000000746200000, 0x0000000746200000| Untracked 
|  95|0x0000000746300000, 0x0000000746300000, 0x0000000746400000|  0%| F|  |TAMS 0x0000000746300000, 0x0000000746300000| Untracked 
|  96|0x0000000746400000, 0x0000000746400000, 0x0000000746500000|  0%| F|  |TAMS 0x0000000746400000, 0x0000000746400000| Untracked 
|  97|0x0000000746500000, 0x0000000746500000, 0x0000000746600000|  0%| F|  |TAMS 0x0000000746500000, 0x0000000746500000| Untracked 
|  98|0x0000000746600000, 0x0000000746600000, 0x0000000746700000|  0%| F|  |TAMS 0x0000000746600000, 0x0000000746600000| Untracked 
|  99|0x0000000746700000, 0x0000000746700000, 0x0000000746800000|  0%| F|  |TAMS 0x0000000746700000, 0x0000000746700000| Untracked 
| 100|0x0000000746800000, 0x0000000746800000, 0x0000000746900000|  0%| F|  |TAMS 0x0000000746800000, 0x0000000746800000| Untracked 
| 101|0x0000000746900000, 0x0000000746900000, 0x0000000746a00000|  0%| F|  |TAMS 0x0000000746900000, 0x0000000746900000| Untracked 
| 102|0x0000000746a00000, 0x0000000746a00000, 0x0000000746b00000|  0%| F|  |TAMS 0x0000000746a00000, 0x0000000746a00000| Untracked 
| 103|0x0000000746b00000, 0x0000000746b00000, 0x0000000746c00000|  0%| F|  |TAMS 0x0000000746b00000, 0x0000000746b00000| Untracked 
| 104|0x0000000746c00000, 0x0000000746c00000, 0x0000000746d00000|  0%| F|  |TAMS 0x0000000746c00000, 0x0000000746c00000| Untracked 
| 105|0x0000000746d00000, 0x0000000746d00000, 0x0000000746e00000|  0%| F|  |TAMS 0x0000000746d00000, 0x0000000746d00000| Untracked 
| 106|0x0000000746e00000, 0x0000000746e00000, 0x0000000746f00000|  0%| F|  |TAMS 0x0000000746e00000, 0x0000000746e00000| Untracked 
| 107|0x0000000746f00000, 0x0000000746f00000, 0x0000000747000000|  0%| F|  |TAMS 0x0000000746f00000, 0x0000000746f00000| Untracked 
| 108|0x0000000747000000, 0x0000000747000000, 0x0000000747100000|  0%| F|  |TAMS 0x0000000747000000, 0x0000000747000000| Untracked 
| 109|0x0000000747100000, 0x0000000747100000, 0x0000000747200000|  0%| F|  |TAMS 0x0000000747100000, 0x0000000747100000| Untracked 
| 110|0x0000000747200000, 0x0000000747200000, 0x0000000747300000|  0%| F|  |TAMS 0x0000000747200000, 0x0000000747200000| Untracked 
| 111|0x0000000747300000, 0x0000000747300000, 0x0000000747400000|  0%| F|  |TAMS 0x0000000747300000, 0x0000000747300000| Untracked 
| 112|0x0000000747400000, 0x0000000747400000, 0x0000000747500000|  0%| F|  |TAMS 0x0000000747400000, 0x0000000747400000| Untracked 
| 113|0x0000000747500000, 0x0000000747500000, 0x0000000747600000|  0%| F|  |TAMS 0x0000000747500000, 0x0000000747500000| Untracked 
| 114|0x0000000747600000, 0x0000000747600000, 0x0000000747700000|  0%| F|  |TAMS 0x0000000747600000, 0x0000000747600000| Untracked 
| 115|0x0000000747700000, 0x0000000747700000, 0x0000000747800000|  0%| F|  |TAMS 0x0000000747700000, 0x0000000747700000| Untracked 
| 116|0x0000000747800000, 0x0000000747800000, 0x0000000747900000|  0%| F|  |TAMS 0x0000000747800000, 0x0000000747800000| Untracked 
| 117|0x0000000747900000, 0x0000000747900000, 0x0000000747a00000|  0%| F|  |TAMS 0x0000000747900000, 0x0000000747900000| Untracked 
| 118|0x0000000747a00000, 0x0000000747a00000, 0x0000000747b00000|  0%| F|  |TAMS 0x0000000747a00000, 0x0000000747a00000| Untracked 
| 119|0x0000000747b00000, 0x0000000747b00000, 0x0000000747c00000|  0%| F|  |TAMS 0x0000000747b00000, 0x0000000747b00000| Untracked 
| 120|0x0000000747c00000, 0x0000000747c00000, 0x0000000747d00000|  0%| F|  |TAMS 0x0000000747c00000, 0x0000000747c00000| Untracked 
| 121|0x0000000747d00000, 0x0000000747d00000, 0x0000000747e00000|  0%| F|  |TAMS 0x0000000747d00000, 0x0000000747d00000| Untracked 
| 122|0x0000000747e00000, 0x0000000747e00000, 0x0000000747f00000|  0%| F|  |TAMS 0x0000000747e00000, 0x0000000747e00000| Untracked 
| 123|0x0000000747f00000, 0x0000000747f00000, 0x0000000748000000|  0%| F|  |TAMS 0x0000000747f00000, 0x0000000747f00000| Untracked 
| 124|0x0000000748000000, 0x0000000748000000, 0x0000000748100000|  0%| F|  |TAMS 0x0000000748000000, 0x0000000748000000| Untracked 
| 125|0x0000000748100000, 0x0000000748100000, 0x0000000748200000|  0%| F|  |TAMS 0x0000000748100000, 0x0000000748100000| Untracked 
| 126|0x0000000748200000, 0x0000000748200000, 0x0000000748300000|  0%| F|  |TAMS 0x0000000748200000, 0x0000000748200000| Untracked 
| 127|0x0000000748300000, 0x0000000748300000, 0x0000000748400000|  0%| F|  |TAMS 0x0000000748300000, 0x0000000748300000| Untracked 
| 128|0x0000000748400000, 0x0000000748400000, 0x0000000748500000|  0%| F|  |TAMS 0x0000000748400000, 0x0000000748400000| Untracked 
| 129|0x0000000748500000, 0x0000000748500000, 0x0000000748600000|  0%| F|  |TAMS 0x0000000748500000, 0x0000000748500000| Untracked 
| 130|0x0000000748600000, 0x0000000748600000, 0x0000000748700000|  0%| F|  |TAMS 0x0000000748600000, 0x0000000748600000| Untracked 
| 131|0x0000000748700000, 0x0000000748700000, 0x0000000748800000|  0%| F|  |TAMS 0x0000000748700000, 0x0000000748700000| Untracked 
| 132|0x0000000748800000, 0x0000000748800000, 0x0000000748900000|  0%| F|  |TAMS 0x0000000748800000, 0x0000000748800000| Untracked 
| 133|0x0000000748900000, 0x0000000748900000, 0x0000000748a00000|  0%| F|  |TAMS 0x0000000748900000, 0x0000000748900000| Untracked 
| 134|0x0000000748a00000, 0x0000000748a00000, 0x0000000748b00000|  0%| F|  |TAMS 0x0000000748a00000, 0x0000000748a00000| Untracked 
| 135|0x0000000748b00000, 0x0000000748b00000, 0x0000000748c00000|  0%| F|  |TAMS 0x0000000748b00000, 0x0000000748b00000| Untracked 
| 136|0x0000000748c00000, 0x0000000748c00000, 0x0000000748d00000|  0%| F|  |TAMS 0x0000000748c00000, 0x0000000748c00000| Untracked 
| 137|0x0000000748d00000, 0x0000000748d00000, 0x0000000748e00000|  0%| F|  |TAMS 0x0000000748d00000, 0x0000000748d00000| Untracked 
| 138|0x0000000748e00000, 0x0000000748e00000, 0x0000000748f00000|  0%| F|  |TAMS 0x0000000748e00000, 0x0000000748e00000| Untracked 
| 139|0x0000000748f00000, 0x0000000748f00000, 0x0000000749000000|  0%| F|  |TAMS 0x0000000748f00000, 0x0000000748f00000| Untracked 
| 140|0x0000000749000000, 0x0000000749000000, 0x0000000749100000|  0%| F|  |TAMS 0x0000000749000000, 0x0000000749000000| Untracked 
| 141|0x0000000749100000, 0x0000000749100000, 0x0000000749200000|  0%| F|  |TAMS 0x0000000749100000, 0x0000000749100000| Untracked 
| 142|0x0000000749200000, 0x0000000749200000, 0x0000000749300000|  0%| F|  |TAMS 0x0000000749200000, 0x0000000749200000| Untracked 
| 143|0x0000000749300000, 0x0000000749300000, 0x0000000749400000|  0%| F|  |TAMS 0x0000000749300000, 0x0000000749300000| Untracked 
| 144|0x0000000749400000, 0x0000000749400000, 0x0000000749500000|  0%| F|  |TAMS 0x0000000749400000, 0x0000000749400000| Untracked 
| 145|0x0000000749500000, 0x0000000749500000, 0x0000000749600000|  0%| F|  |TAMS 0x0000000749500000, 0x0000000749500000| Untracked 
| 146|0x0000000749600000, 0x0000000749600000, 0x0000000749700000|  0%| F|  |TAMS 0x0000000749600000, 0x0000000749600000| Untracked 
| 147|0x0000000749700000, 0x0000000749700000, 0x0000000749800000|  0%| F|  |TAMS 0x0000000749700000, 0x0000000749700000| Untracked 
| 148|0x0000000749800000, 0x0000000749800000, 0x0000000749900000|  0%| F|  |TAMS 0x0000000749800000, 0x0000000749800000| Untracked 
| 149|0x0000000749900000, 0x0000000749900000, 0x0000000749a00000|  0%| F|  |TAMS 0x0000000749900000, 0x0000000749900000| Untracked 
| 150|0x0000000749a00000, 0x0000000749a00000, 0x0000000749b00000|  0%| F|  |TAMS 0x0000000749a00000, 0x0000000749a00000| Untracked 
| 151|0x0000000749b00000, 0x0000000749b00000, 0x0000000749c00000|  0%| F|  |TAMS 0x0000000749b00000, 0x0000000749b00000| Untracked 
| 152|0x0000000749c00000, 0x0000000749c00000, 0x0000000749d00000|  0%| F|  |TAMS 0x0000000749c00000, 0x0000000749c00000| Untracked 
| 153|0x0000000749d00000, 0x0000000749d00000, 0x0000000749e00000|  0%| F|  |TAMS 0x0000000749d00000, 0x0000000749d00000| Untracked 
| 154|0x0000000749e00000, 0x0000000749e00000, 0x0000000749f00000|  0%| F|  |TAMS 0x0000000749e00000, 0x0000000749e00000| Untracked 
| 155|0x0000000749f00000, 0x0000000749f00000, 0x000000074a000000|  0%| F|  |TAMS 0x0000000749f00000, 0x0000000749f00000| Untracked 
| 156|0x000000074a000000, 0x000000074a000000, 0x000000074a100000|  0%| F|  |TAMS 0x000000074a000000, 0x000000074a000000| Untracked 
| 157|0x000000074a100000, 0x000000074a100000, 0x000000074a200000|  0%| F|  |TAMS 0x000000074a100000, 0x000000074a100000| Untracked 
| 158|0x000000074a200000, 0x000000074a200000, 0x000000074a300000|  0%| F|  |TAMS 0x000000074a200000, 0x000000074a200000| Untracked 
| 159|0x000000074a300000, 0x000000074a300000, 0x000000074a400000|  0%| F|  |TAMS 0x000000074a300000, 0x000000074a300000| Untracked 
| 160|0x000000074a400000, 0x000000074a400000, 0x000000074a500000|  0%| F|  |TAMS 0x000000074a400000, 0x000000074a400000| Untracked 
| 161|0x000000074a500000, 0x000000074a500000, 0x000000074a600000|  0%| F|  |TAMS 0x000000074a500000, 0x000000074a500000| Untracked 
| 162|0x000000074a600000, 0x000000074a600000, 0x000000074a700000|  0%| F|  |TAMS 0x000000074a600000, 0x000000074a600000| Untracked 
| 163|0x000000074a700000, 0x000000074a700000, 0x000000074a800000|  0%| F|  |TAMS 0x000000074a700000, 0x000000074a700000| Untracked 
| 164|0x000000074a800000, 0x000000074a800000, 0x000000074a900000|  0%| F|  |TAMS 0x000000074a800000, 0x000000074a800000| Untracked 
| 165|0x000000074a900000, 0x000000074a900000, 0x000000074aa00000|  0%| F|  |TAMS 0x000000074a900000, 0x000000074a900000| Untracked 
| 166|0x000000074aa00000, 0x000000074aa00000, 0x000000074ab00000|  0%| F|  |TAMS 0x000000074aa00000, 0x000000074aa00000| Untracked 
| 167|0x000000074ab00000, 0x000000074ac00000, 0x000000074ac00000|100%| S|CS|TAMS 0x000000074ab00000, 0x000000074ab00000| Complete 
| 168|0x000000074ac00000, 0x000000074ad00000, 0x000000074ad00000|100%| S|CS|TAMS 0x000000074ac00000, 0x000000074ac00000| Complete 
| 169|0x000000074ad00000, 0x000000074ae00000, 0x000000074ae00000|100%| S|CS|TAMS 0x000000074ad00000, 0x000000074ad00000| Complete 
| 170|0x000000074ae00000, 0x000000074ae00000, 0x000000074af00000|  0%| F|  |TAMS 0x000000074ae00000, 0x000000074ae00000| Untracked 
| 171|0x000000074af00000, 0x000000074af00000, 0x000000074b000000|  0%| F|  |TAMS 0x000000074af00000, 0x000000074af00000| Untracked 
| 172|0x000000074b000000, 0x000000074b000000, 0x000000074b100000|  0%| F|  |TAMS 0x000000074b000000, 0x000000074b000000| Untracked 
| 173|0x000000074b100000, 0x000000074b100000, 0x000000074b200000|  0%| F|  |TAMS 0x000000074b100000, 0x000000074b100000| Untracked 
| 174|0x000000074b200000, 0x000000074b200000, 0x000000074b300000|  0%| F|  |TAMS 0x000000074b200000, 0x000000074b200000| Untracked 
| 175|0x000000074b300000, 0x000000074b300000, 0x000000074b400000|  0%| F|  |TAMS 0x000000074b300000, 0x000000074b300000| Untracked 
| 176|0x000000074b400000, 0x000000074b400000, 0x000000074b500000|  0%| F|  |TAMS 0x000000074b400000, 0x000000074b400000| Untracked 
| 177|0x000000074b500000, 0x000000074b500000, 0x000000074b600000|  0%| F|  |TAMS 0x000000074b500000, 0x000000074b500000| Untracked 
| 178|0x000000074b600000, 0x000000074b600000, 0x000000074b700000|  0%| F|  |TAMS 0x000000074b600000, 0x000000074b600000| Untracked 
| 179|0x000000074b700000, 0x000000074b700000, 0x000000074b800000|  0%| F|  |TAMS 0x000000074b700000, 0x000000074b700000| Untracked 
| 180|0x000000074b800000, 0x000000074b800000, 0x000000074b900000|  0%| F|  |TAMS 0x000000074b800000, 0x000000074b800000| Untracked 
| 181|0x000000074b900000, 0x000000074b900000, 0x000000074ba00000|  0%| F|  |TAMS 0x000000074b900000, 0x000000074b900000| Untracked 
| 182|0x000000074ba00000, 0x000000074ba00000, 0x000000074bb00000|  0%| F|  |TAMS 0x000000074ba00000, 0x000000074ba00000| Untracked 
| 183|0x000000074bb00000, 0x000000074bb00000, 0x000000074bc00000|  0%| F|  |TAMS 0x000000074bb00000, 0x000000074bb00000| Untracked 
| 184|0x000000074bc00000, 0x000000074bcb6f10, 0x000000074bd00000| 71%| E|  |TAMS 0x000000074bc00000, 0x000000074bc00000| Complete 
| 185|0x000000074bd00000, 0x000000074be00000, 0x000000074be00000|100%| E|CS|TAMS 0x000000074bd00000, 0x000000074bd00000| Complete 
| 186|0x000000074be00000, 0x000000074bf00000, 0x000000074bf00000|100%| E|CS|TAMS 0x000000074be00000, 0x000000074be00000| Complete 
| 187|0x000000074bf00000, 0x000000074c000000, 0x000000074c000000|100%| E|CS|TAMS 0x000000074bf00000, 0x000000074bf00000| Complete 
| 188|0x000000074c000000, 0x000000074c100000, 0x000000074c100000|100%| E|CS|TAMS 0x000000074c000000, 0x000000074c000000| Complete 
| 189|0x000000074c100000, 0x000000074c200000, 0x000000074c200000|100%| E|CS|TAMS 0x000000074c100000, 0x000000074c100000| Complete 
| 190|0x000000074c200000, 0x000000074c300000, 0x000000074c300000|100%| E|CS|TAMS 0x000000074c200000, 0x000000074c200000| Complete 
| 191|0x000000074c300000, 0x000000074c400000, 0x000000074c400000|100%| E|CS|TAMS 0x000000074c300000, 0x000000074c300000| Complete 

Card table byte_map: [0x000001c4fd6f0000,0x000001c4fdcf0000] _byte_map_base: 0x000001c4f9cee000

Marking Bits (Prev, Next): (CMBitMap*) 0x000001c4fcfd10a8, (CMBitMap*) 0x000001c4fcfd10e0
 Prev Bits: [0x000001c4972b0000, 0x000001c49a2a0000)
 Next Bits: [0x000001c49a2a0000, 0x000001c49d290000)

Polling page: 0x000001c4faea0000

Metaspace:

Usage:
  Non-class:     11.65 MB capacity,    11.40 MB ( 98%) used,   221.66 KB (  2%) free+waste,    30.69 KB ( <1%) overhead. 
      Class:      1.47 MB capacity,     1.33 MB ( 91%) used,   126.43 KB (  8%) free+waste,    15.13 KB (  1%) overhead. 
       Both:     13.11 MB capacity,    12.73 MB ( 97%) used,   348.09 KB (  3%) free+waste,    45.81 KB ( <1%) overhead. 

Virtual space:
  Non-class space:       12.00 MB reserved,      11.75 MB ( 98%) committed 
      Class space:        1.00 GB reserved,       1.50 MB ( <1%) committed 
             Both:        1.01 GB reserved,      13.25 MB (  1%) committed 

Chunk freelists:
   Non-Class:  5.13 KB
       Class:  256 bytes
        Both:  5.38 KB

CodeHeap 'non-profiled nmethods': size=238912Kb used=1501Kb max_used=1501Kb free=237411Kb
 bounds [0x000001c488960000, 0x000001c488bd0000, 0x000001c4972b0000]
CodeHeap 'non-nmethods': size=6848Kb used=1111Kb max_used=1111Kb free=5736Kb
 bounds [0x000001c4882b0000, 0x000001c488520000, 0x000001c488960000]
 total_blobs=1489 nmethods=1069 adapters=332
 compilation: enabled
              stopped_count=0, restarted_count=0
 full_count=0

Compilation events (10 events):
Event: 1.314 Thread 0x000001c4ff446800 1065       1       java.lang.String::toUpperCase (29 bytes)
Event: 1.315 Thread 0x000001c4ff446800 nmethod 1065 0x000001c488ad5d90 code [0x000001c488ad5f60, 0x000001c488ad6100]
Event: 1.316 Thread 0x000001c4ff446800 1066       1       java.nio.charset.Charset::forName (20 bytes)
Event: 1.316 Thread 0x000001c4ff446800 nmethod 1066 0x000001c488ad6190 code [0x000001c488ad6360, 0x000001c488ad64e0]
Event: 1.316 Thread 0x000001c4ff446800 1067       1       java.nio.charset.Charset::isSupported (13 bytes)
Event: 1.316 Thread 0x000001c4ff446800 nmethod 1067 0x000001c488ad6590 code [0x000001c488ad6740, 0x000001c488ad6870]
Event: 1.316 Thread 0x000001c4ff446800 1068       1       java.lang.StringCoding::deref (19 bytes)
Event: 1.316 Thread 0x000001c4ff446800 nmethod 1068 0x000001c488ad6910 code [0x000001c488ad6ae0, 0x000001c488ad6c80]
Event: 1.316 Thread 0x000001c4ff446800 1069   !   1       java.lang.StringCoding::lookupCharset (24 bytes)
Event: 1.316 Thread 0x000001c4ff446800 nmethod 1069 0x000001c488ad6d90 code [0x000001c488ad6f80, 0x000001c488ad7240]

GC Heap History (2 events):
Event: 0.944 GC heap before
{Heap before GC invocations=0 (full 0):
 garbage-first heap   total 196608K, used 22528K [0x0000000740400000, 0x0000000800000000)
  region size 1024K, 22 young (22528K), 0 survivors (0K)
 Metaspace       used 8164K, capacity 8316K, committed 8576K, reserved 1056768K
  class space    used 786K, capacity 837K, committed 896K, reserved 1048576K
}
Event: 0.958 GC heap after
{Heap after GC invocations=1 (full 0):
 garbage-first heap   total 196608K, used 18660K [0x0000000740400000, 0x0000000800000000)
  region size 1024K, 3 young (3072K), 3 survivors (3072K)
 Metaspace       used 8164K, capacity 8316K, committed 8576K, reserved 1056768K
  class space    used 786K, capacity 837K, committed 896K, reserved 1048576K
}

Deoptimization events (0 events):
No events

Classes redefined (0 events):
No events

Internal exceptions (10 events):
Event: 1.101 Thread 0x000001c4fcf83800 Exception <a 'java/lang/NoSuchMethodError'{0x000000074c1feb20}: java.lang.invoke.DirectMethodHandle$Holder.invokeStatic(Ljava/lang/Object;IIII)Ljava/lang/Object;> (0x000000074c1feb20) thrown at [t:/workspace/open/src/hotspot/share/interpreter/linkResolver
Event: 1.101 Thread 0x000001c4fcf83800 Exception <a 'java/lang/NoSuchMethodError'{0x000000074c0020f0}: java.lang.invoke.DirectMethodHandle$Holder.invokeStaticInit(Ljava/lang/Object;IIII)Ljava/lang/Object;> (0x000000074c0020f0) thrown at [t:/workspace/open/src/hotspot/share/interpreter/linkReso
Event: 1.238 Thread 0x000001c4fcf83800 Exception <a 'java/lang/NoSuchMethodError'{0x000000074c050320}: java.lang.invoke.DirectMethodHandle$Holder.invokeStatic(Ljava/lang/Object;Ljava/lang/Object;IIII)Ljava/lang/Object;> (0x000000074c050320) thrown at [t:/workspace/open/src/hotspot/share/interp
Event: 1.239 Thread 0x000001c4fcf83800 Exception <a 'java/lang/NoSuchMethodError'{0x000000074c053668}: java.lang.invoke.DirectMethodHandle$Holder.invokeStaticInit(Ljava/lang/Object;Ljava/lang/Object;IIII)Ljava/lang/Object;> (0x000000074c053668) thrown at [t:/workspace/open/src/hotspot/share/in
Event: 1.250 Thread 0x000001c4fcf83800 Exception <a 'java/lang/ClassNotFoundException'{0x000000074c070bc8}: javax/management/remote/rmi/RMIServerImpl_Skel> (0x000000074c070bc8) thrown at [t:/workspace/open/src/hotspot/share/classfile/systemDictionary.cpp, line 231]
Event: 1.290 Thread 0x000001c4fcf83800 Exception <a 'java/lang/ClassNotFoundException'{0x000000074bf2c6d0}: jdk/internal/agent/resources/spi/agentProvider> (0x000000074bf2c6d0) thrown at [t:/workspace/open/src/hotspot/share/classfile/systemDictionary.cpp, line 231]
Event: 1.297 Thread 0x000001c4fcf83800 Exception <a 'java/lang/NoSuchMethodError'{0x000000074bf81ce0}: java.lang.invoke.DirectMethodHandle$Holder.invokeStatic(Ljava/lang/Object;Ljava/lang/Object;Ljava/lang/Object;Ljava/lang/Object;Ljava/lang/Object;Ljava/lang/Object;Ljava/lang/Object;Ljava/lan
Event: 1.298 Thread 0x000001c4fcf83800 Exception <a 'java/lang/NoSuchMethodError'{0x000000074bf8e500}: java.lang.invoke.DirectMethodHandle$Holder.invokeStatic(Ljava/lang/Object;Ljava/lang/Object;Ljava/lang/Object;Ljava/lang/Object;Ljava/lang/Object;Ljava/lang/Object;Ljava/lang/Object;Ljava/lan
Event: 1.300 Thread 0x000001c4fcf83800 Exception <a 'java/lang/NoSuchMethodError'{0x000000074bfa7fd8}: java.lang.invoke.DelegatingMethodHandle$Holder.reinvoke_L(Ljava/lang/Object;ILjava/lang/Object;)Ljava/lang/Object;> (0x000000074bfa7fd8) thrown at [t:/workspace/open/src/hotspot/share/interpr
Event: 1.356 Thread 0x000001c4fcf83800 Exception <a 'java/lang/ClassNotFoundException'{0x000000074bd71b10}: javax/smartcardio/CardPermission> (0x000000074bd71b10) thrown at [t:/workspace/open/src/hotspot/share/classfile/systemDictionary.cpp, line 231]

Events (10 events):
Event: 1.354 loading class sun/security/provider/PolicyFile$PolicyEntry done
Event: 1.355 loading class java/net/URLPermission
Event: 1.355 loading class java/net/URLPermission done
Event: 1.355 loading class java/net/URLPermission$Authority
Event: 1.355 loading class java/net/URLPermission$Authority done
Event: 1.355 loading class java/net/HostPortrange
Event: 1.355 loading class java/net/HostPortrange done
Event: 1.356 loading class javax/smartcardio/CardPermission
Event: 1.356 loading class javax/smartcardio/CardPermission done
Event: 1.357 loading class sun/security/provider/PolicyFile$5


Dynamic libraries:
0x00007ff626520000 - 0x00007ff626567000 	C:\Program Files\Java\jdk-11.0.6\bin\javaw.exe
0x00007fff9db40000 - 0x00007fff9dd30000 	C:\WINDOWS\SYSTEM32\ntdll.dll
0x00007fff9d2e0000 - 0x00007fff9d392000 	C:\WINDOWS\System32\KERNEL32.DLL
0x00007fff9ac70000 - 0x00007fff9af14000 	C:\WINDOWS\System32\KERNELBASE.dll
0x00007fff98c20000 - 0x00007fff98caf000 	C:\WINDOWS\SYSTEM32\apphelp.dll
0x00007fff816a0000 - 0x00007fff816fd000 	C:\WINDOWS\SYSTEM32\AcGenral.DLL
0x00007fff9bf60000 - 0x00007fff9bffe000 	C:\WINDOWS\System32\msvcrt.dll
0x00007fff9c000000 - 0x00007fff9c097000 	C:\WINDOWS\System32\sechost.dll
0x00007fff9c800000 - 0x00007fff9c920000 	C:\WINDOWS\System32\RPCRT4.dll
0x00007fff9c120000 - 0x00007fff9c172000 	C:\WINDOWS\System32\SHLWAPI.dll
0x00007fff9c440000 - 0x00007fff9c775000 	C:\WINDOWS\System32\combase.dll
0x00007fff9ab70000 - 0x00007fff9ac6a000 	C:\WINDOWS\System32\ucrtbase.dll
0x00007fff9b990000 - 0x00007fff9ba10000 	C:\WINDOWS\System32\bcryptPrimitives.dll
0x00007fff9d580000 - 0x00007fff9d5a6000 	C:\WINDOWS\System32\GDI32.dll
0x00007fff9b960000 - 0x00007fff9b981000 	C:\WINDOWS\System32\win32u.dll
0x00007fff9af20000 - 0x00007fff9b0b6000 	C:\WINDOWS\System32\gdi32full.dll
0x00007fff9b0c0000 - 0x00007fff9b15e000 	C:\WINDOWS\System32\msvcp_win.dll
0x00007fff9c990000 - 0x00007fff9cb25000 	C:\WINDOWS\System32\USER32.dll
0x00007fff9bd30000 - 0x00007fff9be87000 	C:\WINDOWS\System32\ole32.dll
0x00007fff9c180000 - 0x00007fff9c223000 	C:\WINDOWS\System32\advapi32.dll
0x00007fff9cbf0000 - 0x00007fff9d2d7000 	C:\WINDOWS\System32\SHELL32.dll
0x00007fff9b160000 - 0x00007fff9b1aa000 	C:\WINDOWS\System32\cfgmgr32.dll
0x00007fff9cb30000 - 0x00007fff9cbd9000 	C:\WINDOWS\System32\shcore.dll
0x00007fff9b1b0000 - 0x00007fff9b932000 	C:\WINDOWS\System32\windows.storage.dll
0x00007fff9aa90000 - 0x00007fff9aab3000 	C:\WINDOWS\System32\profapi.dll
0x00007fff9aa20000 - 0x00007fff9aa6a000 	C:\WINDOWS\System32\powrprof.dll
0x00007fff9a9f0000 - 0x00007fff9aa00000 	C:\WINDOWS\System32\UMPDC.dll
0x00007fff9aa70000 - 0x00007fff9aa81000 	C:\WINDOWS\System32\kernel.appcore.dll
0x00007fff9b940000 - 0x00007fff9b957000 	C:\WINDOWS\System32\cryptsp.dll
0x00007fff9a8e0000 - 0x00007fff9a905000 	C:\WINDOWS\SYSTEM32\USERENV.dll
0x00007fff84820000 - 0x00007fff8483b000 	C:\WINDOWS\SYSTEM32\MPR.dll
0x00007fff9a910000 - 0x00007fff9a93f000 	C:\WINDOWS\SYSTEM32\SspiCli.dll
0x00007fff9dad0000 - 0x00007fff9dafe000 	C:\WINDOWS\System32\IMM32.DLL
0x00007fff86c00000 - 0x00007fff86e84000 	C:\WINDOWS\WinSxS\amd64_microsoft.windows.common-controls_6595b64144ccf1df_6.0.18362.1016_none_9e7a36bbe461dae4\COMCTL32.dll
0x00007fff96b60000 - 0x00007fff96b6a000 	C:\WINDOWS\SYSTEM32\VERSION.dll
0x00007fff86980000 - 0x00007fff86996000 	C:\Program Files\Java\jdk-11.0.6\bin\vcruntime140.dll
0x00007fff79020000 - 0x00007fff790ca000 	C:\Program Files\Java\jdk-11.0.6\bin\msvcp140.dll
0x00007fff5c550000 - 0x00007fff5d079000 	C:\Program Files\Java\jdk-11.0.6\bin\server\jvm.dll
0x00007fff9cbe0000 - 0x00007fff9cbe8000 	C:\WINDOWS\System32\PSAPI.DLL
0x00007fff989d0000 - 0x00007fff989f4000 	C:\WINDOWS\SYSTEM32\WINMM.dll
0x00007fff8dd80000 - 0x00007fff8dd89000 	C:\WINDOWS\SYSTEM32\WSOCK32.dll
0x00007fff9bef0000 - 0x00007fff9bf5f000 	C:\WINDOWS\System32\WS2_32.dll
0x00007fff98950000 - 0x00007fff9897d000 	C:\WINDOWS\SYSTEM32\WINMMBASE.dll
0x00007fff81600000 - 0x00007fff81611000 	C:\Program Files\Java\jdk-11.0.6\bin\verify.dll
0x00007fff95070000 - 0x00007fff95264000 	C:\WINDOWS\SYSTEM32\DBGHELP.DLL
0x00007fff94fa0000 - 0x00007fff94fca000 	C:\WINDOWS\SYSTEM32\dbgcore.DLL
0x00007fff81420000 - 0x00007fff81449000 	C:\Program Files\Java\jdk-11.0.6\bin\java.dll
0x00007fff81400000 - 0x00007fff81416000 	C:\Program Files\Java\jdk-11.0.6\bin\zip.dll
0x00007fff88dd0000 - 0x00007fff88dda000 	C:\Program Files\Java\jdk-11.0.6\bin\jimage.dll
0x00007fff7b9c0000 - 0x00007fff7b9d9000 	C:\Program Files\Java\jdk-11.0.6\bin\net.dll
0x00007fff93ac0000 - 0x00007fff93bb0000 	C:\WINDOWS\SYSTEM32\WINHTTP.dll
0x00007fff9a1f0000 - 0x00007fff9a257000 	C:\WINDOWS\system32\mswsock.dll
0x00007fff7b9a0000 - 0x00007fff7b9b3000 	C:\Program Files\Java\jdk-11.0.6\bin\nio.dll
0x00007fff823f0000 - 0x00007fff823f9000 	C:\Program Files\Java\jdk-11.0.6\bin\management.dll
0x00007fff823e0000 - 0x00007fff823ec000 	C:\Program Files\Java\jdk-11.0.6\bin\management_ext.dll
0x00007fff860b0000 - 0x00007fff860c6000 	C:\WINDOWS\system32\napinsp.dll
0x00007fff86040000 - 0x00007fff8605a000 	C:\WINDOWS\system32\pnrpnsp.dll
0x00007fff99f40000 - 0x00007fff9a00b000 	C:\WINDOWS\SYSTEM32\DNSAPI.dll
0x00007fff9d3a0000 - 0x00007fff9d3a8000 	C:\WINDOWS\System32\NSI.dll
0x00007fff99f00000 - 0x00007fff99f3a000 	C:\WINDOWS\SYSTEM32\IPHLPAPI.DLL
0x00007fff86030000 - 0x00007fff8603e000 	C:\WINDOWS\System32\winrnr.dll
0x00007fff961f0000 - 0x00007fff9620c000 	C:\WINDOWS\system32\NLAapi.dll
0x00007fff85fc0000 - 0x00007fff85fd5000 	C:\WINDOWS\system32\wshbth.dll
0x00007fff93560000 - 0x00007fff9356a000 	C:\Windows\System32\rasadhlp.dll
0x00007fff94fd0000 - 0x00007fff95047000 	C:\WINDOWS\System32\fwpuclnt.dll
0x00007fff9ba10000 - 0x00007fff9ba36000 	C:\WINDOWS\System32\bcrypt.dll
0x00007fff99d60000 - 0x00007fff99d93000 	C:\WINDOWS\system32\rsaenh.dll
0x00007fff9a3c0000 - 0x00007fff9a3cc000 	C:\WINDOWS\SYSTEM32\CRYPTBASE.dll
0x00007fff95390000 - 0x00007fff953a6000 	C:\WINDOWS\SYSTEM32\dhcpcsvc6.DLL
0x00007fff959f0000 - 0x00007fff95a0c000 	C:\WINDOWS\SYSTEM32\dhcpcsvc.DLL

dbghelp: loaded successfully - version: 4.0.5 - missing functions: none
symbol engine: initialized successfully - sym options: 0x614 - pdb path: .;C:\Program Files\Java\jdk-11.0.6\bin;C:\WINDOWS\SYSTEM32;C:\WINDOWS\WinSxS\amd64_microsoft.windows.common-controls_6595b64144ccf1df_6.0.18362.1016_none_9e7a36bbe461dae4;C:\Program Files\Java\jdk-11.0.6\bin\server

VM Arguments:
jvm_args: -Dcom.sun.management.jmxremote -Dcom.sun.management.jmxremote.port=50966 -Dcom.sun.management.jmxremote.authenticate=false -Dcom.sun.management.jmxremote.ssl=false -Djava.rmi.server.hostname=localhost -Dspring.jmx.enabled=true -Dspring.application.admin.enabled=true -Xverify:none -XX:TieredStopAtLevel=1 -Dspring.boot.project.name=woodstock -Dfile.encoding=UTF-8 
java_command: com.hyperdrive.woodstock.WoodstockApplication --spring.output.ansi.enabled=always
java_class_path (initial): C:\Users\Hugo\Documents\GitHub\Curso Java\ws-sts\woodstock\target\classes;C:\Users\Hugo\.m2\repository\org\springframework\boot\spring-boot-starter-web\2.3.2.RELEASE\spring-boot-starter-web-2.3.2.RELEASE.jar;C:\Users\Hugo\.m2\repository\org\springframework\boot\spring-boot-starter\2.3.2.RELEASE\spring-boot-starter-2.3.2.RELEASE.jar;C:\Users\Hugo\.m2\repository\org\springframework\boot\spring-boot\2.3.2.RELEASE\spring-boot-2.3.2.RELEASE.jar;C:\Users\Hugo\.m2\repository\org\springframework\boot\spring-boot-autoconfigure\2.3.2.RELEASE\spring-boot-autoconfigure-2.3.2.RELEASE.jar;C:\Users\Hugo\.m2\repository\org\springframework\boot\spring-boot-starter-logging\2.3.2.RELEASE\spring-boot-starter-logging-2.3.2.RELEASE.jar;C:\Users\Hugo\.m2\repository\ch\qos\logback\logback-classic\1.2.3\logback-classic-1.2.3.jar;C:\Users\Hugo\.m2\repository\ch\qos\logback\logback-core\1.2.3\logback-core-1.2.3.jar;C:\Users\Hugo\.m2\repository\org\apache\logging\log4j\log4j-to-slf4j\2.13.3\log4j-to-slf4j-2.13.3.jar;C:\Users\Hugo\.m2\repository\org\apache\logging\log4j\log4j-api\2.13.3\log4j-api-2.13.3.jar;C:\Users\Hugo\.m2\repository\org\slf4j\jul-to-slf4j\1.7.30\jul-to-slf4j-1.7.30.jar;C:\Users\Hugo\.m2\repository\jakarta\annotation\jakarta.annotation-api\1.3.5\jakarta.annotation-api-1.3.5.jar;C:\Users\Hugo\.m2\repository\org\yaml\snakeyaml\1.26\snakeyaml-1.26.jar;C:\Users\Hugo\.m2\repository\org\springframework\boot\spring-boot-starter-json\2.3.2.RELEASE\spring-boot-starter-json-2.3.2.RELEASE.jar;C:\Users\Hugo\.m2\repository\com\fasterxml\jackson\datatype\jackson-datatype-jdk8\2.11.1\jackson-datatype-jdk8-2.11.1.jar;C:\Users\Hugo\.m2\repository\com\fasterxml\jackson\datatype\jackson-datatype-jsr310\2.11.1\jackson-datatype-jsr310-2.11.1.jar;C:\Users\Hugo\.m2\repository\com\fasterxml\jackson\module\jackson-module-parameter-names\2.11.1\jackson-module-parameter-names-2.11.1.jar;C:\Users\Hugo\.m2\repository\org\springframework\boot\spring-boot-starter-tomcat\2.3.2.R
Launcher Type: SUN_STANDARD

[Global flags]
     bool BytecodeVerificationLocal                = false                                     {product} {command line}
     bool BytecodeVerificationRemote               = false                                     {product} {command line}
     intx CICompilerCount                          = 3                                         {product} {ergonomic}
     uint ConcGCThreads                            = 2                                         {product} {ergonomic}
     uint G1ConcRefinementThreads                  = 6                                         {product} {ergonomic}
   size_t G1HeapRegionSize                         = 1048576                                   {product} {ergonomic}
    uintx GCDrainStackTargetSize                   = 64                                        {product} {ergonomic}
   size_t InitialHeapSize                          = 201326592                                 {product} {ergonomic}
     bool ManagementServer                         = true                                      {product} {command line}
   size_t MarkStackSize                            = 4194304                                   {product} {ergonomic}
   size_t MaxHeapSize                              = 3217031168                                {product} {ergonomic}
   size_t MaxNewSize                               = 1929379840                                {product} {ergonomic}
   size_t MinHeapDeltaBytes                        = 1048576                                   {product} {ergonomic}
    uintx NonNMethodCodeHeapSize                   = 6973028                                {pd product} {ergonomic}
    uintx NonProfiledCodeHeapSize                  = 244685212                              {pd product} {ergonomic}
    uintx ProfiledCodeHeapSize                     = 0                                      {pd product} {ergonomic}
    uintx ReservedCodeCacheSize                    = 251658240                              {pd product} {ergonomic}
     bool SegmentedCodeCache                       = true                                      {product} {ergonomic}
     intx TieredStopAtLevel                        = 1                                         {product} {command line}
     bool UseCompressedClassPointers               = true                                 {lp64_product} {ergonomic}
     bool UseCompressedOops                        = true                                 {lp64_product} {ergonomic}
     bool UseG1GC                                  = true                                      {product} {ergonomic}
     bool UseLargePagesIndividualAllocation        = false                                  {pd product} {ergonomic}

Logging:
Log output configuration:
 #0: stdout all=warning uptime,level,tags
 #1: stderr all=off uptime,level,tags

Environment Variables:
JAVA_HOME=C:\Program Files\Java\jdk-11.0.6
PATH=C:/Program Files/Java/jdk-11.0.6/bin/server;C:/Program Files/Java/jdk-11.0.6/bin;C:\Python27\;C:\Python27\Scripts;C:\WINDOWS\system32;C:\WINDOWS;C:\WINDOWS\System32\Wbem;C:\WINDOWS\System32\WindowsPowerShell\v1.0\;C:\WINDOWS\System32\OpenSSH\;C:\Program Files\dotnet\;C:\ProgramData\chocolatey\bin;C:\Program Files\Git\cmd;C:\Program Files\Java\jdk-11.0.6\bin;C:\Program Files\MySQL\MySQL Shell 8.0\bin\;C:\Users\Hugo\AppData\Local\Microsoft\WindowsApps;C:\Users\Hugo\AppData\Local\GitHubDesktop\bin;C:\Users\Hugo\AppData\Local\Programs\Microsoft VS Code\bin;C:\Users\Hugo\AppData\Local\Microsoft\WindowsApps;C:\Program Files\heroku\bin;C:\sts-4.6.2.RELEASE;
USERNAME=Hugo
OS=Windows_NT
PROCESSOR_IDENTIFIER=AMD64 Family 21 Model 2 Stepping 0, AuthenticAMD



---------------  S Y S T E M  ---------------

OS: Windows 10 , 64 bit Build 18362 (10.0.18362.959)

CPU:total 6 (initial active 6) (6 cores per cpu, 1 threads per core) family 21 model 2 stepping 0, cmov, cx8, fxsr, mmx, sse, sse2, sse3, ssse3, sse4.1, sse4.2, popcnt, avx, aes, clmul, mmxext, 3dnowpref, lzcnt, sse4a, tsc, tscinvbit, tscinv, bmi1, fma

Memory: 4k page, system-wide physical 12270M (6605M free)
TotalPageFile size 15214M (AvailPageFile size 6895M)
current process WorkingSet (physical memory assigned to process): 92M, peak: 92M
current process commit charge ("private bytes"): 289M, peak: 289M

vm_info: Java HotSpot(TM) 64-Bit Server VM (11.0.6+8-LTS) for windows-amd64 JRE (11.0.6+8-LTS), built on Dec 11 2019 09:17:57 by "mach5one" with MS VC++ 15.5 (VS2017)

END.
