#
# A fatal error has been detected by the Java Runtime Environment:
#
#  EXCEPTION_ACCESS_VIOLATION (0xc0000005) at pc=0x00007ffad55c8859, pid=14956, tid=13624
#
# JRE version: Java(TM) SE Runtime Environment (11.0.6+8) (build 11.0.6+8-LTS)
# Java VM: Java HotSpot(TM) 64-Bit Server VM (11.0.6+8-LTS, mixed mode, tiered, compressed oops, g1 gc, windows-amd64)
# Problematic frame:
# V  [jvm.dll+0x6c8859]
#
# No core dump will be written. Minidumps are not enabled by default on client versions of Windows
#
# If you would like to submit a bug report, please visit:
#   http://bugreport.java.com/bugreport/crash.jsp
#

---------------  S U M M A R Y ------------

Command Line: -Dcom.sun.management.jmxremote -Dcom.sun.management.jmxremote.port=58899 -Dcom.sun.management.jmxremote.authenticate=false -Dcom.sun.management.jmxremote.ssl=false -Djava.rmi.server.hostname=localhost -Dspring.jmx.enabled=true -Dspring.application.admin.enabled=true -Xverify:none -XX:TieredStopAtLevel=1 -Dspring.boot.project.name=woodstock -Dfile.encoding=UTF-8 com.hyperdrive.woodstock.WoodstockApplication --spring.output.ansi.enabled=always

Host: AMD FX(tm)-6300 Six-Core Processor             , 6 cores, 11G,  Windows 10 , 64 bit Build 18362 (10.0.18362.959)
Time: Fri Aug 14 16:04:54 2020 Hora oficial do Brasil elapsed time: 1 seconds (0d 0h 0m 1s)

---------------  T H R E A D  ---------------

Current thread (0x0000027a1d484000):  WatcherThread [stack: 0x000000e5d1900000,0x000000e5d1a00000] [id=13624]

Stack: [0x000000e5d1900000,0x000000e5d1a00000],  sp=0x000000e5d19ff710,  free space=1021k
Native frames: (J=compiled Java code, j=interpreted, Vv=VM code, C=native code)
V  [jvm.dll+0x6c8859]
V  [jvm.dll+0x714d0d]
V  [jvm.dll+0x73ab89]
V  [jvm.dll+0x733905]
V  [jvm.dll+0x635846]
C  [ucrtbase.dll+0x20e82]
C  [KERNEL32.DLL+0x17bd4]
C  [ntdll.dll+0x6ce51]


siginfo: EXCEPTION_ACCESS_VIOLATION (0xc0000005), reading address 0x0000000400000003


Register to memory mapping:

RIP=0x00007ffad55c8859 jvm.dll
RAX=0x0000027a1d47b130 points into unknown readable memory: 03 00 00 00 04 00 00 00
RBX=0x0 is NULL
RCX=0x0000000400000003 is an unknown value
RDX=0x0000000000000032 is an unknown value
RSP=0x000000e5d19ff710 points into unknown readable memory: 00 40 48 1d 7a 02 00 00
RBP=0x0000000000000002 is an unknown value
RSI=0x0000027a1d4161f0 points into unknown readable memory: 40 60 3c 1d 7a 02 00 00
RDI=0x0 is NULL
R8 =0x0000000000000031 is an unknown value
R9 =0x0000027a082b0b80 is at begin+0 in a stub
StubRoutines::atomic_cmpxchg_long [0x0000027a082b0b80, 0x0000027a082b0b89[ (9 bytes)
R10=0x00000000546c6148 is an unknown value
R11=0x0000018b18ae56bb is an unknown value
R12=0x0 is NULL
R13=0x0000027a1d484000 points into unknown readable memory: a8 a3 7d d5 fa 7f 00 00
R14=0x0000000000000001 is an unknown value
R15=0x0000027a1c571a00 points into unknown readable memory: 00 00 00 00 00 00 00 00


Registers:
RAX=0x0000027a1d47b130, RBX=0x0000000000000000, RCX=0x0000000400000003, RDX=0x0000000000000032
RSP=0x000000e5d19ff710, RBP=0x0000000000000002, RSI=0x0000027a1d4161f0, RDI=0x0000000000000000
R8 =0x0000000000000031, R9 =0x0000027a082b0b80, R10=0x00000000546c6148, R11=0x0000018b18ae56bb
R12=0x0000000000000000, R13=0x0000027a1d484000, R14=0x0000000000000001, R15=0x0000027a1c571a00
RIP=0x00007ffad55c8859, EFLAGS=0x0000000000010202

Top of Stack: (sp=0x000000e5d19ff710)
0x000000e5d19ff710:   0000027a1d484000 0000027a1d484000
0x000000e5d19ff720:   0000d8848997e3ac 00007ffad55093a9
0x000000e5d19ff730:   00007ffad59757d8 00007ffad5614d0d
0x000000e5d19ff740:   0000000000000001 0000027a789be780
0x000000e5d19ff750:   0000027a789be780 431bde82d7b634db
0x000000e5d19ff760:   0000027a1c571a00 0000d8848997e3ac
0x000000e5d19ff770:   0000027a789be780 00007ffad563ab89
0x000000e5d19ff780:   0000000000000001 0000000000000001
0x000000e5d19ff790:   0000000000000001 0000000000000002
0x000000e5d19ff7a0:   0000000000000000 0000000000000000
0x000000e5d19ff7b0:   0000000000000000 0000000000000000
0x000000e5d19ff7c0:   0000000000000030 000000e5d19ff7f8
0x000000e5d19ff7d0:   0000000000100000 00007ffad552ff7a
0x000000e5d19ff7e0:   0000027a1d484000 0000000000000000
0x000000e5d19ff7f0:   0000000000100000 000000e5d19ff8c0
0x000000e5d19ff800:   000000e5d1900000 00007ffad5633905 

Instructions: (pc=0x00007ffad55c8859)
0x00007ffad55c8839:   20 48 8b 35 47 7e 3a 00 33 db 48 8b 06 39 18 7e
0x00007ffad55c8849:   27 48 89 7c 24 30 8b fb 48 8b 40 18 48 8b 0c 07
0x00007ffad55c8859:   48 8b 01 ff 50 08 48 8b 06 48 8d 7f 08 ff c3 3b
0x00007ffad55c8869:   18 7c e5 48 8b 7c 24 30 48 8b 5c 24 38 48 83 c4 


Stack slot to memory mapping:
stack at sp + 0 slots: 0x0000027a1d484000 points into unknown readable memory: a8 a3 7d d5 fa 7f 00 00
stack at sp + 1 slots: 0x0000027a1d484000 points into unknown readable memory: a8 a3 7d d5 fa 7f 00 00
stack at sp + 2 slots: 0x0000d8848997e3ac is an unknown value
stack at sp + 3 slots: 0x00007ffad55093a9 jvm.dll
stack at sp + 4 slots: 0x00007ffad59757d8 jvm.dll
stack at sp + 5 slots: 0x00007ffad5614d0d jvm.dll
stack at sp + 6 slots: 0x0000000000000001 is an unknown value
stack at sp + 7 slots: 0x0000027a789be780 points into unknown readable memory: 01 00 00 00 00 00 00 00


---------------  P R O C E S S  ---------------

Threads class SMR info:
_java_thread_list=0x0000027a1d3c60a0, length=12, elements={
0x0000027a789c2000, 0x0000027a7eef8800, 0x0000027a1c34c000, 0x0000027a1c39a800,
0x0000027a1c39b800, 0x0000027a1c39c800, 0x0000027a1c3a7800, 0x0000027a1c552000,
0x0000027a1c5cb800, 0x0000027a1d41e800, 0x0000027a1d413000, 0x0000027a1d482800
}

Java Threads: ( => current thread )
  0x0000027a789c2000 JavaThread "main" [_thread_in_native, id=4156, stack(0x000000e5d0400000,0x000000e5d0500000)]
  0x0000027a7eef8800 JavaThread "Reference Handler" daemon [_thread_blocked, id=16216, stack(0x000000e5d0b00000,0x000000e5d0c00000)]
  0x0000027a1c34c000 JavaThread "Finalizer" daemon [_thread_blocked, id=6880, stack(0x000000e5d0c00000,0x000000e5d0d00000)]
  0x0000027a1c39a800 JavaThread "Signal Dispatcher" daemon [_thread_blocked, id=688, stack(0x000000e5d0d00000,0x000000e5d0e00000)]
  0x0000027a1c39b800 JavaThread "Attach Listener" daemon [_thread_blocked, id=4848, stack(0x000000e5d0e00000,0x000000e5d0f00000)]
  0x0000027a1c39c800 JavaThread "C1 CompilerThread0" daemon [_thread_in_native, id=12160, stack(0x000000e5d0f00000,0x000000e5d1000000)]
  0x0000027a1c3a7800 JavaThread "Sweeper thread" daemon [_thread_blocked, id=3960, stack(0x000000e5d1000000,0x000000e5d1100000)]
  0x0000027a1c552000 JavaThread "Common-Cleaner" daemon [_thread_blocked, id=8556, stack(0x000000e5d1100000,0x000000e5d1200000)]
  0x0000027a1c5cb800 JavaThread "Service Thread" daemon [_thread_blocked, id=11760, stack(0x000000e5d1200000,0x000000e5d1300000)]
  0x0000027a1d41e800 JavaThread "RMI TCP Accept-0" daemon [_thread_in_native, id=4072, stack(0x000000e5d1600000,0x000000e5d1700000)]
  0x0000027a1d413000 JavaThread "RMI TCP Accept-58899" daemon [_thread_in_native, id=5676, stack(0x000000e5d1700000,0x000000e5d1800000)]
  0x0000027a1d482800 JavaThread "RMI TCP Accept-0" daemon [_thread_in_native, id=13668, stack(0x000000e5d1800000,0x000000e5d1900000)]

Other Threads:
  0x0000027a7eef2800 VMThread "VM Thread" [stack: 0x000000e5d0a00000,0x000000e5d0b00000] [id=14708]
=>0x0000027a1d484000 WatcherThread [stack: 0x000000e5d1900000,0x000000e5d1a00000] [id=13624]
  0x0000027a789d6800 GCTaskThread "GC Thread#0" [stack: 0x000000e5d0500000,0x000000e5d0600000] [id=12700]
  0x0000027a1d3c2800 GCTaskThread "GC Thread#1" [stack: 0x000000e5d1300000,0x000000e5d1400000] [id=16256]
  0x0000027a1d3c3000 GCTaskThread "GC Thread#2" [stack: 0x000000e5d1400000,0x000000e5d1500000] [id=9672]
  0x0000027a1d3d3800 GCTaskThread "GC Thread#3" [stack: 0x000000e5d1500000,0x000000e5d1600000] [id=12284]
  0x0000027a78a1c800 ConcurrentGCThread "G1 Main Marker" [stack: 0x000000e5d0600000,0x000000e5d0700000] [id=1012]
  0x0000027a78a1d800 ConcurrentGCThread "G1 Conc#0" [stack: 0x000000e5d0700000,0x000000e5d0800000] [id=7056]
  0x0000027a7edd9800 ConcurrentGCThread "G1 Refine#0" [stack: 0x000000e5d0800000,0x000000e5d0900000] [id=12516]
  0x0000027a7edda800 ConcurrentGCThread "G1 Young RemSet Sampling" [stack: 0x000000e5d0900000,0x000000e5d0a00000] [id=12336]

Threads with active compile tasks:
C1 CompilerThread01270       1       java.security.CodeSource::getCertificates (98 bytes)

VM state:at safepoint (normal execution)

VM Mutex/Monitor currently owned by a thread:  ([mutex/lock_event])
[0x0000027a789bfce0] Threads_lock - owner thread: 0x0000027a7eef2800
[0x0000027a789bfd70] Heap_lock - owner thread: 0x0000027a789c2000
[0x0000027a789be780] PeriodicTask_lock - owner thread: 0x0000027a1d484000

Heap address: 0x0000000740400000, size: 3068 MB, Compressed Oops mode: Zero based, Oop shift amount: 3
Narrow klass base: 0x0000000800000000, Narrow klass shift: 0
Compressed class space size: 1073741824 Address: 0x0000000800000000

Heap:
 garbage-first heap   total 196608K, used 29131K [0x0000000740400000, 0x0000000800000000)
  region size 1024K, 11 young (11264K), 1 survivors (1024K)
 Metaspace       used 13685K, capacity 14092K, committed 14208K, reserved 1062912K
  class space    used 1434K, capacity 1575K, committed 1664K, reserved 1048576K
Heap Regions: E=young(eden), S=young(survivor), O=old, HS=humongous(starts), HC=humongous(continues), CS=collection set, F=free, A=archive, TAMS=top-at-mark-start (previous, next)
|   0|0x0000000740400000, 0x0000000740500000, 0x0000000740500000|100%|HS|  |TAMS 0x0000000740400000, 0x0000000740400000| Complete 
|   1|0x0000000740500000, 0x0000000740600000, 0x0000000740600000|100%| O|  |TAMS 0x0000000740500000, 0x0000000740500000| Untracked 
|   2|0x0000000740600000, 0x0000000740700000, 0x0000000740700000|100%| O|  |TAMS 0x0000000740600000, 0x0000000740600000| Untracked 
|   3|0x0000000740700000, 0x0000000740800000, 0x0000000740800000|100%| O|  |TAMS 0x0000000740700000, 0x0000000740700000| Untracked 
|   4|0x0000000740800000, 0x0000000740900000, 0x0000000740900000|100%| O|  |TAMS 0x0000000740800000, 0x0000000740800000| Untracked 
|   5|0x0000000740900000, 0x0000000740a00000, 0x0000000740a00000|100%| O|  |TAMS 0x0000000740900000, 0x0000000740900000| Untracked 
|   6|0x0000000740a00000, 0x0000000740b00000, 0x0000000740b00000|100%| O|  |TAMS 0x0000000740a00000, 0x0000000740a00000| Untracked 
|   7|0x0000000740b00000, 0x0000000740c00000, 0x0000000740c00000|100%| O|  |TAMS 0x0000000740b00000, 0x0000000740b00000| Untracked 
|   8|0x0000000740c00000, 0x0000000740d00000, 0x0000000740d00000|100%| O|  |TAMS 0x0000000740c00000, 0x0000000740c00000| Untracked 
|   9|0x0000000740d00000, 0x0000000740e00000, 0x0000000740e00000|100%| O|  |TAMS 0x0000000740d00000, 0x0000000740d00000| Untracked 
|  10|0x0000000740e00000, 0x0000000740f00000, 0x0000000740f00000|100%| O|  |TAMS 0x0000000740e00000, 0x0000000740e00000| Untracked 
|  11|0x0000000740f00000, 0x0000000741000000, 0x0000000741000000|100%| O|  |TAMS 0x0000000740f00000, 0x0000000740f00000| Untracked 
|  12|0x0000000741000000, 0x0000000741100000, 0x0000000741100000|100%| O|  |TAMS 0x0000000741000000, 0x0000000741000000| Untracked 
|  13|0x0000000741100000, 0x0000000741200000, 0x0000000741200000|100%| O|  |TAMS 0x0000000741100000, 0x0000000741100000| Untracked 
|  14|0x0000000741200000, 0x0000000741300000, 0x0000000741300000|100%| O|  |TAMS 0x0000000741200000, 0x0000000741200000| Untracked 
|  15|0x0000000741300000, 0x0000000741400000, 0x0000000741400000|100%| O|  |TAMS 0x0000000741300000, 0x0000000741300000| Untracked 
|  16|0x0000000741400000, 0x00000007414a2ab8, 0x0000000741500000| 64%| O|  |TAMS 0x0000000741400000, 0x0000000741400000| Untracked 
|  17|0x0000000741500000, 0x0000000741500000, 0x0000000741600000|  0%| F|  |TAMS 0x0000000741500000, 0x0000000741500000| Untracked 
|  18|0x0000000741600000, 0x0000000741600000, 0x0000000741700000|  0%| F|  |TAMS 0x0000000741600000, 0x0000000741600000| Untracked 
|  19|0x0000000741700000, 0x0000000741700000, 0x0000000741800000|  0%| F|  |TAMS 0x0000000741700000, 0x0000000741700000| Untracked 
|  20|0x0000000741800000, 0x0000000741800000, 0x0000000741900000|  0%| F|  |TAMS 0x0000000741800000, 0x0000000741800000| Untracked 
|  21|0x0000000741900000, 0x0000000741900000, 0x0000000741a00000|  0%| F|  |TAMS 0x0000000741900000, 0x0000000741900000| Untracked 
|  22|0x0000000741a00000, 0x0000000741a00000, 0x0000000741b00000|  0%| F|  |TAMS 0x0000000741a00000, 0x0000000741a00000| Untracked 
|  23|0x0000000741b00000, 0x0000000741b00000, 0x0000000741c00000|  0%| F|  |TAMS 0x0000000741b00000, 0x0000000741b00000| Untracked 
|  24|0x0000000741c00000, 0x0000000741c00000, 0x0000000741d00000|  0%| F|  |TAMS 0x0000000741c00000, 0x0000000741c00000| Untracked 
|  25|0x0000000741d00000, 0x0000000741d00000, 0x0000000741e00000|  0%| F|  |TAMS 0x0000000741d00000, 0x0000000741d00000| Untracked 
|  26|0x0000000741e00000, 0x0000000741e00000, 0x0000000741f00000|  0%| F|  |TAMS 0x0000000741e00000, 0x0000000741e00000| Untracked 
|  27|0x0000000741f00000, 0x0000000741f00000, 0x0000000742000000|  0%| F|  |TAMS 0x0000000741f00000, 0x0000000741f00000| Untracked 
|  28|0x0000000742000000, 0x0000000742000000, 0x0000000742100000|  0%| F|  |TAMS 0x0000000742000000, 0x0000000742000000| Untracked 
|  29|0x0000000742100000, 0x0000000742100000, 0x0000000742200000|  0%| F|  |TAMS 0x0000000742100000, 0x0000000742100000| Untracked 
|  30|0x0000000742200000, 0x0000000742200000, 0x0000000742300000|  0%| F|  |TAMS 0x0000000742200000, 0x0000000742200000| Untracked 
|  31|0x0000000742300000, 0x0000000742300000, 0x0000000742400000|  0%| F|  |TAMS 0x0000000742300000, 0x0000000742300000| Untracked 
|  32|0x0000000742400000, 0x0000000742400000, 0x0000000742500000|  0%| F|  |TAMS 0x0000000742400000, 0x0000000742400000| Untracked 
|  33|0x0000000742500000, 0x0000000742500000, 0x0000000742600000|  0%| F|  |TAMS 0x0000000742500000, 0x0000000742500000| Untracked 
|  34|0x0000000742600000, 0x0000000742600000, 0x0000000742700000|  0%| F|  |TAMS 0x0000000742600000, 0x0000000742600000| Untracked 
|  35|0x0000000742700000, 0x0000000742700000, 0x0000000742800000|  0%| F|  |TAMS 0x0000000742700000, 0x0000000742700000| Untracked 
|  36|0x0000000742800000, 0x0000000742800000, 0x0000000742900000|  0%| F|  |TAMS 0x0000000742800000, 0x0000000742800000| Untracked 
|  37|0x0000000742900000, 0x0000000742900000, 0x0000000742a00000|  0%| F|  |TAMS 0x0000000742900000, 0x0000000742900000| Untracked 
|  38|0x0000000742a00000, 0x0000000742a00000, 0x0000000742b00000|  0%| F|  |TAMS 0x0000000742a00000, 0x0000000742a00000| Untracked 
|  39|0x0000000742b00000, 0x0000000742b00000, 0x0000000742c00000|  0%| F|  |TAMS 0x0000000742b00000, 0x0000000742b00000| Untracked 
|  40|0x0000000742c00000, 0x0000000742c00000, 0x0000000742d00000|  0%| F|  |TAMS 0x0000000742c00000, 0x0000000742c00000| Untracked 
|  41|0x0000000742d00000, 0x0000000742d00000, 0x0000000742e00000|  0%| F|  |TAMS 0x0000000742d00000, 0x0000000742d00000| Untracked 
|  42|0x0000000742e00000, 0x0000000742e00000, 0x0000000742f00000|  0%| F|  |TAMS 0x0000000742e00000, 0x0000000742e00000| Untracked 
|  43|0x0000000742f00000, 0x0000000742f00000, 0x0000000743000000|  0%| F|  |TAMS 0x0000000742f00000, 0x0000000742f00000| Untracked 
|  44|0x0000000743000000, 0x0000000743000000, 0x0000000743100000|  0%| F|  |TAMS 0x0000000743000000, 0x0000000743000000| Untracked 
|  45|0x0000000743100000, 0x0000000743100000, 0x0000000743200000|  0%| F|  |TAMS 0x0000000743100000, 0x0000000743100000| Untracked 
|  46|0x0000000743200000, 0x0000000743200000, 0x0000000743300000|  0%| F|  |TAMS 0x0000000743200000, 0x0000000743200000| Untracked 
|  47|0x0000000743300000, 0x0000000743300000, 0x0000000743400000|  0%| F|  |TAMS 0x0000000743300000, 0x0000000743300000| Untracked 
|  48|0x0000000743400000, 0x0000000743400000, 0x0000000743500000|  0%| F|  |TAMS 0x0000000743400000, 0x0000000743400000| Untracked 
|  49|0x0000000743500000, 0x0000000743500000, 0x0000000743600000|  0%| F|  |TAMS 0x0000000743500000, 0x0000000743500000| Untracked 
|  50|0x0000000743600000, 0x0000000743600000, 0x0000000743700000|  0%| F|  |TAMS 0x0000000743600000, 0x0000000743600000| Untracked 
|  51|0x0000000743700000, 0x0000000743700000, 0x0000000743800000|  0%| F|  |TAMS 0x0000000743700000, 0x0000000743700000| Untracked 
|  52|0x0000000743800000, 0x0000000743800000, 0x0000000743900000|  0%| F|  |TAMS 0x0000000743800000, 0x0000000743800000| Untracked 
|  53|0x0000000743900000, 0x0000000743900000, 0x0000000743a00000|  0%| F|  |TAMS 0x0000000743900000, 0x0000000743900000| Untracked 
|  54|0x0000000743a00000, 0x0000000743a00000, 0x0000000743b00000|  0%| F|  |TAMS 0x0000000743a00000, 0x0000000743a00000| Untracked 
|  55|0x0000000743b00000, 0x0000000743b00000, 0x0000000743c00000|  0%| F|  |TAMS 0x0000000743b00000, 0x0000000743b00000| Untracked 
|  56|0x0000000743c00000, 0x0000000743c00000, 0x0000000743d00000|  0%| F|  |TAMS 0x0000000743c00000, 0x0000000743c00000| Untracked 
|  57|0x0000000743d00000, 0x0000000743d00000, 0x0000000743e00000|  0%| F|  |TAMS 0x0000000743d00000, 0x0000000743d00000| Untracked 
|  58|0x0000000743e00000, 0x0000000743e00000, 0x0000000743f00000|  0%| F|  |TAMS 0x0000000743e00000, 0x0000000743e00000| Untracked 
|  59|0x0000000743f00000, 0x0000000743f00000, 0x0000000744000000|  0%| F|  |TAMS 0x0000000743f00000, 0x0000000743f00000| Untracked 
|  60|0x0000000744000000, 0x0000000744000000, 0x0000000744100000|  0%| F|  |TAMS 0x0000000744000000, 0x0000000744000000| Untracked 
|  61|0x0000000744100000, 0x0000000744100000, 0x0000000744200000|  0%| F|  |TAMS 0x0000000744100000, 0x0000000744100000| Untracked 
|  62|0x0000000744200000, 0x0000000744200000, 0x0000000744300000|  0%| F|  |TAMS 0x0000000744200000, 0x0000000744200000| Untracked 
|  63|0x0000000744300000, 0x0000000744300000, 0x0000000744400000|  0%| F|  |TAMS 0x0000000744300000, 0x0000000744300000| Untracked 
|  64|0x0000000744400000, 0x0000000744400000, 0x0000000744500000|  0%| F|  |TAMS 0x0000000744400000, 0x0000000744400000| Untracked 
|  65|0x0000000744500000, 0x0000000744500000, 0x0000000744600000|  0%| F|  |TAMS 0x0000000744500000, 0x0000000744500000| Untracked 
|  66|0x0000000744600000, 0x0000000744600000, 0x0000000744700000|  0%| F|  |TAMS 0x0000000744600000, 0x0000000744600000| Untracked 
|  67|0x0000000744700000, 0x0000000744700000, 0x0000000744800000|  0%| F|  |TAMS 0x0000000744700000, 0x0000000744700000| Untracked 
|  68|0x0000000744800000, 0x0000000744800000, 0x0000000744900000|  0%| F|  |TAMS 0x0000000744800000, 0x0000000744800000| Untracked 
|  69|0x0000000744900000, 0x0000000744900000, 0x0000000744a00000|  0%| F|  |TAMS 0x0000000744900000, 0x0000000744900000| Untracked 
|  70|0x0000000744a00000, 0x0000000744a00000, 0x0000000744b00000|  0%| F|  |TAMS 0x0000000744a00000, 0x0000000744a00000| Untracked 
|  71|0x0000000744b00000, 0x0000000744b00000, 0x0000000744c00000|  0%| F|  |TAMS 0x0000000744b00000, 0x0000000744b00000| Untracked 
|  72|0x0000000744c00000, 0x0000000744c00000, 0x0000000744d00000|  0%| F|  |TAMS 0x0000000744c00000, 0x0000000744c00000| Untracked 
|  73|0x0000000744d00000, 0x0000000744d00000, 0x0000000744e00000|  0%| F|  |TAMS 0x0000000744d00000, 0x0000000744d00000| Untracked 
|  74|0x0000000744e00000, 0x0000000744e00000, 0x0000000744f00000|  0%| F|  |TAMS 0x0000000744e00000, 0x0000000744e00000| Untracked 
|  75|0x0000000744f00000, 0x0000000744f00000, 0x0000000745000000|  0%| F|  |TAMS 0x0000000744f00000, 0x0000000744f00000| Untracked 
|  76|0x0000000745000000, 0x0000000745000000, 0x0000000745100000|  0%| F|  |TAMS 0x0000000745000000, 0x0000000745000000| Untracked 
|  77|0x0000000745100000, 0x0000000745100000, 0x0000000745200000|  0%| F|  |TAMS 0x0000000745100000, 0x0000000745100000| Untracked 
|  78|0x0000000745200000, 0x0000000745200000, 0x0000000745300000|  0%| F|  |TAMS 0x0000000745200000, 0x0000000745200000| Untracked 
|  79|0x0000000745300000, 0x0000000745300000, 0x0000000745400000|  0%| F|  |TAMS 0x0000000745300000, 0x0000000745300000| Untracked 
|  80|0x0000000745400000, 0x0000000745400000, 0x0000000745500000|  0%| F|  |TAMS 0x0000000745400000, 0x0000000745400000| Untracked 
|  81|0x0000000745500000, 0x0000000745500000, 0x0000000745600000|  0%| F|  |TAMS 0x0000000745500000, 0x0000000745500000| Untracked 
|  82|0x0000000745600000, 0x0000000745600000, 0x0000000745700000|  0%| F|  |TAMS 0x0000000745600000, 0x0000000745600000| Untracked 
|  83|0x0000000745700000, 0x0000000745700000, 0x0000000745800000|  0%| F|  |TAMS 0x0000000745700000, 0x0000000745700000| Untracked 
|  84|0x0000000745800000, 0x0000000745800000, 0x0000000745900000|  0%| F|  |TAMS 0x0000000745800000, 0x0000000745800000| Untracked 
|  85|0x0000000745900000, 0x0000000745900000, 0x0000000745a00000|  0%| F|  |TAMS 0x0000000745900000, 0x0000000745900000| Untracked 
|  86|0x0000000745a00000, 0x0000000745a00000, 0x0000000745b00000|  0%| F|  |TAMS 0x0000000745a00000, 0x0000000745a00000| Untracked 
|  87|0x0000000745b00000, 0x0000000745b00000, 0x0000000745c00000|  0%| F|  |TAMS 0x0000000745b00000, 0x0000000745b00000| Untracked 
|  88|0x0000000745c00000, 0x0000000745c00000, 0x0000000745d00000|  0%| F|  |TAMS 0x0000000745c00000, 0x0000000745c00000| Untracked 
|  89|0x0000000745d00000, 0x0000000745d00000, 0x0000000745e00000|  0%| F|  |TAMS 0x0000000745d00000, 0x0000000745d00000| Untracked 
|  90|0x0000000745e00000, 0x0000000745e00000, 0x0000000745f00000|  0%| F|  |TAMS 0x0000000745e00000, 0x0000000745e00000| Untracked 
|  91|0x0000000745f00000, 0x0000000745f00000, 0x0000000746000000|  0%| F|  |TAMS 0x0000000745f00000, 0x0000000745f00000| Untracked 
|  92|0x0000000746000000, 0x0000000746000000, 0x0000000746100000|  0%| F|  |TAMS 0x0000000746000000, 0x0000000746000000| Untracked 
|  93|0x0000000746100000, 0x0000000746100000, 0x0000000746200000|  0%| F|  |TAMS 0x0000000746100000, 0x0000000746100000| Untracked 
|  94|0x0000000746200000, 0x0000000746200000, 0x0000000746300000|  0%| F|  |TAMS 0x0000000746200000, 0x0000000746200000| Untracked 
|  95|0x0000000746300000, 0x0000000746300000, 0x0000000746400000|  0%| F|  |TAMS 0x0000000746300000, 0x0000000746300000| Untracked 
|  96|0x0000000746400000, 0x0000000746400000, 0x0000000746500000|  0%| F|  |TAMS 0x0000000746400000, 0x0000000746400000| Untracked 
|  97|0x0000000746500000, 0x0000000746500000, 0x0000000746600000|  0%| F|  |TAMS 0x0000000746500000, 0x0000000746500000| Untracked 
|  98|0x0000000746600000, 0x0000000746600000, 0x0000000746700000|  0%| F|  |TAMS 0x0000000746600000, 0x0000000746600000| Untracked 
|  99|0x0000000746700000, 0x0000000746700000, 0x0000000746800000|  0%| F|  |TAMS 0x0000000746700000, 0x0000000746700000| Untracked 
| 100|0x0000000746800000, 0x0000000746800000, 0x0000000746900000|  0%| F|  |TAMS 0x0000000746800000, 0x0000000746800000| Untracked 
| 101|0x0000000746900000, 0x0000000746900000, 0x0000000746a00000|  0%| F|  |TAMS 0x0000000746900000, 0x0000000746900000| Untracked 
| 102|0x0000000746a00000, 0x0000000746a00000, 0x0000000746b00000|  0%| F|  |TAMS 0x0000000746a00000, 0x0000000746a00000| Untracked 
| 103|0x0000000746b00000, 0x0000000746b00000, 0x0000000746c00000|  0%| F|  |TAMS 0x0000000746b00000, 0x0000000746b00000| Untracked 
| 104|0x0000000746c00000, 0x0000000746c00000, 0x0000000746d00000|  0%| F|  |TAMS 0x0000000746c00000, 0x0000000746c00000| Untracked 
| 105|0x0000000746d00000, 0x0000000746d00000, 0x0000000746e00000|  0%| F|  |TAMS 0x0000000746d00000, 0x0000000746d00000| Untracked 
| 106|0x0000000746e00000, 0x0000000746e00000, 0x0000000746f00000|  0%| F|  |TAMS 0x0000000746e00000, 0x0000000746e00000| Untracked 
| 107|0x0000000746f00000, 0x0000000746f00000, 0x0000000747000000|  0%| F|  |TAMS 0x0000000746f00000, 0x0000000746f00000| Untracked 
| 108|0x0000000747000000, 0x0000000747000000, 0x0000000747100000|  0%| F|  |TAMS 0x0000000747000000, 0x0000000747000000| Untracked 
| 109|0x0000000747100000, 0x0000000747100000, 0x0000000747200000|  0%| F|  |TAMS 0x0000000747100000, 0x0000000747100000| Untracked 
| 110|0x0000000747200000, 0x0000000747200000, 0x0000000747300000|  0%| F|  |TAMS 0x0000000747200000, 0x0000000747200000| Untracked 
| 111|0x0000000747300000, 0x0000000747300000, 0x0000000747400000|  0%| F|  |TAMS 0x0000000747300000, 0x0000000747300000| Untracked 
| 112|0x0000000747400000, 0x0000000747400000, 0x0000000747500000|  0%| F|  |TAMS 0x0000000747400000, 0x0000000747400000| Untracked 
| 113|0x0000000747500000, 0x0000000747500000, 0x0000000747600000|  0%| F|  |TAMS 0x0000000747500000, 0x0000000747500000| Untracked 
| 114|0x0000000747600000, 0x0000000747600000, 0x0000000747700000|  0%| F|  |TAMS 0x0000000747600000, 0x0000000747600000| Untracked 
| 115|0x0000000747700000, 0x0000000747700000, 0x0000000747800000|  0%| F|  |TAMS 0x0000000747700000, 0x0000000747700000| Untracked 
| 116|0x0000000747800000, 0x0000000747800000, 0x0000000747900000|  0%| F|  |TAMS 0x0000000747800000, 0x0000000747800000| Untracked 
| 117|0x0000000747900000, 0x0000000747900000, 0x0000000747a00000|  0%| F|  |TAMS 0x0000000747900000, 0x0000000747900000| Untracked 
| 118|0x0000000747a00000, 0x0000000747a00000, 0x0000000747b00000|  0%| F|  |TAMS 0x0000000747a00000, 0x0000000747a00000| Untracked 
| 119|0x0000000747b00000, 0x0000000747b00000, 0x0000000747c00000|  0%| F|  |TAMS 0x0000000747b00000, 0x0000000747b00000| Untracked 
| 120|0x0000000747c00000, 0x0000000747c00000, 0x0000000747d00000|  0%| F|  |TAMS 0x0000000747c00000, 0x0000000747c00000| Untracked 
| 121|0x0000000747d00000, 0x0000000747d00000, 0x0000000747e00000|  0%| F|  |TAMS 0x0000000747d00000, 0x0000000747d00000| Untracked 
| 122|0x0000000747e00000, 0x0000000747e00000, 0x0000000747f00000|  0%| F|  |TAMS 0x0000000747e00000, 0x0000000747e00000| Untracked 
| 123|0x0000000747f00000, 0x0000000747f00000, 0x0000000748000000|  0%| F|  |TAMS 0x0000000747f00000, 0x0000000747f00000| Untracked 
| 124|0x0000000748000000, 0x0000000748000000, 0x0000000748100000|  0%| F|  |TAMS 0x0000000748000000, 0x0000000748000000| Untracked 
| 125|0x0000000748100000, 0x0000000748100000, 0x0000000748200000|  0%| F|  |TAMS 0x0000000748100000, 0x0000000748100000| Untracked 
| 126|0x0000000748200000, 0x0000000748200000, 0x0000000748300000|  0%| F|  |TAMS 0x0000000748200000, 0x0000000748200000| Untracked 
| 127|0x0000000748300000, 0x0000000748300000, 0x0000000748400000|  0%| F|  |TAMS 0x0000000748300000, 0x0000000748300000| Untracked 
| 128|0x0000000748400000, 0x0000000748400000, 0x0000000748500000|  0%| F|  |TAMS 0x0000000748400000, 0x0000000748400000| Untracked 
| 129|0x0000000748500000, 0x0000000748500000, 0x0000000748600000|  0%| F|  |TAMS 0x0000000748500000, 0x0000000748500000| Untracked 
| 130|0x0000000748600000, 0x0000000748600000, 0x0000000748700000|  0%| F|  |TAMS 0x0000000748600000, 0x0000000748600000| Untracked 
| 131|0x0000000748700000, 0x0000000748700000, 0x0000000748800000|  0%| F|  |TAMS 0x0000000748700000, 0x0000000748700000| Untracked 
| 132|0x0000000748800000, 0x0000000748800000, 0x0000000748900000|  0%| F|  |TAMS 0x0000000748800000, 0x0000000748800000| Untracked 
| 133|0x0000000748900000, 0x0000000748900000, 0x0000000748a00000|  0%| F|  |TAMS 0x0000000748900000, 0x0000000748900000| Untracked 
| 134|0x0000000748a00000, 0x0000000748a00000, 0x0000000748b00000|  0%| F|  |TAMS 0x0000000748a00000, 0x0000000748a00000| Untracked 
| 135|0x0000000748b00000, 0x0000000748b00000, 0x0000000748c00000|  0%| F|  |TAMS 0x0000000748b00000, 0x0000000748b00000| Untracked 
| 136|0x0000000748c00000, 0x0000000748c00000, 0x0000000748d00000|  0%| F|  |TAMS 0x0000000748c00000, 0x0000000748c00000| Untracked 
| 137|0x0000000748d00000, 0x0000000748d00000, 0x0000000748e00000|  0%| F|  |TAMS 0x0000000748d00000, 0x0000000748d00000| Untracked 
| 138|0x0000000748e00000, 0x0000000748e00000, 0x0000000748f00000|  0%| F|  |TAMS 0x0000000748e00000, 0x0000000748e00000| Untracked 
| 139|0x0000000748f00000, 0x0000000748f00000, 0x0000000749000000|  0%| F|  |TAMS 0x0000000748f00000, 0x0000000748f00000| Untracked 
| 140|0x0000000749000000, 0x0000000749000000, 0x0000000749100000|  0%| F|  |TAMS 0x0000000749000000, 0x0000000749000000| Untracked 
| 141|0x0000000749100000, 0x0000000749100000, 0x0000000749200000|  0%| F|  |TAMS 0x0000000749100000, 0x0000000749100000| Untracked 
| 142|0x0000000749200000, 0x0000000749200000, 0x0000000749300000|  0%| F|  |TAMS 0x0000000749200000, 0x0000000749200000| Untracked 
| 143|0x0000000749300000, 0x0000000749300000, 0x0000000749400000|  0%| F|  |TAMS 0x0000000749300000, 0x0000000749300000| Untracked 
| 144|0x0000000749400000, 0x0000000749400000, 0x0000000749500000|  0%| F|  |TAMS 0x0000000749400000, 0x0000000749400000| Untracked 
| 145|0x0000000749500000, 0x0000000749500000, 0x0000000749600000|  0%| F|  |TAMS 0x0000000749500000, 0x0000000749500000| Untracked 
| 146|0x0000000749600000, 0x0000000749600000, 0x0000000749700000|  0%| F|  |TAMS 0x0000000749600000, 0x0000000749600000| Untracked 
| 147|0x0000000749700000, 0x0000000749700000, 0x0000000749800000|  0%| F|  |TAMS 0x0000000749700000, 0x0000000749700000| Untracked 
| 148|0x0000000749800000, 0x0000000749800000, 0x0000000749900000|  0%| F|  |TAMS 0x0000000749800000, 0x0000000749800000| Untracked 
| 149|0x0000000749900000, 0x0000000749900000, 0x0000000749a00000|  0%| F|  |TAMS 0x0000000749900000, 0x0000000749900000| Untracked 
| 150|0x0000000749a00000, 0x0000000749a00000, 0x0000000749b00000|  0%| F|  |TAMS 0x0000000749a00000, 0x0000000749a00000| Untracked 
| 151|0x0000000749b00000, 0x0000000749b00000, 0x0000000749c00000|  0%| F|  |TAMS 0x0000000749b00000, 0x0000000749b00000| Untracked 
| 152|0x0000000749c00000, 0x0000000749c00000, 0x0000000749d00000|  0%| F|  |TAMS 0x0000000749c00000, 0x0000000749c00000| Untracked 
| 153|0x0000000749d00000, 0x0000000749d00000, 0x0000000749e00000|  0%| F|  |TAMS 0x0000000749d00000, 0x0000000749d00000| Untracked 
| 154|0x0000000749e00000, 0x0000000749e00000, 0x0000000749f00000|  0%| F|  |TAMS 0x0000000749e00000, 0x0000000749e00000| Untracked 
| 155|0x0000000749f00000, 0x0000000749f00000, 0x000000074a000000|  0%| F|  |TAMS 0x0000000749f00000, 0x0000000749f00000| Untracked 
| 156|0x000000074a000000, 0x000000074a000000, 0x000000074a100000|  0%| F|  |TAMS 0x000000074a000000, 0x000000074a000000| Untracked 
| 157|0x000000074a100000, 0x000000074a100000, 0x000000074a200000|  0%| F|  |TAMS 0x000000074a100000, 0x000000074a100000| Untracked 
| 158|0x000000074a200000, 0x000000074a200000, 0x000000074a300000|  0%| F|  |TAMS 0x000000074a200000, 0x000000074a200000| Untracked 
| 159|0x000000074a300000, 0x000000074a300000, 0x000000074a400000|  0%| F|  |TAMS 0x000000074a300000, 0x000000074a300000| Untracked 
| 160|0x000000074a400000, 0x000000074a400000, 0x000000074a500000|  0%| F|  |TAMS 0x000000074a400000, 0x000000074a400000| Untracked 
| 161|0x000000074a500000, 0x000000074a500000, 0x000000074a600000|  0%| F|  |TAMS 0x000000074a500000, 0x000000074a500000| Untracked 
| 162|0x000000074a600000, 0x000000074a600000, 0x000000074a700000|  0%| F|  |TAMS 0x000000074a600000, 0x000000074a600000| Untracked 
| 163|0x000000074a700000, 0x000000074a700000, 0x000000074a800000|  0%| F|  |TAMS 0x000000074a700000, 0x000000074a700000| Untracked 
| 164|0x000000074a800000, 0x000000074a800000, 0x000000074a900000|  0%| F|  |TAMS 0x000000074a800000, 0x000000074a800000| Untracked 
| 165|0x000000074a900000, 0x000000074a900000, 0x000000074aa00000|  0%| F|  |TAMS 0x000000074a900000, 0x000000074a900000| Untracked 
| 166|0x000000074aa00000, 0x000000074aa00000, 0x000000074ab00000|  0%| F|  |TAMS 0x000000074aa00000, 0x000000074aa00000| Untracked 
| 167|0x000000074ab00000, 0x000000074ab00000, 0x000000074ac00000|  0%| F|  |TAMS 0x000000074ab00000, 0x000000074ab00000| Untracked 
| 168|0x000000074ac00000, 0x000000074ac00000, 0x000000074ad00000|  0%| F|  |TAMS 0x000000074ac00000, 0x000000074ac00000| Untracked 
| 169|0x000000074ad00000, 0x000000074ad00000, 0x000000074ae00000|  0%| F|  |TAMS 0x000000074ad00000, 0x000000074ad00000| Untracked 
| 170|0x000000074ae00000, 0x000000074ae00000, 0x000000074af00000|  0%| F|  |TAMS 0x000000074ae00000, 0x000000074ae00000| Untracked 
| 171|0x000000074af00000, 0x000000074af00000, 0x000000074b000000|  0%| F|  |TAMS 0x000000074af00000, 0x000000074af00000| Untracked 
| 172|0x000000074b000000, 0x000000074b000000, 0x000000074b100000|  0%| F|  |TAMS 0x000000074b000000, 0x000000074b000000| Untracked 
| 173|0x000000074b100000, 0x000000074b100000, 0x000000074b200000|  0%| F|  |TAMS 0x000000074b100000, 0x000000074b100000| Untracked 
| 174|0x000000074b200000, 0x000000074b200000, 0x000000074b300000|  0%| F|  |TAMS 0x000000074b200000, 0x000000074b200000| Untracked 
| 175|0x000000074b300000, 0x000000074b300000, 0x000000074b400000|  0%| F|  |TAMS 0x000000074b300000, 0x000000074b300000| Untracked 
| 176|0x000000074b400000, 0x000000074b400000, 0x000000074b500000|  0%| F|  |TAMS 0x000000074b400000, 0x000000074b400000| Untracked 
| 177|0x000000074b500000, 0x000000074b500000, 0x000000074b600000|  0%| F|  |TAMS 0x000000074b500000, 0x000000074b500000| Untracked 
| 178|0x000000074b600000, 0x000000074b600000, 0x000000074b700000|  0%| F|  |TAMS 0x000000074b600000, 0x000000074b600000| Untracked 
| 179|0x000000074b700000, 0x000000074b700000, 0x000000074b800000|  0%| F|  |TAMS 0x000000074b700000, 0x000000074b700000| Untracked 
| 180|0x000000074b800000, 0x000000074b8ba8b0, 0x000000074b900000| 72%| S|CS|TAMS 0x000000074b800000, 0x000000074b800000| Complete 
| 181|0x000000074b900000, 0x000000074ba00000, 0x000000074ba00000|100%| S|CS|TAMS 0x000000074b900000, 0x000000074b900000| Complete 
| 182|0x000000074ba00000, 0x000000074ba00000, 0x000000074bb00000|  0%| F|  |TAMS 0x000000074ba00000, 0x000000074ba00000| Untracked 
| 183|0x000000074bb00000, 0x000000074bb00000, 0x000000074bc00000|  0%| F|  |TAMS 0x000000074bb00000, 0x000000074bb00000| Untracked 
| 184|0x000000074bc00000, 0x000000074bc00000, 0x000000074bd00000|  0%| F|  |TAMS 0x000000074bc00000, 0x000000074bc00000| Untracked 
| 185|0x000000074bd00000, 0x000000074bd00000, 0x000000074be00000|  0%| F|  |TAMS 0x000000074bd00000, 0x000000074bd00000| Untracked 
| 186|0x000000074be00000, 0x000000074be00000, 0x000000074bf00000|  0%| F|  |TAMS 0x000000074be00000, 0x000000074be00000| Untracked 
| 187|0x000000074bf00000, 0x000000074bf00000, 0x000000074c000000|  0%| F|  |TAMS 0x000000074bf00000, 0x000000074bf00000| Untracked 
| 188|0x000000074c000000, 0x000000074c000000, 0x000000074c100000|  0%| F|  |TAMS 0x000000074c000000, 0x000000074c000000| Untracked 
| 189|0x000000074c100000, 0x000000074c100000, 0x000000074c200000|  0%| F|  |TAMS 0x000000074c100000, 0x000000074c100000| Untracked 
| 190|0x000000074c200000, 0x000000074c200000, 0x000000074c300000|  0%| F|  |TAMS 0x000000074c200000, 0x000000074c200000| Untracked 
| 191|0x000000074c300000, 0x000000074c3787d0, 0x000000074c400000| 47%| E|  |TAMS 0x000000074c300000, 0x000000074c300000| Complete 

Card table byte_map: [0x0000027a7b040000,0x0000027a7b640000] _byte_map_base: 0x0000027a7763e000

Marking Bits (Prev, Next): (CMBitMap*) 0x0000027a78a0f928, (CMBitMap*) 0x0000027a78a0f960
 Prev Bits: [0x0000027a7bc40000, 0x0000027a7ec30000)
 Next Bits: [0x0000027a172b0000, 0x0000027a1a2a0000)

Polling page: 0x0000027a78a20000

Metaspace:

Usage:
  Non-class:     12.23 MB capacity,    11.99 MB ( 98%) used,   206.98 KB (  2%) free+waste,    32.31 KB ( <1%) overhead. 
      Class:      1.54 MB capacity,     1.40 MB ( 91%) used,   124.35 KB (  8%) free+waste,    16.00 KB (  1%) overhead. 
       Both:     13.77 MB capacity,    13.40 MB ( 97%) used,   331.34 KB (  2%) free+waste,    48.31 KB ( <1%) overhead. 

Virtual space:
  Non-class space:       14.00 MB reserved,      12.25 MB ( 88%) committed 
      Class space:        1.00 GB reserved,       1.63 MB ( <1%) committed 
             Both:        1.01 GB reserved,      13.88 MB (  1%) committed 

Chunk freelists:
   Non-Class:  3.00 KB
       Class:  0 bytes
        Both:  3.00 KB

CodeHeap 'non-profiled nmethods': size=238912Kb used=1932Kb max_used=1932Kb free=236980Kb
 bounds [0x0000027a08960000, 0x0000027a08bd0000, 0x0000027a172b0000]
CodeHeap 'non-nmethods': size=6848Kb used=1116Kb max_used=1116Kb free=5731Kb
 bounds [0x0000027a082b0000, 0x0000027a08520000, 0x0000027a08960000]
 total_blobs=1710 nmethods=1282 adapters=340
 compilation: enabled
              stopped_count=0, restarted_count=0
 full_count=0

Compilation events (10 events):
Event: 1.096 Thread 0x0000027a1c39c800 1139       1       java.net.URL::toString (5 bytes)
Event: 1.096 Thread 0x0000027a1c39c800 nmethod 1139 0x0000027a08af6390 code [0x0000027a08af6540, 0x0000027a08af6690]
Event: 1.096 Thread 0x0000027a1c39c800 1140       1       java.net.URL::toExternalForm (9 bytes)
Event: 1.096 Thread 0x0000027a1c39c800 nmethod 1140 0x0000027a08af6790 code [0x0000027a08af6940, 0x0000027a08af6a90]
Event: 1.096 Thread 0x0000027a1c39c800 1141       1       java.net.URLStreamHandler::toExternalForm (156 bytes)
Event: 1.097 Thread 0x0000027a1c39c800 nmethod 1141 0x0000027a08af6b90 code [0x0000027a08af6ea0, 0x0000027a08af7a60]
Event: 1.097 Thread 0x0000027a1c39c800 1131       1       java.util.zip.ZipUtils::LOCNAM (7 bytes)
Event: 1.097 Thread 0x0000027a1c39c800 nmethod 1131 0x0000027a08af7f90 code [0x0000027a08af8140, 0x0000027a08af8298]
Event: 1.097 Thread 0x0000027a1c39c800 1132       1       java.util.zip.ZipUtils::LOCEXT (7 bytes)
Event: 1.097 Thread 0x0000027a1c39c800 nmethod 1132 0x0000027a08af8390 code [0x0000027a08af8540, 0x0000027a08af8698]

GC Heap History (2 events):
Event: 0.752 GC heap before
{Heap before GC invocations=0 (full 0):
 garbage-first heap   total 196608K, used 22528K [0x0000000740400000, 0x0000000800000000)
  region size 1024K, 22 young (22528K), 0 survivors (0K)
 Metaspace       used 8276K, capacity 8383K, committed 8576K, reserved 1056768K
  class space    used 810K, capacity 862K, committed 896K, reserved 1048576K
}
Event: 0.762 GC heap after
{Heap after GC invocations=1 (full 0):
 garbage-first heap   total 196608K, used 18891K [0x0000000740400000, 0x0000000800000000)
  region size 1024K, 3 young (3072K), 3 survivors (3072K)
 Metaspace       used 8276K, capacity 8383K, committed 8576K, reserved 1056768K
  class space    used 810K, capacity 862K, committed 896K, reserved 1048576K
}

Deoptimization events (0 events):
No events

Classes redefined (0 events):
No events

Internal exceptions (10 events):
Event: 0.853 Thread 0x0000027a789c2000 Exception <a 'java/lang/NoSuchMethodError'{0x000000074c131e18}: java.lang.invoke.DirectMethodHandle$Holder.invokeStaticInit(Ljava/lang/Object;IIII)Ljava/lang/Object;> (0x000000074c131e18) thrown at [t:/workspace/open/src/hotspot/share/interpreter/linkReso
Event: 0.984 Thread 0x0000027a789c2000 Exception <a 'java/lang/NoSuchMethodError'{0x000000074c1781c8}: java.lang.invoke.DirectMethodHandle$Holder.invokeStatic(Ljava/lang/Object;Ljava/lang/Object;IIII)Ljava/lang/Object;> (0x000000074c1781c8) thrown at [t:/workspace/open/src/hotspot/share/interp
Event: 0.984 Thread 0x0000027a789c2000 Exception <a 'java/lang/NoSuchMethodError'{0x000000074c17b510}: java.lang.invoke.DirectMethodHandle$Holder.invokeStaticInit(Ljava/lang/Object;Ljava/lang/Object;IIII)Ljava/lang/Object;> (0x000000074c17b510) thrown at [t:/workspace/open/src/hotspot/share/in
Event: 0.994 Thread 0x0000027a789c2000 Exception <a 'java/lang/ClassNotFoundException'{0x000000074c198cb8}: javax/management/remote/rmi/RMIServerImpl_Skel> (0x000000074c198cb8) thrown at [t:/workspace/open/src/hotspot/share/classfile/systemDictionary.cpp, line 231]
Event: 1.030 Thread 0x0000027a789c2000 Exception <a 'java/lang/ClassNotFoundException'{0x000000074c03af28}: jdk/internal/agent/resources/spi/agentProvider> (0x000000074c03af28) thrown at [t:/workspace/open/src/hotspot/share/classfile/systemDictionary.cpp, line 231]
Event: 1.037 Thread 0x0000027a789c2000 Exception <a 'java/lang/NoSuchMethodError'{0x000000074c0905a0}: java.lang.invoke.DirectMethodHandle$Holder.invokeStatic(Ljava/lang/Object;Ljava/lang/Object;Ljava/lang/Object;Ljava/lang/Object;Ljava/lang/Object;Ljava/lang/Object;Ljava/lang/Object;Ljava/lan
Event: 1.038 Thread 0x0000027a789c2000 Exception <a 'java/lang/NoSuchMethodError'{0x000000074c09cdc0}: java.lang.invoke.DirectMethodHandle$Holder.invokeStatic(Ljava/lang/Object;Ljava/lang/Object;Ljava/lang/Object;Ljava/lang/Object;Ljava/lang/Object;Ljava/lang/Object;Ljava/lang/Object;Ljava/lan
Event: 1.039 Thread 0x0000027a789c2000 Exception <a 'java/lang/NoSuchMethodError'{0x000000074c0b6898}: java.lang.invoke.DelegatingMethodHandle$Holder.reinvoke_L(Ljava/lang/Object;ILjava/lang/Object;)Ljava/lang/Object;> (0x000000074c0b6898) thrown at [t:/workspace/open/src/hotspot/share/interpr
Event: 1.077 Thread 0x0000027a789c2000 Exception <a 'java/lang/ClassNotFoundException'{0x000000074be78a80}: javax/smartcardio/CardPermission> (0x000000074be78a80) thrown at [t:/workspace/open/src/hotspot/share/classfile/systemDictionary.cpp, line 231]
Event: 1.079 Thread 0x0000027a789c2000 Exception <a 'java/io/FileNotFoundException'{0x000000074be86e28}> (0x000000074be86e28) thrown at [t:/workspace/open/src/hotspot/share/prims/jni.cpp, line 615]

Events (10 events):
Event: 1.096 loading class java/util/TimeZone
Event: 1.096 loading class java/util/TimeZone done
Event: 1.097 loading class sun/util/calendar/ZoneInfo
Event: 1.097 loading class sun/util/calendar/ZoneInfo done
Event: 1.097 loading class sun/util/calendar/ZoneInfoFile
Event: 1.097 loading class sun/util/calendar/ZoneInfoFile done
Event: 1.097 loading class sun/util/calendar/ZoneInfoFile$1
Event: 1.097 loading class sun/util/calendar/ZoneInfoFile$1 done
Event: 1.097 loading class java/io/DataInputStream
Event: 1.097 loading class java/io/DataInputStream done


Dynamic libraries:
0x00007ff6fdb20000 - 0x00007ff6fdb67000 	C:\Program Files\Java\jdk-11.0.6\bin\javaw.exe
0x00007ffb1cba0000 - 0x00007ffb1cd90000 	C:\WINDOWS\SYSTEM32\ntdll.dll
0x00007ffb1c1c0000 - 0x00007ffb1c272000 	C:\WINDOWS\System32\KERNEL32.DLL
0x00007ffb19c90000 - 0x00007ffb19f34000 	C:\WINDOWS\System32\KERNELBASE.dll
0x00007ffb17c80000 - 0x00007ffb17d0f000 	C:\WINDOWS\SYSTEM32\apphelp.dll
0x00007ffaff0f0000 - 0x00007ffaff14d000 	C:\WINDOWS\SYSTEM32\AcGenral.DLL
0x00007ffb1c280000 - 0x00007ffb1c31e000 	C:\WINDOWS\System32\msvcrt.dll
0x00007ffb1bb70000 - 0x00007ffb1bc07000 	C:\WINDOWS\System32\sechost.dll
0x00007ffb1b840000 - 0x00007ffb1b960000 	C:\WINDOWS\System32\RPCRT4.dll
0x00007ffb1c160000 - 0x00007ffb1c1b2000 	C:\WINDOWS\System32\SHLWAPI.dll
0x00007ffb1ae20000 - 0x00007ffb1b155000 	C:\WINDOWS\System32\combase.dll
0x00007ffb1a9f0000 - 0x00007ffb1aaea000 	C:\WINDOWS\System32\ucrtbase.dll
0x00007ffb1abd0000 - 0x00007ffb1ac50000 	C:\WINDOWS\System32\bcryptPrimitives.dll
0x00007ffb1c440000 - 0x00007ffb1c466000 	C:\WINDOWS\System32\GDI32.dll
0x00007ffb1a9c0000 - 0x00007ffb1a9e1000 	C:\WINDOWS\System32\win32u.dll
0x00007ffb1a6d0000 - 0x00007ffb1a866000 	C:\WINDOWS\System32\gdi32full.dll
0x00007ffb1a920000 - 0x00007ffb1a9be000 	C:\WINDOWS\System32\msvcp_win.dll
0x00007ffb1b960000 - 0x00007ffb1baf5000 	C:\WINDOWS\System32\USER32.dll
0x00007ffb1bd70000 - 0x00007ffb1bec7000 	C:\WINDOWS\System32\ole32.dll
0x00007ffb1b780000 - 0x00007ffb1b823000 	C:\WINDOWS\System32\advapi32.dll
0x00007ffb1c470000 - 0x00007ffb1cb57000 	C:\WINDOWS\System32\SHELL32.dll
0x00007ffb1a8d0000 - 0x00007ffb1a91a000 	C:\WINDOWS\System32\cfgmgr32.dll
0x00007ffb1bef0000 - 0x00007ffb1bf99000 	C:\WINDOWS\System32\shcore.dll
0x00007ffb19f40000 - 0x00007ffb1a6c2000 	C:\WINDOWS\System32\windows.storage.dll
0x00007ffb19a80000 - 0x00007ffb19aa3000 	C:\WINDOWS\System32\profapi.dll
0x00007ffb19ad0000 - 0x00007ffb19b1a000 	C:\WINDOWS\System32\powrprof.dll
0x00007ffb19a50000 - 0x00007ffb19a60000 	C:\WINDOWS\System32\UMPDC.dll
0x00007ffb19a60000 - 0x00007ffb19a71000 	C:\WINDOWS\System32\kernel.appcore.dll
0x00007ffb19c70000 - 0x00007ffb19c87000 	C:\WINDOWS\System32\cryptsp.dll
0x00007ffb19940000 - 0x00007ffb19965000 	C:\WINDOWS\SYSTEM32\USERENV.dll
0x00007ffb0a870000 - 0x00007ffb0a88b000 	C:\WINDOWS\SYSTEM32\MPR.dll
0x00007ffb19970000 - 0x00007ffb1999f000 	C:\WINDOWS\SYSTEM32\SspiCli.dll
0x00007ffb1ad80000 - 0x00007ffb1adae000 	C:\WINDOWS\System32\IMM32.DLL
0x00007ffb0beb0000 - 0x00007ffb0c134000 	C:\WINDOWS\WinSxS\amd64_microsoft.windows.common-controls_6595b64144ccf1df_6.0.18362.1016_none_9e7a36bbe461dae4\COMCTL32.dll
0x00007ffb15fb0000 - 0x00007ffb15fba000 	C:\WINDOWS\SYSTEM32\VERSION.dll
0x00007ffaff2e0000 - 0x00007ffaff2f6000 	C:\Program Files\Java\jdk-11.0.6\bin\vcruntime140.dll
0x00007ffafa5a0000 - 0x00007ffafa64a000 	C:\Program Files\Java\jdk-11.0.6\bin\msvcp140.dll
0x00007ffad4f00000 - 0x00007ffad5a29000 	C:\Program Files\Java\jdk-11.0.6\bin\server\jvm.dll
0x00007ffb1ae10000 - 0x00007ffb1ae18000 	C:\WINDOWS\System32\PSAPI.DLL
0x00007ffb0b7d0000 - 0x00007ffb0b7f4000 	C:\WINDOWS\SYSTEM32\WINMM.dll
0x00007ffb0a290000 - 0x00007ffb0a299000 	C:\WINDOWS\SYSTEM32\WSOCK32.dll
0x00007ffb1bb00000 - 0x00007ffb1bb6f000 	C:\WINDOWS\System32\WS2_32.dll
0x00007ffb0b6d0000 - 0x00007ffb0b6fd000 	C:\WINDOWS\SYSTEM32\winmmbase.dll
0x00007ffb14900000 - 0x00007ffb14911000 	C:\Program Files\Java\jdk-11.0.6\bin\verify.dll
0x00007ffb14b40000 - 0x00007ffb14d34000 	C:\WINDOWS\SYSTEM32\DBGHELP.DLL
0x00007ffb14830000 - 0x00007ffb1485a000 	C:\WINDOWS\SYSTEM32\dbgcore.DLL
0x00007ffb009e0000 - 0x00007ffb00a09000 	C:\Program Files\Java\jdk-11.0.6\bin\java.dll
0x00007ffb14480000 - 0x00007ffb14496000 	C:\Program Files\Java\jdk-11.0.6\bin\zip.dll
0x00007ffb14510000 - 0x00007ffb1451a000 	C:\Program Files\Java\jdk-11.0.6\bin\jimage.dll
0x00007ffb00990000 - 0x00007ffb009a9000 	C:\Program Files\Java\jdk-11.0.6\bin\net.dll
0x00007ffb141d0000 - 0x00007ffb142c0000 	C:\WINDOWS\SYSTEM32\WINHTTP.dll
0x00007ffb19250000 - 0x00007ffb192b7000 	C:\WINDOWS\system32\mswsock.dll
0x00007ffb00970000 - 0x00007ffb00983000 	C:\Program Files\Java\jdk-11.0.6\bin\nio.dll
0x00007ffb11850000 - 0x00007ffb11859000 	C:\Program Files\Java\jdk-11.0.6\bin\management.dll
0x00007ffb087a0000 - 0x00007ffb087ac000 	C:\Program Files\Java\jdk-11.0.6\bin\management_ext.dll
0x00007ffb08b10000 - 0x00007ffb08b26000 	C:\WINDOWS\system32\napinsp.dll
0x00007ffb08af0000 - 0x00007ffb08b0a000 	C:\WINDOWS\system32\pnrpnsp.dll
0x00007ffb18fa0000 - 0x00007ffb1906b000 	C:\WINDOWS\SYSTEM32\DNSAPI.dll
0x00007ffb1b830000 - 0x00007ffb1b838000 	C:\WINDOWS\System32\NSI.dll
0x00007ffb18f60000 - 0x00007ffb18f9a000 	C:\WINDOWS\SYSTEM32\IPHLPAPI.DLL
0x00007ffb08e80000 - 0x00007ffb08e8e000 	C:\WINDOWS\System32\winrnr.dll
0x00007ffb15bf0000 - 0x00007ffb15c0c000 	C:\WINDOWS\system32\NLAapi.dll
0x00007ffb08ad0000 - 0x00007ffb08ae5000 	C:\WINDOWS\system32\wshbth.dll
0x00007ffb13ff0000 - 0x00007ffb13ffa000 	C:\Windows\System32\rasadhlp.dll
0x00007ffb150a0000 - 0x00007ffb15117000 	C:\WINDOWS\System32\fwpuclnt.dll
0x00007ffb1aba0000 - 0x00007ffb1abc6000 	C:\WINDOWS\System32\bcrypt.dll
0x00007ffb18dc0000 - 0x00007ffb18df3000 	C:\WINDOWS\system32\rsaenh.dll
0x00007ffb19420000 - 0x00007ffb1942c000 	C:\WINDOWS\SYSTEM32\CRYPTBASE.dll
0x00007ffb15820000 - 0x00007ffb15836000 	C:\WINDOWS\SYSTEM32\dhcpcsvc6.DLL
0x00007ffb156f0000 - 0x00007ffb1570c000 	C:\WINDOWS\SYSTEM32\dhcpcsvc.DLL

dbghelp: loaded successfully - version: 4.0.5 - missing functions: none
symbol engine: initialized successfully - sym options: 0x614 - pdb path: .;C:\Program Files\Java\jdk-11.0.6\bin;C:\WINDOWS\SYSTEM32;C:\WINDOWS\WinSxS\amd64_microsoft.windows.common-controls_6595b64144ccf1df_6.0.18362.1016_none_9e7a36bbe461dae4;C:\Program Files\Java\jdk-11.0.6\bin\server

VM Arguments:
jvm_args: -Dcom.sun.management.jmxremote -Dcom.sun.management.jmxremote.port=58899 -Dcom.sun.management.jmxremote.authenticate=false -Dcom.sun.management.jmxremote.ssl=false -Djava.rmi.server.hostname=localhost -Dspring.jmx.enabled=true -Dspring.application.admin.enabled=true -Xverify:none -XX:TieredStopAtLevel=1 -Dspring.boot.project.name=woodstock -Dfile.encoding=UTF-8 
java_command: com.hyperdrive.woodstock.WoodstockApplication --spring.output.ansi.enabled=always
java_class_path (initial): C:\Users\Hugo\Documents\GitHub\Curso Java\ws-sts\woodstock\target\classes;C:\Users\Hugo\.m2\repository\org\springframework\boot\spring-boot-starter-web\2.3.2.RELEASE\spring-boot-starter-web-2.3.2.RELEASE.jar;C:\Users\Hugo\.m2\repository\org\springframework\boot\spring-boot-starter\2.3.2.RELEASE\spring-boot-starter-2.3.2.RELEASE.jar;C:\Users\Hugo\.m2\repository\org\springframework\boot\spring-boot\2.3.2.RELEASE\spring-boot-2.3.2.RELEASE.jar;C:\Users\Hugo\.m2\repository\org\springframework\boot\spring-boot-autoconfigure\2.3.2.RELEASE\spring-boot-autoconfigure-2.3.2.RELEASE.jar;C:\Users\Hugo\.m2\repository\org\springframework\boot\spring-boot-starter-logging\2.3.2.RELEASE\spring-boot-starter-logging-2.3.2.RELEASE.jar;C:\Users\Hugo\.m2\repository\ch\qos\logback\logback-classic\1.2.3\logback-classic-1.2.3.jar;C:\Users\Hugo\.m2\repository\ch\qos\logback\logback-core\1.2.3\logback-core-1.2.3.jar;C:\Users\Hugo\.m2\repository\org\apache\logging\log4j\log4j-to-slf4j\2.13.3\log4j-to-slf4j-2.13.3.jar;C:\Users\Hugo\.m2\repository\org\apache\logging\log4j\log4j-api\2.13.3\log4j-api-2.13.3.jar;C:\Users\Hugo\.m2\repository\org\slf4j\jul-to-slf4j\1.7.30\jul-to-slf4j-1.7.30.jar;C:\Users\Hugo\.m2\repository\jakarta\annotation\jakarta.annotation-api\1.3.5\jakarta.annotation-api-1.3.5.jar;C:\Users\Hugo\.m2\repository\org\yaml\snakeyaml\1.26\snakeyaml-1.26.jar;C:\Users\Hugo\.m2\repository\org\springframework\boot\spring-boot-starter-json\2.3.2.RELEASE\spring-boot-starter-json-2.3.2.RELEASE.jar;C:\Users\Hugo\.m2\repository\com\fasterxml\jackson\core\jackson-databind\2.11.1\jackson-databind-2.11.1.jar;C:\Users\Hugo\.m2\repository\com\fasterxml\jackson\core\jackson-core\2.11.1\jackson-core-2.11.1.jar;C:\Users\Hugo\.m2\repository\com\fasterxml\jackson\datatype\jackson-datatype-jdk8\2.11.1\jackson-datatype-jdk8-2.11.1.jar;C:\Users\Hugo\.m2\repository\com\fasterxml\jackson\datatype\jackson-datatype-jsr310\2.11.1\jackson-datatype-jsr310-2.11.1.jar;C:\Users\Hugo\.m2\
Launcher Type: SUN_STANDARD

[Global flags]
     bool BytecodeVerificationLocal                = false                                     {product} {command line}
     bool BytecodeVerificationRemote               = false                                     {product} {command line}
     intx CICompilerCount                          = 3                                         {product} {ergonomic}
     uint ConcGCThreads                            = 2                                         {product} {ergonomic}
     uint G1ConcRefinementThreads                  = 6                                         {product} {ergonomic}
   size_t G1HeapRegionSize                         = 1048576                                   {product} {ergonomic}
    uintx GCDrainStackTargetSize                   = 64                                        {product} {ergonomic}
   size_t InitialHeapSize                          = 201326592                                 {product} {ergonomic}
     bool ManagementServer                         = true                                      {product} {command line}
   size_t MarkStackSize                            = 4194304                                   {product} {ergonomic}
   size_t MaxHeapSize                              = 3217031168                                {product} {ergonomic}
   size_t MaxNewSize                               = 1929379840                                {product} {ergonomic}
   size_t MinHeapDeltaBytes                        = 1048576                                   {product} {ergonomic}
    uintx NonNMethodCodeHeapSize                   = 6973028                                {pd product} {ergonomic}
    uintx NonProfiledCodeHeapSize                  = 244685212                              {pd product} {ergonomic}
    uintx ProfiledCodeHeapSize                     = 0                                      {pd product} {ergonomic}
    uintx ReservedCodeCacheSize                    = 251658240                              {pd product} {ergonomic}
     bool SegmentedCodeCache                       = true                                      {product} {ergonomic}
     intx TieredStopAtLevel                        = 1                                         {product} {command line}
     bool UseCompressedClassPointers               = true                                 {lp64_product} {ergonomic}
     bool UseCompressedOops                        = true                                 {lp64_product} {ergonomic}
     bool UseG1GC                                  = true                                      {product} {ergonomic}
     bool UseLargePagesIndividualAllocation        = false                                  {pd product} {ergonomic}

Logging:
Log output configuration:
 #0: stdout all=warning uptime,level,tags
 #1: stderr all=off uptime,level,tags

Environment Variables:
JAVA_HOME=C:\Program Files\Java\jdk-11.0.6
PATH=C:/Program Files/Java/jdk-11.0.6/bin/server;C:/Program Files/Java/jdk-11.0.6/bin;C:\Python27\;C:\Python27\Scripts;C:\WINDOWS\system32;C:\WINDOWS;C:\WINDOWS\System32\Wbem;C:\WINDOWS\System32\WindowsPowerShell\v1.0\;C:\WINDOWS\System32\OpenSSH\;C:\Program Files\dotnet\;C:\ProgramData\chocolatey\bin;C:\Program Files\nodejs\;C:\Program Files\Git\cmd;C:\Program Files\Java\jdk-11.0.6\bin;C:\Program Files\MySQL\MySQL Shell 8.0\bin\;C:\Users\Hugo\AppData\Local\Microsoft\WindowsApps;C:\Users\Hugo\AppData\Local\GitHubDesktop\bin;C:\Users\Hugo\AppData\Local\Programs\Microsoft VS Code\bin;C:\Users\Hugo\AppData\Roaming\npm;C:\Users\Hugo\AppData\Local\Microsoft\WindowsApps;C:\Program Files\heroku\bin;C:\sts-4.6.2.RELEASE;
USERNAME=Hugo
OS=Windows_NT
PROCESSOR_IDENTIFIER=AMD64 Family 21 Model 2 Stepping 0, AuthenticAMD



---------------  S Y S T E M  ---------------

OS: Windows 10 , 64 bit Build 18362 (10.0.18362.959)

CPU:total 6 (initial active 6) (6 cores per cpu, 1 threads per core) family 21 model 2 stepping 0, cmov, cx8, fxsr, mmx, sse, sse2, sse3, ssse3, sse4.1, sse4.2, popcnt, avx, aes, clmul, mmxext, 3dnowpref, lzcnt, sse4a, tsc, tscinvbit, tscinv, bmi1, fma

Memory: 4k page, system-wide physical 12270M (5832M free)
TotalPageFile size 14318M (AvailPageFile size 3178M)
current process WorkingSet (physical memory assigned to process): 99M, peak: 99M
current process commit charge ("private bytes"): 293M, peak: 293M

vm_info: Java HotSpot(TM) 64-Bit Server VM (11.0.6+8-LTS) for windows-amd64 JRE (11.0.6+8-LTS), built on Dec 11 2019 09:17:57 by "mach5one" with MS VC++ 15.5 (VS2017)

END.
