#
# A fatal error has been detected by the Java Runtime Environment:
#
#  EXCEPTION_ACCESS_VIOLATION (0xc0000005) at pc=0x00007fffdc37f15d, pid=6840, tid=10192
#
# JRE version: Java(TM) SE Runtime Environment (11.0.6+8) (build 11.0.6+8-LTS)
# Java VM: Java HotSpot(TM) 64-Bit Server VM (11.0.6+8-LTS, mixed mode, tiered, compressed oops, g1 gc, windows-amd64)
# Problematic frame:
# V  [jvm.dll+0x65f15d]
#
# No core dump will be written. Minidumps are not enabled by default on client versions of Windows
#
# If you would like to submit a bug report, please visit:
#   http://bugreport.java.com/bugreport/crash.jsp
#

---------------  S U M M A R Y ------------

Command Line: -Dcom.sun.management.jmxremote -Dcom.sun.management.jmxremote.port=54514 -Dcom.sun.management.jmxremote.authenticate=false -Dcom.sun.management.jmxremote.ssl=false -Djava.rmi.server.hostname=localhost -Dspring.jmx.enabled=true -Dspring.application.admin.enabled=true -Xverify:none -XX:TieredStopAtLevel=1 -Dspring.boot.project.name=woodstock -Dfile.encoding=UTF-8 com.hyperdrive.woodstock.WoodstockApplication --spring.output.ansi.enabled=always

Host: AMD FX(tm)-6300 Six-Core Processor             , 6 cores, 11G,  Windows 10 , 64 bit Build 18362 (10.0.18362.959)
Time: Tue Aug 18 20:23:51 2020 Hora oficial do Brasil elapsed time: 6 seconds (0d 0h 0m 6s)

---------------  T H R E A D  ---------------

Current thread (0x000001a2679cd000):  JavaThread "DestroyJavaVM" [_thread_in_vm, id=10192, stack(0x00000055cbe00000,0x00000055cbf00000)]

Stack: [0x00000055cbe00000,0x00000055cbf00000],  sp=0x00000055cbeffab0,  free space=1022k
Native frames: (J=compiled Java code, j=interpreted, Vv=VM code, C=native code)
V  [jvm.dll+0x65f15d]
V  [jvm.dll+0x65f70a]
V  [jvm.dll+0x3732a9]
V  [jvm.dll+0x735a83]
V  [jvm.dll+0x3dded8]
C  [javaw.exe+0x367e]
C  [javaw.exe+0x17e2c]
C  [KERNEL32.DLL+0x17bd4]
C  [ntdll.dll+0x6ce51]


siginfo: EXCEPTION_ACCESS_VIOLATION (0xc0000005), reading address 0x000001a200000017


Register to memory mapping:

RIP=0x00007fffdc37f15d jvm.dll
RAX=0x0000000000000001 is an unknown value
RBX=0x000001a20000000f is an unknown value
RCX=0x000001a23e510000 points into unknown readable memory: 00 00 00 00 00 00 00 00
RDX=0x000001a23e510000 points into unknown readable memory: 00 00 00 00 00 00 00 00
RSP=0x00000055cbeffab0 points into unknown readable memory: cd 00 00 00 00 00 00 00
RBP=0x0 is NULL
RSI=0x0000000000000001 is an unknown value
RDI=0x000001a2630a4000 points into unknown readable memory: 0f 00 00 00 a2 01 00 00
R8 =0x0000000000000003 is an unknown value
R9 =0x0000000000000001 is an unknown value
R10=0x0000000000008000 is an unknown value
R11=0x00000055cbeffa10 points into unknown readable memory: 00 00 00 00 00 00 00 00
R12=0x000001a240702ac8 points into unknown readable memory: 90 fd 62 41 07 00 00 00
R13=0x000001a23e53ab30 points into unknown readable memory: 63 6f 6d 2e 68 79 70 65
R14=0x000001a240702ab8 points into unknown readable memory: c0 fd 62 41 07 00 00 00
R15=0x000001a240702ab0 points into unknown readable memory: c0 fd 62 41 07 00 00 00


Registers:
RAX=0x0000000000000001, RBX=0x000001a20000000f, RCX=0x000001a23e510000, RDX=0x000001a23e510000
RSP=0x00000055cbeffab0, RBP=0x0000000000000000, RSI=0x0000000000000001, RDI=0x000001a2630a4000
R8 =0x0000000000000003, R9 =0x0000000000000001, R10=0x0000000000008000, R11=0x00000055cbeffa10
R12=0x000001a240702ac8, R13=0x000001a23e53ab30, R14=0x000001a240702ab8, R15=0x000001a240702ab0
RIP=0x00007fffdc37f15d, EFLAGS=0x0000000000010206

Top of Stack: (sp=0x00000055cbeffab0)
0x00000055cbeffab0:   00000000000000cd 00007fff00000000
0x00000055cbeffac0:   000001a200000000 0000000000000000
0x00000055cbeffad0:   000001a2679cd000 00007fffdc37f70a
0x00000055cbeffae0:   000001a2406fed70 00000055cbeffc98
0x00000055cbeffaf0:   0000000000000001 000001a2679cd000
0x00000055cbeffb00:   000001a265a705d0 00007fffdc0932a9
0x00000055cbeffb10:   0000000000000000 00000055cbeffc98
0x00000055cbeffb20:   0000000000000000 000001a20000000c
0x00000055cbeffb30:   000001a2679cd000 00007fffdc455a83
0x00000055cbeffb40:   000001a2406fed70 000001a2679cd000
0x00000055cbeffb50:   0000000000000001 00000055cbeffc98
0x00000055cbeffb60:   000001a2679cd000 000001a240702ab8
0x00000055cbeffb70:   000000000000000e 0000000000000000
0x00000055cbeffb80:   000001a2679c1500 000001a23e548ac0
0x00000055cbeffb90:   000001a2679cd000 000001a2679c1550
0x00000055cbeffba0:   000001a23e548ac0 000001a23e548ad0 

Instructions: (pc=0x00007fffdc37f15d)
0x00007fffdc37f13d:   8b ce e8 bc a2 a5 ff 48 8b 3d 35 03 41 00 48 8b
0x00007fffdc37f14d:   74 24 40 48 85 ff 74 39 48 8b 1f 48 85 db 74 29
0x00007fffdc37f15d:   48 83 7b 08 01 75 1a 48 8b 53 18 89 2b 48 85 d2
0x00007fffdc37f16d:   74 0f 39 6b 04 48 8b cb e8 06 ea b8 ff 48 89 6b 


Stack slot to memory mapping:
stack at sp + 0 slots: 0x00000000000000cd is an unknown value
stack at sp + 1 slots: 0x00007fff00000000 is an unknown value
stack at sp + 2 slots: 0x000001a200000000 is an unknown value
stack at sp + 3 slots: 0x0 is NULL
stack at sp + 4 slots: 0x000001a2679cd000 points into unknown readable memory: e8 a4 5f dc ff 7f 00 00
stack at sp + 5 slots: 0x00007fffdc37f70a jvm.dll
stack at sp + 6 slots: 0x000001a2406fed70 points into unknown readable memory: 00 00 00 00 00 00 00 00
stack at sp + 7 slots: 0x00000055cbeffc98 points into unknown readable memory: 00 00 00 00 00 00 00 00


---------------  P R O C E S S  ---------------

Threads class SMR info:
_java_thread_list=0x000001a265a705d0, length=12, elements={
0x000001a25efca000, 0x000001a25efcc800, 0x000001a261f25000, 0x000001a261f26000,
0x000001a261f28000, 0x000001a261f33800, 0x000001a25ef84000, 0x000001a262154800,
0x000001a2630c7000, 0x000001a2630df800, 0x000001a263145800, 0x000001a2679cc800
}

Java Threads: ( => current thread )
  0x000001a25efca000 JavaThread "Reference Handler" daemon [_thread_blocked, id=11796, stack(0x00000055cc500000,0x00000055cc600000)]
  0x000001a25efcc800 JavaThread "Finalizer" daemon [_thread_blocked, id=12168, stack(0x00000055cc600000,0x00000055cc700000)]
  0x000001a261f25000 JavaThread "Signal Dispatcher" daemon [_thread_blocked, id=504, stack(0x00000055cc700000,0x00000055cc800000)]
  0x000001a261f26000 JavaThread "Attach Listener" daemon [_thread_blocked, id=4856, stack(0x00000055cc800000,0x00000055cc900000)]
  0x000001a261f28000 JavaThread "C1 CompilerThread0" daemon [_thread_blocked, id=10868, stack(0x00000055cc900000,0x00000055cca00000)]
  0x000001a261f33800 JavaThread "Sweeper thread" daemon [_thread_blocked, id=6640, stack(0x00000055cca00000,0x00000055ccb00000)]
  0x000001a25ef84000 JavaThread "Common-Cleaner" daemon [_thread_blocked, id=4904, stack(0x00000055ccb00000,0x00000055ccc00000)]
  0x000001a262154800 JavaThread "Service Thread" daemon [_thread_blocked, id=1852, stack(0x00000055ccc00000,0x00000055ccd00000)]
  0x000001a2630c7000 JavaThread "RMI TCP Accept-0" daemon [_thread_in_native, id=936, stack(0x00000055cd000000,0x00000055cd100000)]
  0x000001a2630df800 JavaThread "RMI TCP Accept-54514" daemon [_thread_in_native, id=6528, stack(0x00000055cd100000,0x00000055cd200000)]
  0x000001a263145800 JavaThread "RMI TCP Accept-0" daemon [_thread_in_native, id=8020, stack(0x00000055cd200000,0x00000055cd300000)]
  0x000001a2679cc800 JavaThread "http-nio-8080-Acceptor" daemon [_thread_blocked, id=12788, stack(0x00000055cea00000,0x00000055ceb00000)]

Other Threads:
  0x000001a240717000 GCTaskThread "GC Thread#0" [stack: 0x00000055cbf00000,0x00000055cc000000] [id=13248]
  0x000001a263075800 GCTaskThread "GC Thread#1" [stack: 0x00000055ccd00000,0x00000055cce00000] [id=12996]
  0x000001a263076800 GCTaskThread "GC Thread#2" [stack: 0x00000055cce00000,0x00000055ccf00000] [id=3592]
  0x000001a263077800 GCTaskThread "GC Thread#3" [stack: 0x00000055ccf00000,0x00000055cd000000] [id=728]
  0x000001a26560c800 GCTaskThread "GC Thread#4" [stack: 0x00000055cd400000,0x00000055cd500000] [id=6536]
  0x000001a265388000 GCTaskThread "GC Thread#5" [stack: 0x00000055cdc00000,0x00000055cdd00000] [id=4600]
  0x000001a24075d800 ConcurrentGCThread "G1 Main Marker" [stack: 0x00000055cc000000,0x00000055cc100000] [id=10012]
  0x000001a25edd0800 ConcurrentGCThread "G1 Conc#0" [stack: 0x00000055cc100000,0x00000055cc200000] [id=1352]
  0x000001a26370a000 ConcurrentGCThread "G1 Conc#1" [stack: 0x00000055cd500000,0x00000055cd600000] [id=9212]
  0x000001a25eeaa000 ConcurrentGCThread "G1 Refine#0" [stack: 0x00000055cc200000,0x00000055cc300000] [id=1444]
  0x000001a25eead000 ConcurrentGCThread "G1 Young RemSet Sampling" [stack: 0x00000055cc300000,0x00000055cc400000] [id=11376]

=>0x000001a2679cd000 (exited) JavaThread "DestroyJavaVM" [_thread_in_vm, id=10192, stack(0x00000055cbe00000,0x00000055cbf00000)]

Threads with active compile tasks:

VM state:at safepoint (shutting down)

VM Mutex/Monitor currently owned by a thread:  ([mutex/lock_event])
[0x000001a2406fe110] Threads_lock - owner thread: 0x000001a25efc4800

Heap address: 0x0000000740400000, size: 3068 MB, Compressed Oops mode: Zero based, Oop shift amount: 3
Narrow klass base: 0x0000000800000000, Narrow klass shift: 0
Compressed class space size: 1073741824 Address: 0x0000000800000000

Heap:
 garbage-first heap   total 289792K, used 97122K [0x0000000740400000, 0x0000000800000000)
  region size 1024K, 73 young (74752K), 16 survivors (16384K)
 Metaspace       used 58380K, capacity 59929K, committed 60240K, reserved 1101824K
  class space    used 7460K, capacity 8076K, committed 8192K, reserved 1048576K
Heap Regions: E=young(eden), S=young(survivor), O=old, HS=humongous(starts), HC=humongous(continues), CS=collection set, F=free, A=archive, TAMS=top-at-mark-start (previous, next)
|   0|0x0000000740400000, 0x0000000740500000, 0x0000000740500000|100%|HS|  |TAMS 0x0000000740500000, 0x0000000740400000| Complete 
|   1|0x0000000740500000, 0x0000000740600000, 0x0000000740600000|100%| O|  |TAMS 0x0000000740600000, 0x0000000740500000| Untracked 
|   2|0x0000000740600000, 0x0000000740700000, 0x0000000740700000|100%| O|  |TAMS 0x0000000740700000, 0x0000000740600000| Untracked 
|   3|0x0000000740700000, 0x0000000740800000, 0x0000000740800000|100%| O|  |TAMS 0x0000000740800000, 0x0000000740700000| Untracked 
|   4|0x0000000740800000, 0x0000000740900000, 0x0000000740900000|100%| O|  |TAMS 0x0000000740900000, 0x0000000740800000| Untracked 
|   5|0x0000000740900000, 0x0000000740a00000, 0x0000000740a00000|100%| O|  |TAMS 0x0000000740a00000, 0x0000000740900000| Untracked 
|   6|0x0000000740a00000, 0x0000000740b00000, 0x0000000740b00000|100%| O|  |TAMS 0x0000000740b00000, 0x0000000740a00000| Untracked 
|   7|0x0000000740b00000, 0x0000000740c00000, 0x0000000740c00000|100%| O|  |TAMS 0x0000000740c00000, 0x0000000740b00000| Untracked 
|   8|0x0000000740c00000, 0x0000000740d00000, 0x0000000740d00000|100%| O|  |TAMS 0x0000000740d00000, 0x0000000740c00000| Untracked 
|   9|0x0000000740d00000, 0x0000000740e00000, 0x0000000740e00000|100%| O|  |TAMS 0x0000000740e00000, 0x0000000740d00000| Untracked 
|  10|0x0000000740e00000, 0x0000000740f00000, 0x0000000740f00000|100%| O|  |TAMS 0x0000000740f00000, 0x0000000740e00000| Untracked 
|  11|0x0000000740f00000, 0x0000000741000000, 0x0000000741000000|100%| O|  |TAMS 0x0000000741000000, 0x0000000740f00000| Untracked 
|  12|0x0000000741000000, 0x0000000741100000, 0x0000000741100000|100%| O|  |TAMS 0x0000000741100000, 0x0000000741000000| Untracked 
|  13|0x0000000741100000, 0x0000000741200000, 0x0000000741200000|100%| O|  |TAMS 0x0000000741200000, 0x0000000741100000| Untracked 
|  14|0x0000000741200000, 0x0000000741300000, 0x0000000741300000|100%| O|  |TAMS 0x0000000741300000, 0x0000000741200000| Untracked 
|  15|0x0000000741300000, 0x0000000741400000, 0x0000000741400000|100%| O|  |TAMS 0x0000000741400000, 0x0000000741300000| Untracked 
|  16|0x0000000741400000, 0x0000000741500000, 0x0000000741500000|100%| O|  |TAMS 0x0000000741500000, 0x0000000741400000| Untracked 
|  17|0x0000000741500000, 0x0000000741600000, 0x0000000741600000|100%| O|  |TAMS 0x0000000741600000, 0x0000000741500000| Untracked 
|  18|0x0000000741600000, 0x0000000741700000, 0x0000000741700000|100%| O|  |TAMS 0x0000000741700000, 0x0000000741600000| Untracked 
|  19|0x0000000741700000, 0x0000000741800000, 0x0000000741800000|100%| O|  |TAMS 0x00000007417a9a00, 0x0000000741700000| Untracked 
|  20|0x0000000741800000, 0x0000000741900000, 0x0000000741900000|100%| O|  |TAMS 0x0000000741800000, 0x0000000741800000| Untracked 
|  21|0x0000000741900000, 0x0000000741a00000, 0x0000000741a00000|100%| O|  |TAMS 0x0000000741900000, 0x0000000741900000| Untracked 
|  22|0x0000000741a00000, 0x0000000741ad8a00, 0x0000000741b00000| 84%| O|  |TAMS 0x0000000741a00000, 0x0000000741a00000| Untracked 
|  23|0x0000000741b00000, 0x0000000741b00000, 0x0000000741c00000|  0%| F|  |TAMS 0x0000000741b00000, 0x0000000741b00000| Untracked 
|  24|0x0000000741c00000, 0x0000000741c00000, 0x0000000741d00000|  0%| F|  |TAMS 0x0000000741c00000, 0x0000000741c00000| Untracked 
|  25|0x0000000741d00000, 0x0000000741d00000, 0x0000000741e00000|  0%| F|  |TAMS 0x0000000741d00000, 0x0000000741d00000| Untracked 
|  26|0x0000000741e00000, 0x0000000741e00000, 0x0000000741f00000|  0%| F|  |TAMS 0x0000000741e00000, 0x0000000741e00000| Untracked 
|  27|0x0000000741f00000, 0x0000000741f00000, 0x0000000742000000|  0%| F|  |TAMS 0x0000000741f00000, 0x0000000741f00000| Untracked 
|  28|0x0000000742000000, 0x0000000742000000, 0x0000000742100000|  0%| F|  |TAMS 0x0000000742000000, 0x0000000742000000| Untracked 
|  29|0x0000000742100000, 0x0000000742100000, 0x0000000742200000|  0%| F|  |TAMS 0x0000000742100000, 0x0000000742100000| Untracked 
|  30|0x0000000742200000, 0x0000000742200000, 0x0000000742300000|  0%| F|  |TAMS 0x0000000742200000, 0x0000000742200000| Untracked 
|  31|0x0000000742300000, 0x0000000742300000, 0x0000000742400000|  0%| F|  |TAMS 0x0000000742300000, 0x0000000742300000| Untracked 
|  32|0x0000000742400000, 0x0000000742400000, 0x0000000742500000|  0%| F|  |TAMS 0x0000000742400000, 0x0000000742400000| Untracked 
|  33|0x0000000742500000, 0x0000000742500000, 0x0000000742600000|  0%| F|  |TAMS 0x0000000742500000, 0x0000000742500000| Untracked 
|  34|0x0000000742600000, 0x0000000742600000, 0x0000000742700000|  0%| F|  |TAMS 0x0000000742600000, 0x0000000742600000| Untracked 
|  35|0x0000000742700000, 0x0000000742700000, 0x0000000742800000|  0%| F|  |TAMS 0x0000000742700000, 0x0000000742700000| Untracked 
|  36|0x0000000742800000, 0x0000000742800000, 0x0000000742900000|  0%| F|  |TAMS 0x0000000742800000, 0x0000000742800000| Untracked 
|  37|0x0000000742900000, 0x0000000742900000, 0x0000000742a00000|  0%| F|  |TAMS 0x0000000742900000, 0x0000000742900000| Untracked 
|  38|0x0000000742a00000, 0x0000000742a00000, 0x0000000742b00000|  0%| F|  |TAMS 0x0000000742a00000, 0x0000000742a00000| Untracked 
|  39|0x0000000742b00000, 0x0000000742b00000, 0x0000000742c00000|  0%| F|  |TAMS 0x0000000742b00000, 0x0000000742b00000| Untracked 
|  40|0x0000000742c00000, 0x0000000742c00000, 0x0000000742d00000|  0%| F|  |TAMS 0x0000000742c00000, 0x0000000742c00000| Untracked 
|  41|0x0000000742d00000, 0x0000000742d00000, 0x0000000742e00000|  0%| F|  |TAMS 0x0000000742d00000, 0x0000000742d00000| Untracked 
|  42|0x0000000742e00000, 0x0000000742e00000, 0x0000000742f00000|  0%| F|  |TAMS 0x0000000742e00000, 0x0000000742e00000| Untracked 
|  43|0x0000000742f00000, 0x0000000742f00000, 0x0000000743000000|  0%| F|  |TAMS 0x0000000742f00000, 0x0000000742f00000| Untracked 
|  44|0x0000000743000000, 0x0000000743000000, 0x0000000743100000|  0%| F|  |TAMS 0x0000000743000000, 0x0000000743000000| Untracked 
|  45|0x0000000743100000, 0x0000000743100000, 0x0000000743200000|  0%| F|  |TAMS 0x0000000743100000, 0x0000000743100000| Untracked 
|  46|0x0000000743200000, 0x0000000743200000, 0x0000000743300000|  0%| F|  |TAMS 0x0000000743200000, 0x0000000743200000| Untracked 
|  47|0x0000000743300000, 0x0000000743300000, 0x0000000743400000|  0%| F|  |TAMS 0x0000000743300000, 0x0000000743300000| Untracked 
|  48|0x0000000743400000, 0x0000000743400000, 0x0000000743500000|  0%| F|  |TAMS 0x0000000743400000, 0x0000000743400000| Untracked 
|  49|0x0000000743500000, 0x0000000743500000, 0x0000000743600000|  0%| F|  |TAMS 0x0000000743500000, 0x0000000743500000| Untracked 
|  50|0x0000000743600000, 0x0000000743600000, 0x0000000743700000|  0%| F|  |TAMS 0x0000000743600000, 0x0000000743600000| Untracked 
|  51|0x0000000743700000, 0x0000000743700000, 0x0000000743800000|  0%| F|  |TAMS 0x0000000743700000, 0x0000000743700000| Untracked 
|  52|0x0000000743800000, 0x0000000743800000, 0x0000000743900000|  0%| F|  |TAMS 0x0000000743800000, 0x0000000743800000| Untracked 
|  53|0x0000000743900000, 0x0000000743900000, 0x0000000743a00000|  0%| F|  |TAMS 0x0000000743900000, 0x0000000743900000| Untracked 
|  54|0x0000000743a00000, 0x0000000743a00000, 0x0000000743b00000|  0%| F|  |TAMS 0x0000000743a00000, 0x0000000743a00000| Untracked 
|  55|0x0000000743b00000, 0x0000000743b00000, 0x0000000743c00000|  0%| F|  |TAMS 0x0000000743b00000, 0x0000000743b00000| Untracked 
|  56|0x0000000743c00000, 0x0000000743c00000, 0x0000000743d00000|  0%| F|  |TAMS 0x0000000743c00000, 0x0000000743c00000| Untracked 
|  57|0x0000000743d00000, 0x0000000743d00000, 0x0000000743e00000|  0%| F|  |TAMS 0x0000000743d00000, 0x0000000743d00000| Untracked 
|  58|0x0000000743e00000, 0x0000000743e00000, 0x0000000743f00000|  0%| F|  |TAMS 0x0000000743e00000, 0x0000000743e00000| Untracked 
|  59|0x0000000743f00000, 0x0000000743f00000, 0x0000000744000000|  0%| F|  |TAMS 0x0000000743f00000, 0x0000000743f00000| Untracked 
|  60|0x0000000744000000, 0x0000000744000000, 0x0000000744100000|  0%| F|  |TAMS 0x0000000744000000, 0x0000000744000000| Untracked 
|  61|0x0000000744100000, 0x0000000744100000, 0x0000000744200000|  0%| F|  |TAMS 0x0000000744100000, 0x0000000744100000| Untracked 
|  62|0x0000000744200000, 0x0000000744200000, 0x0000000744300000|  0%| F|  |TAMS 0x0000000744200000, 0x0000000744200000| Untracked 
|  63|0x0000000744300000, 0x0000000744300000, 0x0000000744400000|  0%| F|  |TAMS 0x0000000744300000, 0x0000000744300000| Untracked 
|  64|0x0000000744400000, 0x0000000744400000, 0x0000000744500000|  0%| F|  |TAMS 0x0000000744400000, 0x0000000744400000| Untracked 
|  65|0x0000000744500000, 0x0000000744500000, 0x0000000744600000|  0%| F|  |TAMS 0x0000000744500000, 0x0000000744500000| Untracked 
|  66|0x0000000744600000, 0x0000000744600000, 0x0000000744700000|  0%| F|  |TAMS 0x0000000744600000, 0x0000000744600000| Untracked 
|  67|0x0000000744700000, 0x0000000744700000, 0x0000000744800000|  0%| F|  |TAMS 0x0000000744700000, 0x0000000744700000| Untracked 
|  68|0x0000000744800000, 0x0000000744800000, 0x0000000744900000|  0%| F|  |TAMS 0x0000000744800000, 0x0000000744800000| Untracked 
|  69|0x0000000744900000, 0x0000000744900000, 0x0000000744a00000|  0%| F|  |TAMS 0x0000000744900000, 0x0000000744900000| Untracked 
|  70|0x0000000744a00000, 0x0000000744a00000, 0x0000000744b00000|  0%| F|  |TAMS 0x0000000744a00000, 0x0000000744a00000| Untracked 
|  71|0x0000000744b00000, 0x0000000744b00000, 0x0000000744c00000|  0%| F|  |TAMS 0x0000000744b00000, 0x0000000744b00000| Untracked 
|  72|0x0000000744c00000, 0x0000000744c00000, 0x0000000744d00000|  0%| F|  |TAMS 0x0000000744c00000, 0x0000000744c00000| Untracked 
|  73|0x0000000744d00000, 0x0000000744d00000, 0x0000000744e00000|  0%| F|  |TAMS 0x0000000744d00000, 0x0000000744d00000| Untracked 
|  74|0x0000000744e00000, 0x0000000744e00000, 0x0000000744f00000|  0%| F|  |TAMS 0x0000000744e00000, 0x0000000744e00000| Untracked 
|  75|0x0000000744f00000, 0x0000000744f00000, 0x0000000745000000|  0%| F|  |TAMS 0x0000000744f00000, 0x0000000744f00000| Untracked 
|  76|0x0000000745000000, 0x0000000745000000, 0x0000000745100000|  0%| F|  |TAMS 0x0000000745000000, 0x0000000745000000| Untracked 
|  77|0x0000000745100000, 0x0000000745200000, 0x0000000745200000|100%| S|CS|TAMS 0x0000000745100000, 0x0000000745100000| Complete 
|  78|0x0000000745200000, 0x0000000745300000, 0x0000000745300000|100%| S|CS|TAMS 0x0000000745200000, 0x0000000745200000| Complete 
|  79|0x0000000745300000, 0x0000000745300000, 0x0000000745400000|  0%| F|  |TAMS 0x0000000745300000, 0x0000000745300000| Untracked 
|  80|0x0000000745400000, 0x0000000745400000, 0x0000000745500000|  0%| F|  |TAMS 0x0000000745400000, 0x0000000745400000| Untracked 
|  81|0x0000000745500000, 0x0000000745500000, 0x0000000745600000|  0%| F|  |TAMS 0x0000000745500000, 0x0000000745500000| Untracked 
|  82|0x0000000745600000, 0x0000000745600000, 0x0000000745700000|  0%| F|  |TAMS 0x0000000745600000, 0x0000000745600000| Untracked 
|  83|0x0000000745700000, 0x0000000745700000, 0x0000000745800000|  0%| F|  |TAMS 0x0000000745700000, 0x0000000745700000| Untracked 
|  84|0x0000000745800000, 0x0000000745800000, 0x0000000745900000|  0%| F|  |TAMS 0x0000000745800000, 0x0000000745800000| Untracked 
|  85|0x0000000745900000, 0x0000000745900000, 0x0000000745a00000|  0%| F|  |TAMS 0x0000000745900000, 0x0000000745900000| Untracked 
|  86|0x0000000745a00000, 0x0000000745a00000, 0x0000000745b00000|  0%| F|  |TAMS 0x0000000745a00000, 0x0000000745a00000| Untracked 
|  87|0x0000000745b00000, 0x0000000745b00000, 0x0000000745c00000|  0%| F|  |TAMS 0x0000000745b00000, 0x0000000745b00000| Untracked 
|  88|0x0000000745c00000, 0x0000000745c00000, 0x0000000745d00000|  0%| F|  |TAMS 0x0000000745c00000, 0x0000000745c00000| Untracked 
|  89|0x0000000745d00000, 0x0000000745d00000, 0x0000000745e00000|  0%| F|  |TAMS 0x0000000745d00000, 0x0000000745d00000| Untracked 
|  90|0x0000000745e00000, 0x0000000745e00000, 0x0000000745f00000|  0%| F|  |TAMS 0x0000000745e00000, 0x0000000745e00000| Untracked 
|  91|0x0000000745f00000, 0x0000000745f00000, 0x0000000746000000|  0%| F|  |TAMS 0x0000000745f00000, 0x0000000745f00000| Untracked 
|  92|0x0000000746000000, 0x0000000746000000, 0x0000000746100000|  0%| F|  |TAMS 0x0000000746000000, 0x0000000746000000| Untracked 
|  93|0x0000000746100000, 0x0000000746200000, 0x0000000746200000|100%| S|CS|TAMS 0x0000000746100000, 0x0000000746100000| Complete 
|  94|0x0000000746200000, 0x0000000746300000, 0x0000000746300000|100%| S|CS|TAMS 0x0000000746200000, 0x0000000746200000| Complete 
|  95|0x0000000746300000, 0x0000000746400000, 0x0000000746400000|100%| S|CS|TAMS 0x0000000746300000, 0x0000000746300000| Complete 
|  96|0x0000000746400000, 0x0000000746500000, 0x0000000746500000|100%| S|CS|TAMS 0x0000000746400000, 0x0000000746400000| Complete 
|  97|0x0000000746500000, 0x0000000746600000, 0x0000000746600000|100%| S|CS|TAMS 0x0000000746500000, 0x0000000746500000| Complete 
|  98|0x0000000746600000, 0x0000000746700000, 0x0000000746700000|100%| S|CS|TAMS 0x0000000746600000, 0x0000000746600000| Complete 
|  99|0x0000000746700000, 0x0000000746800000, 0x0000000746800000|100%| S|CS|TAMS 0x0000000746700000, 0x0000000746700000| Complete 
| 100|0x0000000746800000, 0x0000000746900000, 0x0000000746900000|100%| S|CS|TAMS 0x0000000746800000, 0x0000000746800000| Complete 
| 101|0x0000000746900000, 0x0000000746a00000, 0x0000000746a00000|100%| S|CS|TAMS 0x0000000746900000, 0x0000000746900000| Complete 
| 102|0x0000000746a00000, 0x0000000746b00000, 0x0000000746b00000|100%| S|CS|TAMS 0x0000000746a00000, 0x0000000746a00000| Complete 
| 103|0x0000000746b00000, 0x0000000746c00000, 0x0000000746c00000|100%| S|CS|TAMS 0x0000000746b00000, 0x0000000746b00000| Complete 
| 104|0x0000000746c00000, 0x0000000746d00000, 0x0000000746d00000|100%| S|CS|TAMS 0x0000000746c00000, 0x0000000746c00000| Complete 
| 105|0x0000000746d00000, 0x0000000746e00000, 0x0000000746e00000|100%| S|CS|TAMS 0x0000000746d00000, 0x0000000746d00000| Complete 
| 106|0x0000000746e00000, 0x0000000746f00000, 0x0000000746f00000|100%| S|CS|TAMS 0x0000000746e00000, 0x0000000746e00000| Complete 
| 107|0x0000000746f00000, 0x0000000746f00000, 0x0000000747000000|  0%| F|  |TAMS 0x0000000746f00000, 0x0000000746f00000| Untracked 
| 108|0x0000000747000000, 0x0000000747000000, 0x0000000747100000|  0%| F|  |TAMS 0x0000000747000000, 0x0000000747000000| Untracked 
| 109|0x0000000747100000, 0x0000000747100000, 0x0000000747200000|  0%| F|  |TAMS 0x0000000747100000, 0x0000000747100000| Untracked 
| 110|0x0000000747200000, 0x0000000747200000, 0x0000000747300000|  0%| F|  |TAMS 0x0000000747200000, 0x0000000747200000| Untracked 
| 111|0x0000000747300000, 0x0000000747300000, 0x0000000747400000|  0%| F|  |TAMS 0x0000000747300000, 0x0000000747300000| Untracked 
| 112|0x0000000747400000, 0x0000000747400000, 0x0000000747500000|  0%| F|  |TAMS 0x0000000747400000, 0x0000000747400000| Untracked 
| 113|0x0000000747500000, 0x0000000747500000, 0x0000000747600000|  0%| F|  |TAMS 0x0000000747500000, 0x0000000747500000| Untracked 
| 114|0x0000000747600000, 0x0000000747600000, 0x0000000747700000|  0%| F|  |TAMS 0x0000000747600000, 0x0000000747600000| Untracked 
| 115|0x0000000747700000, 0x0000000747700000, 0x0000000747800000|  0%| F|  |TAMS 0x0000000747700000, 0x0000000747700000| Untracked 
| 116|0x0000000747800000, 0x0000000747800000, 0x0000000747900000|  0%| F|  |TAMS 0x0000000747800000, 0x0000000747800000| Untracked 
| 117|0x0000000747900000, 0x0000000747900000, 0x0000000747a00000|  0%| F|  |TAMS 0x0000000747900000, 0x0000000747900000| Untracked 
| 118|0x0000000747a00000, 0x0000000747a00000, 0x0000000747b00000|  0%| F|  |TAMS 0x0000000747a00000, 0x0000000747a00000| Untracked 
| 119|0x0000000747b00000, 0x0000000747b00000, 0x0000000747c00000|  0%| F|  |TAMS 0x0000000747b00000, 0x0000000747b00000| Untracked 
| 120|0x0000000747c00000, 0x0000000747c00000, 0x0000000747d00000|  0%| F|  |TAMS 0x0000000747c00000, 0x0000000747c00000| Untracked 
| 121|0x0000000747d00000, 0x0000000747d00000, 0x0000000747e00000|  0%| F|  |TAMS 0x0000000747d00000, 0x0000000747d00000| Untracked 
| 122|0x0000000747e00000, 0x0000000747e00000, 0x0000000747f00000|  0%| F|  |TAMS 0x0000000747e00000, 0x0000000747e00000| Untracked 
| 123|0x0000000747f00000, 0x0000000747f00000, 0x0000000748000000|  0%| F|  |TAMS 0x0000000747f00000, 0x0000000747f00000| Untracked 
| 124|0x0000000748000000, 0x0000000748000000, 0x0000000748100000|  0%| F|  |TAMS 0x0000000748000000, 0x0000000748000000| Untracked 
| 125|0x0000000748100000, 0x0000000748100000, 0x0000000748200000|  0%| F|  |TAMS 0x0000000748100000, 0x0000000748100000| Untracked 
| 126|0x0000000748200000, 0x0000000748200000, 0x0000000748300000|  0%| F|  |TAMS 0x0000000748200000, 0x0000000748200000| Untracked 
| 127|0x0000000748300000, 0x0000000748300000, 0x0000000748400000|  0%| F|  |TAMS 0x0000000748300000, 0x0000000748300000| Untracked 
| 128|0x0000000748400000, 0x0000000748400000, 0x0000000748500000|  0%| F|  |TAMS 0x0000000748400000, 0x0000000748400000| Untracked 
| 129|0x0000000748500000, 0x0000000748500000, 0x0000000748600000|  0%| F|  |TAMS 0x0000000748500000, 0x0000000748500000| Untracked 
| 130|0x0000000748600000, 0x0000000748600000, 0x0000000748700000|  0%| F|  |TAMS 0x0000000748600000, 0x0000000748600000| Untracked 
| 131|0x0000000748700000, 0x0000000748700000, 0x0000000748800000|  0%| F|  |TAMS 0x0000000748700000, 0x0000000748700000| Untracked 
| 132|0x0000000748800000, 0x0000000748800000, 0x0000000748900000|  0%| F|  |TAMS 0x0000000748800000, 0x0000000748800000| Untracked 
| 133|0x0000000748900000, 0x0000000748900000, 0x0000000748a00000|  0%| F|  |TAMS 0x0000000748900000, 0x0000000748900000| Untracked 
| 134|0x0000000748a00000, 0x0000000748a00000, 0x0000000748b00000|  0%| F|  |TAMS 0x0000000748a00000, 0x0000000748a00000| Untracked 
| 135|0x0000000748b00000, 0x0000000748b00000, 0x0000000748c00000|  0%| F|  |TAMS 0x0000000748b00000, 0x0000000748b00000| Untracked 
| 136|0x0000000748c00000, 0x0000000748c00000, 0x0000000748d00000|  0%| F|  |TAMS 0x0000000748c00000, 0x0000000748c00000| Untracked 
| 137|0x0000000748d00000, 0x0000000748d00000, 0x0000000748e00000|  0%| F|  |TAMS 0x0000000748d00000, 0x0000000748d00000| Untracked 
| 138|0x0000000748e00000, 0x0000000748e00000, 0x0000000748f00000|  0%| F|  |TAMS 0x0000000748e00000, 0x0000000748e00000| Untracked 
| 139|0x0000000748f00000, 0x0000000748f00000, 0x0000000749000000|  0%| F|  |TAMS 0x0000000748f00000, 0x0000000748f00000| Untracked 
| 140|0x0000000749000000, 0x0000000749000000, 0x0000000749100000|  0%| F|  |TAMS 0x0000000749000000, 0x0000000749000000| Untracked 
| 141|0x0000000749100000, 0x0000000749100000, 0x0000000749200000|  0%| F|  |TAMS 0x0000000749100000, 0x0000000749100000| Untracked 
| 142|0x0000000749200000, 0x0000000749200000, 0x0000000749300000|  0%| F|  |TAMS 0x0000000749200000, 0x0000000749200000| Untracked 
| 143|0x0000000749300000, 0x0000000749300000, 0x0000000749400000|  0%| F|  |TAMS 0x0000000749300000, 0x0000000749300000| Untracked 
| 144|0x0000000749400000, 0x0000000749400000, 0x0000000749500000|  0%| F|  |TAMS 0x0000000749400000, 0x0000000749400000| Untracked 
| 145|0x0000000749500000, 0x0000000749500000, 0x0000000749600000|  0%| F|  |TAMS 0x0000000749500000, 0x0000000749500000| Untracked 
| 146|0x0000000749600000, 0x0000000749600000, 0x0000000749700000|  0%| F|  |TAMS 0x0000000749600000, 0x0000000749600000| Untracked 
| 147|0x0000000749700000, 0x0000000749700000, 0x0000000749800000|  0%| F|  |TAMS 0x0000000749700000, 0x0000000749700000| Untracked 
| 148|0x0000000749800000, 0x0000000749800000, 0x0000000749900000|  0%| F|  |TAMS 0x0000000749800000, 0x0000000749800000| Untracked 
| 149|0x0000000749900000, 0x0000000749900000, 0x0000000749a00000|  0%| F|  |TAMS 0x0000000749900000, 0x0000000749900000| Untracked 
| 150|0x0000000749a00000, 0x0000000749a00000, 0x0000000749b00000|  0%| F|  |TAMS 0x0000000749a00000, 0x0000000749a00000| Untracked 
| 151|0x0000000749b00000, 0x0000000749b00000, 0x0000000749c00000|  0%| F|  |TAMS 0x0000000749b00000, 0x0000000749b00000| Untracked 
| 152|0x0000000749c00000, 0x0000000749c00000, 0x0000000749d00000|  0%| F|  |TAMS 0x0000000749c00000, 0x0000000749c00000| Untracked 
| 153|0x0000000749d00000, 0x0000000749d00000, 0x0000000749e00000|  0%| F|  |TAMS 0x0000000749d00000, 0x0000000749d00000| Untracked 
| 154|0x0000000749e00000, 0x0000000749e00000, 0x0000000749f00000|  0%| F|  |TAMS 0x0000000749e00000, 0x0000000749e00000| Untracked 
| 155|0x0000000749f00000, 0x0000000749f00000, 0x000000074a000000|  0%| F|  |TAMS 0x0000000749f00000, 0x0000000749f00000| Untracked 
| 156|0x000000074a000000, 0x000000074a000000, 0x000000074a100000|  0%| F|  |TAMS 0x000000074a000000, 0x000000074a000000| Untracked 
| 157|0x000000074a100000, 0x000000074a100000, 0x000000074a200000|  0%| F|  |TAMS 0x000000074a100000, 0x000000074a100000| Untracked 
| 158|0x000000074a200000, 0x000000074a200000, 0x000000074a300000|  0%| F|  |TAMS 0x000000074a200000, 0x000000074a200000| Untracked 
| 159|0x000000074a300000, 0x000000074a300000, 0x000000074a400000|  0%| F|  |TAMS 0x000000074a300000, 0x000000074a300000| Untracked 
| 160|0x000000074a400000, 0x000000074a400000, 0x000000074a500000|  0%| F|  |TAMS 0x000000074a400000, 0x000000074a400000| Untracked 
| 161|0x000000074a500000, 0x000000074a500000, 0x000000074a600000|  0%| F|  |TAMS 0x000000074a500000, 0x000000074a500000| Untracked 
| 162|0x000000074a600000, 0x000000074a600000, 0x000000074a700000|  0%| F|  |TAMS 0x000000074a600000, 0x000000074a600000| Untracked 
| 163|0x000000074a700000, 0x000000074a700000, 0x000000074a800000|  0%| F|  |TAMS 0x000000074a700000, 0x000000074a700000| Untracked 
| 164|0x000000074a800000, 0x000000074a800000, 0x000000074a900000|  0%| F|  |TAMS 0x000000074a800000, 0x000000074a800000| Untracked 
| 165|0x000000074a900000, 0x000000074a900000, 0x000000074aa00000|  0%| F|  |TAMS 0x000000074a900000, 0x000000074a900000| Untracked 
| 166|0x000000074aa00000, 0x000000074aa00000, 0x000000074ab00000|  0%| F|  |TAMS 0x000000074aa00000, 0x000000074aa00000| Untracked 
| 167|0x000000074ab00000, 0x000000074ab00000, 0x000000074ac00000|  0%| F|  |TAMS 0x000000074ab00000, 0x000000074ab00000| Untracked 
| 168|0x000000074ac00000, 0x000000074ac00000, 0x000000074ad00000|  0%| F|  |TAMS 0x000000074ac00000, 0x000000074ac00000| Untracked 
| 169|0x000000074ad00000, 0x000000074ad00000, 0x000000074ae00000|  0%| F|  |TAMS 0x000000074ad00000, 0x000000074ad00000| Untracked 
| 170|0x000000074ae00000, 0x000000074ae00000, 0x000000074af00000|  0%| F|  |TAMS 0x000000074ae00000, 0x000000074ae00000| Untracked 
| 171|0x000000074af00000, 0x000000074af00000, 0x000000074b000000|  0%| F|  |TAMS 0x000000074af00000, 0x000000074af00000| Untracked 
| 172|0x000000074b000000, 0x000000074b000000, 0x000000074b100000|  0%| F|  |TAMS 0x000000074b000000, 0x000000074b000000| Untracked 
| 173|0x000000074b100000, 0x000000074b100000, 0x000000074b200000|  0%| F|  |TAMS 0x000000074b100000, 0x000000074b100000| Untracked 
| 174|0x000000074b200000, 0x000000074b200000, 0x000000074b300000|  0%| F|  |TAMS 0x000000074b200000, 0x000000074b200000| Untracked 
| 175|0x000000074b300000, 0x000000074b300000, 0x000000074b400000|  0%| F|  |TAMS 0x000000074b300000, 0x000000074b300000| Untracked 
| 176|0x000000074b400000, 0x000000074b400000, 0x000000074b500000|  0%| F|  |TAMS 0x000000074b400000, 0x000000074b400000| Untracked 
| 177|0x000000074b500000, 0x000000074b500000, 0x000000074b600000|  0%| F|  |TAMS 0x000000074b500000, 0x000000074b500000| Untracked 
| 178|0x000000074b600000, 0x000000074b600000, 0x000000074b700000|  0%| F|  |TAMS 0x000000074b600000, 0x000000074b600000| Untracked 
| 179|0x000000074b700000, 0x000000074b700000, 0x000000074b800000|  0%| F|  |TAMS 0x000000074b700000, 0x000000074b700000| Untracked 
| 180|0x000000074b800000, 0x000000074b800000, 0x000000074b900000|  0%| F|  |TAMS 0x000000074b800000, 0x000000074b800000| Untracked 
| 181|0x000000074b900000, 0x000000074b900000, 0x000000074ba00000|  0%| F|  |TAMS 0x000000074b900000, 0x000000074b900000| Untracked 
| 182|0x000000074ba00000, 0x000000074ba00000, 0x000000074bb00000|  0%| F|  |TAMS 0x000000074ba00000, 0x000000074ba00000| Untracked 
| 183|0x000000074bb00000, 0x000000074bb00000, 0x000000074bc00000|  0%| F|  |TAMS 0x000000074bb00000, 0x000000074bb00000| Untracked 
| 184|0x000000074bc00000, 0x000000074bc00000, 0x000000074bd00000|  0%| F|  |TAMS 0x000000074bc00000, 0x000000074bc00000| Untracked 
| 185|0x000000074bd00000, 0x000000074bd00000, 0x000000074be00000|  0%| F|  |TAMS 0x000000074bd00000, 0x000000074bd00000| Untracked 
| 186|0x000000074be00000, 0x000000074be00000, 0x000000074bf00000|  0%| F|  |TAMS 0x000000074be00000, 0x000000074be00000| Untracked 
| 187|0x000000074bf00000, 0x000000074bf00000, 0x000000074c000000|  0%| F|  |TAMS 0x000000074bf00000, 0x000000074bf00000| Untracked 
| 188|0x000000074c000000, 0x000000074c000000, 0x000000074c100000|  0%| F|  |TAMS 0x000000074c000000, 0x000000074c000000| Untracked 
| 189|0x000000074c100000, 0x000000074c100000, 0x000000074c200000|  0%| F|  |TAMS 0x000000074c100000, 0x000000074c100000| Untracked 
| 190|0x000000074c200000, 0x000000074c200000, 0x000000074c300000|  0%| F|  |TAMS 0x000000074c200000, 0x000000074c200000| Untracked 
| 191|0x000000074c300000, 0x000000074c300000, 0x000000074c400000|  0%| F|  |TAMS 0x000000074c300000, 0x000000074c300000| Untracked 
| 192|0x000000074c400000, 0x000000074c400000, 0x000000074c500000|  0%| F|  |TAMS 0x000000074c400000, 0x000000074c400000| Untracked 
| 193|0x000000074c500000, 0x000000074c500000, 0x000000074c600000|  0%| F|  |TAMS 0x000000074c500000, 0x000000074c500000| Untracked 
| 194|0x000000074c600000, 0x000000074c600000, 0x000000074c700000|  0%| F|  |TAMS 0x000000074c600000, 0x000000074c600000| Untracked 
| 195|0x000000074c700000, 0x000000074c700000, 0x000000074c800000|  0%| F|  |TAMS 0x000000074c700000, 0x000000074c700000| Untracked 
| 196|0x000000074c800000, 0x000000074c800000, 0x000000074c900000|  0%| F|  |TAMS 0x000000074c800000, 0x000000074c800000| Untracked 
| 197|0x000000074c900000, 0x000000074c900000, 0x000000074ca00000|  0%| F|  |TAMS 0x000000074c900000, 0x000000074c900000| Untracked 
| 198|0x000000074ca00000, 0x000000074ca00000, 0x000000074cb00000|  0%| F|  |TAMS 0x000000074ca00000, 0x000000074ca00000| Untracked 
| 199|0x000000074cb00000, 0x000000074cb00000, 0x000000074cc00000|  0%| F|  |TAMS 0x000000074cb00000, 0x000000074cb00000| Untracked 
| 200|0x000000074cc00000, 0x000000074cc00000, 0x000000074cd00000|  0%| F|  |TAMS 0x000000074cc00000, 0x000000074cc00000| Untracked 
| 201|0x000000074cd00000, 0x000000074cd00000, 0x000000074ce00000|  0%| F|  |TAMS 0x000000074cd00000, 0x000000074cd00000| Untracked 
| 202|0x000000074ce00000, 0x000000074ce00000, 0x000000074cf00000|  0%| F|  |TAMS 0x000000074ce00000, 0x000000074ce00000| Untracked 
| 203|0x000000074cf00000, 0x000000074cf00000, 0x000000074d000000|  0%| F|  |TAMS 0x000000074cf00000, 0x000000074cf00000| Untracked 
| 204|0x000000074d000000, 0x000000074d000000, 0x000000074d100000|  0%| F|  |TAMS 0x000000074d000000, 0x000000074d000000| Untracked 
| 205|0x000000074d100000, 0x000000074d100000, 0x000000074d200000|  0%| F|  |TAMS 0x000000074d100000, 0x000000074d100000| Untracked 
| 206|0x000000074d200000, 0x000000074d200000, 0x000000074d300000|  0%| F|  |TAMS 0x000000074d200000, 0x000000074d200000| Untracked 
| 207|0x000000074d300000, 0x000000074d300000, 0x000000074d400000|  0%| F|  |TAMS 0x000000074d300000, 0x000000074d300000| Untracked 
| 208|0x000000074d400000, 0x000000074d400000, 0x000000074d500000|  0%| F|  |TAMS 0x000000074d400000, 0x000000074d400000| Untracked 
| 209|0x000000074d500000, 0x000000074d500000, 0x000000074d600000|  0%| F|  |TAMS 0x000000074d500000, 0x000000074d500000| Untracked 
| 210|0x000000074d600000, 0x000000074d600000, 0x000000074d700000|  0%| F|  |TAMS 0x000000074d600000, 0x000000074d600000| Untracked 
| 211|0x000000074d700000, 0x000000074d700000, 0x000000074d800000|  0%| F|  |TAMS 0x000000074d700000, 0x000000074d700000| Untracked 
| 212|0x000000074d800000, 0x000000074d800000, 0x000000074d900000|  0%| F|  |TAMS 0x000000074d800000, 0x000000074d800000| Untracked 
| 213|0x000000074d900000, 0x000000074d900000, 0x000000074da00000|  0%| F|  |TAMS 0x000000074d900000, 0x000000074d900000| Untracked 
| 214|0x000000074da00000, 0x000000074da00000, 0x000000074db00000|  0%| F|  |TAMS 0x000000074da00000, 0x000000074da00000| Untracked 
| 215|0x000000074db00000, 0x000000074db00000, 0x000000074dc00000|  0%| F|  |TAMS 0x000000074db00000, 0x000000074db00000| Untracked 
| 216|0x000000074dc00000, 0x000000074dc00000, 0x000000074dd00000|  0%| F|  |TAMS 0x000000074dc00000, 0x000000074dc00000| Untracked 
| 217|0x000000074dd00000, 0x000000074dd00000, 0x000000074de00000|  0%| F|  |TAMS 0x000000074dd00000, 0x000000074dd00000| Untracked 
| 218|0x000000074de00000, 0x000000074de00000, 0x000000074df00000|  0%| F|  |TAMS 0x000000074de00000, 0x000000074de00000| Untracked 
| 219|0x000000074df00000, 0x000000074df00000, 0x000000074e000000|  0%| F|  |TAMS 0x000000074df00000, 0x000000074df00000| Untracked 
| 220|0x000000074e000000, 0x000000074e000000, 0x000000074e100000|  0%| F|  |TAMS 0x000000074e000000, 0x000000074e000000| Untracked 
| 221|0x000000074e100000, 0x000000074e100000, 0x000000074e200000|  0%| F|  |TAMS 0x000000074e100000, 0x000000074e100000| Untracked 
| 222|0x000000074e200000, 0x000000074e200000, 0x000000074e300000|  0%| F|  |TAMS 0x000000074e200000, 0x000000074e200000| Untracked 
| 223|0x000000074e300000, 0x000000074e300000, 0x000000074e400000|  0%| F|  |TAMS 0x000000074e300000, 0x000000074e300000| Untracked 
| 224|0x000000074e400000, 0x000000074e400000, 0x000000074e500000|  0%| F|  |TAMS 0x000000074e400000, 0x000000074e400000| Untracked 
| 225|0x000000074e500000, 0x000000074e500000, 0x000000074e600000|  0%| F|  |TAMS 0x000000074e500000, 0x000000074e500000| Untracked 
| 226|0x000000074e600000, 0x000000074e680800, 0x000000074e700000| 50%| E|  |TAMS 0x000000074e600000, 0x000000074e600000| Complete 
| 227|0x000000074e700000, 0x000000074e800000, 0x000000074e800000|100%| E|CS|TAMS 0x000000074e700000, 0x000000074e700000| Complete 
| 228|0x000000074e800000, 0x000000074e900000, 0x000000074e900000|100%| E|CS|TAMS 0x000000074e800000, 0x000000074e800000| Complete 
| 229|0x000000074e900000, 0x000000074ea00000, 0x000000074ea00000|100%| E|CS|TAMS 0x000000074e900000, 0x000000074e900000| Complete 
| 230|0x000000074ea00000, 0x000000074eb00000, 0x000000074eb00000|100%| E|CS|TAMS 0x000000074ea00000, 0x000000074ea00000| Complete 
| 231|0x000000074eb00000, 0x000000074ec00000, 0x000000074ec00000|100%| E|CS|TAMS 0x000000074eb00000, 0x000000074eb00000| Complete 
| 232|0x000000074ec00000, 0x000000074ed00000, 0x000000074ed00000|100%| E|CS|TAMS 0x000000074ec00000, 0x000000074ec00000| Complete 
| 233|0x000000074ed00000, 0x000000074ee00000, 0x000000074ee00000|100%| E|CS|TAMS 0x000000074ed00000, 0x000000074ed00000| Complete 
| 234|0x000000074ee00000, 0x000000074ef00000, 0x000000074ef00000|100%| E|CS|TAMS 0x000000074ee00000, 0x000000074ee00000| Complete 
| 235|0x000000074ef00000, 0x000000074f000000, 0x000000074f000000|100%| E|CS|TAMS 0x000000074ef00000, 0x000000074ef00000| Complete 
| 236|0x000000074f000000, 0x000000074f100000, 0x000000074f100000|100%| E|CS|TAMS 0x000000074f000000, 0x000000074f000000| Complete 
| 237|0x000000074f100000, 0x000000074f200000, 0x000000074f200000|100%| E|CS|TAMS 0x000000074f100000, 0x000000074f100000| Complete 
| 238|0x000000074f200000, 0x000000074f300000, 0x000000074f300000|100%| E|CS|TAMS 0x000000074f200000, 0x000000074f200000| Complete 
| 239|0x000000074f300000, 0x000000074f400000, 0x000000074f400000|100%| E|CS|TAMS 0x000000074f300000, 0x000000074f300000| Complete 
| 240|0x000000074f400000, 0x000000074f500000, 0x000000074f500000|100%| E|CS|TAMS 0x000000074f400000, 0x000000074f400000| Complete 
| 241|0x000000074f500000, 0x000000074f600000, 0x000000074f600000|100%| E|CS|TAMS 0x000000074f500000, 0x000000074f500000| Complete 
| 242|0x000000074f600000, 0x000000074f700000, 0x000000074f700000|100%| E|CS|TAMS 0x000000074f600000, 0x000000074f600000| Complete 
| 243|0x000000074f700000, 0x000000074f800000, 0x000000074f800000|100%| E|CS|TAMS 0x000000074f700000, 0x000000074f700000| Complete 
| 244|0x000000074f800000, 0x000000074f900000, 0x000000074f900000|100%| E|CS|TAMS 0x000000074f800000, 0x000000074f800000| Complete 
| 245|0x000000074f900000, 0x000000074fa00000, 0x000000074fa00000|100%| E|CS|TAMS 0x000000074f900000, 0x000000074f900000| Complete 
| 246|0x000000074fa00000, 0x000000074fb00000, 0x000000074fb00000|100%| E|CS|TAMS 0x000000074fa00000, 0x000000074fa00000| Complete 
| 247|0x000000074fb00000, 0x000000074fc00000, 0x000000074fc00000|100%| E|CS|TAMS 0x000000074fb00000, 0x000000074fb00000| Complete 
| 248|0x000000074fc00000, 0x000000074fd00000, 0x000000074fd00000|100%| E|CS|TAMS 0x000000074fc00000, 0x000000074fc00000| Complete 
| 249|0x000000074fd00000, 0x000000074fe00000, 0x000000074fe00000|100%| E|CS|TAMS 0x000000074fd00000, 0x000000074fd00000| Complete 
| 250|0x000000074fe00000, 0x000000074ff00000, 0x000000074ff00000|100%| E|CS|TAMS 0x000000074fe00000, 0x000000074fe00000| Complete 
| 251|0x000000074ff00000, 0x0000000750000000, 0x0000000750000000|100%| E|CS|TAMS 0x000000074ff00000, 0x000000074ff00000| Complete 
| 252|0x0000000750000000, 0x0000000750100000, 0x0000000750100000|100%| E|CS|TAMS 0x0000000750000000, 0x0000000750000000| Complete 
| 253|0x0000000750100000, 0x0000000750200000, 0x0000000750200000|100%| E|CS|TAMS 0x0000000750100000, 0x0000000750100000| Complete 
| 254|0x0000000750200000, 0x0000000750300000, 0x0000000750300000|100%| E|CS|TAMS 0x0000000750200000, 0x0000000750200000| Complete 
| 255|0x0000000750300000, 0x0000000750400000, 0x0000000750400000|100%| E|CS|TAMS 0x0000000750300000, 0x0000000750300000| Complete 
| 256|0x0000000750400000, 0x0000000750500000, 0x0000000750500000|100%| E|CS|TAMS 0x0000000750400000, 0x0000000750400000| Complete 
| 257|0x0000000750500000, 0x0000000750600000, 0x0000000750600000|100%| E|CS|TAMS 0x0000000750500000, 0x0000000750500000| Complete 
| 258|0x0000000750600000, 0x0000000750700000, 0x0000000750700000|100%| E|CS|TAMS 0x0000000750600000, 0x0000000750600000| Complete 
| 259|0x0000000750700000, 0x0000000750800000, 0x0000000750800000|100%| E|CS|TAMS 0x0000000750700000, 0x0000000750700000| Complete 
| 260|0x0000000750800000, 0x0000000750900000, 0x0000000750900000|100%| E|CS|TAMS 0x0000000750800000, 0x0000000750800000| Complete 
| 261|0x0000000750900000, 0x0000000750a00000, 0x0000000750a00000|100%| E|CS|TAMS 0x0000000750900000, 0x0000000750900000| Complete 
| 262|0x0000000750a00000, 0x0000000750b00000, 0x0000000750b00000|100%| E|CS|TAMS 0x0000000750a00000, 0x0000000750a00000| Complete 
| 263|0x0000000750b00000, 0x0000000750c00000, 0x0000000750c00000|100%| E|CS|TAMS 0x0000000750b00000, 0x0000000750b00000| Complete 
| 264|0x0000000750c00000, 0x0000000750d00000, 0x0000000750d00000|100%| E|CS|TAMS 0x0000000750c00000, 0x0000000750c00000| Complete 
| 265|0x0000000750d00000, 0x0000000750e00000, 0x0000000750e00000|100%| E|CS|TAMS 0x0000000750d00000, 0x0000000750d00000| Complete 
| 266|0x0000000750e00000, 0x0000000750f00000, 0x0000000750f00000|100%| E|CS|TAMS 0x0000000750e00000, 0x0000000750e00000| Complete 
| 267|0x0000000750f00000, 0x0000000751000000, 0x0000000751000000|100%| E|CS|TAMS 0x0000000750f00000, 0x0000000750f00000| Complete 
| 268|0x0000000751000000, 0x0000000751100000, 0x0000000751100000|100%| E|CS|TAMS 0x0000000751000000, 0x0000000751000000| Complete 
| 269|0x0000000751100000, 0x0000000751200000, 0x0000000751200000|100%| E|CS|TAMS 0x0000000751100000, 0x0000000751100000| Complete 
| 270|0x0000000751200000, 0x0000000751300000, 0x0000000751300000|100%| E|CS|TAMS 0x0000000751200000, 0x0000000751200000| Complete 
| 271|0x0000000751300000, 0x0000000751400000, 0x0000000751400000|100%| E|CS|TAMS 0x0000000751300000, 0x0000000751300000| Complete 
| 272|0x0000000751400000, 0x0000000751500000, 0x0000000751500000|100%| E|CS|TAMS 0x0000000751400000, 0x0000000751400000| Complete 
| 273|0x0000000751500000, 0x0000000751600000, 0x0000000751600000|100%| E|CS|TAMS 0x0000000751500000, 0x0000000751500000| Complete 
| 274|0x0000000751600000, 0x0000000751700000, 0x0000000751700000|100%| E|CS|TAMS 0x0000000751600000, 0x0000000751600000| Complete 
| 275|0x0000000751700000, 0x0000000751800000, 0x0000000751800000|100%| E|CS|TAMS 0x0000000751700000, 0x0000000751700000| Complete 
| 276|0x0000000751800000, 0x0000000751900000, 0x0000000751900000|100%| E|CS|TAMS 0x0000000751800000, 0x0000000751800000| Complete 
| 277|0x0000000751900000, 0x0000000751a00000, 0x0000000751a00000|100%| E|CS|TAMS 0x0000000751900000, 0x0000000751900000| Complete 
| 278|0x0000000751a00000, 0x0000000751b00000, 0x0000000751b00000|100%| E|CS|TAMS 0x0000000751a00000, 0x0000000751a00000| Complete 
| 279|0x0000000751b00000, 0x0000000751c00000, 0x0000000751c00000|100%| E|CS|TAMS 0x0000000751b00000, 0x0000000751b00000| Complete 
| 280|0x0000000751c00000, 0x0000000751d00000, 0x0000000751d00000|100%| E|CS|TAMS 0x0000000751c00000, 0x0000000751c00000| Complete 
| 281|0x0000000751d00000, 0x0000000751e00000, 0x0000000751e00000|100%| E|CS|TAMS 0x0000000751d00000, 0x0000000751d00000| Complete 
| 282|0x0000000751e00000, 0x0000000751f00000, 0x0000000751f00000|100%| E|CS|TAMS 0x0000000751e00000, 0x0000000751e00000| Complete 

Card table byte_map: [0x000001a258120000,0x000001a258720000] _byte_map_base: 0x000001a25471e000

Marking Bits (Prev, Next): (CMBitMap*) 0x000001a240750a68, (CMBitMap*) 0x000001a240750aa0
 Prev Bits: [0x000001a258d20000, 0x000001a25bd10000)
 Next Bits: [0x000001a25bd10000, 0x000001a25ed00000)

Polling page: 0x000001a23e500000

Metaspace:

Usage:
  Non-class:     50.64 MB capacity,    49.73 MB ( 98%) used,   755.95 KB (  1%) free+waste,   177.25 KB ( <1%) overhead. 
      Class:      7.89 MB capacity,     7.29 MB ( 92%) used,   530.55 KB (  7%) free+waste,    84.75 KB (  1%) overhead. 
       Both:     58.52 MB capacity,    57.01 MB ( 97%) used,     1.26 MB (  2%) free+waste,   262.00 KB ( <1%) overhead. 

Virtual space:
  Non-class space:       52.00 MB reserved,      50.83 MB ( 98%) committed 
      Class space:        1.00 GB reserved,       8.00 MB ( <1%) committed 
             Both:        1.05 GB reserved,      58.83 MB (  5%) committed 

Chunk freelists:
   Non-Class:  384 bytes
       Class:  2.50 KB
        Both:  2.88 KB

CodeHeap 'non-profiled nmethods': size=238912Kb used=10435Kb max_used=10435Kb free=228476Kb
 bounds [0x000001a2490c0000, 0x000001a249b00000, 0x000001a257a10000]
CodeHeap 'non-nmethods': size=6848Kb used=1245Kb max_used=1245Kb free=5603Kb
 bounds [0x000001a248a10000, 0x000001a248c80000, 0x000001a2490c0000]
 total_blobs=6666 nmethods=6022 adapters=531
 compilation: enabled
              stopped_count=0, restarted_count=0
 full_count=0

Compilation events (10 events):
Event: 5.904 Thread 0x000001a261f28000 6041       1       java.lang.StackTraceElement::<init> (10 bytes)
Event: 5.904 Thread 0x000001a261f28000 nmethod 6041 0x000001a249aef490 code [0x000001a249aef640, 0x000001a249aef758]
Event: 5.904 Thread 0x000001a261f28000 6042  s!   1       java.lang.StackTraceElement::computeFormat (71 bytes)
Event: 5.905 Thread 0x000001a261f28000 nmethod 6042 0x000001a249aef810 code [0x000001a249aef9e0, 0x000001a249aefec0]
Event: 5.905 Thread 0x000001a261f28000 6043       1       java.lang.StackTraceElement::isHashedInJavaBase (31 bytes)
Event: 5.905 Thread 0x000001a261f28000 nmethod 6043 0x000001a249af0090 code [0x000001a249af0260, 0x000001a249af0460]
Event: 5.905 Thread 0x000001a261f28000 6044       1       java.lang.Module::getLayer (43 bytes)
Event: 5.905 Thread 0x000001a261f28000 nmethod 6044 0x000001a249af0510 code [0x000001a249af06e0, 0x000001a249af08d0]
Event: 5.907 Thread 0x000001a261f28000 6045       1       java.util.Collections$3::hasMoreElements (10 bytes)
Event: 5.907 Thread 0x000001a261f28000 nmethod 6045 0x000001a249af0990 code [0x000001a249af0b40, 0x000001a249af0c90]

GC Heap History (10 events):
Event: 1.961 GC heap before
{Heap before GC invocations=5 (full 0):
 garbage-first heap   total 196608K, used 74649K [0x0000000740400000, 0x0000000800000000)
  region size 1024K, 55 young (56320K), 3 survivors (3072K)
 Metaspace       used 25868K, capacity 26653K, committed 26800K, reserved 1073152K
  class space    used 3162K, capacity 3460K, committed 3584K, reserved 1048576K
}
Event: 1.969 GC heap after
{Heap after GC invocations=6 (full 0):
 garbage-first heap   total 236544K, used 24333K [0x0000000740400000, 0x0000000800000000)
  region size 1024K, 5 young (5120K), 5 survivors (5120K)
 Metaspace       used 25868K, capacity 26653K, committed 26800K, reserved 1073152K
  class space    used 3162K, capacity 3460K, committed 3584K, reserved 1048576K
}
Event: 3.076 GC heap before
{Heap before GC invocations=6 (full 0):
 garbage-first heap   total 236544K, used 159501K [0x0000000740400000, 0x0000000800000000)
  region size 1024K, 138 young (141312K), 5 survivors (5120K)
 Metaspace       used 33669K, capacity 34809K, committed 34864K, reserved 1079296K
  class space    used 4277K, capacity 4714K, committed 4736K, reserved 1048576K
}
Event: 3.086 GC heap after
{Heap after GC invocations=7 (full 0):
 garbage-first heap   total 236544K, used 28892K [0x0000000740400000, 0x0000000800000000)
  region size 1024K, 9 young (9216K), 9 survivors (9216K)
 Metaspace       used 33669K, capacity 34809K, committed 34864K, reserved 1079296K
  class space    used 4277K, capacity 4714K, committed 4736K, reserved 1048576K
}
Event: 3.175 GC heap before
{Heap before GC invocations=7 (full 0):
 garbage-first heap   total 236544K, used 36060K [0x0000000740400000, 0x0000000800000000)
  region size 1024K, 17 young (17408K), 9 survivors (9216K)
 Metaspace       used 34769K, capacity 35824K, committed 35920K, reserved 1081344K
  class space    used 4377K, capacity 4817K, committed 4864K, reserved 1048576K
}
Event: 3.189 GC heap after
{Heap after GC invocations=8 (full 0):
 garbage-first heap   total 236544K, used 29350K [0x0000000740400000, 0x0000000800000000)
  region size 1024K, 9 young (9216K), 9 survivors (9216K)
 Metaspace       used 34769K, capacity 35824K, committed 35920K, reserved 1081344K
  class space    used 4377K, capacity 4817K, committed 4864K, reserved 1048576K
}
Event: 3.998 GC heap before
{Heap before GC invocations=9 (full 0):
 garbage-first heap   total 236544K, used 160422K [0x0000000740400000, 0x0000000800000000)
  region size 1024K, 138 young (141312K), 9 survivors (9216K)
 Metaspace       used 44614K, capacity 45817K, committed 45904K, reserved 1089536K
  class space    used 5577K, capacity 6060K, committed 6144K, reserved 1048576K
}
Event: 4.013 GC heap after
{Heap after GC invocations=10 (full 0):
 garbage-first heap   total 236544K, used 33992K [0x0000000740400000, 0x0000000800000000)
  region size 1024K, 14 young (14336K), 14 survivors (14336K)
 Metaspace       used 44614K, capacity 45817K, committed 45904K, reserved 1089536K
  class space    used 5577K, capacity 6060K, committed 6144K, reserved 1048576K
}
Event: 5.150 GC heap before
{Heap before GC invocations=10 (full 0):
 garbage-first heap   total 236544K, used 159944K [0x0000000740400000, 0x0000000800000000)
  region size 1024K, 138 young (141312K), 14 survivors (14336K)
 Metaspace       used 56356K, capacity 57839K, committed 58064K, reserved 1099776K
  class space    used 7138K, capacity 7708K, committed 7808K, reserved 1048576K
}
Event: 5.173 GC heap after
{Heap after GC invocations=11 (full 0):
 garbage-first heap   total 289792K, used 39778K [0x0000000740400000, 0x0000000800000000)
  region size 1024K, 16 young (16384K), 16 survivors (16384K)
 Metaspace       used 56356K, capacity 57839K, committed 58064K, reserved 1099776K
  class space    used 7138K, capacity 7708K, committed 7808K, reserved 1048576K
}

Deoptimization events (0 events):
No events

Classes redefined (0 events):
No events

Internal exceptions (10 events):
Event: 5.743 Thread 0x000001a240701800 Exception <a 'java/lang/ClassNotFoundException'{0x000000074ee093c8}: org/springframework/beans/factory/AwareCustomizer> (0x000000074ee093c8) thrown at [t:/workspace/open/src/hotspot/share/classfile/systemDictionary.cpp, line 231]
Event: 5.748 Thread 0x000001a240701800 Exception <a 'java/lang/ClassNotFoundException'{0x000000074ee47860}: java/lang/ObjectCustomizer> (0x000000074ee47860) thrown at [t:/workspace/open/src/hotspot/share/classfile/systemDictionary.cpp, line 231]
Event: 5.749 Thread 0x000001a240701800 Exception <a 'java/lang/ClassNotFoundException'{0x000000074ee74358}: org/springframework/core/io/support/PropertiesLoaderSupportCustomizer> (0x000000074ee74358) thrown at [t:/workspace/open/src/hotspot/share/classfile/systemDictionary.cpp, line 231]
Event: 5.750 Thread 0x000001a240701800 Exception <a 'java/lang/ClassNotFoundException'{0x000000074eea6a68}: org/springframework/beans/factory/config/PropertiesFactoryBeanCustomizer> (0x000000074eea6a68) thrown at [t:/workspace/open/src/hotspot/share/classfile/systemDictionary.cpp, line 231]
Event: 5.752 Thread 0x000001a240701800 Exception <a 'java/lang/ClassNotFoundException'{0x000000074eedaef0}: org/springframework/beans/factory/FactoryBeanCustomizer> (0x000000074eedaef0) thrown at [t:/workspace/open/src/hotspot/share/classfile/systemDictionary.cpp, line 231]
Event: 5.753 Thread 0x000001a240701800 Exception <a 'java/lang/ClassNotFoundException'{0x000000074ed045b8}: org/springframework/beans/factory/InitializingBeanCustomizer> (0x000000074ed045b8) thrown at [t:/workspace/open/src/hotspot/share/classfile/systemDictionary.cpp, line 231]
Event: 5.776 Thread 0x000001a265c83000 Exception <a 'java/lang/InterruptedException'{0x000000074eb80840}: sleep interrupted> (0x000000074eb80840) thrown at [t:/workspace/open/src/hotspot/share/prims/jvm.cpp, line 3106]
Event: 5.783 Thread 0x000001a240701800 Exception <a 'java/lang/NoSuchMethodError'{0x000000074eb4fe08}: java.lang.invoke.DirectMethodHandle$Holder.invokeInterface(Ljava/lang/Object;Ljava/lang/Object;)V> (0x000000074eb4fe08) thrown at [t:/workspace/open/src/hotspot/share/interpreter/linkResolver
Event: 5.886 Thread 0x000001a2657e1800 Exception <a 'java/lang/InterruptedException'{0x000000074e89e778}: sleep interrupted> (0x000000074e89e778) thrown at [t:/workspace/open/src/hotspot/share/prims/jvm.cpp, line 3106]
Event: 5.903 Thread 0x000001a240701800 Exception <a 'java/lang/NoClassDefFoundError'{0x000000074e74b978}: sun/reflect/Reflection> (0x000000074e74b978) thrown at [t:/workspace/open/src/hotspot/share/classfile/systemDictionary.cpp, line 220]

Events (10 events):
Event: 5.904 loading class ch/qos/logback/classic/spi/ClassPackagingData done
Event: 5.905 loading class org/springframework/boot/SpringBootExceptionHandler
Event: 5.905 loading class org/springframework/boot/SpringBootExceptionHandler done
Event: 5.906 loading class org/springframework/boot/SpringBootExceptionHandler$LoggedExceptionHandlerThreadLocal
Event: 5.906 loading class org/springframework/boot/SpringBootExceptionHandler$LoggedExceptionHandlerThreadLocal done
Event: 5.906 Thread 0x000001a240701800 Thread exited: 0x000001a240701800
Event: 5.906 Thread 0x000001a2679cd000 Thread added: 0x000001a2679cd000
Event: 5.906 Thread 0x000001a2679cf000 Thread added: 0x000001a2679cf000
Event: 5.907 Thread 0x000001a2679cf000 Thread exited: 0x000001a2679cf000
Event: 5.908 Thread 0x000001a2679cd000 Thread exited: 0x000001a2679cd000


Dynamic libraries:
0x00007ff65a270000 - 0x00007ff65a2b7000 	C:\Program Files\Java\jdk-11.0.6\bin\javaw.exe
0x00007ff82dcc0000 - 0x00007ff82deb0000 	C:\WINDOWS\SYSTEM32\ntdll.dll
0x00007ff82d4f0000 - 0x00007ff82d5a2000 	C:\WINDOWS\System32\KERNEL32.DLL
0x00007ff82bac0000 - 0x00007ff82bd64000 	C:\WINDOWS\System32\KERNELBASE.dll
0x00007ff828d80000 - 0x00007ff828e0f000 	C:\WINDOWS\SYSTEM32\apphelp.dll
0x00007ff80a270000 - 0x00007ff80a2cd000 	C:\WINDOWS\SYSTEM32\AcGenral.DLL
0x00007ff82dbe0000 - 0x00007ff82dc7e000 	C:\WINDOWS\System32\msvcrt.dll
0x00007ff82c9f0000 - 0x00007ff82ca87000 	C:\WINDOWS\System32\sechost.dll
0x00007ff82c7e0000 - 0x00007ff82c900000 	C:\WINDOWS\System32\RPCRT4.dll
0x00007ff82ccc0000 - 0x00007ff82cd12000 	C:\WINDOWS\System32\SHLWAPI.dll
0x00007ff82cf40000 - 0x00007ff82d275000 	C:\WINDOWS\System32\combase.dll
0x00007ff82b990000 - 0x00007ff82ba8a000 	C:\WINDOWS\System32\ucrtbase.dll
0x00007ff82af60000 - 0x00007ff82afe0000 	C:\WINDOWS\System32\bcryptPrimitives.dll
0x00007ff82c9b0000 - 0x00007ff82c9d6000 	C:\WINDOWS\System32\GDI32.dll
0x00007ff82af30000 - 0x00007ff82af51000 	C:\WINDOWS\System32\win32u.dll
0x00007ff82ac40000 - 0x00007ff82add6000 	C:\WINDOWS\System32\gdi32full.dll
0x00007ff82b110000 - 0x00007ff82b1ae000 	C:\WINDOWS\System32\msvcp_win.dll
0x00007ff82d350000 - 0x00007ff82d4e5000 	C:\WINDOWS\System32\USER32.dll
0x00007ff82ca90000 - 0x00007ff82cbe7000 	C:\WINDOWS\System32\ole32.dll
0x00007ff82d2a0000 - 0x00007ff82d343000 	C:\WINDOWS\System32\advapi32.dll
0x00007ff82c0f0000 - 0x00007ff82c7d7000 	C:\WINDOWS\System32\SHELL32.dll
0x00007ff82b940000 - 0x00007ff82b98a000 	C:\WINDOWS\System32\cfgmgr32.dll
0x00007ff82bfd0000 - 0x00007ff82c079000 	C:\WINDOWS\System32\shcore.dll
0x00007ff82b1b0000 - 0x00007ff82b932000 	C:\WINDOWS\System32\windows.storage.dll
0x00007ff82ac10000 - 0x00007ff82ac33000 	C:\WINDOWS\System32\profapi.dll
0x00007ff82ab80000 - 0x00007ff82abca000 	C:\WINDOWS\System32\powrprof.dll
0x00007ff82ab70000 - 0x00007ff82ab80000 	C:\WINDOWS\System32\UMPDC.dll
0x00007ff82abf0000 - 0x00007ff82ac01000 	C:\WINDOWS\System32\kernel.appcore.dll
0x00007ff82b0f0000 - 0x00007ff82b107000 	C:\WINDOWS\System32\cryptsp.dll
0x00007ff82aa60000 - 0x00007ff82aa85000 	C:\WINDOWS\SYSTEM32\USERENV.dll
0x00007ff810430000 - 0x00007ff81044b000 	C:\WINDOWS\SYSTEM32\MPR.dll
0x00007ff82aa90000 - 0x00007ff82aabf000 	C:\WINDOWS\SYSTEM32\SspiCli.dll
0x00007ff82bfa0000 - 0x00007ff82bfce000 	C:\WINDOWS\System32\IMM32.DLL
0x00007ff8215e0000 - 0x00007ff821864000 	C:\WINDOWS\WinSxS\amd64_microsoft.windows.common-controls_6595b64144ccf1df_6.0.18362.1016_none_9e7a36bbe461dae4\COMCTL32.dll
0x00007ff826500000 - 0x00007ff82650a000 	C:\WINDOWS\SYSTEM32\VERSION.dll
0x00007ff821b60000 - 0x00007ff821b76000 	C:\Program Files\Java\jdk-11.0.6\bin\vcruntime140.dll
0x00007ffffd660000 - 0x00007ffffd70a000 	C:\Program Files\Java\jdk-11.0.6\bin\msvcp140.dll
0x00007fffdbd20000 - 0x00007fffdc849000 	C:\Program Files\Java\jdk-11.0.6\bin\server\jvm.dll
0x00007ff82bde0000 - 0x00007ff82bde8000 	C:\WINDOWS\System32\PSAPI.DLL
0x00007ff818a70000 - 0x00007ff818a79000 	C:\WINDOWS\SYSTEM32\WSOCK32.dll
0x00007ff828b00000 - 0x00007ff828b24000 	C:\WINDOWS\SYSTEM32\WINMM.dll
0x000001a23fdf0000 - 0x000001a23fe5f000 	C:\WINDOWS\System32\ws2_32.DLL
0x00007ff828aa0000 - 0x00007ff828acd000 	C:\WINDOWS\SYSTEM32\winmmbase.dll
0x00007ff821090000 - 0x00007ff8210a1000 	C:\Program Files\Java\jdk-11.0.6\bin\verify.dll
0x00007ff8190f0000 - 0x00007ff8192e4000 	C:\WINDOWS\SYSTEM32\DBGHELP.DLL
0x00007ff818c30000 - 0x00007ff818c5a000 	C:\WINDOWS\SYSTEM32\dbgcore.DLL
0x00007ff8183c0000 - 0x00007ff8183e9000 	C:\Program Files\Java\jdk-11.0.6\bin\java.dll
0x00007ff81a850000 - 0x00007ff81a866000 	C:\Program Files\Java\jdk-11.0.6\bin\zip.dll
0x00007ff827550000 - 0x00007ff82755a000 	C:\Program Files\Java\jdk-11.0.6\bin\jimage.dll
0x00007ff816280000 - 0x00007ff816299000 	C:\Program Files\Java\jdk-11.0.6\bin\net.dll
0x00007ff824910000 - 0x00007ff824a00000 	C:\WINDOWS\SYSTEM32\WINHTTP.dll
0x00007ff82a370000 - 0x00007ff82a3d7000 	C:\WINDOWS\system32\mswsock.dll
0x00007ff814bc0000 - 0x00007ff814bd3000 	C:\Program Files\Java\jdk-11.0.6\bin\nio.dll
0x00007ff821290000 - 0x00007ff821299000 	C:\Program Files\Java\jdk-11.0.6\bin\management.dll
0x00007ff8211f0000 - 0x00007ff8211fc000 	C:\Program Files\Java\jdk-11.0.6\bin\management_ext.dll
0x00007ff815e90000 - 0x00007ff815ea6000 	C:\WINDOWS\system32\napinsp.dll
0x00007ff815e70000 - 0x00007ff815e8a000 	C:\WINDOWS\system32\pnrpnsp.dll
0x00007ff82a0c0000 - 0x00007ff82a18b000 	C:\WINDOWS\SYSTEM32\DNSAPI.dll
0x00007ff82c9e0000 - 0x00007ff82c9e8000 	C:\WINDOWS\System32\NSI.dll
0x00007ff82a080000 - 0x00007ff82a0ba000 	C:\WINDOWS\SYSTEM32\IPHLPAPI.DLL
0x00007ff8177c0000 - 0x00007ff8177ce000 	C:\WINDOWS\System32\winrnr.dll
0x00007ff827520000 - 0x00007ff82753c000 	C:\WINDOWS\system32\NLAapi.dll
0x00007ff815de0000 - 0x00007ff815df5000 	C:\WINDOWS\system32\wshbth.dll
0x00007ff823780000 - 0x00007ff82378a000 	C:\Windows\System32\rasadhlp.dll
0x00007ff8253a0000 - 0x00007ff825417000 	C:\WINDOWS\System32\fwpuclnt.dll
0x00007ff82ba90000 - 0x00007ff82bab6000 	C:\WINDOWS\System32\bcrypt.dll
0x00007ff829ee0000 - 0x00007ff829f13000 	C:\WINDOWS\system32\rsaenh.dll
0x00007ff82a5a0000 - 0x00007ff82a5ac000 	C:\WINDOWS\SYSTEM32\CRYPTBASE.dll
0x00007ff825ea0000 - 0x00007ff825eb6000 	C:\WINDOWS\SYSTEM32\dhcpcsvc6.DLL
0x00007ff825d10000 - 0x00007ff825d2c000 	C:\WINDOWS\SYSTEM32\dhcpcsvc.DLL
0x00007ff820f10000 - 0x00007ff820f1d000 	C:\Program Files\Java\jdk-11.0.6\bin\sunmscapi.dll
0x00007ff82ade0000 - 0x00007ff82af29000 	C:\WINDOWS\System32\CRYPT32.dll
0x00007ff82abd0000 - 0x00007ff82abe2000 	C:\WINDOWS\System32\MSASN1.dll
0x00007ff82a6a0000 - 0x00007ff82a6c6000 	C:\WINDOWS\SYSTEM32\ncrypt.dll
0x00007ff82a660000 - 0x00007ff82a69b000 	C:\WINDOWS\SYSTEM32\NTASN1.dll
0x00007ff810e60000 - 0x00007ff810e87000 	C:\Program Files\Java\jdk-11.0.6\bin\sunec.dll

dbghelp: loaded successfully - version: 4.0.5 - missing functions: none
symbol engine: initialized successfully - sym options: 0x614 - pdb path: .;C:\Program Files\Java\jdk-11.0.6\bin;C:\WINDOWS\SYSTEM32;C:\WINDOWS\WinSxS\amd64_microsoft.windows.common-controls_6595b64144ccf1df_6.0.18362.1016_none_9e7a36bbe461dae4;C:\Program Files\Java\jdk-11.0.6\bin\server

VM Arguments:
jvm_args: -Dcom.sun.management.jmxremote -Dcom.sun.management.jmxremote.port=54514 -Dcom.sun.management.jmxremote.authenticate=false -Dcom.sun.management.jmxremote.ssl=false -Djava.rmi.server.hostname=localhost -Dspring.jmx.enabled=true -Dspring.application.admin.enabled=true -Xverify:none -XX:TieredStopAtLevel=1 -Dspring.boot.project.name=woodstock -Dfile.encoding=UTF-8 
java_command: com.hyperdrive.woodstock.WoodstockApplication --spring.output.ansi.enabled=always
java_class_path (initial): C:\Users\Hugo\Documents\GitHub\Curso Java\ws-sts\woodstock\target\classes;C:\Users\Hugo\.m2\repository\org\springframework\boot\spring-boot-starter-web\2.3.2.RELEASE\spring-boot-starter-web-2.3.2.RELEASE.jar;C:\Users\Hugo\.m2\repository\org\springframework\boot\spring-boot-starter\2.3.2.RELEASE\spring-boot-starter-2.3.2.RELEASE.jar;C:\Users\Hugo\.m2\repository\org\springframework\boot\spring-boot\2.3.2.RELEASE\spring-boot-2.3.2.RELEASE.jar;C:\Users\Hugo\.m2\repository\org\springframework\boot\spring-boot-autoconfigure\2.3.2.RELEASE\spring-boot-autoconfigure-2.3.2.RELEASE.jar;C:\Users\Hugo\.m2\repository\org\springframework\boot\spring-boot-starter-logging\2.3.2.RELEASE\spring-boot-starter-logging-2.3.2.RELEASE.jar;C:\Users\Hugo\.m2\repository\ch\qos\logback\logback-classic\1.2.3\logback-classic-1.2.3.jar;C:\Users\Hugo\.m2\repository\ch\qos\logback\logback-core\1.2.3\logback-core-1.2.3.jar;C:\Users\Hugo\.m2\repository\org\apache\logging\log4j\log4j-to-slf4j\2.13.3\log4j-to-slf4j-2.13.3.jar;C:\Users\Hugo\.m2\repository\org\apache\logging\log4j\log4j-api\2.13.3\log4j-api-2.13.3.jar;C:\Users\Hugo\.m2\repository\org\slf4j\jul-to-slf4j\1.7.30\jul-to-slf4j-1.7.30.jar;C:\Users\Hugo\.m2\repository\jakarta\annotation\jakarta.annotation-api\1.3.5\jakarta.annotation-api-1.3.5.jar;C:\Users\Hugo\.m2\repository\org\yaml\snakeyaml\1.26\snakeyaml-1.26.jar;C:\Users\Hugo\.m2\repository\org\springframework\boot\spring-boot-starter-json\2.3.2.RELEASE\spring-boot-starter-json-2.3.2.RELEASE.jar;C:\Users\Hugo\.m2\repository\com\fasterxml\jackson\core\jackson-databind\2.11.1\jackson-databind-2.11.1.jar;C:\Users\Hugo\.m2\repository\com\fasterxml\jackson\core\jackson-core\2.11.1\jackson-core-2.11.1.jar;C:\Users\Hugo\.m2\repository\com\fasterxml\jackson\datatype\jackson-datatype-jdk8\2.11.1\jackson-datatype-jdk8-2.11.1.jar;C:\Users\Hugo\.m2\repository\com\fasterxml\jackson\datatype\jackson-datatype-jsr310\2.11.1\jackson-datatype-jsr310-2.11.1.jar;C:\Users\Hugo\.m2\
Launcher Type: SUN_STANDARD

[Global flags]
     bool BytecodeVerificationLocal                = false                                     {product} {command line}
     bool BytecodeVerificationRemote               = false                                     {product} {command line}
     intx CICompilerCount                          = 3                                         {product} {ergonomic}
     uint ConcGCThreads                            = 2                                         {product} {ergonomic}
     uint G1ConcRefinementThreads                  = 6                                         {product} {ergonomic}
   size_t G1HeapRegionSize                         = 1048576                                   {product} {ergonomic}
    uintx GCDrainStackTargetSize                   = 64                                        {product} {ergonomic}
   size_t InitialHeapSize                          = 201326592                                 {product} {ergonomic}
     bool ManagementServer                         = true                                      {product} {command line}
   size_t MarkStackSize                            = 4194304                                   {product} {ergonomic}
   size_t MaxHeapSize                              = 3217031168                                {product} {ergonomic}
   size_t MaxNewSize                               = 1929379840                                {product} {ergonomic}
   size_t MinHeapDeltaBytes                        = 1048576                                   {product} {ergonomic}
    uintx NonNMethodCodeHeapSize                   = 6973028                                {pd product} {ergonomic}
    uintx NonProfiledCodeHeapSize                  = 244685212                              {pd product} {ergonomic}
    uintx ProfiledCodeHeapSize                     = 0                                      {pd product} {ergonomic}
    uintx ReservedCodeCacheSize                    = 251658240                              {pd product} {ergonomic}
     bool SegmentedCodeCache                       = true                                      {product} {ergonomic}
     intx TieredStopAtLevel                        = 1                                         {product} {command line}
     bool UseCompressedClassPointers               = true                                 {lp64_product} {ergonomic}
     bool UseCompressedOops                        = true                                 {lp64_product} {ergonomic}
     bool UseG1GC                                  = true                                      {product} {ergonomic}
     bool UseLargePagesIndividualAllocation        = false                                  {pd product} {ergonomic}

Logging:
Log output configuration:
 #0: stdout all=warning uptime,level,tags
 #1: stderr all=off uptime,level,tags

Environment Variables:
JAVA_HOME=C:\Program Files\Java\jdk-11.0.6
PATH=C:/Program Files/Java/jdk-11.0.6/bin/server;C:/Program Files/Java/jdk-11.0.6/bin;C:\Python27\;C:\Python27\Scripts;C:\WINDOWS\system32;C:\WINDOWS;C:\WINDOWS\System32\Wbem;C:\WINDOWS\System32\WindowsPowerShell\v1.0\;C:\WINDOWS\System32\OpenSSH\;C:\Program Files\dotnet\;C:\ProgramData\chocolatey\bin;C:\Program Files\nodejs\;C:\Program Files\Git\cmd;C:\Program Files\Java\jdk-11.0.6\bin;C:\Program Files\MySQL\MySQL Shell 8.0\bin\;C:\Users\Hugo\AppData\Local\Microsoft\WindowsApps;C:\Users\Hugo\AppData\Local\GitHubDesktop\bin;C:\Users\Hugo\AppData\Local\Programs\Microsoft VS Code\bin;C:\Users\Hugo\AppData\Roaming\npm;C:\Users\Hugo\AppData\Local\Microsoft\WindowsApps;C:\Program Files\heroku\bin;C:\sts-4.6.2.RELEASE;
USERNAME=Hugo
OS=Windows_NT
PROCESSOR_IDENTIFIER=AMD64 Family 21 Model 2 Stepping 0, AuthenticAMD



---------------  S Y S T E M  ---------------

OS: Windows 10 , 64 bit Build 18362 (10.0.18362.959)

CPU:total 6 (initial active 6) (6 cores per cpu, 1 threads per core) family 21 model 2 stepping 0, cmov, cx8, fxsr, mmx, sse, sse2, sse3, ssse3, sse4.1, sse4.2, popcnt, avx, aes, clmul, mmxext, 3dnowpref, lzcnt, sse4a, tsc, tscinvbit, tscinv, bmi1, fma

Memory: 4k page, system-wide physical 12270M (6214M free)
TotalPageFile size 14318M (AvailPageFile size 3837M)
current process WorkingSet (physical memory assigned to process): 361M, peak: 362M
current process commit charge ("private bytes"): 465M, peak: 466M

vm_info: Java HotSpot(TM) 64-Bit Server VM (11.0.6+8-LTS) for windows-amd64 JRE (11.0.6+8-LTS), built on Dec 11 2019 09:17:57 by "mach5one" with MS VC++ 15.5 (VS2017)

END.
